2023-09-25 17:06:58,450 INFO o.a.j.u.JMeterUtils: Setting Locale to en_EN
2023-09-25 17:06:58,460 INFO o.a.j.JMeter: Loading user properties from: /root/PrivateCloudContainer/PCC-5th-PoC/Utils/JMeter/apache-jmeter-5.1/bin/user.properties
2023-09-25 17:06:58,460 INFO o.a.j.JMeter: Loading system properties from: /root/PrivateCloudContainer/PCC-5th-PoC/Utils/JMeter/apache-jmeter-5.1/bin/system.properties
2023-09-25 17:06:58,464 INFO o.a.j.JMeter: Copyright (c) 1998-2019 The Apache Software Foundation
2023-09-25 17:06:58,464 INFO o.a.j.JMeter: Version 5.1 r1853635
2023-09-25 17:06:58,464 INFO o.a.j.JMeter: java.version=1.8.0_382
2023-09-25 17:06:58,464 INFO o.a.j.JMeter: java.vm.name=OpenJDK 64-Bit Server VM
2023-09-25 17:06:58,464 INFO o.a.j.JMeter: os.name=Linux
2023-09-25 17:06:58,465 INFO o.a.j.JMeter: os.arch=amd64
2023-09-25 17:06:58,465 INFO o.a.j.JMeter: os.version=5.15.0-58-generic
2023-09-25 17:06:58,465 INFO o.a.j.JMeter: file.encoding=UTF-8
2023-09-25 17:06:58,465 INFO o.a.j.JMeter: java.awt.headless=true
2023-09-25 17:06:58,465 INFO o.a.j.JMeter: Max memory     =1073741824
2023-09-25 17:06:58,465 INFO o.a.j.JMeter: Available Processors =2
2023-09-25 17:06:58,468 INFO o.a.j.JMeter: Default Locale=English (EN)
2023-09-25 17:06:58,468 INFO o.a.j.JMeter: JMeter  Locale=English (EN)
2023-09-25 17:06:58,468 INFO o.a.j.JMeter: JMeterHome=/root/PrivateCloudContainer/PCC-5th-PoC/Utils/JMeter/apache-jmeter-5.1
2023-09-25 17:06:58,468 INFO o.a.j.JMeter: user.dir  =/root/PrivateCloudContainer/PCC-5th-PoC/1_ServiceResponseTime
2023-09-25 17:06:58,468 INFO o.a.j.JMeter: PWD       =/root/PrivateCloudContainer/PCC-5th-PoC/1_ServiceResponseTime
2023-09-25 17:06:58,549 INFO o.a.j.JMeter: IP: 10.0.2.103 Name: master FullName: master
2023-09-25 17:06:58,553 INFO o.a.j.s.FileServer: Default base='/root/PrivateCloudContainer/PCC-5th-PoC/1_ServiceResponseTime'
2023-09-25 17:06:58,556 INFO o.a.j.s.FileServer: Set new base='/root/PrivateCloudContainer/PCC-5th-PoC/1_ServiceResponseTime/./KetiFaaS/jmx'
2023-09-25 17:06:58,655 INFO o.a.j.s.SaveService: Testplan (JMX) version: 2.2. Testlog (JTL) version: 2.2
2023-09-25 17:06:58,661 INFO o.a.j.s.SaveService: Using SaveService properties file encoding UTF-8
2023-09-25 17:06:58,665 INFO o.a.j.s.SaveService: Using SaveService properties version 5.0
2023-09-25 17:06:58,670 INFO o.a.j.s.SaveService: Loading file: ./KetiFaaS/jmx/KetiFaaS-total_request_40000.jmx
2023-09-25 17:06:58,716 INFO o.a.j.p.h.s.HTTPSamplerBase: Parser for text/html is org.apache.jmeter.protocol.http.parser.LagartoBasedHtmlParser
2023-09-25 17:06:58,716 INFO o.a.j.p.h.s.HTTPSamplerBase: Parser for application/xhtml+xml is org.apache.jmeter.protocol.http.parser.LagartoBasedHtmlParser
2023-09-25 17:06:58,716 INFO o.a.j.p.h.s.HTTPSamplerBase: Parser for application/xml is org.apache.jmeter.protocol.http.parser.LagartoBasedHtmlParser
2023-09-25 17:06:58,716 INFO o.a.j.p.h.s.HTTPSamplerBase: Parser for text/xml is org.apache.jmeter.protocol.http.parser.LagartoBasedHtmlParser
2023-09-25 17:06:58,716 INFO o.a.j.p.h.s.HTTPSamplerBase: Parser for text/vnd.wap.wml is org.apache.jmeter.protocol.http.parser.RegexpHTMLParser
2023-09-25 17:06:58,716 INFO o.a.j.p.h.s.HTTPSamplerBase: Parser for text/css is org.apache.jmeter.protocol.http.parser.CssParser
2023-09-25 17:06:58,746 INFO o.a.j.JMeter: Creating summariser <summary>
2023-09-25 17:06:58,752 INFO o.a.j.e.StandardJMeterEngine: Running the test!
2023-09-25 17:06:58,762 INFO o.a.j.s.SampleEvent: List of sample_variables: []
2023-09-25 17:06:58,763 INFO o.a.j.s.SampleEvent: List of sample_variables: []
2023-09-25 17:06:58,767 INFO o.a.j.e.u.CompoundVariable: Note: Function class names must contain the string: '.functions.'
2023-09-25 17:06:58,767 INFO o.a.j.e.u.CompoundVariable: Note: Function class names must not contain the string: '.gui.'
2023-09-25 17:06:59,443 INFO o.a.j.JMeter: Running test (1695629219443)
2023-09-25 17:06:59,521 INFO o.a.j.e.StandardJMeterEngine: Starting ThreadGroup: 1 : Thread Group
2023-09-25 17:06:59,521 INFO o.a.j.e.StandardJMeterEngine: Starting 50 threads for group Thread Group.
2023-09-25 17:06:59,521 INFO o.a.j.e.StandardJMeterEngine: Thread will continue on error
2023-09-25 17:06:59,522 INFO o.a.j.t.ThreadGroup: Starting thread group... number=1 threads=50 ramp-up=1 perThread=20.0 delayedStart=false
2023-09-25 17:06:59,534 INFO o.a.j.t.JMeterThread: Thread started: Thread Group 1-1
2023-09-25 17:06:59,555 INFO o.a.j.t.JMeterThread: Thread started: Thread Group 1-2
2023-09-25 17:06:59,565 INFO o.a.j.p.h.s.HTTPHCAbstractImpl: Local host = master
2023-09-25 17:06:59,572 INFO o.a.j.p.h.s.HTTPHC4Impl: HTTP request retry count = 0
2023-09-25 17:06:59,573 INFO o.a.j.s.SampleResult: Note: Sample TimeStamps are START times
2023-09-25 17:06:59,573 INFO o.a.j.s.SampleResult: sampleresult.default.encoding is set to ISO-8859-1
2023-09-25 17:06:59,573 INFO o.a.j.s.SampleResult: sampleresult.useNanoTime=true
2023-09-25 17:06:59,574 INFO o.a.j.s.SampleResult: sampleresult.nanoThreadSleep=5000
2023-09-25 17:06:59,576 INFO o.a.j.t.JMeterThread: Thread started: Thread Group 1-3
2023-09-25 17:06:59,602 INFO o.a.j.t.JMeterThread: Thread started: Thread Group 1-4
2023-09-25 17:06:59,646 INFO o.a.j.t.ThreadGroup: Started thread group number 1
2023-09-25 17:06:59,646 INFO o.a.j.e.StandardJMeterEngine: All thread groups have been started
2023-09-25 17:06:59,656 INFO o.a.j.t.JMeterThread: Thread started: Thread Group 1-5
2023-09-25 17:06:59,676 INFO o.a.j.t.JMeterThread: Thread started: Thread Group 1-6
2023-09-25 17:06:59,697 INFO o.a.j.t.JMeterThread: Thread started: Thread Group 1-7
2023-09-25 17:06:59,717 INFO o.a.j.t.JMeterThread: Thread started: Thread Group 1-8
2023-09-25 17:06:59,738 INFO o.a.j.t.JMeterThread: Thread started: Thread Group 1-9
2023-09-25 17:06:59,757 INFO o.a.j.t.JMeterThread: Thread started: Thread Group 1-10
2023-09-25 17:06:59,777 INFO o.a.j.t.JMeterThread: Thread started: Thread Group 1-11
2023-09-25 17:06:59,797 INFO o.a.j.t.JMeterThread: Thread started: Thread Group 1-12
2023-09-25 17:06:59,811 INFO o.a.j.u.JsseSSLManager: Using default SSL protocol: TLS
2023-09-25 17:06:59,812 INFO o.a.j.u.JsseSSLManager: SSL session context: per-thread
2023-09-25 17:06:59,817 INFO o.a.j.t.JMeterThread: Thread started: Thread Group 1-13
2023-09-25 17:06:59,837 INFO o.a.j.t.JMeterThread: Thread started: Thread Group 1-14
2023-09-25 17:06:59,857 INFO o.a.j.t.JMeterThread: Thread started: Thread Group 1-15
2023-09-25 17:06:59,877 INFO o.a.j.t.JMeterThread: Thread started: Thread Group 1-16
2023-09-25 17:06:59,897 INFO o.a.j.t.JMeterThread: Thread started: Thread Group 1-17
2023-09-25 17:06:59,916 INFO o.a.j.t.JMeterThread: Thread started: Thread Group 1-18
2023-09-25 17:06:59,936 INFO o.a.j.t.JMeterThread: Thread started: Thread Group 1-19
2023-09-25 17:06:59,956 INFO o.a.j.t.JMeterThread: Thread started: Thread Group 1-20
2023-09-25 17:06:59,976 INFO o.a.j.t.JMeterThread: Thread started: Thread Group 1-21
2023-09-25 17:06:59,996 INFO o.a.j.t.JMeterThread: Thread started: Thread Group 1-22
2023-09-25 17:07:00,002 INFO o.a.j.r.Summariser: summary +     28 in 00:00:01 =   50.3/s Avg:   111 Min:   102 Max:   142 Err:     0 (0.00%) Active: 22 Started: 22 Finished: 0
2023-09-25 17:07:00,016 INFO o.a.j.t.JMeterThread: Thread started: Thread Group 1-23
2023-09-25 17:07:00,036 INFO o.a.j.t.JMeterThread: Thread started: Thread Group 1-24
2023-09-25 17:07:00,056 INFO o.a.j.t.JMeterThread: Thread started: Thread Group 1-25
2023-09-25 17:07:00,076 INFO o.a.j.t.JMeterThread: Thread started: Thread Group 1-26
2023-09-25 17:07:00,097 INFO o.a.j.t.JMeterThread: Thread started: Thread Group 1-27
2023-09-25 17:07:00,117 INFO o.a.j.t.JMeterThread: Thread started: Thread Group 1-28
2023-09-25 17:07:00,138 INFO o.a.j.t.JMeterThread: Thread started: Thread Group 1-29
2023-09-25 17:07:00,158 INFO o.a.j.t.JMeterThread: Thread started: Thread Group 1-30
2023-09-25 17:07:00,196 INFO o.a.j.t.JMeterThread: Thread started: Thread Group 1-31
2023-09-25 17:07:00,206 INFO o.a.j.t.JMeterThread: Thread started: Thread Group 1-32
2023-09-25 17:07:00,235 INFO o.a.j.t.JMeterThread: Thread started: Thread Group 1-33
2023-09-25 17:07:00,257 INFO o.a.j.t.JMeterThread: Thread started: Thread Group 1-34
2023-09-25 17:07:00,277 INFO o.a.j.t.JMeterThread: Thread started: Thread Group 1-35
2023-09-25 17:07:00,298 INFO o.a.j.t.JMeterThread: Thread started: Thread Group 1-36
2023-09-25 17:07:00,330 INFO o.a.j.t.JMeterThread: Thread started: Thread Group 1-37
2023-09-25 17:07:00,348 INFO o.a.j.t.JMeterThread: Thread started: Thread Group 1-38
2023-09-25 17:07:00,369 INFO o.a.j.t.JMeterThread: Thread started: Thread Group 1-39
2023-09-25 17:07:00,389 INFO o.a.j.t.JMeterThread: Thread started: Thread Group 1-40
2023-09-25 17:07:00,410 INFO o.a.j.t.JMeterThread: Thread started: Thread Group 1-41
2023-09-25 17:07:00,432 INFO o.a.j.t.JMeterThread: Thread started: Thread Group 1-42
2023-09-25 17:07:00,460 INFO o.a.j.t.JMeterThread: Thread started: Thread Group 1-43
2023-09-25 17:07:00,481 INFO o.a.j.t.JMeterThread: Thread started: Thread Group 1-44
2023-09-25 17:07:00,510 INFO o.a.j.t.JMeterThread: Thread started: Thread Group 1-45
2023-09-25 17:07:00,537 INFO o.a.j.t.JMeterThread: Thread started: Thread Group 1-46
2023-09-25 17:07:00,568 INFO o.a.j.t.JMeterThread: Thread started: Thread Group 1-47
2023-09-25 17:07:00,585 INFO o.a.j.t.JMeterThread: Thread started: Thread Group 1-48
2023-09-25 17:07:00,606 INFO o.a.j.t.JMeterThread: Thread started: Thread Group 1-49
2023-09-25 17:07:00,629 INFO o.a.j.t.JMeterThread: Thread started: Thread Group 1-50
2023-09-25 17:07:30,004 INFO o.a.j.r.Summariser: summary +  13784 in 00:00:30 =  459.4/s Avg:   107 Min:   100 Max:   142 Err:     0 (0.00%) Active: 50 Started: 50 Finished: 0
2023-09-25 17:07:30,005 INFO o.a.j.r.Summariser: summary =  13812 in 00:00:31 =  452.0/s Avg:   107 Min:   100 Max:   142 Err:     0 (0.00%)
2023-09-25 17:08:00,003 INFO o.a.j.r.Summariser: summary +  11248 in 00:00:30 =  375.0/s Avg:   132 Min:   101 Max:  1145 Err:     0 (0.00%) Active: 50 Started: 50 Finished: 0
2023-09-25 17:08:00,008 INFO o.a.j.r.Summariser: summary =  25060 in 00:01:01 =  413.8/s Avg:   119 Min:   100 Max:  1145 Err:     0 (0.00%)
2023-09-25 17:08:30,001 INFO o.a.j.r.Summariser: summary +  13676 in 00:00:30 =  455.9/s Avg:   109 Min:   100 Max:  1130 Err:     0 (0.00%) Active: 50 Started: 50 Finished: 0
2023-09-25 17:08:30,002 INFO o.a.j.r.Summariser: summary =  38736 in 00:01:31 =  427.8/s Avg:   115 Min:   100 Max:  1145 Err:     0 (0.00%)
2023-09-25 17:08:31,650 INFO o.a.j.t.JMeterThread: Thread is done: Thread Group 1-1
2023-09-25 17:08:31,657 INFO o.a.j.t.JMeterThread: Thread finished: Thread Group 1-1
2023-09-25 17:08:31,928 INFO o.a.j.t.JMeterThread: Thread is done: Thread Group 1-9
2023-09-25 17:08:31,929 INFO o.a.j.t.JMeterThread: Thread finished: Thread Group 1-9
2023-09-25 17:08:31,973 INFO o.a.j.t.JMeterThread: Thread is done: Thread Group 1-4
2023-09-25 17:08:31,974 INFO o.a.j.t.JMeterThread: Thread finished: Thread Group 1-4
2023-09-25 17:08:31,987 INFO o.a.j.t.JMeterThread: Thread is done: Thread Group 1-11
2023-09-25 17:08:31,987 INFO o.a.j.t.JMeterThread: Thread finished: Thread Group 1-11
2023-09-25 17:08:32,034 INFO o.a.j.t.JMeterThread: Thread is done: Thread Group 1-5
2023-09-25 17:08:32,034 INFO o.a.j.t.JMeterThread: Thread finished: Thread Group 1-5
2023-09-25 17:08:32,150 INFO o.a.j.t.JMeterThread: Thread is done: Thread Group 1-19
2023-09-25 17:08:32,150 INFO o.a.j.t.JMeterThread: Thread finished: Thread Group 1-19
2023-09-25 17:08:32,160 INFO o.a.j.t.JMeterThread: Thread is done: Thread Group 1-15
2023-09-25 17:08:32,161 INFO o.a.j.t.JMeterThread: Thread finished: Thread Group 1-15
2023-09-25 17:08:32,183 INFO o.a.j.t.JMeterThread: Thread is done: Thread Group 1-36
2023-09-25 17:08:32,183 INFO o.a.j.t.JMeterThread: Thread finished: Thread Group 1-36
2023-09-25 17:08:32,189 INFO o.a.j.t.JMeterThread: Thread is done: Thread Group 1-14
2023-09-25 17:08:32,189 INFO o.a.j.t.JMeterThread: Thread finished: Thread Group 1-14
2023-09-25 17:08:32,280 INFO o.a.j.t.JMeterThread: Thread is done: Thread Group 1-13
2023-09-25 17:08:32,280 INFO o.a.j.t.JMeterThread: Thread is done: Thread Group 1-31
2023-09-25 17:08:32,280 INFO o.a.j.t.JMeterThread: Thread finished: Thread Group 1-31
2023-09-25 17:08:32,280 INFO o.a.j.t.JMeterThread: Thread finished: Thread Group 1-13
2023-09-25 17:08:32,303 INFO o.a.j.t.JMeterThread: Thread is done: Thread Group 1-10
2023-09-25 17:08:32,303 INFO o.a.j.t.JMeterThread: Thread finished: Thread Group 1-10
2023-09-25 17:08:32,384 INFO o.a.j.t.JMeterThread: Thread is done: Thread Group 1-24
2023-09-25 17:08:32,384 INFO o.a.j.t.JMeterThread: Thread finished: Thread Group 1-24
2023-09-25 17:08:32,402 INFO o.a.j.t.JMeterThread: Thread is done: Thread Group 1-21
2023-09-25 17:08:32,403 INFO o.a.j.t.JMeterThread: Thread finished: Thread Group 1-21
2023-09-25 17:08:32,407 INFO o.a.j.t.JMeterThread: Thread is done: Thread Group 1-25
2023-09-25 17:08:32,407 INFO o.a.j.t.JMeterThread: Thread finished: Thread Group 1-25
2023-09-25 17:08:32,408 INFO o.a.j.t.JMeterThread: Thread is done: Thread Group 1-7
2023-09-25 17:08:32,408 INFO o.a.j.t.JMeterThread: Thread finished: Thread Group 1-7
2023-09-25 17:08:32,452 INFO o.a.j.t.JMeterThread: Thread is done: Thread Group 1-8
2023-09-25 17:08:32,452 INFO o.a.j.t.JMeterThread: Thread finished: Thread Group 1-8
2023-09-25 17:08:32,486 INFO o.a.j.t.JMeterThread: Thread is done: Thread Group 1-32
2023-09-25 17:08:32,486 INFO o.a.j.t.JMeterThread: Thread finished: Thread Group 1-32
2023-09-25 17:08:32,488 INFO o.a.j.t.JMeterThread: Thread is done: Thread Group 1-42
2023-09-25 17:08:32,488 INFO o.a.j.t.JMeterThread: Thread finished: Thread Group 1-42
2023-09-25 17:08:32,507 INFO o.a.j.t.JMeterThread: Thread is done: Thread Group 1-28
2023-09-25 17:08:32,507 INFO o.a.j.t.JMeterThread: Thread finished: Thread Group 1-28
2023-09-25 17:08:32,544 INFO o.a.j.t.JMeterThread: Thread is done: Thread Group 1-20
2023-09-25 17:08:32,544 INFO o.a.j.t.JMeterThread: Thread finished: Thread Group 1-20
2023-09-25 17:08:32,572 INFO o.a.j.t.JMeterThread: Thread is done: Thread Group 1-27
2023-09-25 17:08:32,573 INFO o.a.j.t.JMeterThread: Thread finished: Thread Group 1-27
2023-09-25 17:08:32,581 INFO o.a.j.t.JMeterThread: Thread is done: Thread Group 1-50
2023-09-25 17:08:32,581 INFO o.a.j.t.JMeterThread: Thread finished: Thread Group 1-50
2023-09-25 17:08:32,609 INFO o.a.j.t.JMeterThread: Thread is done: Thread Group 1-26
2023-09-25 17:08:32,609 INFO o.a.j.t.JMeterThread: Thread finished: Thread Group 1-26
2023-09-25 17:08:32,609 INFO o.a.j.t.JMeterThread: Thread is done: Thread Group 1-35
2023-09-25 17:08:32,609 INFO o.a.j.t.JMeterThread: Thread finished: Thread Group 1-35
2023-09-25 17:08:32,613 INFO o.a.j.t.JMeterThread: Thread is done: Thread Group 1-12
2023-09-25 17:08:32,613 INFO o.a.j.t.JMeterThread: Thread finished: Thread Group 1-12
2023-09-25 17:08:32,660 INFO o.a.j.t.JMeterThread: Thread is done: Thread Group 1-6
2023-09-25 17:08:32,660 INFO o.a.j.t.JMeterThread: Thread finished: Thread Group 1-6
2023-09-25 17:08:32,661 INFO o.a.j.t.JMeterThread: Thread is done: Thread Group 1-2
2023-09-25 17:08:32,661 INFO o.a.j.t.JMeterThread: Thread finished: Thread Group 1-2
2023-09-25 17:08:32,666 INFO o.a.j.t.JMeterThread: Thread is done: Thread Group 1-22
2023-09-25 17:08:32,666 INFO o.a.j.t.JMeterThread: Thread finished: Thread Group 1-22
2023-09-25 17:08:32,681 INFO o.a.j.t.JMeterThread: Thread is done: Thread Group 1-23
2023-09-25 17:08:32,681 INFO o.a.j.t.JMeterThread: Thread finished: Thread Group 1-23
2023-09-25 17:08:32,715 INFO o.a.j.t.JMeterThread: Thread is done: Thread Group 1-17
2023-09-25 17:08:32,715 INFO o.a.j.t.JMeterThread: Thread is done: Thread Group 1-44
2023-09-25 17:08:32,715 INFO o.a.j.t.JMeterThread: Thread finished: Thread Group 1-44
2023-09-25 17:08:32,715 INFO o.a.j.t.JMeterThread: Thread finished: Thread Group 1-17
2023-09-25 17:08:32,763 INFO o.a.j.t.JMeterThread: Thread is done: Thread Group 1-30
2023-09-25 17:08:32,763 INFO o.a.j.t.JMeterThread: Thread finished: Thread Group 1-30
2023-09-25 17:08:32,763 INFO o.a.j.t.JMeterThread: Thread is done: Thread Group 1-37
2023-09-25 17:08:32,763 INFO o.a.j.t.JMeterThread: Thread finished: Thread Group 1-37
2023-09-25 17:08:32,784 INFO o.a.j.t.JMeterThread: Thread is done: Thread Group 1-39
2023-09-25 17:08:32,784 INFO o.a.j.t.JMeterThread: Thread finished: Thread Group 1-39
2023-09-25 17:08:32,785 INFO o.a.j.t.JMeterThread: Thread is done: Thread Group 1-3
2023-09-25 17:08:32,785 INFO o.a.j.t.JMeterThread: Thread finished: Thread Group 1-3
2023-09-25 17:08:32,816 INFO o.a.j.t.JMeterThread: Thread is done: Thread Group 1-45
2023-09-25 17:08:32,816 INFO o.a.j.t.JMeterThread: Thread finished: Thread Group 1-45
2023-09-25 17:08:32,816 INFO o.a.j.t.JMeterThread: Thread is done: Thread Group 1-38
2023-09-25 17:08:32,816 INFO o.a.j.t.JMeterThread: Thread finished: Thread Group 1-38
2023-09-25 17:08:32,866 INFO o.a.j.t.JMeterThread: Thread is done: Thread Group 1-41
2023-09-25 17:08:32,866 INFO o.a.j.t.JMeterThread: Thread finished: Thread Group 1-41
2023-09-25 17:08:32,921 INFO o.a.j.t.JMeterThread: Thread is done: Thread Group 1-29
2023-09-25 17:08:32,922 INFO o.a.j.t.JMeterThread: Thread finished: Thread Group 1-29
2023-09-25 17:08:33,073 INFO o.a.j.t.JMeterThread: Thread is done: Thread Group 1-34
2023-09-25 17:08:33,073 INFO o.a.j.t.JMeterThread: Thread finished: Thread Group 1-34
2023-09-25 17:08:33,076 INFO o.a.j.t.JMeterThread: Thread is done: Thread Group 1-40
2023-09-25 17:08:33,076 INFO o.a.j.t.JMeterThread: Thread finished: Thread Group 1-40
2023-09-25 17:08:33,085 INFO o.a.j.t.JMeterThread: Thread is done: Thread Group 1-43
2023-09-25 17:08:33,085 INFO o.a.j.t.JMeterThread: Thread finished: Thread Group 1-43
2023-09-25 17:08:33,187 INFO o.a.j.t.JMeterThread: Thread is done: Thread Group 1-33
2023-09-25 17:08:33,187 INFO o.a.j.t.JMeterThread: Thread finished: Thread Group 1-33
2023-09-25 17:08:33,187 INFO o.a.j.t.JMeterThread: Thread is done: Thread Group 1-48
2023-09-25 17:08:33,187 INFO o.a.j.t.JMeterThread: Thread finished: Thread Group 1-48
2023-09-25 17:08:33,205 INFO o.a.j.t.JMeterThread: Thread is done: Thread Group 1-47
2023-09-25 17:08:33,205 INFO o.a.j.t.JMeterThread: Thread finished: Thread Group 1-47
2023-09-25 17:08:33,228 INFO o.a.j.t.JMeterThread: Thread is done: Thread Group 1-16
2023-09-25 17:08:33,228 INFO o.a.j.t.JMeterThread: Thread finished: Thread Group 1-16
2023-09-25 17:08:33,498 INFO o.a.j.t.JMeterThread: Thread is done: Thread Group 1-46
2023-09-25 17:08:33,498 INFO o.a.j.t.JMeterThread: Thread finished: Thread Group 1-46
2023-09-25 17:08:33,513 INFO o.a.j.t.JMeterThread: Thread is done: Thread Group 1-18
2023-09-25 17:08:33,513 INFO o.a.j.t.JMeterThread: Thread finished: Thread Group 1-18
2023-09-25 17:08:33,922 INFO o.a.j.t.JMeterThread: Thread is done: Thread Group 1-49
2023-09-25 17:08:33,922 INFO o.a.j.t.JMeterThread: Thread finished: Thread Group 1-49
2023-09-25 17:08:33,923 INFO o.a.j.e.StandardJMeterEngine: Notifying test listeners of end of test
2023-09-25 17:08:33,924 INFO o.a.j.r.Summariser: summary +   1264 in 00:00:04 =  322.1/s Avg:   106 Min:   100 Max:   152 Err:     0 (0.00%) Active: 0 Started: 50 Finished: 50
2023-09-25 17:08:33,924 INFO o.a.j.r.Summariser: summary =  40000 in 00:01:34 =  423.4/s Avg:   115 Min:   100 Max:  1145 Err:     0 (0.00%)
