2023-09-25 17:04:13,472 INFO o.a.j.u.JMeterUtils: Setting Locale to en_EN
2023-09-25 17:04:13,482 INFO o.a.j.JMeter: Loading user properties from: /root/PrivateCloudContainer/PCC-5th-PoC/Utils/JMeter/apache-jmeter-5.1/bin/user.properties
2023-09-25 17:04:13,482 INFO o.a.j.JMeter: Loading system properties from: /root/PrivateCloudContainer/PCC-5th-PoC/Utils/JMeter/apache-jmeter-5.1/bin/system.properties
2023-09-25 17:04:13,486 INFO o.a.j.JMeter: Copyright (c) 1998-2019 The Apache Software Foundation
2023-09-25 17:04:13,486 INFO o.a.j.JMeter: Version 5.1 r1853635
2023-09-25 17:04:13,486 INFO o.a.j.JMeter: java.version=1.8.0_382
2023-09-25 17:04:13,486 INFO o.a.j.JMeter: java.vm.name=OpenJDK 64-Bit Server VM
2023-09-25 17:04:13,486 INFO o.a.j.JMeter: os.name=Linux
2023-09-25 17:04:13,486 INFO o.a.j.JMeter: os.arch=amd64
2023-09-25 17:04:13,486 INFO o.a.j.JMeter: os.version=5.15.0-58-generic
2023-09-25 17:04:13,486 INFO o.a.j.JMeter: file.encoding=UTF-8
2023-09-25 17:04:13,486 INFO o.a.j.JMeter: java.awt.headless=true
2023-09-25 17:04:13,486 INFO o.a.j.JMeter: Max memory     =1073741824
2023-09-25 17:04:13,486 INFO o.a.j.JMeter: Available Processors =2
2023-09-25 17:04:13,489 INFO o.a.j.JMeter: Default Locale=English (EN)
2023-09-25 17:04:13,490 INFO o.a.j.JMeter: JMeter  Locale=English (EN)
2023-09-25 17:04:13,490 INFO o.a.j.JMeter: JMeterHome=/root/PrivateCloudContainer/PCC-5th-PoC/Utils/JMeter/apache-jmeter-5.1
2023-09-25 17:04:13,490 INFO o.a.j.JMeter: user.dir  =/root/PrivateCloudContainer/PCC-5th-PoC/1_ServiceResponseTime
2023-09-25 17:04:13,490 INFO o.a.j.JMeter: PWD       =/root/PrivateCloudContainer/PCC-5th-PoC/1_ServiceResponseTime
2023-09-25 17:04:13,571 INFO o.a.j.JMeter: IP: 10.0.2.103 Name: master FullName: master
2023-09-25 17:04:13,574 INFO o.a.j.s.FileServer: Default base='/root/PrivateCloudContainer/PCC-5th-PoC/1_ServiceResponseTime'
2023-09-25 17:04:13,576 INFO o.a.j.s.FileServer: Set new base='/root/PrivateCloudContainer/PCC-5th-PoC/1_ServiceResponseTime/./KetiFaaS/jmx'
2023-09-25 17:04:13,692 INFO o.a.j.s.SaveService: Testplan (JMX) version: 2.2. Testlog (JTL) version: 2.2
2023-09-25 17:04:13,703 INFO o.a.j.s.SaveService: Using SaveService properties file encoding UTF-8
2023-09-25 17:04:13,708 INFO o.a.j.s.SaveService: Using SaveService properties version 5.0
2023-09-25 17:04:13,715 INFO o.a.j.s.SaveService: Loading file: ./KetiFaaS/jmx/KetiFaaS-total_request_40000.jmx
2023-09-25 17:04:13,769 INFO o.a.j.p.h.s.HTTPSamplerBase: Parser for text/html is org.apache.jmeter.protocol.http.parser.LagartoBasedHtmlParser
2023-09-25 17:04:13,769 INFO o.a.j.p.h.s.HTTPSamplerBase: Parser for application/xhtml+xml is org.apache.jmeter.protocol.http.parser.LagartoBasedHtmlParser
2023-09-25 17:04:13,769 INFO o.a.j.p.h.s.HTTPSamplerBase: Parser for application/xml is org.apache.jmeter.protocol.http.parser.LagartoBasedHtmlParser
2023-09-25 17:04:13,769 INFO o.a.j.p.h.s.HTTPSamplerBase: Parser for text/xml is org.apache.jmeter.protocol.http.parser.LagartoBasedHtmlParser
2023-09-25 17:04:13,769 INFO o.a.j.p.h.s.HTTPSamplerBase: Parser for text/vnd.wap.wml is org.apache.jmeter.protocol.http.parser.RegexpHTMLParser
2023-09-25 17:04:13,770 INFO o.a.j.p.h.s.HTTPSamplerBase: Parser for text/css is org.apache.jmeter.protocol.http.parser.CssParser
2023-09-25 17:04:13,805 INFO o.a.j.JMeter: Creating summariser <summary>
2023-09-25 17:04:13,814 INFO o.a.j.e.StandardJMeterEngine: Running the test!
2023-09-25 17:04:13,825 INFO o.a.j.s.SampleEvent: List of sample_variables: []
2023-09-25 17:04:13,825 INFO o.a.j.s.SampleEvent: List of sample_variables: []
2023-09-25 17:04:13,832 INFO o.a.j.e.u.CompoundVariable: Note: Function class names must contain the string: '.functions.'
2023-09-25 17:04:13,832 INFO o.a.j.e.u.CompoundVariable: Note: Function class names must not contain the string: '.gui.'
2023-09-25 17:04:14,528 INFO o.a.j.JMeter: Running test (1695629054528)
2023-09-25 17:04:14,601 INFO o.a.j.e.StandardJMeterEngine: Starting ThreadGroup: 1 : Thread Group
2023-09-25 17:04:14,601 INFO o.a.j.e.StandardJMeterEngine: Starting 50 threads for group Thread Group.
2023-09-25 17:04:14,601 INFO o.a.j.e.StandardJMeterEngine: Thread will continue on error
2023-09-25 17:04:14,601 INFO o.a.j.t.ThreadGroup: Starting thread group... number=1 threads=50 ramp-up=1 perThread=20.0 delayedStart=false
2023-09-25 17:04:14,616 INFO o.a.j.t.JMeterThread: Thread started: Thread Group 1-1
2023-09-25 17:04:14,638 INFO o.a.j.t.JMeterThread: Thread started: Thread Group 1-2
2023-09-25 17:04:14,641 INFO o.a.j.t.ThreadGroup: Started thread group number 1
2023-09-25 17:04:14,641 INFO o.a.j.e.StandardJMeterEngine: All thread groups have been started
2023-09-25 17:04:14,656 INFO o.a.j.p.h.s.HTTPHCAbstractImpl: Local host = master
2023-09-25 17:04:14,660 INFO o.a.j.t.JMeterThread: Thread started: Thread Group 1-3
2023-09-25 17:04:14,668 INFO o.a.j.p.h.s.HTTPHC4Impl: HTTP request retry count = 0
2023-09-25 17:04:14,669 INFO o.a.j.s.SampleResult: Note: Sample TimeStamps are START times
2023-09-25 17:04:14,670 INFO o.a.j.s.SampleResult: sampleresult.default.encoding is set to ISO-8859-1
2023-09-25 17:04:14,670 INFO o.a.j.s.SampleResult: sampleresult.useNanoTime=true
2023-09-25 17:04:14,670 INFO o.a.j.s.SampleResult: sampleresult.nanoThreadSleep=5000
2023-09-25 17:04:14,680 INFO o.a.j.t.JMeterThread: Thread started: Thread Group 1-4
2023-09-25 17:04:14,696 INFO o.a.j.t.JMeterThread: Thread started: Thread Group 1-5
2023-09-25 17:04:14,718 INFO o.a.j.t.JMeterThread: Thread started: Thread Group 1-6
2023-09-25 17:04:14,738 INFO o.a.j.t.JMeterThread: Thread started: Thread Group 1-7
2023-09-25 17:04:14,768 INFO o.a.j.t.JMeterThread: Thread started: Thread Group 1-8
2023-09-25 17:04:14,784 INFO o.a.j.t.JMeterThread: Thread started: Thread Group 1-9
2023-09-25 17:04:14,812 INFO o.a.j.t.JMeterThread: Thread started: Thread Group 1-10
2023-09-25 17:04:14,832 INFO o.a.j.t.JMeterThread: Thread started: Thread Group 1-11
2023-09-25 17:04:14,853 INFO o.a.j.t.JMeterThread: Thread started: Thread Group 1-12
2023-09-25 17:04:14,873 INFO o.a.j.t.JMeterThread: Thread started: Thread Group 1-13
2023-09-25 17:04:14,883 INFO o.a.j.u.JsseSSLManager: Using default SSL protocol: TLS
2023-09-25 17:04:14,883 INFO o.a.j.u.JsseSSLManager: SSL session context: per-thread
2023-09-25 17:04:14,896 INFO o.a.j.t.JMeterThread: Thread started: Thread Group 1-14
2023-09-25 17:04:14,913 INFO o.a.j.t.JMeterThread: Thread started: Thread Group 1-15
2023-09-25 17:04:14,933 INFO o.a.j.t.JMeterThread: Thread started: Thread Group 1-16
2023-09-25 17:04:14,954 INFO o.a.j.t.JMeterThread: Thread started: Thread Group 1-17
2023-09-25 17:04:14,972 INFO o.a.j.t.JMeterThread: Thread started: Thread Group 1-18
2023-09-25 17:04:14,992 INFO o.a.j.t.JMeterThread: Thread started: Thread Group 1-19
2023-09-25 17:04:15,012 INFO o.a.j.t.JMeterThread: Thread started: Thread Group 1-20
2023-09-25 17:04:15,034 INFO o.a.j.t.JMeterThread: Thread started: Thread Group 1-21
2023-09-25 17:04:15,054 INFO o.a.j.t.JMeterThread: Thread started: Thread Group 1-22
2023-09-25 17:04:15,074 INFO o.a.j.t.JMeterThread: Thread started: Thread Group 1-23
2023-09-25 17:04:15,094 INFO o.a.j.t.JMeterThread: Thread started: Thread Group 1-24
2023-09-25 17:04:15,116 INFO o.a.j.t.JMeterThread: Thread started: Thread Group 1-25
2023-09-25 17:04:15,134 INFO o.a.j.t.JMeterThread: Thread started: Thread Group 1-26
2023-09-25 17:04:15,154 INFO o.a.j.t.JMeterThread: Thread started: Thread Group 1-27
2023-09-25 17:04:15,174 INFO o.a.j.t.JMeterThread: Thread started: Thread Group 1-28
2023-09-25 17:04:15,194 INFO o.a.j.t.JMeterThread: Thread started: Thread Group 1-29
2023-09-25 17:04:15,214 INFO o.a.j.t.JMeterThread: Thread started: Thread Group 1-30
2023-09-25 17:04:15,234 INFO o.a.j.t.JMeterThread: Thread started: Thread Group 1-31
2023-09-25 17:04:15,254 INFO o.a.j.t.JMeterThread: Thread started: Thread Group 1-32
2023-09-25 17:04:15,272 INFO o.a.j.t.JMeterThread: Thread started: Thread Group 1-33
2023-09-25 17:04:15,293 INFO o.a.j.t.JMeterThread: Thread started: Thread Group 1-34
2023-09-25 17:04:15,316 INFO o.a.j.t.JMeterThread: Thread started: Thread Group 1-35
2023-09-25 17:04:15,336 INFO o.a.j.t.JMeterThread: Thread started: Thread Group 1-36
2023-09-25 17:04:15,357 INFO o.a.j.t.JMeterThread: Thread started: Thread Group 1-37
2023-09-25 17:04:15,377 INFO o.a.j.t.JMeterThread: Thread started: Thread Group 1-38
2023-09-25 17:04:15,397 INFO o.a.j.t.JMeterThread: Thread started: Thread Group 1-39
2023-09-25 17:04:15,419 INFO o.a.j.t.JMeterThread: Thread started: Thread Group 1-40
2023-09-25 17:04:15,439 INFO o.a.j.t.JMeterThread: Thread started: Thread Group 1-41
2023-09-25 17:04:15,459 INFO o.a.j.t.JMeterThread: Thread started: Thread Group 1-42
2023-09-25 17:04:15,479 INFO o.a.j.t.JMeterThread: Thread started: Thread Group 1-43
2023-09-25 17:04:15,500 INFO o.a.j.t.JMeterThread: Thread started: Thread Group 1-44
2023-09-25 17:04:15,520 INFO o.a.j.t.JMeterThread: Thread started: Thread Group 1-45
2023-09-25 17:04:15,540 INFO o.a.j.t.JMeterThread: Thread started: Thread Group 1-46
2023-09-25 17:04:15,561 INFO o.a.j.t.JMeterThread: Thread started: Thread Group 1-47
2023-09-25 17:04:15,581 INFO o.a.j.t.JMeterThread: Thread started: Thread Group 1-48
2023-09-25 17:04:15,603 INFO o.a.j.t.JMeterThread: Thread started: Thread Group 1-49
2023-09-25 17:04:15,623 INFO o.a.j.t.JMeterThread: Thread started: Thread Group 1-50
2023-09-25 17:04:30,005 INFO o.a.j.r.Summariser: summary +   6857 in 00:00:15 =  443.2/s Avg:   107 Min:   101 Max:  1105 Err:     0 (0.00%) Active: 50 Started: 50 Finished: 0
2023-09-25 17:05:00,001 INFO o.a.j.r.Summariser: summary +  13006 in 00:00:30 =  433.5/s Avg:   115 Min:   100 Max:   293 Err:     0 (0.00%) Active: 50 Started: 50 Finished: 0
2023-09-25 17:05:00,015 INFO o.a.j.r.Summariser: summary =  19863 in 00:00:45 =  436.8/s Avg:   112 Min:   100 Max:  1105 Err:     0 (0.00%)
2023-09-25 17:05:30,338 INFO o.a.j.r.Summariser: summary +  10339 in 00:00:30 =  340.8/s Avg:   122 Min:   100 Max:  5112 Err:     0 (0.00%) Active: 50 Started: 50 Finished: 0
2023-09-25 17:05:30,347 INFO o.a.j.r.Summariser: summary =  30202 in 00:01:16 =  398.4/s Avg:   116 Min:   100 Max:  5112 Err:     0 (0.00%)
2023-09-25 17:05:50,743 INFO o.a.j.t.JMeterThread: Thread is done: Thread Group 1-10
2023-09-25 17:05:50,744 INFO o.a.j.t.JMeterThread: Thread finished: Thread Group 1-10
2023-09-25 17:05:50,953 INFO o.a.j.t.JMeterThread: Thread is done: Thread Group 1-6
2023-09-25 17:05:50,953 INFO o.a.j.t.JMeterThread: Thread finished: Thread Group 1-6
2023-09-25 17:05:51,076 INFO o.a.j.t.JMeterThread: Thread is done: Thread Group 1-12
2023-09-25 17:05:51,076 INFO o.a.j.t.JMeterThread: Thread finished: Thread Group 1-12
2023-09-25 17:05:51,080 INFO o.a.j.t.JMeterThread: Thread is done: Thread Group 1-21
2023-09-25 17:05:51,080 INFO o.a.j.t.JMeterThread: Thread finished: Thread Group 1-21
2023-09-25 17:05:51,136 INFO o.a.j.t.JMeterThread: Thread is done: Thread Group 1-14
2023-09-25 17:05:51,136 INFO o.a.j.t.JMeterThread: Thread finished: Thread Group 1-14
2023-09-25 17:05:51,138 INFO o.a.j.t.JMeterThread: Thread is done: Thread Group 1-7
2023-09-25 17:05:51,139 INFO o.a.j.t.JMeterThread: Thread finished: Thread Group 1-7
2023-09-25 17:05:51,257 INFO o.a.j.t.JMeterThread: Thread is done: Thread Group 1-11
2023-09-25 17:05:51,257 INFO o.a.j.t.JMeterThread: Thread is done: Thread Group 1-27
2023-09-25 17:05:51,257 INFO o.a.j.t.JMeterThread: Thread finished: Thread Group 1-11
2023-09-25 17:05:51,257 INFO o.a.j.t.JMeterThread: Thread finished: Thread Group 1-27
2023-09-25 17:05:51,264 INFO o.a.j.t.JMeterThread: Thread is done: Thread Group 1-1
2023-09-25 17:05:51,264 INFO o.a.j.t.JMeterThread: Thread finished: Thread Group 1-1
2023-09-25 17:05:51,297 INFO o.a.j.t.JMeterThread: Thread is done: Thread Group 1-29
2023-09-25 17:05:51,297 INFO o.a.j.t.JMeterThread: Thread finished: Thread Group 1-29
2023-09-25 17:05:51,357 INFO o.a.j.t.JMeterThread: Thread is done: Thread Group 1-25
2023-09-25 17:05:51,357 INFO o.a.j.t.JMeterThread: Thread finished: Thread Group 1-25
2023-09-25 17:05:51,367 INFO o.a.j.t.JMeterThread: Thread is done: Thread Group 1-17
2023-09-25 17:05:51,367 INFO o.a.j.t.JMeterThread: Thread finished: Thread Group 1-17
2023-09-25 17:05:51,386 INFO o.a.j.t.JMeterThread: Thread is done: Thread Group 1-28
2023-09-25 17:05:51,386 INFO o.a.j.t.JMeterThread: Thread finished: Thread Group 1-28
2023-09-25 17:05:51,387 INFO o.a.j.t.JMeterThread: Thread is done: Thread Group 1-15
2023-09-25 17:05:51,387 INFO o.a.j.t.JMeterThread: Thread finished: Thread Group 1-15
2023-09-25 17:05:51,387 INFO o.a.j.t.JMeterThread: Thread is done: Thread Group 1-22
2023-09-25 17:05:51,387 INFO o.a.j.t.JMeterThread: Thread finished: Thread Group 1-22
2023-09-25 17:05:51,406 INFO o.a.j.t.JMeterThread: Thread is done: Thread Group 1-2
2023-09-25 17:05:51,406 INFO o.a.j.t.JMeterThread: Thread finished: Thread Group 1-2
2023-09-25 17:05:51,408 INFO o.a.j.t.JMeterThread: Thread is done: Thread Group 1-20
2023-09-25 17:05:51,408 INFO o.a.j.t.JMeterThread: Thread finished: Thread Group 1-20
2023-09-25 17:05:51,450 INFO o.a.j.t.JMeterThread: Thread is done: Thread Group 1-30
2023-09-25 17:05:51,450 INFO o.a.j.t.JMeterThread: Thread finished: Thread Group 1-30
2023-09-25 17:05:51,459 INFO o.a.j.t.JMeterThread: Thread is done: Thread Group 1-19
2023-09-25 17:05:51,459 INFO o.a.j.t.JMeterThread: Thread finished: Thread Group 1-19
2023-09-25 17:05:51,463 INFO o.a.j.t.JMeterThread: Thread is done: Thread Group 1-50
2023-09-25 17:05:51,463 INFO o.a.j.t.JMeterThread: Thread finished: Thread Group 1-50
2023-09-25 17:05:51,469 INFO o.a.j.t.JMeterThread: Thread is done: Thread Group 1-8
2023-09-25 17:05:51,469 INFO o.a.j.t.JMeterThread: Thread finished: Thread Group 1-8
2023-09-25 17:05:51,511 INFO o.a.j.t.JMeterThread: Thread is done: Thread Group 1-3
2023-09-25 17:05:51,511 INFO o.a.j.t.JMeterThread: Thread finished: Thread Group 1-3
2023-09-25 17:05:51,515 INFO o.a.j.t.JMeterThread: Thread is done: Thread Group 1-41
2023-09-25 17:05:51,515 INFO o.a.j.t.JMeterThread: Thread finished: Thread Group 1-41
2023-09-25 17:05:51,565 INFO o.a.j.t.JMeterThread: Thread is done: Thread Group 1-36
2023-09-25 17:05:51,565 INFO o.a.j.t.JMeterThread: Thread finished: Thread Group 1-36
2023-09-25 17:05:51,594 INFO o.a.j.t.JMeterThread: Thread is done: Thread Group 1-23
2023-09-25 17:05:51,594 INFO o.a.j.t.JMeterThread: Thread finished: Thread Group 1-23
2023-09-25 17:05:51,620 INFO o.a.j.t.JMeterThread: Thread is done: Thread Group 1-5
2023-09-25 17:05:51,620 INFO o.a.j.t.JMeterThread: Thread finished: Thread Group 1-5
2023-09-25 17:05:51,622 INFO o.a.j.t.JMeterThread: Thread is done: Thread Group 1-18
2023-09-25 17:05:51,622 INFO o.a.j.t.JMeterThread: Thread is done: Thread Group 1-37
2023-09-25 17:05:51,622 INFO o.a.j.t.JMeterThread: Thread finished: Thread Group 1-37
2023-09-25 17:05:51,623 INFO o.a.j.t.JMeterThread: Thread finished: Thread Group 1-18
2023-09-25 17:05:51,664 INFO o.a.j.t.JMeterThread: Thread is done: Thread Group 1-9
2023-09-25 17:05:51,664 INFO o.a.j.t.JMeterThread: Thread finished: Thread Group 1-9
2023-09-25 17:05:51,664 INFO o.a.j.t.JMeterThread: Thread is done: Thread Group 1-31
2023-09-25 17:05:51,664 INFO o.a.j.t.JMeterThread: Thread finished: Thread Group 1-31
2023-09-25 17:05:51,672 INFO o.a.j.t.JMeterThread: Thread is done: Thread Group 1-33
2023-09-25 17:05:51,672 INFO o.a.j.t.JMeterThread: Thread finished: Thread Group 1-33
2023-09-25 17:05:51,724 INFO o.a.j.t.JMeterThread: Thread is done: Thread Group 1-35
2023-09-25 17:05:51,725 INFO o.a.j.t.JMeterThread: Thread finished: Thread Group 1-35
2023-09-25 17:05:51,726 INFO o.a.j.t.JMeterThread: Thread is done: Thread Group 1-40
2023-09-25 17:05:51,726 INFO o.a.j.t.JMeterThread: Thread finished: Thread Group 1-40
2023-09-25 17:05:51,767 INFO o.a.j.t.JMeterThread: Thread is done: Thread Group 1-43
2023-09-25 17:05:51,767 INFO o.a.j.t.JMeterThread: Thread finished: Thread Group 1-43
2023-09-25 17:05:51,776 INFO o.a.j.t.JMeterThread: Thread is done: Thread Group 1-13
2023-09-25 17:05:51,776 INFO o.a.j.t.JMeterThread: Thread finished: Thread Group 1-13
2023-09-25 17:05:51,902 INFO o.a.j.t.JMeterThread: Thread is done: Thread Group 1-39
2023-09-25 17:05:51,902 INFO o.a.j.t.JMeterThread: Thread finished: Thread Group 1-39
2023-09-25 17:05:51,932 INFO o.a.j.t.JMeterThread: Thread is done: Thread Group 1-38
2023-09-25 17:05:51,932 INFO o.a.j.t.JMeterThread: Thread finished: Thread Group 1-38
2023-09-25 17:05:52,036 INFO o.a.j.t.JMeterThread: Thread is done: Thread Group 1-45
2023-09-25 17:05:52,036 INFO o.a.j.t.JMeterThread: Thread finished: Thread Group 1-45
2023-09-25 17:05:52,036 INFO o.a.j.t.JMeterThread: Thread is done: Thread Group 1-24
2023-09-25 17:05:52,036 INFO o.a.j.t.JMeterThread: Thread finished: Thread Group 1-24
2023-09-25 17:05:52,079 INFO o.a.j.t.JMeterThread: Thread is done: Thread Group 1-46
2023-09-25 17:05:52,079 INFO o.a.j.t.JMeterThread: Thread finished: Thread Group 1-46
2023-09-25 17:05:52,140 INFO o.a.j.t.JMeterThread: Thread is done: Thread Group 1-16
2023-09-25 17:05:52,140 INFO o.a.j.t.JMeterThread: Thread finished: Thread Group 1-16
2023-09-25 17:05:52,185 INFO o.a.j.t.JMeterThread: Thread is done: Thread Group 1-26
2023-09-25 17:05:52,185 INFO o.a.j.t.JMeterThread: Thread finished: Thread Group 1-26
2023-09-25 17:05:52,243 INFO o.a.j.t.JMeterThread: Thread is done: Thread Group 1-48
2023-09-25 17:05:52,243 INFO o.a.j.t.JMeterThread: Thread finished: Thread Group 1-48
2023-09-25 17:05:52,345 INFO o.a.j.t.JMeterThread: Thread is done: Thread Group 1-49
2023-09-25 17:05:52,345 INFO o.a.j.t.JMeterThread: Thread finished: Thread Group 1-49
2023-09-25 17:05:52,516 INFO o.a.j.t.JMeterThread: Thread is done: Thread Group 1-4
2023-09-25 17:05:52,516 INFO o.a.j.t.JMeterThread: Thread finished: Thread Group 1-4
2023-09-25 17:05:52,674 INFO o.a.j.t.JMeterThread: Thread is done: Thread Group 1-32
2023-09-25 17:05:52,675 INFO o.a.j.t.JMeterThread: Thread finished: Thread Group 1-32
2023-09-25 17:05:52,690 INFO o.a.j.t.JMeterThread: Thread is done: Thread Group 1-44
2023-09-25 17:05:52,690 INFO o.a.j.t.JMeterThread: Thread finished: Thread Group 1-44
2023-09-25 17:05:52,804 INFO o.a.j.t.JMeterThread: Thread is done: Thread Group 1-42
2023-09-25 17:05:52,804 INFO o.a.j.t.JMeterThread: Thread finished: Thread Group 1-42
2023-09-25 17:05:52,906 INFO o.a.j.t.JMeterThread: Thread is done: Thread Group 1-47
2023-09-25 17:05:52,906 INFO o.a.j.t.JMeterThread: Thread finished: Thread Group 1-47
2023-09-25 17:05:52,907 INFO o.a.j.t.JMeterThread: Thread is done: Thread Group 1-34
2023-09-25 17:05:52,907 INFO o.a.j.t.JMeterThread: Thread finished: Thread Group 1-34
2023-09-25 17:05:52,907 INFO o.a.j.e.StandardJMeterEngine: Notifying test listeners of end of test
2023-09-25 17:05:52,908 INFO o.a.j.r.Summariser: summary +   9798 in 00:00:23 =  434.1/s Avg:   134 Min:   100 Max:  5118 Err:     0 (0.00%) Active: 0 Started: 50 Finished: 50
2023-09-25 17:05:52,909 INFO o.a.j.r.Summariser: summary =  40000 in 00:01:38 =  406.6/s Avg:   120 Min:   100 Max:  5118 Err:     0 (0.00%)
