2023-09-25 17:12:28,141 INFO o.a.j.u.JMeterUtils: Setting Locale to en_EN
2023-09-25 17:12:28,151 INFO o.a.j.JMeter: Loading user properties from: /root/PrivateCloudContainer/PCC-5th-PoC/Utils/JMeter/apache-jmeter-5.1/bin/user.properties
2023-09-25 17:12:28,151 INFO o.a.j.JMeter: Loading system properties from: /root/PrivateCloudContainer/PCC-5th-PoC/Utils/JMeter/apache-jmeter-5.1/bin/system.properties
2023-09-25 17:12:28,155 INFO o.a.j.JMeter: Copyright (c) 1998-2019 The Apache Software Foundation
2023-09-25 17:12:28,155 INFO o.a.j.JMeter: Version 5.1 r1853635
2023-09-25 17:12:28,155 INFO o.a.j.JMeter: java.version=1.8.0_382
2023-09-25 17:12:28,155 INFO o.a.j.JMeter: java.vm.name=OpenJDK 64-Bit Server VM
2023-09-25 17:12:28,156 INFO o.a.j.JMeter: os.name=Linux
2023-09-25 17:12:28,156 INFO o.a.j.JMeter: os.arch=amd64
2023-09-25 17:12:28,156 INFO o.a.j.JMeter: os.version=5.15.0-58-generic
2023-09-25 17:12:28,156 INFO o.a.j.JMeter: file.encoding=UTF-8
2023-09-25 17:12:28,156 INFO o.a.j.JMeter: java.awt.headless=true
2023-09-25 17:12:28,156 INFO o.a.j.JMeter: Max memory     =1073741824
2023-09-25 17:12:28,156 INFO o.a.j.JMeter: Available Processors =2
2023-09-25 17:12:28,159 INFO o.a.j.JMeter: Default Locale=English (EN)
2023-09-25 17:12:28,160 INFO o.a.j.JMeter: JMeter  Locale=English (EN)
2023-09-25 17:12:28,160 INFO o.a.j.JMeter: JMeterHome=/root/PrivateCloudContainer/PCC-5th-PoC/Utils/JMeter/apache-jmeter-5.1
2023-09-25 17:12:28,160 INFO o.a.j.JMeter: user.dir  =/root/PrivateCloudContainer/PCC-5th-PoC/1_ServiceResponseTime
2023-09-25 17:12:28,160 INFO o.a.j.JMeter: PWD       =/root/PrivateCloudContainer/PCC-5th-PoC/1_ServiceResponseTime
2023-09-25 17:12:28,239 INFO o.a.j.JMeter: IP: 10.0.2.103 Name: master FullName: master
2023-09-25 17:12:28,242 INFO o.a.j.s.FileServer: Default base='/root/PrivateCloudContainer/PCC-5th-PoC/1_ServiceResponseTime'
2023-09-25 17:12:28,244 INFO o.a.j.s.FileServer: Set new base='/root/PrivateCloudContainer/PCC-5th-PoC/1_ServiceResponseTime/./KetiFaaS/jmx'
2023-09-25 17:12:28,364 INFO o.a.j.s.SaveService: Testplan (JMX) version: 2.2. Testlog (JTL) version: 2.2
2023-09-25 17:12:28,374 INFO o.a.j.s.SaveService: Using SaveService properties file encoding UTF-8
2023-09-25 17:12:28,378 INFO o.a.j.s.SaveService: Using SaveService properties version 5.0
2023-09-25 17:12:28,386 INFO o.a.j.s.SaveService: Loading file: ./KetiFaaS/jmx/KetiFaaS-total_request_40000.jmx
2023-09-25 17:12:28,442 INFO o.a.j.p.h.s.HTTPSamplerBase: Parser for text/html is org.apache.jmeter.protocol.http.parser.LagartoBasedHtmlParser
2023-09-25 17:12:28,442 INFO o.a.j.p.h.s.HTTPSamplerBase: Parser for application/xhtml+xml is org.apache.jmeter.protocol.http.parser.LagartoBasedHtmlParser
2023-09-25 17:12:28,442 INFO o.a.j.p.h.s.HTTPSamplerBase: Parser for application/xml is org.apache.jmeter.protocol.http.parser.LagartoBasedHtmlParser
2023-09-25 17:12:28,443 INFO o.a.j.p.h.s.HTTPSamplerBase: Parser for text/xml is org.apache.jmeter.protocol.http.parser.LagartoBasedHtmlParser
2023-09-25 17:12:28,443 INFO o.a.j.p.h.s.HTTPSamplerBase: Parser for text/vnd.wap.wml is org.apache.jmeter.protocol.http.parser.RegexpHTMLParser
2023-09-25 17:12:28,443 INFO o.a.j.p.h.s.HTTPSamplerBase: Parser for text/css is org.apache.jmeter.protocol.http.parser.CssParser
2023-09-25 17:12:28,479 INFO o.a.j.JMeter: Creating summariser <summary>
2023-09-25 17:12:28,487 INFO o.a.j.e.StandardJMeterEngine: Running the test!
2023-09-25 17:12:28,498 INFO o.a.j.s.SampleEvent: List of sample_variables: []
2023-09-25 17:12:28,498 INFO o.a.j.s.SampleEvent: List of sample_variables: []
2023-09-25 17:12:28,504 INFO o.a.j.e.u.CompoundVariable: Note: Function class names must contain the string: '.functions.'
2023-09-25 17:12:28,504 INFO o.a.j.e.u.CompoundVariable: Note: Function class names must not contain the string: '.gui.'
2023-09-25 17:12:29,249 INFO o.a.j.JMeter: Running test (1695629549248)
2023-09-25 17:12:29,324 INFO o.a.j.e.StandardJMeterEngine: Starting ThreadGroup: 1 : Thread Group
2023-09-25 17:12:29,325 INFO o.a.j.e.StandardJMeterEngine: Starting 50 threads for group Thread Group.
2023-09-25 17:12:29,325 INFO o.a.j.e.StandardJMeterEngine: Thread will continue on error
2023-09-25 17:12:29,325 INFO o.a.j.t.ThreadGroup: Starting thread group... number=1 threads=50 ramp-up=1 perThread=20.0 delayedStart=false
2023-09-25 17:12:29,339 INFO o.a.j.t.JMeterThread: Thread started: Thread Group 1-1
2023-09-25 17:12:29,359 INFO o.a.j.t.JMeterThread: Thread started: Thread Group 1-2
2023-09-25 17:12:29,377 INFO o.a.j.t.ThreadGroup: Started thread group number 1
2023-09-25 17:12:29,377 INFO o.a.j.e.StandardJMeterEngine: All thread groups have been started
2023-09-25 17:12:29,379 INFO o.a.j.p.h.s.HTTPHCAbstractImpl: Local host = master
2023-09-25 17:12:29,380 INFO o.a.j.t.JMeterThread: Thread started: Thread Group 1-3
2023-09-25 17:12:29,389 INFO o.a.j.p.h.s.HTTPHC4Impl: HTTP request retry count = 0
2023-09-25 17:12:29,391 INFO o.a.j.s.SampleResult: Note: Sample TimeStamps are START times
2023-09-25 17:12:29,391 INFO o.a.j.s.SampleResult: sampleresult.default.encoding is set to ISO-8859-1
2023-09-25 17:12:29,392 INFO o.a.j.s.SampleResult: sampleresult.useNanoTime=true
2023-09-25 17:12:29,392 INFO o.a.j.s.SampleResult: sampleresult.nanoThreadSleep=5000
2023-09-25 17:12:29,400 INFO o.a.j.t.JMeterThread: Thread started: Thread Group 1-4
2023-09-25 17:12:29,420 INFO o.a.j.t.JMeterThread: Thread started: Thread Group 1-5
2023-09-25 17:12:29,440 INFO o.a.j.t.JMeterThread: Thread started: Thread Group 1-6
2023-09-25 17:12:29,460 INFO o.a.j.t.JMeterThread: Thread started: Thread Group 1-7
2023-09-25 17:12:29,495 INFO o.a.j.t.JMeterThread: Thread started: Thread Group 1-8
2023-09-25 17:12:29,515 INFO o.a.j.t.JMeterThread: Thread started: Thread Group 1-9
2023-09-25 17:12:29,535 INFO o.a.j.t.JMeterThread: Thread started: Thread Group 1-10
2023-09-25 17:12:29,555 INFO o.a.j.t.JMeterThread: Thread started: Thread Group 1-11
2023-09-25 17:12:29,575 INFO o.a.j.t.JMeterThread: Thread started: Thread Group 1-12
2023-09-25 17:12:29,595 INFO o.a.j.t.JMeterThread: Thread started: Thread Group 1-13
2023-09-25 17:12:29,614 INFO o.a.j.t.JMeterThread: Thread started: Thread Group 1-14
2023-09-25 17:12:29,624 INFO o.a.j.u.JsseSSLManager: Using default SSL protocol: TLS
2023-09-25 17:12:29,624 INFO o.a.j.u.JsseSSLManager: SSL session context: per-thread
2023-09-25 17:12:29,635 INFO o.a.j.t.JMeterThread: Thread started: Thread Group 1-15
2023-09-25 17:12:29,655 INFO o.a.j.t.JMeterThread: Thread started: Thread Group 1-16
2023-09-25 17:12:29,674 INFO o.a.j.t.JMeterThread: Thread started: Thread Group 1-17
2023-09-25 17:12:29,695 INFO o.a.j.t.JMeterThread: Thread started: Thread Group 1-18
2023-09-25 17:12:29,715 INFO o.a.j.t.JMeterThread: Thread started: Thread Group 1-19
2023-09-25 17:12:29,737 INFO o.a.j.t.JMeterThread: Thread started: Thread Group 1-20
2023-09-25 17:12:29,767 INFO o.a.j.t.JMeterThread: Thread started: Thread Group 1-21
2023-09-25 17:12:29,776 INFO o.a.j.t.JMeterThread: Thread started: Thread Group 1-22
2023-09-25 17:12:29,796 INFO o.a.j.t.JMeterThread: Thread started: Thread Group 1-23
2023-09-25 17:12:29,816 INFO o.a.j.t.JMeterThread: Thread started: Thread Group 1-24
2023-09-25 17:12:29,836 INFO o.a.j.t.JMeterThread: Thread started: Thread Group 1-25
2023-09-25 17:12:29,856 INFO o.a.j.t.JMeterThread: Thread started: Thread Group 1-26
2023-09-25 17:12:29,877 INFO o.a.j.t.JMeterThread: Thread started: Thread Group 1-27
2023-09-25 17:12:29,897 INFO o.a.j.t.JMeterThread: Thread started: Thread Group 1-28
2023-09-25 17:12:29,917 INFO o.a.j.t.JMeterThread: Thread started: Thread Group 1-29
2023-09-25 17:12:29,937 INFO o.a.j.t.JMeterThread: Thread started: Thread Group 1-30
2023-09-25 17:12:29,957 INFO o.a.j.t.JMeterThread: Thread started: Thread Group 1-31
2023-09-25 17:12:29,987 INFO o.a.j.t.JMeterThread: Thread started: Thread Group 1-32
2023-09-25 17:12:30,002 INFO o.a.j.r.Summariser: summary +     78 in 00:00:01 =  103.6/s Avg:   110 Min:   102 Max:   150 Err:     0 (0.00%) Active: 32 Started: 32 Finished: 0
2023-09-25 17:12:30,008 INFO o.a.j.t.JMeterThread: Thread started: Thread Group 1-33
2023-09-25 17:12:30,028 INFO o.a.j.t.JMeterThread: Thread started: Thread Group 1-34
2023-09-25 17:12:30,049 INFO o.a.j.t.JMeterThread: Thread started: Thread Group 1-35
2023-09-25 17:12:30,069 INFO o.a.j.t.JMeterThread: Thread started: Thread Group 1-36
2023-09-25 17:12:30,093 INFO o.a.j.t.JMeterThread: Thread started: Thread Group 1-37
2023-09-25 17:12:30,112 INFO o.a.j.t.JMeterThread: Thread started: Thread Group 1-38
2023-09-25 17:12:30,130 INFO o.a.j.t.JMeterThread: Thread started: Thread Group 1-39
2023-09-25 17:12:30,151 INFO o.a.j.t.JMeterThread: Thread started: Thread Group 1-40
2023-09-25 17:12:30,171 INFO o.a.j.t.JMeterThread: Thread started: Thread Group 1-41
2023-09-25 17:12:30,191 INFO o.a.j.t.JMeterThread: Thread started: Thread Group 1-42
2023-09-25 17:12:30,211 INFO o.a.j.t.JMeterThread: Thread started: Thread Group 1-43
2023-09-25 17:12:30,231 INFO o.a.j.t.JMeterThread: Thread started: Thread Group 1-44
2023-09-25 17:12:30,253 INFO o.a.j.t.JMeterThread: Thread started: Thread Group 1-45
2023-09-25 17:12:30,273 INFO o.a.j.t.JMeterThread: Thread started: Thread Group 1-46
2023-09-25 17:12:30,293 INFO o.a.j.t.JMeterThread: Thread started: Thread Group 1-47
2023-09-25 17:12:30,314 INFO o.a.j.t.JMeterThread: Thread started: Thread Group 1-48
2023-09-25 17:12:30,337 INFO o.a.j.t.JMeterThread: Thread started: Thread Group 1-49
2023-09-25 17:12:30,358 INFO o.a.j.t.JMeterThread: Thread started: Thread Group 1-50
2023-09-25 17:13:00,012 INFO o.a.j.r.Summariser: summary +  14001 in 00:00:30 =  466.5/s Avg:   106 Min:   101 Max:   161 Err:     0 (0.00%) Active: 50 Started: 50 Finished: 0
2023-09-25 17:13:00,013 INFO o.a.j.r.Summariser: summary =  14079 in 00:00:31 =  457.6/s Avg:   106 Min:   101 Max:   161 Err:     0 (0.00%)
2023-09-25 17:13:30,000 INFO o.a.j.r.Summariser: summary +  10645 in 00:00:30 =  355.0/s Avg:   140 Min:   102 Max:   360 Err:     0 (0.00%) Active: 50 Started: 50 Finished: 0
2023-09-25 17:13:30,000 INFO o.a.j.r.Summariser: summary =  24724 in 00:01:01 =  407.0/s Avg:   121 Min:   101 Max:   360 Err:     0 (0.00%)
2023-09-25 17:14:02,287 INFO o.a.j.r.Summariser: summary +  12348 in 00:00:32 =  382.5/s Avg:   110 Min:   101 Max:  5027 Err:     0 (0.00%) Active: 50 Started: 50 Finished: 0
2023-09-25 17:14:02,287 INFO o.a.j.r.Summariser: summary =  37072 in 00:01:33 =  398.5/s Avg:   117 Min:   101 Max:  5027 Err:     0 (0.00%)
2023-09-25 17:14:07,958 INFO o.a.j.t.JMeterThread: Thread is done: Thread Group 1-6
2023-09-25 17:14:07,958 INFO o.a.j.t.JMeterThread: Thread finished: Thread Group 1-6
2023-09-25 17:14:08,038 INFO o.a.j.t.JMeterThread: Thread is done: Thread Group 1-10
2023-09-25 17:14:08,038 INFO o.a.j.t.JMeterThread: Thread finished: Thread Group 1-10
2023-09-25 17:14:08,040 INFO o.a.j.t.JMeterThread: Thread is done: Thread Group 1-3
2023-09-25 17:14:08,040 INFO o.a.j.t.JMeterThread: Thread finished: Thread Group 1-3
2023-09-25 17:14:08,089 INFO o.a.j.t.JMeterThread: Thread is done: Thread Group 1-1
2023-09-25 17:14:08,089 INFO o.a.j.t.JMeterThread: Thread finished: Thread Group 1-1
2023-09-25 17:14:08,116 INFO o.a.j.t.JMeterThread: Thread is done: Thread Group 1-16
2023-09-25 17:14:08,117 INFO o.a.j.t.JMeterThread: Thread finished: Thread Group 1-16
2023-09-25 17:14:08,126 INFO o.a.j.t.JMeterThread: Thread is done: Thread Group 1-8
2023-09-25 17:14:08,126 INFO o.a.j.t.JMeterThread: Thread finished: Thread Group 1-8
2023-09-25 17:14:08,156 INFO o.a.j.t.JMeterThread: Thread is done: Thread Group 1-2
2023-09-25 17:14:08,156 INFO o.a.j.t.JMeterThread: Thread finished: Thread Group 1-2
2023-09-25 17:14:08,349 INFO o.a.j.t.JMeterThread: Thread is done: Thread Group 1-15
2023-09-25 17:14:08,349 INFO o.a.j.t.JMeterThread: Thread finished: Thread Group 1-15
2023-09-25 17:14:08,387 INFO o.a.j.t.JMeterThread: Thread is done: Thread Group 1-11
2023-09-25 17:14:08,387 INFO o.a.j.t.JMeterThread: Thread finished: Thread Group 1-11
2023-09-25 17:14:08,433 INFO o.a.j.t.JMeterThread: Thread is done: Thread Group 1-13
2023-09-25 17:14:08,433 INFO o.a.j.t.JMeterThread: Thread finished: Thread Group 1-13
2023-09-25 17:14:08,439 INFO o.a.j.t.JMeterThread: Thread is done: Thread Group 1-9
2023-09-25 17:14:08,439 INFO o.a.j.t.JMeterThread: Thread finished: Thread Group 1-9
2023-09-25 17:14:08,446 INFO o.a.j.t.JMeterThread: Thread is done: Thread Group 1-18
2023-09-25 17:14:08,446 INFO o.a.j.t.JMeterThread: Thread finished: Thread Group 1-18
2023-09-25 17:14:08,545 INFO o.a.j.t.JMeterThread: Thread is done: Thread Group 1-23
2023-09-25 17:14:08,545 INFO o.a.j.t.JMeterThread: Thread finished: Thread Group 1-23
2023-09-25 17:14:08,555 INFO o.a.j.t.JMeterThread: Thread is done: Thread Group 1-27
2023-09-25 17:14:08,556 INFO o.a.j.t.JMeterThread: Thread finished: Thread Group 1-27
2023-09-25 17:14:08,557 INFO o.a.j.t.JMeterThread: Thread is done: Thread Group 1-29
2023-09-25 17:14:08,557 INFO o.a.j.t.JMeterThread: Thread finished: Thread Group 1-29
2023-09-25 17:14:08,642 INFO o.a.j.t.JMeterThread: Thread is done: Thread Group 1-26
2023-09-25 17:14:08,642 INFO o.a.j.t.JMeterThread: Thread finished: Thread Group 1-26
2023-09-25 17:14:08,653 INFO o.a.j.t.JMeterThread: Thread is done: Thread Group 1-17
2023-09-25 17:14:08,653 INFO o.a.j.t.JMeterThread: Thread finished: Thread Group 1-17
2023-09-25 17:14:08,653 INFO o.a.j.t.JMeterThread: Thread is done: Thread Group 1-5
2023-09-25 17:14:08,653 INFO o.a.j.t.JMeterThread: Thread finished: Thread Group 1-5
2023-09-25 17:14:08,659 INFO o.a.j.t.JMeterThread: Thread is done: Thread Group 1-20
2023-09-25 17:14:08,659 INFO o.a.j.t.JMeterThread: Thread finished: Thread Group 1-20
2023-09-25 17:14:08,679 INFO o.a.j.t.JMeterThread: Thread is done: Thread Group 1-12
2023-09-25 17:14:08,679 INFO o.a.j.t.JMeterThread: Thread finished: Thread Group 1-12
2023-09-25 17:14:08,679 INFO o.a.j.t.JMeterThread: Thread is done: Thread Group 1-28
2023-09-25 17:14:08,679 INFO o.a.j.t.JMeterThread: Thread finished: Thread Group 1-28
2023-09-25 17:14:08,682 INFO o.a.j.t.JMeterThread: Thread is done: Thread Group 1-7
2023-09-25 17:14:08,682 INFO o.a.j.t.JMeterThread: Thread finished: Thread Group 1-7
2023-09-25 17:14:08,686 INFO o.a.j.t.JMeterThread: Thread is done: Thread Group 1-39
2023-09-25 17:14:08,686 INFO o.a.j.t.JMeterThread: Thread finished: Thread Group 1-39
2023-09-25 17:14:08,692 INFO o.a.j.t.JMeterThread: Thread is done: Thread Group 1-22
2023-09-25 17:14:08,692 INFO o.a.j.t.JMeterThread: Thread finished: Thread Group 1-22
2023-09-25 17:14:08,761 INFO o.a.j.t.JMeterThread: Thread is done: Thread Group 1-48
2023-09-25 17:14:08,761 INFO o.a.j.t.JMeterThread: Thread finished: Thread Group 1-48
2023-09-25 17:14:08,766 INFO o.a.j.t.JMeterThread: Thread is done: Thread Group 1-37
2023-09-25 17:14:08,766 INFO o.a.j.t.JMeterThread: Thread finished: Thread Group 1-37
2023-09-25 17:14:08,798 INFO o.a.j.t.JMeterThread: Thread is done: Thread Group 1-50
2023-09-25 17:14:08,798 INFO o.a.j.t.JMeterThread: Thread finished: Thread Group 1-50
2023-09-25 17:14:08,800 INFO o.a.j.t.JMeterThread: Thread is done: Thread Group 1-21
2023-09-25 17:14:08,800 INFO o.a.j.t.JMeterThread: Thread finished: Thread Group 1-21
2023-09-25 17:14:08,808 INFO o.a.j.t.JMeterThread: Thread is done: Thread Group 1-33
2023-09-25 17:14:08,808 INFO o.a.j.t.JMeterThread: Thread finished: Thread Group 1-33
2023-09-25 17:14:08,867 INFO o.a.j.t.JMeterThread: Thread is done: Thread Group 1-4
2023-09-25 17:14:08,867 INFO o.a.j.t.JMeterThread: Thread finished: Thread Group 1-4
2023-09-25 17:14:08,905 INFO o.a.j.t.JMeterThread: Thread is done: Thread Group 1-34
2023-09-25 17:14:08,905 INFO o.a.j.t.JMeterThread: Thread finished: Thread Group 1-34
2023-09-25 17:14:08,912 INFO o.a.j.t.JMeterThread: Thread is done: Thread Group 1-14
2023-09-25 17:14:08,912 INFO o.a.j.t.JMeterThread: Thread is done: Thread Group 1-24
2023-09-25 17:14:08,912 INFO o.a.j.t.JMeterThread: Thread finished: Thread Group 1-14
2023-09-25 17:14:08,912 INFO o.a.j.t.JMeterThread: Thread finished: Thread Group 1-24
2023-09-25 17:14:08,912 INFO o.a.j.t.JMeterThread: Thread is done: Thread Group 1-46
2023-09-25 17:14:08,912 INFO o.a.j.t.JMeterThread: Thread finished: Thread Group 1-46
2023-09-25 17:14:08,915 INFO o.a.j.t.JMeterThread: Thread is done: Thread Group 1-30
2023-09-25 17:14:08,915 INFO o.a.j.t.JMeterThread: Thread finished: Thread Group 1-30
2023-09-25 17:14:08,915 INFO o.a.j.t.JMeterThread: Thread is done: Thread Group 1-43
2023-09-25 17:14:08,915 INFO o.a.j.t.JMeterThread: Thread finished: Thread Group 1-43
2023-09-25 17:14:09,013 INFO o.a.j.t.JMeterThread: Thread is done: Thread Group 1-25
2023-09-25 17:14:09,013 INFO o.a.j.t.JMeterThread: Thread finished: Thread Group 1-25
2023-09-25 17:14:09,022 INFO o.a.j.t.JMeterThread: Thread is done: Thread Group 1-19
2023-09-25 17:14:09,022 INFO o.a.j.t.JMeterThread: Thread finished: Thread Group 1-19
2023-09-25 17:14:09,085 INFO o.a.j.t.JMeterThread: Thread is done: Thread Group 1-36
2023-09-25 17:14:09,085 INFO o.a.j.t.JMeterThread: Thread finished: Thread Group 1-36
2023-09-25 17:14:09,132 INFO o.a.j.t.JMeterThread: Thread is done: Thread Group 1-45
2023-09-25 17:14:09,132 INFO o.a.j.t.JMeterThread: Thread finished: Thread Group 1-45
2023-09-25 17:14:09,175 INFO o.a.j.t.JMeterThread: Thread is done: Thread Group 1-31
2023-09-25 17:14:09,176 INFO o.a.j.t.JMeterThread: Thread finished: Thread Group 1-31
2023-09-25 17:14:09,228 INFO o.a.j.t.JMeterThread: Thread is done: Thread Group 1-32
2023-09-25 17:14:09,228 INFO o.a.j.t.JMeterThread: Thread finished: Thread Group 1-32
2023-09-25 17:14:09,242 INFO o.a.j.t.JMeterThread: Thread is done: Thread Group 1-38
2023-09-25 17:14:09,242 INFO o.a.j.t.JMeterThread: Thread is done: Thread Group 1-41
2023-09-25 17:14:09,242 INFO o.a.j.t.JMeterThread: Thread finished: Thread Group 1-38
2023-09-25 17:14:09,242 INFO o.a.j.t.JMeterThread: Thread finished: Thread Group 1-41
2023-09-25 17:14:09,243 INFO o.a.j.t.JMeterThread: Thread is done: Thread Group 1-44
2023-09-25 17:14:09,243 INFO o.a.j.t.JMeterThread: Thread finished: Thread Group 1-44
2023-09-25 17:14:09,298 INFO o.a.j.t.JMeterThread: Thread is done: Thread Group 1-47
2023-09-25 17:14:09,298 INFO o.a.j.t.JMeterThread: Thread finished: Thread Group 1-47
2023-09-25 17:14:09,387 INFO o.a.j.t.JMeterThread: Thread is done: Thread Group 1-49
2023-09-25 17:14:09,387 INFO o.a.j.t.JMeterThread: Thread finished: Thread Group 1-49
2023-09-25 17:14:09,672 INFO o.a.j.t.JMeterThread: Thread is done: Thread Group 1-40
2023-09-25 17:14:09,672 INFO o.a.j.t.JMeterThread: Thread finished: Thread Group 1-40
2023-09-25 17:14:09,779 INFO o.a.j.t.JMeterThread: Thread is done: Thread Group 1-35
2023-09-25 17:14:09,779 INFO o.a.j.t.JMeterThread: Thread finished: Thread Group 1-35
2023-09-25 17:14:10,255 INFO o.a.j.t.JMeterThread: Thread is done: Thread Group 1-42
2023-09-25 17:14:10,256 INFO o.a.j.t.JMeterThread: Thread finished: Thread Group 1-42
2023-09-25 17:14:10,256 INFO o.a.j.e.StandardJMeterEngine: Notifying test listeners of end of test
2023-09-25 17:14:10,257 INFO o.a.j.r.Summariser: summary +   2928 in 00:00:08 =  367.3/s Avg:   195 Min:   101 Max:  5137 Err:     0 (0.00%) Active: 0 Started: 50 Finished: 50
2023-09-25 17:14:10,257 INFO o.a.j.r.Summariser: summary =  40000 in 00:01:41 =  396.0/s Avg:   123 Min:   101 Max:  5137 Err:     0 (0.00%)
