2023-09-25 17:09:39,457 INFO o.a.j.u.JMeterUtils: Setting Locale to en_EN
2023-09-25 17:09:39,471 INFO o.a.j.JMeter: Loading user properties from: /root/PrivateCloudContainer/PCC-5th-PoC/Utils/JMeter/apache-jmeter-5.1/bin/user.properties
2023-09-25 17:09:39,471 INFO o.a.j.JMeter: Loading system properties from: /root/PrivateCloudContainer/PCC-5th-PoC/Utils/JMeter/apache-jmeter-5.1/bin/system.properties
2023-09-25 17:09:39,475 INFO o.a.j.JMeter: Copyright (c) 1998-2019 The Apache Software Foundation
2023-09-25 17:09:39,475 INFO o.a.j.JMeter: Version 5.1 r1853635
2023-09-25 17:09:39,475 INFO o.a.j.JMeter: java.version=1.8.0_382
2023-09-25 17:09:39,475 INFO o.a.j.JMeter: java.vm.name=OpenJDK 64-Bit Server VM
2023-09-25 17:09:39,475 INFO o.a.j.JMeter: os.name=Linux
2023-09-25 17:09:39,475 INFO o.a.j.JMeter: os.arch=amd64
2023-09-25 17:09:39,475 INFO o.a.j.JMeter: os.version=5.15.0-58-generic
2023-09-25 17:09:39,475 INFO o.a.j.JMeter: file.encoding=UTF-8
2023-09-25 17:09:39,475 INFO o.a.j.JMeter: java.awt.headless=true
2023-09-25 17:09:39,475 INFO o.a.j.JMeter: Max memory     =1073741824
2023-09-25 17:09:39,475 INFO o.a.j.JMeter: Available Processors =2
2023-09-25 17:09:39,478 INFO o.a.j.JMeter: Default Locale=English (EN)
2023-09-25 17:09:39,479 INFO o.a.j.JMeter: JMeter  Locale=English (EN)
2023-09-25 17:09:39,479 INFO o.a.j.JMeter: JMeterHome=/root/PrivateCloudContainer/PCC-5th-PoC/Utils/JMeter/apache-jmeter-5.1
2023-09-25 17:09:39,479 INFO o.a.j.JMeter: user.dir  =/root/PrivateCloudContainer/PCC-5th-PoC/1_ServiceResponseTime
2023-09-25 17:09:39,479 INFO o.a.j.JMeter: PWD       =/root/PrivateCloudContainer/PCC-5th-PoC/1_ServiceResponseTime
2023-09-25 17:09:39,560 INFO o.a.j.JMeter: IP: 10.0.2.103 Name: master FullName: master
2023-09-25 17:09:39,564 INFO o.a.j.s.FileServer: Default base='/root/PrivateCloudContainer/PCC-5th-PoC/1_ServiceResponseTime'
2023-09-25 17:09:39,566 INFO o.a.j.s.FileServer: Set new base='/root/PrivateCloudContainer/PCC-5th-PoC/1_ServiceResponseTime/./KetiFaaS/jmx'
2023-09-25 17:09:39,678 INFO o.a.j.s.SaveService: Testplan (JMX) version: 2.2. Testlog (JTL) version: 2.2
2023-09-25 17:09:39,683 INFO o.a.j.s.SaveService: Using SaveService properties file encoding UTF-8
2023-09-25 17:09:39,687 INFO o.a.j.s.SaveService: Using SaveService properties version 5.0
2023-09-25 17:09:39,692 INFO o.a.j.s.SaveService: Loading file: ./KetiFaaS/jmx/KetiFaaS-total_request_40000.jmx
2023-09-25 17:09:39,752 INFO o.a.j.p.h.s.HTTPSamplerBase: Parser for text/html is org.apache.jmeter.protocol.http.parser.LagartoBasedHtmlParser
2023-09-25 17:09:39,752 INFO o.a.j.p.h.s.HTTPSamplerBase: Parser for application/xhtml+xml is org.apache.jmeter.protocol.http.parser.LagartoBasedHtmlParser
2023-09-25 17:09:39,752 INFO o.a.j.p.h.s.HTTPSamplerBase: Parser for application/xml is org.apache.jmeter.protocol.http.parser.LagartoBasedHtmlParser
2023-09-25 17:09:39,752 INFO o.a.j.p.h.s.HTTPSamplerBase: Parser for text/xml is org.apache.jmeter.protocol.http.parser.LagartoBasedHtmlParser
2023-09-25 17:09:39,752 INFO o.a.j.p.h.s.HTTPSamplerBase: Parser for text/vnd.wap.wml is org.apache.jmeter.protocol.http.parser.RegexpHTMLParser
2023-09-25 17:09:39,752 INFO o.a.j.p.h.s.HTTPSamplerBase: Parser for text/css is org.apache.jmeter.protocol.http.parser.CssParser
2023-09-25 17:09:39,774 INFO o.a.j.JMeter: Creating summariser <summary>
2023-09-25 17:09:39,781 INFO o.a.j.e.StandardJMeterEngine: Running the test!
2023-09-25 17:09:39,785 INFO o.a.j.s.SampleEvent: List of sample_variables: []
2023-09-25 17:09:39,785 INFO o.a.j.s.SampleEvent: List of sample_variables: []
2023-09-25 17:09:39,790 INFO o.a.j.e.u.CompoundVariable: Note: Function class names must contain the string: '.functions.'
2023-09-25 17:09:39,790 INFO o.a.j.e.u.CompoundVariable: Note: Function class names must not contain the string: '.gui.'
2023-09-25 17:09:40,504 INFO o.a.j.JMeter: Running test (1695629380504)
2023-09-25 17:09:40,604 INFO o.a.j.e.StandardJMeterEngine: Starting ThreadGroup: 1 : Thread Group
2023-09-25 17:09:40,605 INFO o.a.j.e.StandardJMeterEngine: Starting 50 threads for group Thread Group.
2023-09-25 17:09:40,605 INFO o.a.j.e.StandardJMeterEngine: Thread will continue on error
2023-09-25 17:09:40,605 INFO o.a.j.t.ThreadGroup: Starting thread group... number=1 threads=50 ramp-up=1 perThread=20.0 delayedStart=false
2023-09-25 17:09:40,621 INFO o.a.j.t.JMeterThread: Thread started: Thread Group 1-1
2023-09-25 17:09:40,644 INFO o.a.j.t.JMeterThread: Thread started: Thread Group 1-2
2023-09-25 17:09:40,649 INFO o.a.j.p.h.s.HTTPHCAbstractImpl: Local host = master
2023-09-25 17:09:40,668 INFO o.a.j.p.h.s.HTTPHC4Impl: HTTP request retry count = 0
2023-09-25 17:09:40,672 INFO o.a.j.s.SampleResult: Note: Sample TimeStamps are START times
2023-09-25 17:09:40,672 INFO o.a.j.s.SampleResult: sampleresult.default.encoding is set to ISO-8859-1
2023-09-25 17:09:40,672 INFO o.a.j.s.SampleResult: sampleresult.useNanoTime=true
2023-09-25 17:09:40,672 INFO o.a.j.s.SampleResult: sampleresult.nanoThreadSleep=5000
2023-09-25 17:09:40,682 INFO o.a.j.t.JMeterThread: Thread started: Thread Group 1-4
2023-09-25 17:09:40,688 INFO o.a.j.t.JMeterThread: Thread started: Thread Group 1-3
2023-09-25 17:09:40,701 INFO o.a.j.t.JMeterThread: Thread started: Thread Group 1-5
2023-09-25 17:09:40,710 INFO o.a.j.t.ThreadGroup: Started thread group number 1
2023-09-25 17:09:40,710 INFO o.a.j.e.StandardJMeterEngine: All thread groups have been started
2023-09-25 17:09:40,721 INFO o.a.j.t.JMeterThread: Thread started: Thread Group 1-6
2023-09-25 17:09:40,741 INFO o.a.j.t.JMeterThread: Thread started: Thread Group 1-7
2023-09-25 17:09:40,762 INFO o.a.j.t.JMeterThread: Thread started: Thread Group 1-8
2023-09-25 17:09:40,793 INFO o.a.j.t.JMeterThread: Thread started: Thread Group 1-9
2023-09-25 17:09:40,824 INFO o.a.j.t.JMeterThread: Thread started: Thread Group 1-10
2023-09-25 17:09:40,844 INFO o.a.j.t.JMeterThread: Thread started: Thread Group 1-11
2023-09-25 17:09:40,908 INFO o.a.j.t.JMeterThread: Thread started: Thread Group 1-12
2023-09-25 17:09:40,928 INFO o.a.j.t.JMeterThread: Thread started: Thread Group 1-13
2023-09-25 17:09:40,937 INFO o.a.j.u.JsseSSLManager: Using default SSL protocol: TLS
2023-09-25 17:09:40,938 INFO o.a.j.u.JsseSSLManager: SSL session context: per-thread
2023-09-25 17:09:40,948 INFO o.a.j.t.JMeterThread: Thread started: Thread Group 1-14
2023-09-25 17:09:40,968 INFO o.a.j.t.JMeterThread: Thread started: Thread Group 1-15
2023-09-25 17:09:40,987 INFO o.a.j.t.JMeterThread: Thread started: Thread Group 1-17
2023-09-25 17:09:40,988 INFO o.a.j.t.JMeterThread: Thread started: Thread Group 1-16
2023-09-25 17:09:41,011 INFO o.a.j.t.JMeterThread: Thread started: Thread Group 1-18
2023-09-25 17:09:41,034 INFO o.a.j.t.JMeterThread: Thread started: Thread Group 1-19
2023-09-25 17:09:41,053 INFO o.a.j.t.JMeterThread: Thread started: Thread Group 1-20
2023-09-25 17:09:41,076 INFO o.a.j.t.JMeterThread: Thread started: Thread Group 1-21
2023-09-25 17:09:41,096 INFO o.a.j.t.JMeterThread: Thread started: Thread Group 1-22
2023-09-25 17:09:41,118 INFO o.a.j.t.JMeterThread: Thread started: Thread Group 1-23
2023-09-25 17:09:41,138 INFO o.a.j.t.JMeterThread: Thread started: Thread Group 1-24
2023-09-25 17:09:41,159 INFO o.a.j.t.JMeterThread: Thread started: Thread Group 1-25
2023-09-25 17:09:41,179 INFO o.a.j.t.JMeterThread: Thread started: Thread Group 1-26
2023-09-25 17:09:41,201 INFO o.a.j.t.JMeterThread: Thread started: Thread Group 1-27
2023-09-25 17:09:41,220 INFO o.a.j.t.JMeterThread: Thread started: Thread Group 1-28
2023-09-25 17:09:41,244 INFO o.a.j.t.JMeterThread: Thread started: Thread Group 1-29
2023-09-25 17:09:41,262 INFO o.a.j.t.JMeterThread: Thread started: Thread Group 1-30
2023-09-25 17:09:41,282 INFO o.a.j.t.JMeterThread: Thread started: Thread Group 1-31
2023-09-25 17:09:41,302 INFO o.a.j.t.JMeterThread: Thread started: Thread Group 1-32
2023-09-25 17:09:41,322 INFO o.a.j.t.JMeterThread: Thread started: Thread Group 1-33
2023-09-25 17:09:41,347 INFO o.a.j.t.JMeterThread: Thread started: Thread Group 1-34
2023-09-25 17:09:41,368 INFO o.a.j.t.JMeterThread: Thread started: Thread Group 1-35
2023-09-25 17:09:41,388 INFO o.a.j.t.JMeterThread: Thread started: Thread Group 1-36
2023-09-25 17:09:41,408 INFO o.a.j.t.JMeterThread: Thread started: Thread Group 1-37
2023-09-25 17:09:41,427 INFO o.a.j.t.JMeterThread: Thread started: Thread Group 1-38
2023-09-25 17:09:41,448 INFO o.a.j.t.JMeterThread: Thread started: Thread Group 1-39
2023-09-25 17:09:41,468 INFO o.a.j.t.JMeterThread: Thread started: Thread Group 1-40
2023-09-25 17:09:41,489 INFO o.a.j.t.JMeterThread: Thread started: Thread Group 1-41
2023-09-25 17:09:41,515 INFO o.a.j.t.JMeterThread: Thread started: Thread Group 1-42
2023-09-25 17:09:41,535 INFO o.a.j.t.JMeterThread: Thread started: Thread Group 1-43
2023-09-25 17:09:41,557 INFO o.a.j.t.JMeterThread: Thread started: Thread Group 1-44
2023-09-25 17:09:41,577 INFO o.a.j.t.JMeterThread: Thread started: Thread Group 1-45
2023-09-25 17:09:41,597 INFO o.a.j.t.JMeterThread: Thread started: Thread Group 1-46
2023-09-25 17:09:41,624 INFO o.a.j.t.JMeterThread: Thread started: Thread Group 1-47
2023-09-25 17:09:41,661 INFO o.a.j.t.JMeterThread: Thread started: Thread Group 1-48
2023-09-25 17:09:41,669 INFO o.a.j.t.JMeterThread: Thread started: Thread Group 1-49
2023-09-25 17:09:41,690 INFO o.a.j.t.JMeterThread: Thread started: Thread Group 1-50
2023-09-25 17:10:00,025 INFO o.a.j.r.Summariser: summary +   8856 in 00:00:20 =  453.7/s Avg:   105 Min:   101 Max:   153 Err:     0 (0.00%) Active: 50 Started: 50 Finished: 0
2023-09-25 17:10:30,021 INFO o.a.j.r.Summariser: summary +  10747 in 00:00:30 =  358.3/s Avg:   139 Min:   101 Max:  5106 Err:     0 (0.00%) Active: 50 Started: 50 Finished: 0
2023-09-25 17:10:30,022 INFO o.a.j.r.Summariser: summary =  19603 in 00:00:50 =  395.9/s Avg:   124 Min:   101 Max:  5106 Err:     0 (0.00%)
2023-09-25 17:11:00,011 INFO o.a.j.r.Summariser: summary +  13015 in 00:00:30 =  434.0/s Avg:   115 Min:   101 Max:  1127 Err:     0 (0.00%) Active: 50 Started: 50 Finished: 0
2023-09-25 17:11:00,012 INFO o.a.j.r.Summariser: summary =  32618 in 00:01:20 =  410.3/s Avg:   120 Min:   101 Max:  5106 Err:     0 (0.00%)
2023-09-25 17:11:20,482 INFO o.a.j.t.JMeterThread: Thread is done: Thread Group 1-2
2023-09-25 17:11:20,482 INFO o.a.j.t.JMeterThread: Thread finished: Thread Group 1-2
2023-09-25 17:11:20,736 INFO o.a.j.t.JMeterThread: Thread is done: Thread Group 1-22
2023-09-25 17:11:20,737 INFO o.a.j.t.JMeterThread: Thread finished: Thread Group 1-22
2023-09-25 17:11:20,746 INFO o.a.j.t.JMeterThread: Thread is done: Thread Group 1-23
2023-09-25 17:11:20,746 INFO o.a.j.t.JMeterThread: Thread finished: Thread Group 1-23
2023-09-25 17:11:20,795 INFO o.a.j.t.JMeterThread: Thread is done: Thread Group 1-17
2023-09-25 17:11:20,795 INFO o.a.j.t.JMeterThread: Thread finished: Thread Group 1-17
2023-09-25 17:11:20,815 INFO o.a.j.t.JMeterThread: Thread is done: Thread Group 1-11
2023-09-25 17:11:20,816 INFO o.a.j.t.JMeterThread: Thread finished: Thread Group 1-11
2023-09-25 17:11:20,846 INFO o.a.j.t.JMeterThread: Thread is done: Thread Group 1-15
2023-09-25 17:11:20,846 INFO o.a.j.t.JMeterThread: Thread finished: Thread Group 1-15
2023-09-25 17:11:20,951 INFO o.a.j.t.JMeterThread: Thread is done: Thread Group 1-1
2023-09-25 17:11:20,952 INFO o.a.j.t.JMeterThread: Thread finished: Thread Group 1-1
2023-09-25 17:11:20,964 INFO o.a.j.t.JMeterThread: Thread is done: Thread Group 1-7
2023-09-25 17:11:20,964 INFO o.a.j.t.JMeterThread: Thread finished: Thread Group 1-7
2023-09-25 17:11:20,968 INFO o.a.j.t.JMeterThread: Thread is done: Thread Group 1-13
2023-09-25 17:11:20,968 INFO o.a.j.t.JMeterThread: Thread finished: Thread Group 1-13
2023-09-25 17:11:20,953 INFO o.a.j.t.JMeterThread: Thread is done: Thread Group 1-4
2023-09-25 17:11:21,019 INFO o.a.j.t.JMeterThread: Thread finished: Thread Group 1-4
2023-09-25 17:11:21,058 INFO o.a.j.t.JMeterThread: Thread is done: Thread Group 1-6
2023-09-25 17:11:21,058 INFO o.a.j.t.JMeterThread: Thread finished: Thread Group 1-6
2023-09-25 17:11:21,116 INFO o.a.j.t.JMeterThread: Thread is done: Thread Group 1-9
2023-09-25 17:11:21,117 INFO o.a.j.t.JMeterThread: Thread finished: Thread Group 1-9
2023-09-25 17:11:21,127 INFO o.a.j.t.JMeterThread: Thread is done: Thread Group 1-14
2023-09-25 17:11:21,127 INFO o.a.j.t.JMeterThread: Thread finished: Thread Group 1-14
2023-09-25 17:11:21,145 INFO o.a.j.t.JMeterThread: Thread is done: Thread Group 1-20
2023-09-25 17:11:21,145 INFO o.a.j.t.JMeterThread: Thread finished: Thread Group 1-20
2023-09-25 17:11:21,167 INFO o.a.j.t.JMeterThread: Thread is done: Thread Group 1-12
2023-09-25 17:11:21,167 INFO o.a.j.t.JMeterThread: Thread finished: Thread Group 1-12
2023-09-25 17:11:21,284 INFO o.a.j.t.JMeterThread: Thread is done: Thread Group 1-5
2023-09-25 17:11:21,285 INFO o.a.j.t.JMeterThread: Thread finished: Thread Group 1-5
2023-09-25 17:11:21,420 INFO o.a.j.t.JMeterThread: Thread is done: Thread Group 1-10
2023-09-25 17:11:21,420 INFO o.a.j.t.JMeterThread: Thread finished: Thread Group 1-10
2023-09-25 17:11:21,420 INFO o.a.j.t.JMeterThread: Thread is done: Thread Group 1-39
2023-09-25 17:11:21,420 INFO o.a.j.t.JMeterThread: Thread finished: Thread Group 1-39
2023-09-25 17:11:21,437 INFO o.a.j.t.JMeterThread: Thread is done: Thread Group 1-34
2023-09-25 17:11:21,437 INFO o.a.j.t.JMeterThread: Thread finished: Thread Group 1-34
2023-09-25 17:11:21,440 INFO o.a.j.t.JMeterThread: Thread is done: Thread Group 1-29
2023-09-25 17:11:21,441 INFO o.a.j.t.JMeterThread: Thread finished: Thread Group 1-29
2023-09-25 17:11:21,434 INFO o.a.j.t.JMeterThread: Thread is done: Thread Group 1-18
2023-09-25 17:11:21,452 INFO o.a.j.t.JMeterThread: Thread finished: Thread Group 1-18
2023-09-25 17:11:21,563 INFO o.a.j.t.JMeterThread: Thread is done: Thread Group 1-27
2023-09-25 17:11:21,563 INFO o.a.j.t.JMeterThread: Thread finished: Thread Group 1-27
2023-09-25 17:11:21,567 INFO o.a.j.t.JMeterThread: Thread is done: Thread Group 1-25
2023-09-25 17:11:21,567 INFO o.a.j.t.JMeterThread: Thread finished: Thread Group 1-25
2023-09-25 17:11:21,570 INFO o.a.j.t.JMeterThread: Thread is done: Thread Group 1-32
2023-09-25 17:11:21,570 INFO o.a.j.t.JMeterThread: Thread finished: Thread Group 1-32
2023-09-25 17:11:21,571 INFO o.a.j.t.JMeterThread: Thread is done: Thread Group 1-24
2023-09-25 17:11:21,574 INFO o.a.j.t.JMeterThread: Thread finished: Thread Group 1-24
2023-09-25 17:11:21,575 INFO o.a.j.t.JMeterThread: Thread is done: Thread Group 1-21
2023-09-25 17:11:21,576 INFO o.a.j.t.JMeterThread: Thread finished: Thread Group 1-21
2023-09-25 17:11:21,619 INFO o.a.j.t.JMeterThread: Thread is done: Thread Group 1-46
2023-09-25 17:11:21,621 INFO o.a.j.t.JMeterThread: Thread finished: Thread Group 1-46
2023-09-25 17:11:21,657 INFO o.a.j.t.JMeterThread: Thread is done: Thread Group 1-31
2023-09-25 17:11:21,657 INFO o.a.j.t.JMeterThread: Thread finished: Thread Group 1-31
2023-09-25 17:11:21,663 INFO o.a.j.t.JMeterThread: Thread is done: Thread Group 1-35
2023-09-25 17:11:21,663 INFO o.a.j.t.JMeterThread: Thread finished: Thread Group 1-35
2023-09-25 17:11:21,690 INFO o.a.j.t.JMeterThread: Thread is done: Thread Group 1-49
2023-09-25 17:11:21,690 INFO o.a.j.t.JMeterThread: Thread finished: Thread Group 1-49
2023-09-25 17:11:21,691 INFO o.a.j.t.JMeterThread: Thread is done: Thread Group 1-41
2023-09-25 17:11:21,691 INFO o.a.j.t.JMeterThread: Thread finished: Thread Group 1-41
2023-09-25 17:11:21,696 INFO o.a.j.t.JMeterThread: Thread is done: Thread Group 1-28
2023-09-25 17:11:21,696 INFO o.a.j.t.JMeterThread: Thread finished: Thread Group 1-28
2023-09-25 17:11:21,699 INFO o.a.j.t.JMeterThread: Thread is done: Thread Group 1-40
2023-09-25 17:11:21,699 INFO o.a.j.t.JMeterThread: Thread finished: Thread Group 1-40
2023-09-25 17:11:21,724 INFO o.a.j.t.JMeterThread: Thread is done: Thread Group 1-8
2023-09-25 17:11:21,725 INFO o.a.j.t.JMeterThread: Thread finished: Thread Group 1-8
2023-09-25 17:11:21,756 INFO o.a.j.t.JMeterThread: Thread is done: Thread Group 1-30
2023-09-25 17:11:21,756 INFO o.a.j.t.JMeterThread: Thread finished: Thread Group 1-30
2023-09-25 17:11:21,816 INFO o.a.j.t.JMeterThread: Thread is done: Thread Group 1-19
2023-09-25 17:11:21,816 INFO o.a.j.t.JMeterThread: Thread finished: Thread Group 1-19
2023-09-25 17:11:21,816 INFO o.a.j.t.JMeterThread: Thread is done: Thread Group 1-45
2023-09-25 17:11:21,816 INFO o.a.j.t.JMeterThread: Thread finished: Thread Group 1-45
2023-09-25 17:11:21,820 INFO o.a.j.t.JMeterThread: Thread is done: Thread Group 1-36
2023-09-25 17:11:21,820 INFO o.a.j.t.JMeterThread: Thread finished: Thread Group 1-36
2023-09-25 17:11:21,881 INFO o.a.j.t.JMeterThread: Thread is done: Thread Group 1-44
2023-09-25 17:11:21,881 INFO o.a.j.t.JMeterThread: Thread finished: Thread Group 1-44
2023-09-25 17:11:21,881 INFO o.a.j.t.JMeterThread: Thread is done: Thread Group 1-37
2023-09-25 17:11:21,881 INFO o.a.j.t.JMeterThread: Thread finished: Thread Group 1-37
2023-09-25 17:11:21,916 INFO o.a.j.t.JMeterThread: Thread is done: Thread Group 1-33
2023-09-25 17:11:21,916 INFO o.a.j.t.JMeterThread: Thread finished: Thread Group 1-33
2023-09-25 17:11:22,023 INFO o.a.j.t.JMeterThread: Thread is done: Thread Group 1-47
2023-09-25 17:11:22,023 INFO o.a.j.t.JMeterThread: Thread finished: Thread Group 1-47
2023-09-25 17:11:22,030 INFO o.a.j.t.JMeterThread: Thread is done: Thread Group 1-16
2023-09-25 17:11:22,030 INFO o.a.j.t.JMeterThread: Thread finished: Thread Group 1-16
2023-09-25 17:11:22,092 INFO o.a.j.t.JMeterThread: Thread is done: Thread Group 1-48
2023-09-25 17:11:22,092 INFO o.a.j.t.JMeterThread: Thread finished: Thread Group 1-48
2023-09-25 17:11:22,095 INFO o.a.j.t.JMeterThread: Thread is done: Thread Group 1-38
2023-09-25 17:11:22,095 INFO o.a.j.t.JMeterThread: Thread finished: Thread Group 1-38
2023-09-25 17:11:22,100 INFO o.a.j.t.JMeterThread: Thread is done: Thread Group 1-43
2023-09-25 17:11:22,101 INFO o.a.j.t.JMeterThread: Thread finished: Thread Group 1-43
2023-09-25 17:11:22,243 INFO o.a.j.t.JMeterThread: Thread is done: Thread Group 1-50
2023-09-25 17:11:22,243 INFO o.a.j.t.JMeterThread: Thread finished: Thread Group 1-50
2023-09-25 17:11:22,350 INFO o.a.j.t.JMeterThread: Thread is done: Thread Group 1-26
2023-09-25 17:11:22,351 INFO o.a.j.t.JMeterThread: Thread finished: Thread Group 1-26
2023-09-25 17:11:22,420 INFO o.a.j.t.JMeterThread: Thread is done: Thread Group 1-42
2023-09-25 17:11:22,420 INFO o.a.j.t.JMeterThread: Thread finished: Thread Group 1-42
2023-09-25 17:11:22,676 INFO o.a.j.t.JMeterThread: Thread is done: Thread Group 1-3
2023-09-25 17:11:22,676 INFO o.a.j.t.JMeterThread: Thread finished: Thread Group 1-3
2023-09-25 17:11:22,677 INFO o.a.j.e.StandardJMeterEngine: Notifying test listeners of end of test
2023-09-25 17:11:22,679 INFO o.a.j.r.Summariser: summary +   7382 in 00:00:23 =  325.7/s Avg:   145 Min:   100 Max:  5108 Err:     0 (0.00%) Active: 0 Started: 50 Finished: 50
2023-09-25 17:11:22,679 INFO o.a.j.r.Summariser: summary =  40000 in 00:01:42 =  391.5/s Avg:   125 Min:   100 Max:  5108 Err:     0 (0.00%)
