2023-09-25 17:01:34,216 INFO o.a.j.u.JMeterUtils: Setting Locale to en_EN
2023-09-25 17:01:34,226 INFO o.a.j.JMeter: Loading user properties from: /root/PrivateCloudContainer/PCC-5th-PoC/Utils/JMeter/apache-jmeter-5.1/bin/user.properties
2023-09-25 17:01:34,226 INFO o.a.j.JMeter: Loading system properties from: /root/PrivateCloudContainer/PCC-5th-PoC/Utils/JMeter/apache-jmeter-5.1/bin/system.properties
2023-09-25 17:01:34,230 INFO o.a.j.JMeter: Copyright (c) 1998-2019 The Apache Software Foundation
2023-09-25 17:01:34,230 INFO o.a.j.JMeter: Version 5.1 r1853635
2023-09-25 17:01:34,230 INFO o.a.j.JMeter: java.version=1.8.0_382
2023-09-25 17:01:34,230 INFO o.a.j.JMeter: java.vm.name=OpenJDK 64-Bit Server VM
2023-09-25 17:01:34,230 INFO o.a.j.JMeter: os.name=Linux
2023-09-25 17:01:34,230 INFO o.a.j.JMeter: os.arch=amd64
2023-09-25 17:01:34,230 INFO o.a.j.JMeter: os.version=5.15.0-58-generic
2023-09-25 17:01:34,230 INFO o.a.j.JMeter: file.encoding=UTF-8
2023-09-25 17:01:34,230 INFO o.a.j.JMeter: java.awt.headless=true
2023-09-25 17:01:34,230 INFO o.a.j.JMeter: Max memory     =1073741824
2023-09-25 17:01:34,230 INFO o.a.j.JMeter: Available Processors =2
2023-09-25 17:01:34,233 INFO o.a.j.JMeter: Default Locale=English (EN)
2023-09-25 17:01:34,234 INFO o.a.j.JMeter: JMeter  Locale=English (EN)
2023-09-25 17:01:34,234 INFO o.a.j.JMeter: JMeterHome=/root/PrivateCloudContainer/PCC-5th-PoC/Utils/JMeter/apache-jmeter-5.1
2023-09-25 17:01:34,234 INFO o.a.j.JMeter: user.dir  =/root/PrivateCloudContainer/PCC-5th-PoC/1_ServiceResponseTime
2023-09-25 17:01:34,234 INFO o.a.j.JMeter: PWD       =/root/PrivateCloudContainer/PCC-5th-PoC/1_ServiceResponseTime
2023-09-25 17:01:34,315 INFO o.a.j.JMeter: IP: 10.0.2.103 Name: master FullName: master
2023-09-25 17:01:34,319 INFO o.a.j.s.FileServer: Default base='/root/PrivateCloudContainer/PCC-5th-PoC/1_ServiceResponseTime'
2023-09-25 17:01:34,321 INFO o.a.j.s.FileServer: Set new base='/root/PrivateCloudContainer/PCC-5th-PoC/1_ServiceResponseTime/./KetiFaaS/jmx'
2023-09-25 17:01:34,447 INFO o.a.j.s.SaveService: Testplan (JMX) version: 2.2. Testlog (JTL) version: 2.2
2023-09-25 17:01:34,457 INFO o.a.j.s.SaveService: Using SaveService properties file encoding UTF-8
2023-09-25 17:01:34,461 INFO o.a.j.s.SaveService: Using SaveService properties version 5.0
2023-09-25 17:01:34,470 INFO o.a.j.s.SaveService: Loading file: ./KetiFaaS/jmx/KetiFaaS-total_request_40000.jmx
2023-09-25 17:01:34,529 INFO o.a.j.p.h.s.HTTPSamplerBase: Parser for text/html is org.apache.jmeter.protocol.http.parser.LagartoBasedHtmlParser
2023-09-25 17:01:34,529 INFO o.a.j.p.h.s.HTTPSamplerBase: Parser for application/xhtml+xml is org.apache.jmeter.protocol.http.parser.LagartoBasedHtmlParser
2023-09-25 17:01:34,529 INFO o.a.j.p.h.s.HTTPSamplerBase: Parser for application/xml is org.apache.jmeter.protocol.http.parser.LagartoBasedHtmlParser
2023-09-25 17:01:34,529 INFO o.a.j.p.h.s.HTTPSamplerBase: Parser for text/xml is org.apache.jmeter.protocol.http.parser.LagartoBasedHtmlParser
2023-09-25 17:01:34,529 INFO o.a.j.p.h.s.HTTPSamplerBase: Parser for text/vnd.wap.wml is org.apache.jmeter.protocol.http.parser.RegexpHTMLParser
2023-09-25 17:01:34,529 INFO o.a.j.p.h.s.HTTPSamplerBase: Parser for text/css is org.apache.jmeter.protocol.http.parser.CssParser
2023-09-25 17:01:34,567 INFO o.a.j.JMeter: Creating summariser <summary>
2023-09-25 17:01:34,582 INFO o.a.j.e.StandardJMeterEngine: Running the test!
2023-09-25 17:01:34,584 INFO o.a.j.s.SampleEvent: List of sample_variables: []
2023-09-25 17:01:34,584 INFO o.a.j.s.SampleEvent: List of sample_variables: []
2023-09-25 17:01:34,592 INFO o.a.j.e.u.CompoundVariable: Note: Function class names must contain the string: '.functions.'
2023-09-25 17:01:34,592 INFO o.a.j.e.u.CompoundVariable: Note: Function class names must not contain the string: '.gui.'
2023-09-25 17:01:35,346 INFO o.a.j.r.ResultCollector: Folder at /root/PrivateCloudContainer/PCC-5th-PoC/1_ServiceResponseTime/KetiFaaS/jtl/request_40000 was created
2023-09-25 17:01:35,356 INFO o.a.j.JMeter: Running test (1695628895356)
2023-09-25 17:01:35,433 INFO o.a.j.e.StandardJMeterEngine: Starting ThreadGroup: 1 : Thread Group
2023-09-25 17:01:35,433 INFO o.a.j.e.StandardJMeterEngine: Starting 50 threads for group Thread Group.
2023-09-25 17:01:35,433 INFO o.a.j.e.StandardJMeterEngine: Thread will continue on error
2023-09-25 17:01:35,434 INFO o.a.j.t.ThreadGroup: Starting thread group... number=1 threads=50 ramp-up=1 perThread=20.0 delayedStart=false
2023-09-25 17:01:35,454 INFO o.a.j.t.JMeterThread: Thread started: Thread Group 1-1
2023-09-25 17:01:35,474 INFO o.a.j.t.JMeterThread: Thread started: Thread Group 1-2
2023-09-25 17:01:35,480 INFO o.a.j.t.ThreadGroup: Started thread group number 1
2023-09-25 17:01:35,480 INFO o.a.j.e.StandardJMeterEngine: All thread groups have been started
2023-09-25 17:01:35,488 INFO o.a.j.t.JMeterThread: Thread started: Thread Group 1-3
2023-09-25 17:01:35,490 INFO o.a.j.p.h.s.HTTPHCAbstractImpl: Local host = master
2023-09-25 17:01:35,497 INFO o.a.j.p.h.s.HTTPHC4Impl: HTTP request retry count = 0
2023-09-25 17:01:35,498 INFO o.a.j.s.SampleResult: Note: Sample TimeStamps are START times
2023-09-25 17:01:35,499 INFO o.a.j.s.SampleResult: sampleresult.default.encoding is set to ISO-8859-1
2023-09-25 17:01:35,499 INFO o.a.j.s.SampleResult: sampleresult.useNanoTime=true
2023-09-25 17:01:35,499 INFO o.a.j.s.SampleResult: sampleresult.nanoThreadSleep=5000
2023-09-25 17:01:35,508 INFO o.a.j.t.JMeterThread: Thread started: Thread Group 1-4
2023-09-25 17:01:35,528 INFO o.a.j.t.JMeterThread: Thread started: Thread Group 1-5
2023-09-25 17:01:35,548 INFO o.a.j.t.JMeterThread: Thread started: Thread Group 1-6
2023-09-25 17:01:35,567 INFO o.a.j.t.JMeterThread: Thread started: Thread Group 1-7
2023-09-25 17:01:35,602 INFO o.a.j.t.JMeterThread: Thread started: Thread Group 1-8
2023-09-25 17:01:35,622 INFO o.a.j.t.JMeterThread: Thread started: Thread Group 1-9
2023-09-25 17:01:35,642 INFO o.a.j.t.JMeterThread: Thread started: Thread Group 1-10
2023-09-25 17:01:35,662 INFO o.a.j.t.JMeterThread: Thread started: Thread Group 1-11
2023-09-25 17:01:35,682 INFO o.a.j.t.JMeterThread: Thread started: Thread Group 1-12
2023-09-25 17:01:35,702 INFO o.a.j.t.JMeterThread: Thread started: Thread Group 1-13
2023-09-25 17:01:35,722 INFO o.a.j.t.JMeterThread: Thread started: Thread Group 1-14
2023-09-25 17:01:35,742 INFO o.a.j.t.JMeterThread: Thread started: Thread Group 1-15
2023-09-25 17:01:35,743 INFO o.a.j.r.Summariser: summary +      1 in 00:00:00 =    2.6/s Avg:   153 Min:   153 Max:   153 Err:     0 (0.00%) Active: 15 Started: 15 Finished: 0
2023-09-25 17:01:35,748 INFO o.a.j.u.JsseSSLManager: Using default SSL protocol: TLS
2023-09-25 17:01:35,748 INFO o.a.j.u.JsseSSLManager: SSL session context: per-thread
2023-09-25 17:01:35,762 INFO o.a.j.t.JMeterThread: Thread started: Thread Group 1-16
2023-09-25 17:01:35,780 INFO o.a.j.t.JMeterThread: Thread started: Thread Group 1-17
2023-09-25 17:01:35,800 INFO o.a.j.t.JMeterThread: Thread started: Thread Group 1-18
2023-09-25 17:01:35,822 INFO o.a.j.t.JMeterThread: Thread started: Thread Group 1-19
2023-09-25 17:01:35,842 INFO o.a.j.t.JMeterThread: Thread started: Thread Group 1-20
2023-09-25 17:01:35,862 INFO o.a.j.t.JMeterThread: Thread started: Thread Group 1-21
2023-09-25 17:01:35,880 INFO o.a.j.t.JMeterThread: Thread started: Thread Group 1-22
2023-09-25 17:01:35,901 INFO o.a.j.t.JMeterThread: Thread started: Thread Group 1-23
2023-09-25 17:01:35,921 INFO o.a.j.t.JMeterThread: Thread started: Thread Group 1-24
2023-09-25 17:01:35,941 INFO o.a.j.t.JMeterThread: Thread started: Thread Group 1-25
2023-09-25 17:01:35,962 INFO o.a.j.t.JMeterThread: Thread started: Thread Group 1-26
2023-09-25 17:01:35,982 INFO o.a.j.t.JMeterThread: Thread started: Thread Group 1-27
2023-09-25 17:01:36,017 INFO o.a.j.t.JMeterThread: Thread started: Thread Group 1-28
2023-09-25 17:01:36,027 INFO o.a.j.t.JMeterThread: Thread started: Thread Group 1-29
2023-09-25 17:01:36,047 INFO o.a.j.t.JMeterThread: Thread started: Thread Group 1-30
2023-09-25 17:01:36,067 INFO o.a.j.t.JMeterThread: Thread started: Thread Group 1-31
2023-09-25 17:01:36,088 INFO o.a.j.t.JMeterThread: Thread started: Thread Group 1-32
2023-09-25 17:01:36,108 INFO o.a.j.t.JMeterThread: Thread started: Thread Group 1-33
2023-09-25 17:01:36,129 INFO o.a.j.t.JMeterThread: Thread started: Thread Group 1-34
2023-09-25 17:01:36,150 INFO o.a.j.t.JMeterThread: Thread started: Thread Group 1-35
2023-09-25 17:01:36,171 INFO o.a.j.t.JMeterThread: Thread started: Thread Group 1-36
2023-09-25 17:01:36,191 INFO o.a.j.t.JMeterThread: Thread started: Thread Group 1-37
2023-09-25 17:01:36,212 INFO o.a.j.t.JMeterThread: Thread started: Thread Group 1-38
2023-09-25 17:01:36,233 INFO o.a.j.t.JMeterThread: Thread started: Thread Group 1-39
2023-09-25 17:01:36,254 INFO o.a.j.t.JMeterThread: Thread started: Thread Group 1-40
2023-09-25 17:01:36,274 INFO o.a.j.t.JMeterThread: Thread started: Thread Group 1-41
2023-09-25 17:01:36,294 INFO o.a.j.t.JMeterThread: Thread started: Thread Group 1-42
2023-09-25 17:01:36,316 INFO o.a.j.t.JMeterThread: Thread started: Thread Group 1-43
2023-09-25 17:01:36,336 INFO o.a.j.t.JMeterThread: Thread started: Thread Group 1-44
2023-09-25 17:01:36,357 INFO o.a.j.t.JMeterThread: Thread started: Thread Group 1-45
2023-09-25 17:01:36,377 INFO o.a.j.t.JMeterThread: Thread started: Thread Group 1-46
2023-09-25 17:01:36,399 INFO o.a.j.t.JMeterThread: Thread started: Thread Group 1-47
2023-09-25 17:01:36,419 INFO o.a.j.t.JMeterThread: Thread started: Thread Group 1-48
2023-09-25 17:01:36,441 INFO o.a.j.t.JMeterThread: Thread started: Thread Group 1-49
2023-09-25 17:01:36,461 INFO o.a.j.t.JMeterThread: Thread started: Thread Group 1-50
2023-09-25 17:02:00,013 INFO o.a.j.r.Summariser: summary +  11215 in 00:00:24 =  462.1/s Avg:   106 Min:   100 Max:   165 Err:     0 (0.00%) Active: 50 Started: 50 Finished: 0
2023-09-25 17:02:00,015 INFO o.a.j.r.Summariser: summary =  11216 in 00:00:25 =  454.9/s Avg:   106 Min:   100 Max:   165 Err:     0 (0.00%)
2023-09-25 17:02:30,001 INFO o.a.j.r.Summariser: summary +  11957 in 00:00:30 =  398.7/s Avg:   125 Min:   101 Max:  1139 Err:     0 (0.00%) Active: 50 Started: 50 Finished: 0
2023-09-25 17:02:30,003 INFO o.a.j.r.Summariser: summary =  23173 in 00:00:55 =  424.1/s Avg:   116 Min:   100 Max:  1139 Err:     0 (0.00%)
2023-09-25 17:03:00,001 INFO o.a.j.r.Summariser: summary +  13478 in 00:00:30 =  449.3/s Avg:   111 Min:   100 Max:   262 Err:     0 (0.00%) Active: 50 Started: 50 Finished: 0
2023-09-25 17:03:00,003 INFO o.a.j.r.Summariser: summary =  36651 in 00:01:25 =  433.0/s Avg:   114 Min:   100 Max:  1139 Err:     0 (0.00%)
2023-09-25 17:03:06,172 INFO o.a.j.t.JMeterThread: Thread is done: Thread Group 1-13
2023-09-25 17:03:06,172 INFO o.a.j.t.JMeterThread: Thread finished: Thread Group 1-13
2023-09-25 17:03:06,472 INFO o.a.j.t.JMeterThread: Thread is done: Thread Group 1-6
2023-09-25 17:03:06,473 INFO o.a.j.t.JMeterThread: Thread finished: Thread Group 1-6
2023-09-25 17:03:06,547 INFO o.a.j.t.JMeterThread: Thread is done: Thread Group 1-10
2023-09-25 17:03:06,547 INFO o.a.j.t.JMeterThread: Thread finished: Thread Group 1-10
2023-09-25 17:03:06,555 INFO o.a.j.t.JMeterThread: Thread is done: Thread Group 1-1
2023-09-25 17:03:06,555 INFO o.a.j.t.JMeterThread: Thread finished: Thread Group 1-1
2023-09-25 17:03:06,604 INFO o.a.j.t.JMeterThread: Thread is done: Thread Group 1-24
2023-09-25 17:03:06,604 INFO o.a.j.t.JMeterThread: Thread finished: Thread Group 1-24
2023-09-25 17:03:06,695 INFO o.a.j.t.JMeterThread: Thread is done: Thread Group 1-8
2023-09-25 17:03:06,696 INFO o.a.j.t.JMeterThread: Thread finished: Thread Group 1-8
2023-09-25 17:03:06,698 INFO o.a.j.t.JMeterThread: Thread is done: Thread Group 1-9
2023-09-25 17:03:06,698 INFO o.a.j.t.JMeterThread: Thread finished: Thread Group 1-9
2023-09-25 17:03:06,698 INFO o.a.j.t.JMeterThread: Thread is done: Thread Group 1-2
2023-09-25 17:03:06,698 INFO o.a.j.t.JMeterThread: Thread finished: Thread Group 1-2
2023-09-25 17:03:06,778 INFO o.a.j.t.JMeterThread: Thread is done: Thread Group 1-14
2023-09-25 17:03:06,779 INFO o.a.j.t.JMeterThread: Thread finished: Thread Group 1-14
2023-09-25 17:03:06,801 INFO o.a.j.t.JMeterThread: Thread is done: Thread Group 1-11
2023-09-25 17:03:06,801 INFO o.a.j.t.JMeterThread: Thread finished: Thread Group 1-11
2023-09-25 17:03:06,806 INFO o.a.j.t.JMeterThread: Thread is done: Thread Group 1-17
2023-09-25 17:03:06,806 INFO o.a.j.t.JMeterThread: Thread finished: Thread Group 1-17
2023-09-25 17:03:06,806 INFO o.a.j.t.JMeterThread: Thread is done: Thread Group 1-4
2023-09-25 17:03:06,806 INFO o.a.j.t.JMeterThread: Thread finished: Thread Group 1-4
2023-09-25 17:03:06,858 INFO o.a.j.t.JMeterThread: Thread is done: Thread Group 1-30
2023-09-25 17:03:06,858 INFO o.a.j.t.JMeterThread: Thread finished: Thread Group 1-30
2023-09-25 17:03:06,869 INFO o.a.j.t.JMeterThread: Thread is done: Thread Group 1-3
2023-09-25 17:03:06,869 INFO o.a.j.t.JMeterThread: Thread finished: Thread Group 1-3
2023-09-25 17:03:06,871 INFO o.a.j.t.JMeterThread: Thread is done: Thread Group 1-22
2023-09-25 17:03:06,871 INFO o.a.j.t.JMeterThread: Thread finished: Thread Group 1-22
2023-09-25 17:03:06,914 INFO o.a.j.t.JMeterThread: Thread is done: Thread Group 1-12
2023-09-25 17:03:06,914 INFO o.a.j.t.JMeterThread: Thread finished: Thread Group 1-12
2023-09-25 17:03:06,915 INFO o.a.j.t.JMeterThread: Thread is done: Thread Group 1-5
2023-09-25 17:03:06,916 INFO o.a.j.t.JMeterThread: Thread finished: Thread Group 1-5
2023-09-25 17:03:06,918 INFO o.a.j.t.JMeterThread: Thread is done: Thread Group 1-27
2023-09-25 17:03:06,918 INFO o.a.j.t.JMeterThread: Thread finished: Thread Group 1-27
2023-09-25 17:03:06,919 INFO o.a.j.t.JMeterThread: Thread is done: Thread Group 1-7
2023-09-25 17:03:06,919 INFO o.a.j.t.JMeterThread: Thread finished: Thread Group 1-7
2023-09-25 17:03:06,919 INFO o.a.j.t.JMeterThread: Thread is done: Thread Group 1-25
2023-09-25 17:03:06,920 INFO o.a.j.t.JMeterThread: Thread finished: Thread Group 1-25
2023-09-25 17:03:06,932 INFO o.a.j.t.JMeterThread: Thread is done: Thread Group 1-26
2023-09-25 17:03:06,932 INFO o.a.j.t.JMeterThread: Thread finished: Thread Group 1-26
2023-09-25 17:03:06,932 INFO o.a.j.t.JMeterThread: Thread is done: Thread Group 1-18
2023-09-25 17:03:06,932 INFO o.a.j.t.JMeterThread: Thread finished: Thread Group 1-18
2023-09-25 17:03:06,933 INFO o.a.j.t.JMeterThread: Thread is done: Thread Group 1-16
2023-09-25 17:03:06,934 INFO o.a.j.t.JMeterThread: Thread finished: Thread Group 1-16
2023-09-25 17:03:07,029 INFO o.a.j.t.JMeterThread: Thread is done: Thread Group 1-32
2023-09-25 17:03:07,029 INFO o.a.j.t.JMeterThread: Thread finished: Thread Group 1-32
2023-09-25 17:03:07,029 INFO o.a.j.t.JMeterThread: Thread is done: Thread Group 1-19
2023-09-25 17:03:07,029 INFO o.a.j.t.JMeterThread: Thread finished: Thread Group 1-19
2023-09-25 17:03:07,063 INFO o.a.j.t.JMeterThread: Thread is done: Thread Group 1-15
2023-09-25 17:03:07,063 INFO o.a.j.t.JMeterThread: Thread finished: Thread Group 1-15
2023-09-25 17:03:07,063 INFO o.a.j.t.JMeterThread: Thread is done: Thread Group 1-21
2023-09-25 17:03:07,063 INFO o.a.j.t.JMeterThread: Thread finished: Thread Group 1-21
2023-09-25 17:03:07,129 INFO o.a.j.t.JMeterThread: Thread is done: Thread Group 1-23
2023-09-25 17:03:07,129 INFO o.a.j.t.JMeterThread: Thread finished: Thread Group 1-23
2023-09-25 17:03:07,134 INFO o.a.j.t.JMeterThread: Thread is done: Thread Group 1-29
2023-09-25 17:03:07,134 INFO o.a.j.t.JMeterThread: Thread finished: Thread Group 1-29
2023-09-25 17:03:07,159 INFO o.a.j.t.JMeterThread: Thread is done: Thread Group 1-20
2023-09-25 17:03:07,159 INFO o.a.j.t.JMeterThread: Thread finished: Thread Group 1-20
2023-09-25 17:03:07,188 INFO o.a.j.t.JMeterThread: Thread is done: Thread Group 1-33
2023-09-25 17:03:07,188 INFO o.a.j.t.JMeterThread: Thread finished: Thread Group 1-33
2023-09-25 17:03:07,215 INFO o.a.j.t.JMeterThread: Thread is done: Thread Group 1-28
2023-09-25 17:03:07,215 INFO o.a.j.t.JMeterThread: Thread finished: Thread Group 1-28
2023-09-25 17:03:07,233 INFO o.a.j.t.JMeterThread: Thread is done: Thread Group 1-31
2023-09-25 17:03:07,233 INFO o.a.j.t.JMeterThread: Thread finished: Thread Group 1-31
2023-09-25 17:03:07,241 INFO o.a.j.t.JMeterThread: Thread is done: Thread Group 1-35
2023-09-25 17:03:07,241 INFO o.a.j.t.JMeterThread: Thread finished: Thread Group 1-35
2023-09-25 17:03:07,268 INFO o.a.j.t.JMeterThread: Thread is done: Thread Group 1-37
2023-09-25 17:03:07,268 INFO o.a.j.t.JMeterThread: Thread finished: Thread Group 1-37
2023-09-25 17:03:07,335 INFO o.a.j.t.JMeterThread: Thread is done: Thread Group 1-36
2023-09-25 17:03:07,336 INFO o.a.j.t.JMeterThread: Thread finished: Thread Group 1-36
2023-09-25 17:03:07,342 INFO o.a.j.t.JMeterThread: Thread is done: Thread Group 1-39
2023-09-25 17:03:07,342 INFO o.a.j.t.JMeterThread: Thread finished: Thread Group 1-39
2023-09-25 17:03:07,370 INFO o.a.j.t.JMeterThread: Thread is done: Thread Group 1-43
2023-09-25 17:03:07,370 INFO o.a.j.t.JMeterThread: Thread finished: Thread Group 1-43
2023-09-25 17:03:07,429 INFO o.a.j.t.JMeterThread: Thread is done: Thread Group 1-48
2023-09-25 17:03:07,429 INFO o.a.j.t.JMeterThread: Thread finished: Thread Group 1-48
2023-09-25 17:03:07,446 INFO o.a.j.t.JMeterThread: Thread is done: Thread Group 1-47
2023-09-25 17:03:07,447 INFO o.a.j.t.JMeterThread: Thread finished: Thread Group 1-47
2023-09-25 17:03:07,446 INFO o.a.j.t.JMeterThread: Thread is done: Thread Group 1-45
2023-09-25 17:03:07,448 INFO o.a.j.t.JMeterThread: Thread finished: Thread Group 1-45
2023-09-25 17:03:07,550 INFO o.a.j.t.JMeterThread: Thread is done: Thread Group 1-40
2023-09-25 17:03:07,551 INFO o.a.j.t.JMeterThread: Thread finished: Thread Group 1-40
2023-09-25 17:03:07,633 INFO o.a.j.t.JMeterThread: Thread is done: Thread Group 1-50
2023-09-25 17:03:07,633 INFO o.a.j.t.JMeterThread: Thread finished: Thread Group 1-50
2023-09-25 17:03:07,634 INFO o.a.j.t.JMeterThread: Thread is done: Thread Group 1-42
2023-09-25 17:03:07,634 INFO o.a.j.t.JMeterThread: Thread finished: Thread Group 1-42
2023-09-25 17:03:07,643 INFO o.a.j.t.JMeterThread: Thread is done: Thread Group 1-41
2023-09-25 17:03:07,643 INFO o.a.j.t.JMeterThread: Thread finished: Thread Group 1-41
2023-09-25 17:03:07,758 INFO o.a.j.t.JMeterThread: Thread is done: Thread Group 1-44
2023-09-25 17:03:07,758 INFO o.a.j.t.JMeterThread: Thread finished: Thread Group 1-44
2023-09-25 17:03:07,952 INFO o.a.j.t.JMeterThread: Thread is done: Thread Group 1-49
2023-09-25 17:03:07,952 INFO o.a.j.t.JMeterThread: Thread finished: Thread Group 1-49
2023-09-25 17:03:07,964 INFO o.a.j.t.JMeterThread: Thread is done: Thread Group 1-34
2023-09-25 17:03:07,964 INFO o.a.j.t.JMeterThread: Thread finished: Thread Group 1-34
2023-09-25 17:03:08,056 INFO o.a.j.t.JMeterThread: Thread is done: Thread Group 1-46
2023-09-25 17:03:08,056 INFO o.a.j.t.JMeterThread: Thread finished: Thread Group 1-46
2023-09-25 17:03:08,168 INFO o.a.j.t.JMeterThread: Thread is done: Thread Group 1-38
2023-09-25 17:03:08,168 INFO o.a.j.t.JMeterThread: Thread finished: Thread Group 1-38
2023-09-25 17:03:08,169 INFO o.a.j.e.StandardJMeterEngine: Notifying test listeners of end of test
2023-09-25 17:03:08,170 INFO o.a.j.r.Summariser: summary +   3349 in 00:00:08 =  410.0/s Avg:   107 Min:   100 Max:  1140 Err:     0 (0.00%) Active: 0 Started: 50 Finished: 50
2023-09-25 17:03:08,170 INFO o.a.j.r.Summariser: summary =  40000 in 00:01:33 =  431.0/s Avg:   113 Min:   100 Max:  1140 Err:     0 (0.00%)
