2024-05-09 18:09:06,123 INFO o.a.j.u.JMeterUtils: Setting Locale to en_EN
2024-05-09 18:09:06,133 INFO o.a.j.JMeter: Loading user properties from: /root/PrivateCloudContainer/PCC-5th-PoC/Utils/JMeter/apache-jmeter-5.1/bin/user.properties
2024-05-09 18:09:06,134 INFO o.a.j.JMeter: Loading system properties from: /root/PrivateCloudContainer/PCC-5th-PoC/Utils/JMeter/apache-jmeter-5.1/bin/system.properties
2024-05-09 18:09:06,138 INFO o.a.j.JMeter: Copyright (c) 1998-2019 The Apache Software Foundation
2024-05-09 18:09:06,138 INFO o.a.j.JMeter: Version 5.1 r1853635
2024-05-09 18:09:06,138 INFO o.a.j.JMeter: java.version=1.8.0_402
2024-05-09 18:09:06,138 INFO o.a.j.JMeter: java.vm.name=OpenJDK 64-Bit Server VM
2024-05-09 18:09:06,138 INFO o.a.j.JMeter: os.name=Linux
2024-05-09 18:09:06,138 INFO o.a.j.JMeter: os.arch=amd64
2024-05-09 18:09:06,138 INFO o.a.j.JMeter: os.version=5.15.0-105-generic
2024-05-09 18:09:06,138 INFO o.a.j.JMeter: file.encoding=UTF-8
2024-05-09 18:09:06,138 INFO o.a.j.JMeter: java.awt.headless=true
2024-05-09 18:09:06,138 INFO o.a.j.JMeter: Max memory     =1073741824
2024-05-09 18:09:06,138 INFO o.a.j.JMeter: Available Processors =8
2024-05-09 18:09:06,141 INFO o.a.j.JMeter: Default Locale=English (EN)
2024-05-09 18:09:06,142 INFO o.a.j.JMeter: JMeter  Locale=English (EN)
2024-05-09 18:09:06,142 INFO o.a.j.JMeter: JMeterHome=/root/PrivateCloudContainer/PCC-5th-PoC/Utils/JMeter/apache-jmeter-5.1
2024-05-09 18:09:06,142 INFO o.a.j.JMeter: user.dir  =/root/PrivateCloudContainer/PCC-5th-PoC/6_ExpansionRequestProcessingTime
2024-05-09 18:09:06,142 INFO o.a.j.JMeter: PWD       =/root/PrivateCloudContainer/PCC-5th-PoC/6_ExpansionRequestProcessingTime
2024-05-09 18:09:06,219 INFO o.a.j.JMeter: IP: 10.0.2.103 Name: master FullName: master
2024-05-09 18:09:06,222 INFO o.a.j.s.FileServer: Default base='/root/PrivateCloudContainer/PCC-5th-PoC/6_ExpansionRequestProcessingTime'
2024-05-09 18:09:06,224 INFO o.a.j.s.FileServer: Set new base='/root/PrivateCloudContainer/PCC-5th-PoC/6_ExpansionRequestProcessingTime/./KetiFaaS/jmx'
2024-05-09 18:09:06,314 INFO o.a.j.s.SaveService: Testplan (JMX) version: 2.2. Testlog (JTL) version: 2.2
2024-05-09 18:09:06,319 INFO o.a.j.s.SaveService: Using SaveService properties file encoding UTF-8
2024-05-09 18:09:06,323 INFO o.a.j.s.SaveService: Using SaveService properties version 5.0
2024-05-09 18:09:06,334 INFO o.a.j.s.SaveService: Loading file: ./KetiFaaS/jmx/KetiFaaS-total_request_forever.jmx
2024-05-09 18:09:06,368 INFO o.a.j.p.h.s.HTTPSamplerBase: Parser for text/html is org.apache.jmeter.protocol.http.parser.LagartoBasedHtmlParser
2024-05-09 18:09:06,369 INFO o.a.j.p.h.s.HTTPSamplerBase: Parser for application/xhtml+xml is org.apache.jmeter.protocol.http.parser.LagartoBasedHtmlParser
2024-05-09 18:09:06,369 INFO o.a.j.p.h.s.HTTPSamplerBase: Parser for application/xml is org.apache.jmeter.protocol.http.parser.LagartoBasedHtmlParser
2024-05-09 18:09:06,369 INFO o.a.j.p.h.s.HTTPSamplerBase: Parser for text/xml is org.apache.jmeter.protocol.http.parser.LagartoBasedHtmlParser
2024-05-09 18:09:06,369 INFO o.a.j.p.h.s.HTTPSamplerBase: Parser for text/vnd.wap.wml is org.apache.jmeter.protocol.http.parser.RegexpHTMLParser
2024-05-09 18:09:06,369 INFO o.a.j.p.h.s.HTTPSamplerBase: Parser for text/css is org.apache.jmeter.protocol.http.parser.CssParser
2024-05-09 18:09:06,388 INFO o.a.j.JMeter: Creating summariser <summary>
2024-05-09 18:09:06,392 INFO o.a.j.e.StandardJMeterEngine: Running the test!
2024-05-09 18:09:06,394 INFO o.a.j.s.SampleEvent: List of sample_variables: []
2024-05-09 18:09:06,394 INFO o.a.j.s.SampleEvent: List of sample_variables: []
2024-05-09 18:09:06,401 INFO o.a.j.e.u.CompoundVariable: Note: Function class names must contain the string: '.functions.'
2024-05-09 18:09:06,401 INFO o.a.j.e.u.CompoundVariable: Note: Function class names must not contain the string: '.gui.'
2024-05-09 18:09:06,996 INFO o.a.j.JMeter: Running test (1715245746996)
2024-05-09 18:09:07,070 INFO o.a.j.e.StandardJMeterEngine: Starting ThreadGroup: 1 : Thread Group
2024-05-09 18:09:07,070 INFO o.a.j.e.StandardJMeterEngine: Starting 100 threads for group Thread Group.
2024-05-09 18:09:07,070 INFO o.a.j.e.StandardJMeterEngine: Thread will continue on error
2024-05-09 18:09:07,070 INFO o.a.j.t.ThreadGroup: Starting thread group... number=1 threads=100 ramp-up=1 perThread=10.0 delayedStart=false
2024-05-09 18:09:07,078 INFO o.a.j.t.JMeterThread: Thread started: Thread Group 1-1
2024-05-09 18:09:07,088 INFO o.a.j.t.JMeterThread: Thread started: Thread Group 1-2
2024-05-09 18:09:07,098 INFO o.a.j.t.JMeterThread: Thread started: Thread Group 1-3
2024-05-09 18:09:07,100 INFO o.a.j.p.h.s.HTTPHCAbstractImpl: Local host = master
2024-05-09 18:09:07,108 INFO o.a.j.t.ThreadGroup: Started thread group number 1
2024-05-09 18:09:07,108 INFO o.a.j.e.StandardJMeterEngine: All thread groups have been started
2024-05-09 18:09:07,108 INFO o.a.j.t.JMeterThread: Thread started: Thread Group 1-4
2024-05-09 18:09:07,113 INFO o.a.j.p.h.s.HTTPHC4Impl: HTTP request retry count = 0
2024-05-09 18:09:07,114 INFO o.a.j.s.SampleResult: Note: Sample TimeStamps are START times
2024-05-09 18:09:07,114 INFO o.a.j.s.SampleResult: sampleresult.default.encoding is set to ISO-8859-1
2024-05-09 18:09:07,114 INFO o.a.j.s.SampleResult: sampleresult.useNanoTime=true
2024-05-09 18:09:07,114 INFO o.a.j.s.SampleResult: sampleresult.nanoThreadSleep=5000
2024-05-09 18:09:07,127 INFO o.a.j.t.JMeterThread: Thread started: Thread Group 1-5
2024-05-09 18:09:07,128 INFO o.a.j.t.JMeterThread: Thread started: Thread Group 1-6
2024-05-09 18:09:07,138 INFO o.a.j.t.JMeterThread: Thread started: Thread Group 1-7
2024-05-09 18:09:07,150 INFO o.a.j.t.JMeterThread: Thread started: Thread Group 1-8
2024-05-09 18:09:07,165 INFO o.a.j.t.JMeterThread: Thread started: Thread Group 1-9
2024-05-09 18:09:07,175 INFO o.a.j.t.JMeterThread: Thread started: Thread Group 1-10
2024-05-09 18:09:07,185 INFO o.a.j.t.JMeterThread: Thread started: Thread Group 1-11
2024-05-09 18:09:07,196 INFO o.a.j.t.JMeterThread: Thread started: Thread Group 1-12
2024-05-09 18:09:07,206 INFO o.a.j.t.JMeterThread: Thread started: Thread Group 1-13
2024-05-09 18:09:07,217 INFO o.a.j.t.JMeterThread: Thread started: Thread Group 1-14
2024-05-09 18:09:07,228 INFO o.a.j.t.JMeterThread: Thread started: Thread Group 1-15
2024-05-09 18:09:07,241 INFO o.a.j.t.JMeterThread: Thread started: Thread Group 1-16
2024-05-09 18:09:07,249 INFO o.a.j.t.JMeterThread: Thread started: Thread Group 1-17
2024-05-09 18:09:07,259 INFO o.a.j.t.JMeterThread: Thread started: Thread Group 1-18
2024-05-09 18:09:07,269 INFO o.a.j.t.JMeterThread: Thread started: Thread Group 1-19
2024-05-09 18:09:07,279 INFO o.a.j.t.JMeterThread: Thread started: Thread Group 1-20
2024-05-09 18:09:07,289 INFO o.a.j.t.JMeterThread: Thread started: Thread Group 1-21
2024-05-09 18:09:07,300 INFO o.a.j.t.JMeterThread: Thread started: Thread Group 1-22
2024-05-09 18:09:07,310 INFO o.a.j.t.JMeterThread: Thread started: Thread Group 1-23
2024-05-09 18:09:07,320 INFO o.a.j.t.JMeterThread: Thread started: Thread Group 1-24
2024-05-09 18:09:07,330 INFO o.a.j.t.JMeterThread: Thread started: Thread Group 1-25
2024-05-09 18:09:07,340 INFO o.a.j.t.JMeterThread: Thread started: Thread Group 1-26
2024-05-09 18:09:07,350 INFO o.a.j.t.JMeterThread: Thread started: Thread Group 1-27
2024-05-09 18:09:07,361 INFO o.a.j.t.JMeterThread: Thread started: Thread Group 1-28
2024-05-09 18:09:07,371 INFO o.a.j.t.JMeterThread: Thread started: Thread Group 1-29
2024-05-09 18:09:07,381 INFO o.a.j.t.JMeterThread: Thread started: Thread Group 1-30
2024-05-09 18:09:07,388 INFO o.a.j.u.JsseSSLManager: Using default SSL protocol: TLS
2024-05-09 18:09:07,388 INFO o.a.j.u.JsseSSLManager: SSL session context: per-thread
2024-05-09 18:09:07,391 INFO o.a.j.t.JMeterThread: Thread started: Thread Group 1-31
2024-05-09 18:09:07,402 INFO o.a.j.t.JMeterThread: Thread started: Thread Group 1-32
2024-05-09 18:09:07,412 INFO o.a.j.t.JMeterThread: Thread started: Thread Group 1-33
2024-05-09 18:09:07,422 INFO o.a.j.t.JMeterThread: Thread started: Thread Group 1-34
2024-05-09 18:09:07,432 INFO o.a.j.t.JMeterThread: Thread started: Thread Group 1-35
2024-05-09 18:09:07,442 INFO o.a.j.t.JMeterThread: Thread started: Thread Group 1-36
2024-05-09 18:09:07,453 INFO o.a.j.t.JMeterThread: Thread started: Thread Group 1-37
2024-05-09 18:09:07,463 INFO o.a.j.t.JMeterThread: Thread started: Thread Group 1-38
2024-05-09 18:09:07,473 INFO o.a.j.t.JMeterThread: Thread started: Thread Group 1-39
2024-05-09 18:09:07,483 INFO o.a.j.t.JMeterThread: Thread started: Thread Group 1-40
2024-05-09 18:09:07,493 INFO o.a.j.t.JMeterThread: Thread started: Thread Group 1-41
2024-05-09 18:09:07,504 INFO o.a.j.t.JMeterThread: Thread started: Thread Group 1-42
2024-05-09 18:09:07,514 INFO o.a.j.t.JMeterThread: Thread started: Thread Group 1-43
2024-05-09 18:09:07,524 INFO o.a.j.t.JMeterThread: Thread started: Thread Group 1-44
2024-05-09 18:09:07,534 INFO o.a.j.t.JMeterThread: Thread started: Thread Group 1-45
2024-05-09 18:09:07,546 INFO o.a.j.t.JMeterThread: Thread started: Thread Group 1-46
2024-05-09 18:09:07,555 INFO o.a.j.t.JMeterThread: Thread started: Thread Group 1-47
2024-05-09 18:09:07,565 INFO o.a.j.t.JMeterThread: Thread started: Thread Group 1-48
2024-05-09 18:09:07,575 INFO o.a.j.t.JMeterThread: Thread started: Thread Group 1-49
2024-05-09 18:09:07,585 INFO o.a.j.t.JMeterThread: Thread started: Thread Group 1-50
2024-05-09 18:09:07,595 INFO o.a.j.t.JMeterThread: Thread started: Thread Group 1-51
2024-05-09 18:09:07,605 INFO o.a.j.t.JMeterThread: Thread started: Thread Group 1-52
2024-05-09 18:09:07,616 INFO o.a.j.t.JMeterThread: Thread started: Thread Group 1-53
2024-05-09 18:09:07,626 INFO o.a.j.t.JMeterThread: Thread started: Thread Group 1-54
2024-05-09 18:09:07,636 INFO o.a.j.t.JMeterThread: Thread started: Thread Group 1-55
2024-05-09 18:09:07,647 INFO o.a.j.t.JMeterThread: Thread started: Thread Group 1-56
2024-05-09 18:09:07,657 INFO o.a.j.t.JMeterThread: Thread started: Thread Group 1-57
2024-05-09 18:09:07,668 INFO o.a.j.t.JMeterThread: Thread started: Thread Group 1-58
2024-05-09 18:09:07,677 INFO o.a.j.t.JMeterThread: Thread started: Thread Group 1-59
2024-05-09 18:09:07,687 INFO o.a.j.t.JMeterThread: Thread started: Thread Group 1-60
2024-05-09 18:09:07,697 INFO o.a.j.t.JMeterThread: Thread started: Thread Group 1-61
2024-05-09 18:09:07,707 INFO o.a.j.t.JMeterThread: Thread started: Thread Group 1-62
2024-05-09 18:09:07,718 INFO o.a.j.t.JMeterThread: Thread started: Thread Group 1-63
2024-05-09 18:09:07,728 INFO o.a.j.t.JMeterThread: Thread started: Thread Group 1-64
2024-05-09 18:09:07,738 INFO o.a.j.t.JMeterThread: Thread started: Thread Group 1-65
2024-05-09 18:09:07,748 INFO o.a.j.t.JMeterThread: Thread started: Thread Group 1-66
2024-05-09 18:09:07,759 INFO o.a.j.t.JMeterThread: Thread started: Thread Group 1-67
2024-05-09 18:09:07,769 INFO o.a.j.t.JMeterThread: Thread started: Thread Group 1-68
2024-05-09 18:09:07,779 INFO o.a.j.t.JMeterThread: Thread started: Thread Group 1-69
2024-05-09 18:09:07,789 INFO o.a.j.t.JMeterThread: Thread started: Thread Group 1-70
2024-05-09 18:09:07,799 INFO o.a.j.t.JMeterThread: Thread started: Thread Group 1-71
2024-05-09 18:09:07,810 INFO o.a.j.t.JMeterThread: Thread started: Thread Group 1-72
2024-05-09 18:09:07,820 INFO o.a.j.t.JMeterThread: Thread started: Thread Group 1-73
2024-05-09 18:09:07,830 INFO o.a.j.t.JMeterThread: Thread started: Thread Group 1-74
2024-05-09 18:09:07,840 INFO o.a.j.t.JMeterThread: Thread started: Thread Group 1-75
2024-05-09 18:09:07,850 INFO o.a.j.t.JMeterThread: Thread started: Thread Group 1-76
2024-05-09 18:09:07,861 INFO o.a.j.t.JMeterThread: Thread started: Thread Group 1-77
2024-05-09 18:09:07,871 INFO o.a.j.t.JMeterThread: Thread started: Thread Group 1-78
2024-05-09 18:09:07,881 INFO o.a.j.t.JMeterThread: Thread started: Thread Group 1-79
2024-05-09 18:09:07,891 INFO o.a.j.t.JMeterThread: Thread started: Thread Group 1-80
2024-05-09 18:09:07,901 INFO o.a.j.t.JMeterThread: Thread started: Thread Group 1-81
2024-05-09 18:09:07,912 INFO o.a.j.t.JMeterThread: Thread started: Thread Group 1-82
2024-05-09 18:09:07,922 INFO o.a.j.t.JMeterThread: Thread started: Thread Group 1-83
2024-05-09 18:09:07,932 INFO o.a.j.t.JMeterThread: Thread started: Thread Group 1-84
2024-05-09 18:09:07,942 INFO o.a.j.t.JMeterThread: Thread started: Thread Group 1-85
2024-05-09 18:09:07,952 INFO o.a.j.t.JMeterThread: Thread started: Thread Group 1-86
2024-05-09 18:09:07,962 INFO o.a.j.t.JMeterThread: Thread started: Thread Group 1-87
2024-05-09 18:09:07,973 INFO o.a.j.t.JMeterThread: Thread started: Thread Group 1-88
2024-05-09 18:09:07,983 INFO o.a.j.t.JMeterThread: Thread started: Thread Group 1-89
2024-05-09 18:09:07,993 INFO o.a.j.t.JMeterThread: Thread started: Thread Group 1-90
2024-05-09 18:09:08,003 INFO o.a.j.t.JMeterThread: Thread started: Thread Group 1-91
2024-05-09 18:09:08,013 INFO o.a.j.t.JMeterThread: Thread started: Thread Group 1-92
2024-05-09 18:09:08,023 INFO o.a.j.t.JMeterThread: Thread started: Thread Group 1-93
2024-05-09 18:09:08,035 INFO o.a.j.t.JMeterThread: Thread started: Thread Group 1-94
2024-05-09 18:09:08,045 INFO o.a.j.t.JMeterThread: Thread started: Thread Group 1-95
2024-05-09 18:09:08,055 INFO o.a.j.t.JMeterThread: Thread started: Thread Group 1-96
2024-05-09 18:09:08,065 INFO o.a.j.t.JMeterThread: Thread started: Thread Group 1-97
2024-05-09 18:09:08,075 INFO o.a.j.t.JMeterThread: Thread started: Thread Group 1-98
2024-05-09 18:09:08,088 INFO o.a.j.t.JMeterThread: Thread started: Thread Group 1-99
2024-05-09 18:09:08,099 INFO o.a.j.t.JMeterThread: Thread started: Thread Group 1-100
2024-05-09 18:09:30,014 INFO o.a.j.r.Summariser: summary +  17823 in 00:00:23 =  774.4/s Avg:   125 Min:   121 Max:   205 Err:     0 (0.00%) Active: 100 Started: 100 Finished: 0
2024-05-09 18:10:00,001 INFO o.a.j.r.Summariser: summary +  19473 in 00:00:30 =  649.4/s Avg:   153 Min:    41 Max:   702 Err:  3741 (19.21%) Active: 100 Started: 100 Finished: 0
2024-05-09 18:10:00,002 INFO o.a.j.r.Summariser: summary =  37296 in 00:00:53 =  703.6/s Avg:   139 Min:    41 Max:   702 Err:  3741 (10.03%)
2024-05-09 18:10:13,584 INFO o.a.j.r.ResultCollector: Shutdown hook started
2024-05-09 18:10:13,585 INFO o.a.j.r.ResultCollector: Shutdown hook ended
