2024-05-09 14:29:32,087 INFO o.a.j.u.JMeterUtils: Setting Locale to en_EN
2024-05-09 14:29:32,098 INFO o.a.j.JMeter: Loading user properties from: /root/PrivateCloudContainer/PCC-5th-PoC/Utils/JMeter/apache-jmeter-5.1/bin/user.properties
2024-05-09 14:29:32,098 INFO o.a.j.JMeter: Loading system properties from: /root/PrivateCloudContainer/PCC-5th-PoC/Utils/JMeter/apache-jmeter-5.1/bin/system.properties
2024-05-09 14:29:32,102 INFO o.a.j.JMeter: Copyright (c) 1998-2019 The Apache Software Foundation
2024-05-09 14:29:32,102 INFO o.a.j.JMeter: Version 5.1 r1853635
2024-05-09 14:29:32,102 INFO o.a.j.JMeter: java.version=1.8.0_402
2024-05-09 14:29:32,102 INFO o.a.j.JMeter: java.vm.name=OpenJDK 64-Bit Server VM
2024-05-09 14:29:32,102 INFO o.a.j.JMeter: os.name=Linux
2024-05-09 14:29:32,102 INFO o.a.j.JMeter: os.arch=amd64
2024-05-09 14:29:32,102 INFO o.a.j.JMeter: os.version=5.15.0-105-generic
2024-05-09 14:29:32,102 INFO o.a.j.JMeter: file.encoding=UTF-8
2024-05-09 14:29:32,102 INFO o.a.j.JMeter: java.awt.headless=true
2024-05-09 14:29:32,102 INFO o.a.j.JMeter: Max memory     =1073741824
2024-05-09 14:29:32,103 INFO o.a.j.JMeter: Available Processors =8
2024-05-09 14:29:32,106 INFO o.a.j.JMeter: Default Locale=English (EN)
2024-05-09 14:29:32,106 INFO o.a.j.JMeter: JMeter  Locale=English (EN)
2024-05-09 14:29:32,106 INFO o.a.j.JMeter: JMeterHome=/root/PrivateCloudContainer/PCC-5th-PoC/Utils/JMeter/apache-jmeter-5.1
2024-05-09 14:29:32,106 INFO o.a.j.JMeter: user.dir  =/root/PrivateCloudContainer/PCC-5th-PoC/1_ServiceResponseTime
2024-05-09 14:29:32,106 INFO o.a.j.JMeter: PWD       =/root/PrivateCloudContainer/PCC-5th-PoC/1_ServiceResponseTime
2024-05-09 14:29:32,183 INFO o.a.j.JMeter: IP: 10.0.2.103 Name: master FullName: master
2024-05-09 14:29:32,186 INFO o.a.j.s.FileServer: Default base='/root/PrivateCloudContainer/PCC-5th-PoC/1_ServiceResponseTime'
2024-05-09 14:29:32,189 INFO o.a.j.s.FileServer: Set new base='/root/PrivateCloudContainer/PCC-5th-PoC/1_ServiceResponseTime/./KetiFaaS/jmx'
2024-05-09 14:29:32,285 INFO o.a.j.s.SaveService: Testplan (JMX) version: 2.2. Testlog (JTL) version: 2.2
2024-05-09 14:29:32,291 INFO o.a.j.s.SaveService: Using SaveService properties file encoding UTF-8
2024-05-09 14:29:32,303 INFO o.a.j.s.SaveService: Using SaveService properties version 5.0
2024-05-09 14:29:32,308 INFO o.a.j.s.SaveService: Loading file: ./KetiFaaS/jmx/KetiFaaS-total_request_40000.jmx
2024-05-09 14:29:32,345 INFO o.a.j.p.h.s.HTTPSamplerBase: Parser for text/html is org.apache.jmeter.protocol.http.parser.LagartoBasedHtmlParser
2024-05-09 14:29:32,345 INFO o.a.j.p.h.s.HTTPSamplerBase: Parser for application/xhtml+xml is org.apache.jmeter.protocol.http.parser.LagartoBasedHtmlParser
2024-05-09 14:29:32,345 INFO o.a.j.p.h.s.HTTPSamplerBase: Parser for application/xml is org.apache.jmeter.protocol.http.parser.LagartoBasedHtmlParser
2024-05-09 14:29:32,345 INFO o.a.j.p.h.s.HTTPSamplerBase: Parser for text/xml is org.apache.jmeter.protocol.http.parser.LagartoBasedHtmlParser
2024-05-09 14:29:32,345 INFO o.a.j.p.h.s.HTTPSamplerBase: Parser for text/vnd.wap.wml is org.apache.jmeter.protocol.http.parser.RegexpHTMLParser
2024-05-09 14:29:32,345 INFO o.a.j.p.h.s.HTTPSamplerBase: Parser for text/css is org.apache.jmeter.protocol.http.parser.CssParser
2024-05-09 14:29:32,366 INFO o.a.j.JMeter: Creating summariser <summary>
2024-05-09 14:29:32,371 INFO o.a.j.e.StandardJMeterEngine: Running the test!
2024-05-09 14:29:32,372 INFO o.a.j.s.SampleEvent: List of sample_variables: []
2024-05-09 14:29:32,372 INFO o.a.j.s.SampleEvent: List of sample_variables: []
2024-05-09 14:29:32,379 INFO o.a.j.e.u.CompoundVariable: Note: Function class names must contain the string: '.functions.'
2024-05-09 14:29:32,379 INFO o.a.j.e.u.CompoundVariable: Note: Function class names must not contain the string: '.gui.'
2024-05-09 14:29:32,938 INFO o.a.j.JMeter: Running test (1715232572938)
2024-05-09 14:29:33,025 INFO o.a.j.e.StandardJMeterEngine: Starting ThreadGroup: 1 : Thread Group
2024-05-09 14:29:33,026 INFO o.a.j.e.StandardJMeterEngine: Starting 100 threads for group Thread Group.
2024-05-09 14:29:33,027 INFO o.a.j.e.StandardJMeterEngine: Thread will continue on error
2024-05-09 14:29:33,027 INFO o.a.j.t.ThreadGroup: Starting thread group... number=1 threads=100 ramp-up=1 perThread=10.0 delayedStart=false
2024-05-09 14:29:33,034 INFO o.a.j.t.JMeterThread: Thread started: Thread Group 1-1
2024-05-09 14:29:33,044 INFO o.a.j.t.JMeterThread: Thread started: Thread Group 1-2
2024-05-09 14:29:33,054 INFO o.a.j.t.JMeterThread: Thread started: Thread Group 1-3
2024-05-09 14:29:33,055 INFO o.a.j.p.h.s.HTTPHCAbstractImpl: Local host = master
2024-05-09 14:29:33,059 INFO o.a.j.t.ThreadGroup: Started thread group number 1
2024-05-09 14:29:33,059 INFO o.a.j.e.StandardJMeterEngine: All thread groups have been started
2024-05-09 14:29:33,061 INFO o.a.j.p.h.s.HTTPHC4Impl: HTTP request retry count = 0
2024-05-09 14:29:33,063 INFO o.a.j.s.SampleResult: Note: Sample TimeStamps are START times
2024-05-09 14:29:33,063 INFO o.a.j.s.SampleResult: sampleresult.default.encoding is set to ISO-8859-1
2024-05-09 14:29:33,063 INFO o.a.j.s.SampleResult: sampleresult.useNanoTime=true
2024-05-09 14:29:33,063 INFO o.a.j.s.SampleResult: sampleresult.nanoThreadSleep=5000
2024-05-09 14:29:33,064 INFO o.a.j.t.JMeterThread: Thread started: Thread Group 1-4
2024-05-09 14:29:33,074 INFO o.a.j.t.JMeterThread: Thread started: Thread Group 1-5
2024-05-09 14:29:33,086 INFO o.a.j.t.JMeterThread: Thread started: Thread Group 1-6
2024-05-09 14:29:33,095 INFO o.a.j.t.JMeterThread: Thread started: Thread Group 1-7
2024-05-09 14:29:33,106 INFO o.a.j.t.JMeterThread: Thread started: Thread Group 1-8
2024-05-09 14:29:33,117 INFO o.a.j.t.JMeterThread: Thread started: Thread Group 1-9
2024-05-09 14:29:33,128 INFO o.a.j.t.JMeterThread: Thread started: Thread Group 1-10
2024-05-09 14:29:33,139 INFO o.a.j.t.JMeterThread: Thread started: Thread Group 1-11
2024-05-09 14:29:33,149 INFO o.a.j.t.JMeterThread: Thread started: Thread Group 1-12
2024-05-09 14:29:33,159 INFO o.a.j.t.JMeterThread: Thread started: Thread Group 1-13
2024-05-09 14:29:33,171 INFO o.a.j.t.JMeterThread: Thread started: Thread Group 1-14
2024-05-09 14:29:33,182 INFO o.a.j.t.JMeterThread: Thread started: Thread Group 1-15
2024-05-09 14:29:33,192 INFO o.a.j.t.JMeterThread: Thread started: Thread Group 1-16
2024-05-09 14:29:33,202 INFO o.a.j.t.JMeterThread: Thread started: Thread Group 1-17
2024-05-09 14:29:33,212 INFO o.a.j.t.JMeterThread: Thread started: Thread Group 1-18
2024-05-09 14:29:33,222 INFO o.a.j.t.JMeterThread: Thread started: Thread Group 1-19
2024-05-09 14:29:33,232 INFO o.a.j.t.JMeterThread: Thread started: Thread Group 1-20
2024-05-09 14:29:33,243 INFO o.a.j.t.JMeterThread: Thread started: Thread Group 1-21
2024-05-09 14:29:33,254 INFO o.a.j.t.JMeterThread: Thread started: Thread Group 1-22
2024-05-09 14:29:33,263 INFO o.a.j.t.JMeterThread: Thread started: Thread Group 1-23
2024-05-09 14:29:33,273 INFO o.a.j.t.JMeterThread: Thread started: Thread Group 1-24
2024-05-09 14:29:33,283 INFO o.a.j.t.JMeterThread: Thread started: Thread Group 1-25
2024-05-09 14:29:33,294 INFO o.a.j.t.JMeterThread: Thread started: Thread Group 1-26
2024-05-09 14:29:33,304 INFO o.a.j.t.JMeterThread: Thread started: Thread Group 1-27
2024-05-09 14:29:33,315 INFO o.a.j.t.JMeterThread: Thread started: Thread Group 1-28
2024-05-09 14:29:33,325 INFO o.a.j.t.JMeterThread: Thread started: Thread Group 1-29
2024-05-09 14:29:33,326 INFO o.a.j.r.Summariser: summary +      1 in 00:00:00 =    2.6/s Avg:   139 Min:   139 Max:   139 Err:     0 (0.00%) Active: 29 Started: 29 Finished: 0
2024-05-09 14:29:33,329 INFO o.a.j.u.JsseSSLManager: Using default SSL protocol: TLS
2024-05-09 14:29:33,329 INFO o.a.j.u.JsseSSLManager: SSL session context: per-thread
2024-05-09 14:29:33,337 INFO o.a.j.t.JMeterThread: Thread started: Thread Group 1-30
2024-05-09 14:29:33,345 INFO o.a.j.t.JMeterThread: Thread started: Thread Group 1-31
2024-05-09 14:29:33,355 INFO o.a.j.t.JMeterThread: Thread started: Thread Group 1-32
2024-05-09 14:29:33,365 INFO o.a.j.t.JMeterThread: Thread started: Thread Group 1-33
2024-05-09 14:29:33,376 INFO o.a.j.t.JMeterThread: Thread started: Thread Group 1-34
2024-05-09 14:29:33,386 INFO o.a.j.t.JMeterThread: Thread started: Thread Group 1-35
2024-05-09 14:29:33,396 INFO o.a.j.t.JMeterThread: Thread started: Thread Group 1-36
2024-05-09 14:29:33,406 INFO o.a.j.t.JMeterThread: Thread started: Thread Group 1-37
2024-05-09 14:29:33,416 INFO o.a.j.t.JMeterThread: Thread started: Thread Group 1-38
2024-05-09 14:29:33,426 INFO o.a.j.t.JMeterThread: Thread started: Thread Group 1-39
2024-05-09 14:29:33,437 INFO o.a.j.t.JMeterThread: Thread started: Thread Group 1-40
2024-05-09 14:29:33,447 INFO o.a.j.t.JMeterThread: Thread started: Thread Group 1-41
2024-05-09 14:29:33,457 INFO o.a.j.t.JMeterThread: Thread started: Thread Group 1-42
2024-05-09 14:29:33,467 INFO o.a.j.t.JMeterThread: Thread started: Thread Group 1-43
2024-05-09 14:29:33,477 INFO o.a.j.t.JMeterThread: Thread started: Thread Group 1-44
2024-05-09 14:29:33,487 INFO o.a.j.t.JMeterThread: Thread started: Thread Group 1-45
2024-05-09 14:29:33,498 INFO o.a.j.t.JMeterThread: Thread started: Thread Group 1-46
2024-05-09 14:29:33,508 INFO o.a.j.t.JMeterThread: Thread started: Thread Group 1-47
2024-05-09 14:29:33,518 INFO o.a.j.t.JMeterThread: Thread started: Thread Group 1-48
2024-05-09 14:29:33,529 INFO o.a.j.t.JMeterThread: Thread started: Thread Group 1-49
2024-05-09 14:29:33,538 INFO o.a.j.t.JMeterThread: Thread started: Thread Group 1-50
2024-05-09 14:29:33,549 INFO o.a.j.t.JMeterThread: Thread started: Thread Group 1-51
2024-05-09 14:29:33,565 INFO o.a.j.t.JMeterThread: Thread started: Thread Group 1-52
2024-05-09 14:29:33,573 INFO o.a.j.t.JMeterThread: Thread started: Thread Group 1-53
2024-05-09 14:29:33,580 INFO o.a.j.t.JMeterThread: Thread started: Thread Group 1-54
2024-05-09 14:29:33,590 INFO o.a.j.t.JMeterThread: Thread started: Thread Group 1-55
2024-05-09 14:29:33,600 INFO o.a.j.t.JMeterThread: Thread started: Thread Group 1-56
2024-05-09 14:29:33,611 INFO o.a.j.t.JMeterThread: Thread started: Thread Group 1-57
2024-05-09 14:29:33,621 INFO o.a.j.t.JMeterThread: Thread started: Thread Group 1-58
2024-05-09 14:29:33,631 INFO o.a.j.t.JMeterThread: Thread started: Thread Group 1-59
2024-05-09 14:29:33,641 INFO o.a.j.t.JMeterThread: Thread started: Thread Group 1-60
2024-05-09 14:29:33,651 INFO o.a.j.t.JMeterThread: Thread started: Thread Group 1-61
2024-05-09 14:29:33,662 INFO o.a.j.t.JMeterThread: Thread started: Thread Group 1-62
2024-05-09 14:29:33,672 INFO o.a.j.t.JMeterThread: Thread started: Thread Group 1-63
2024-05-09 14:29:33,682 INFO o.a.j.t.JMeterThread: Thread started: Thread Group 1-64
2024-05-09 14:29:33,692 INFO o.a.j.t.JMeterThread: Thread started: Thread Group 1-65
2024-05-09 14:29:33,702 INFO o.a.j.t.JMeterThread: Thread started: Thread Group 1-66
2024-05-09 14:29:33,712 INFO o.a.j.t.JMeterThread: Thread started: Thread Group 1-67
2024-05-09 14:29:33,723 INFO o.a.j.t.JMeterThread: Thread started: Thread Group 1-68
2024-05-09 14:29:33,733 INFO o.a.j.t.JMeterThread: Thread started: Thread Group 1-69
2024-05-09 14:29:33,743 INFO o.a.j.t.JMeterThread: Thread started: Thread Group 1-70
2024-05-09 14:29:33,753 INFO o.a.j.t.JMeterThread: Thread started: Thread Group 1-71
2024-05-09 14:29:33,764 INFO o.a.j.t.JMeterThread: Thread started: Thread Group 1-72
2024-05-09 14:29:33,774 INFO o.a.j.t.JMeterThread: Thread started: Thread Group 1-73
2024-05-09 14:29:33,784 INFO o.a.j.t.JMeterThread: Thread started: Thread Group 1-74
2024-05-09 14:29:33,795 INFO o.a.j.t.JMeterThread: Thread started: Thread Group 1-75
2024-05-09 14:29:33,804 INFO o.a.j.t.JMeterThread: Thread started: Thread Group 1-76
2024-05-09 14:29:33,815 INFO o.a.j.t.JMeterThread: Thread started: Thread Group 1-77
2024-05-09 14:29:33,825 INFO o.a.j.t.JMeterThread: Thread started: Thread Group 1-78
2024-05-09 14:29:33,836 INFO o.a.j.t.JMeterThread: Thread started: Thread Group 1-79
2024-05-09 14:29:33,845 INFO o.a.j.t.JMeterThread: Thread started: Thread Group 1-80
2024-05-09 14:29:33,856 INFO o.a.j.t.JMeterThread: Thread started: Thread Group 1-81
2024-05-09 14:29:33,866 INFO o.a.j.t.JMeterThread: Thread started: Thread Group 1-82
2024-05-09 14:29:33,880 INFO o.a.j.t.JMeterThread: Thread started: Thread Group 1-83
2024-05-09 14:29:33,886 INFO o.a.j.t.JMeterThread: Thread started: Thread Group 1-84
2024-05-09 14:29:33,896 INFO o.a.j.t.JMeterThread: Thread started: Thread Group 1-85
2024-05-09 14:29:33,907 INFO o.a.j.t.JMeterThread: Thread started: Thread Group 1-86
2024-05-09 14:29:33,917 INFO o.a.j.t.JMeterThread: Thread started: Thread Group 1-87
2024-05-09 14:29:33,927 INFO o.a.j.t.JMeterThread: Thread started: Thread Group 1-88
2024-05-09 14:29:33,937 INFO o.a.j.t.JMeterThread: Thread started: Thread Group 1-89
2024-05-09 14:29:33,947 INFO o.a.j.t.JMeterThread: Thread started: Thread Group 1-90
2024-05-09 14:29:33,957 INFO o.a.j.t.JMeterThread: Thread started: Thread Group 1-91
2024-05-09 14:29:33,968 INFO o.a.j.t.JMeterThread: Thread started: Thread Group 1-92
2024-05-09 14:29:33,978 INFO o.a.j.t.JMeterThread: Thread started: Thread Group 1-93
2024-05-09 14:29:33,988 INFO o.a.j.t.JMeterThread: Thread started: Thread Group 1-94
2024-05-09 14:29:33,998 INFO o.a.j.t.JMeterThread: Thread started: Thread Group 1-95
2024-05-09 14:29:34,008 INFO o.a.j.t.JMeterThread: Thread started: Thread Group 1-96
2024-05-09 14:29:34,019 INFO o.a.j.t.JMeterThread: Thread started: Thread Group 1-97
2024-05-09 14:29:34,029 INFO o.a.j.t.JMeterThread: Thread started: Thread Group 1-98
2024-05-09 14:29:34,039 INFO o.a.j.t.JMeterThread: Thread started: Thread Group 1-99
2024-05-09 14:29:34,049 INFO o.a.j.t.JMeterThread: Thread started: Thread Group 1-100
2024-05-09 14:29:58,255 INFO o.a.j.t.JMeterThread: Thread is done: Thread Group 1-5
2024-05-09 14:29:58,255 INFO o.a.j.t.JMeterThread: Thread finished: Thread Group 1-5
2024-05-09 14:29:58,317 INFO o.a.j.t.JMeterThread: Thread is done: Thread Group 1-16
2024-05-09 14:29:58,317 INFO o.a.j.t.JMeterThread: Thread finished: Thread Group 1-16
2024-05-09 14:29:58,322 INFO o.a.j.t.JMeterThread: Thread is done: Thread Group 1-13
2024-05-09 14:29:58,322 INFO o.a.j.t.JMeterThread: Thread finished: Thread Group 1-13
2024-05-09 14:29:58,323 INFO o.a.j.t.JMeterThread: Thread is done: Thread Group 1-4
2024-05-09 14:29:58,323 INFO o.a.j.t.JMeterThread: Thread finished: Thread Group 1-4
2024-05-09 14:29:58,324 INFO o.a.j.t.JMeterThread: Thread is done: Thread Group 1-2
2024-05-09 14:29:58,324 INFO o.a.j.t.JMeterThread: Thread finished: Thread Group 1-2
2024-05-09 14:29:58,336 INFO o.a.j.t.JMeterThread: Thread is done: Thread Group 1-3
2024-05-09 14:29:58,336 INFO o.a.j.t.JMeterThread: Thread finished: Thread Group 1-3
2024-05-09 14:29:58,336 INFO o.a.j.t.JMeterThread: Thread is done: Thread Group 1-11
2024-05-09 14:29:58,336 INFO o.a.j.t.JMeterThread: Thread finished: Thread Group 1-11
2024-05-09 14:29:58,341 INFO o.a.j.t.JMeterThread: Thread is done: Thread Group 1-19
2024-05-09 14:29:58,341 INFO o.a.j.t.JMeterThread: Thread finished: Thread Group 1-19
2024-05-09 14:29:58,347 INFO o.a.j.t.JMeterThread: Thread is done: Thread Group 1-8
2024-05-09 14:29:58,348 INFO o.a.j.t.JMeterThread: Thread finished: Thread Group 1-8
2024-05-09 14:29:58,370 INFO o.a.j.t.JMeterThread: Thread is done: Thread Group 1-9
2024-05-09 14:29:58,370 INFO o.a.j.t.JMeterThread: Thread finished: Thread Group 1-9
2024-05-09 14:29:58,374 INFO o.a.j.t.JMeterThread: Thread is done: Thread Group 1-15
2024-05-09 14:29:58,374 INFO o.a.j.t.JMeterThread: Thread finished: Thread Group 1-15
2024-05-09 14:29:58,374 INFO o.a.j.t.JMeterThread: Thread is done: Thread Group 1-7
2024-05-09 14:29:58,374 INFO o.a.j.t.JMeterThread: Thread finished: Thread Group 1-7
2024-05-09 14:29:58,375 INFO o.a.j.t.JMeterThread: Thread is done: Thread Group 1-12
2024-05-09 14:29:58,375 INFO o.a.j.t.JMeterThread: Thread finished: Thread Group 1-12
2024-05-09 14:29:58,377 INFO o.a.j.t.JMeterThread: Thread is done: Thread Group 1-1
2024-05-09 14:29:58,377 INFO o.a.j.t.JMeterThread: Thread finished: Thread Group 1-1
2024-05-09 14:29:58,381 INFO o.a.j.t.JMeterThread: Thread is done: Thread Group 1-30
2024-05-09 14:29:58,382 INFO o.a.j.t.JMeterThread: Thread finished: Thread Group 1-30
2024-05-09 14:29:58,386 INFO o.a.j.t.JMeterThread: Thread is done: Thread Group 1-6
2024-05-09 14:29:58,386 INFO o.a.j.t.JMeterThread: Thread finished: Thread Group 1-6
2024-05-09 14:29:58,385 INFO o.a.j.t.JMeterThread: Thread is done: Thread Group 1-14
2024-05-09 14:29:58,386 INFO o.a.j.t.JMeterThread: Thread finished: Thread Group 1-14
2024-05-09 14:29:58,392 INFO o.a.j.t.JMeterThread: Thread is done: Thread Group 1-21
2024-05-09 14:29:58,392 INFO o.a.j.t.JMeterThread: Thread finished: Thread Group 1-21
2024-05-09 14:29:58,393 INFO o.a.j.t.JMeterThread: Thread is done: Thread Group 1-24
2024-05-09 14:29:58,393 INFO o.a.j.t.JMeterThread: Thread is done: Thread Group 1-23
2024-05-09 14:29:58,393 INFO o.a.j.t.JMeterThread: Thread is done: Thread Group 1-18
2024-05-09 14:29:58,393 INFO o.a.j.t.JMeterThread: Thread finished: Thread Group 1-24
2024-05-09 14:29:58,393 INFO o.a.j.t.JMeterThread: Thread finished: Thread Group 1-23
2024-05-09 14:29:58,393 INFO o.a.j.t.JMeterThread: Thread finished: Thread Group 1-18
2024-05-09 14:29:58,444 INFO o.a.j.t.JMeterThread: Thread is done: Thread Group 1-26
2024-05-09 14:29:58,444 INFO o.a.j.t.JMeterThread: Thread finished: Thread Group 1-26
2024-05-09 14:29:58,449 INFO o.a.j.t.JMeterThread: Thread is done: Thread Group 1-20
2024-05-09 14:29:58,449 INFO o.a.j.t.JMeterThread: Thread finished: Thread Group 1-20
2024-05-09 14:29:58,453 INFO o.a.j.t.JMeterThread: Thread is done: Thread Group 1-25
2024-05-09 14:29:58,453 INFO o.a.j.t.JMeterThread: Thread finished: Thread Group 1-25
2024-05-09 14:29:58,462 INFO o.a.j.t.JMeterThread: Thread is done: Thread Group 1-39
2024-05-09 14:29:58,462 INFO o.a.j.t.JMeterThread: Thread is done: Thread Group 1-27
2024-05-09 14:29:58,462 INFO o.a.j.t.JMeterThread: Thread finished: Thread Group 1-39
2024-05-09 14:29:58,462 INFO o.a.j.t.JMeterThread: Thread finished: Thread Group 1-27
2024-05-09 14:29:58,464 INFO o.a.j.t.JMeterThread: Thread is done: Thread Group 1-17
2024-05-09 14:29:58,465 INFO o.a.j.t.JMeterThread: Thread finished: Thread Group 1-17
2024-05-09 14:29:58,478 INFO o.a.j.t.JMeterThread: Thread is done: Thread Group 1-29
2024-05-09 14:29:58,479 INFO o.a.j.t.JMeterThread: Thread finished: Thread Group 1-29
2024-05-09 14:29:58,479 INFO o.a.j.t.JMeterThread: Thread is done: Thread Group 1-37
2024-05-09 14:29:58,480 INFO o.a.j.t.JMeterThread: Thread finished: Thread Group 1-37
2024-05-09 14:29:58,487 INFO o.a.j.t.JMeterThread: Thread is done: Thread Group 1-22
2024-05-09 14:29:58,487 INFO o.a.j.t.JMeterThread: Thread finished: Thread Group 1-22
2024-05-09 14:29:58,501 INFO o.a.j.t.JMeterThread: Thread is done: Thread Group 1-34
2024-05-09 14:29:58,501 INFO o.a.j.t.JMeterThread: Thread finished: Thread Group 1-34
2024-05-09 14:29:58,501 INFO o.a.j.t.JMeterThread: Thread is done: Thread Group 1-31
2024-05-09 14:29:58,501 INFO o.a.j.t.JMeterThread: Thread finished: Thread Group 1-31
2024-05-09 14:29:58,506 INFO o.a.j.t.JMeterThread: Thread is done: Thread Group 1-28
2024-05-09 14:29:58,506 INFO o.a.j.t.JMeterThread: Thread finished: Thread Group 1-28
2024-05-09 14:29:58,507 INFO o.a.j.t.JMeterThread: Thread is done: Thread Group 1-10
2024-05-09 14:29:58,507 INFO o.a.j.t.JMeterThread: Thread finished: Thread Group 1-10
2024-05-09 14:29:58,508 INFO o.a.j.t.JMeterThread: Thread is done: Thread Group 1-32
2024-05-09 14:29:58,508 INFO o.a.j.t.JMeterThread: Thread finished: Thread Group 1-32
2024-05-09 14:29:58,514 INFO o.a.j.t.JMeterThread: Thread is done: Thread Group 1-33
2024-05-09 14:29:58,514 INFO o.a.j.t.JMeterThread: Thread finished: Thread Group 1-33
2024-05-09 14:29:58,526 INFO o.a.j.t.JMeterThread: Thread is done: Thread Group 1-36
2024-05-09 14:29:58,526 INFO o.a.j.t.JMeterThread: Thread finished: Thread Group 1-36
2024-05-09 14:29:58,526 INFO o.a.j.t.JMeterThread: Thread is done: Thread Group 1-40
2024-05-09 14:29:58,527 INFO o.a.j.t.JMeterThread: Thread finished: Thread Group 1-40
2024-05-09 14:29:58,590 INFO o.a.j.t.JMeterThread: Thread is done: Thread Group 1-35
2024-05-09 14:29:58,590 INFO o.a.j.t.JMeterThread: Thread finished: Thread Group 1-35
2024-05-09 14:29:58,594 INFO o.a.j.t.JMeterThread: Thread is done: Thread Group 1-42
2024-05-09 14:29:58,594 INFO o.a.j.t.JMeterThread: Thread finished: Thread Group 1-42
2024-05-09 14:29:58,614 INFO o.a.j.t.JMeterThread: Thread is done: Thread Group 1-38
2024-05-09 14:29:58,615 INFO o.a.j.t.JMeterThread: Thread finished: Thread Group 1-38
2024-05-09 14:29:58,640 INFO o.a.j.t.JMeterThread: Thread is done: Thread Group 1-45
2024-05-09 14:29:58,640 INFO o.a.j.t.JMeterThread: Thread finished: Thread Group 1-45
2024-05-09 14:29:58,644 INFO o.a.j.t.JMeterThread: Thread is done: Thread Group 1-49
2024-05-09 14:29:58,644 INFO o.a.j.t.JMeterThread: Thread finished: Thread Group 1-49
2024-05-09 14:29:58,645 INFO o.a.j.t.JMeterThread: Thread is done: Thread Group 1-54
2024-05-09 14:29:58,645 INFO o.a.j.t.JMeterThread: Thread finished: Thread Group 1-54
2024-05-09 14:29:58,647 INFO o.a.j.t.JMeterThread: Thread is done: Thread Group 1-46
2024-05-09 14:29:58,647 INFO o.a.j.t.JMeterThread: Thread finished: Thread Group 1-46
2024-05-09 14:29:58,654 INFO o.a.j.t.JMeterThread: Thread is done: Thread Group 1-41
2024-05-09 14:29:58,654 INFO o.a.j.t.JMeterThread: Thread finished: Thread Group 1-41
2024-05-09 14:29:58,656 INFO o.a.j.t.JMeterThread: Thread is done: Thread Group 1-48
2024-05-09 14:29:58,656 INFO o.a.j.t.JMeterThread: Thread is done: Thread Group 1-44
2024-05-09 14:29:58,656 INFO o.a.j.t.JMeterThread: Thread finished: Thread Group 1-48
2024-05-09 14:29:58,656 INFO o.a.j.t.JMeterThread: Thread finished: Thread Group 1-44
2024-05-09 14:29:58,660 INFO o.a.j.t.JMeterThread: Thread is done: Thread Group 1-51
2024-05-09 14:29:58,660 INFO o.a.j.t.JMeterThread: Thread finished: Thread Group 1-51
2024-05-09 14:29:58,660 INFO o.a.j.t.JMeterThread: Thread is done: Thread Group 1-47
2024-05-09 14:29:58,660 INFO o.a.j.t.JMeterThread: Thread finished: Thread Group 1-47
2024-05-09 14:29:58,700 INFO o.a.j.t.JMeterThread: Thread is done: Thread Group 1-52
2024-05-09 14:29:58,700 INFO o.a.j.t.JMeterThread: Thread finished: Thread Group 1-52
2024-05-09 14:29:58,704 INFO o.a.j.t.JMeterThread: Thread is done: Thread Group 1-43
2024-05-09 14:29:58,704 INFO o.a.j.t.JMeterThread: Thread finished: Thread Group 1-43
2024-05-09 14:29:58,721 INFO o.a.j.t.JMeterThread: Thread is done: Thread Group 1-50
2024-05-09 14:29:58,721 INFO o.a.j.t.JMeterThread: Thread finished: Thread Group 1-50
2024-05-09 14:29:58,767 INFO o.a.j.t.JMeterThread: Thread is done: Thread Group 1-65
2024-05-09 14:29:58,767 INFO o.a.j.t.JMeterThread: Thread finished: Thread Group 1-65
2024-05-09 14:29:58,767 INFO o.a.j.t.JMeterThread: Thread is done: Thread Group 1-53
2024-05-09 14:29:58,767 INFO o.a.j.t.JMeterThread: Thread is done: Thread Group 1-57
2024-05-09 14:29:58,767 INFO o.a.j.t.JMeterThread: Thread is done: Thread Group 1-64
2024-05-09 14:29:58,767 INFO o.a.j.t.JMeterThread: Thread finished: Thread Group 1-53
2024-05-09 14:29:58,767 INFO o.a.j.t.JMeterThread: Thread finished: Thread Group 1-64
2024-05-09 14:29:58,767 INFO o.a.j.t.JMeterThread: Thread finished: Thread Group 1-57
2024-05-09 14:29:58,784 INFO o.a.j.t.JMeterThread: Thread is done: Thread Group 1-59
2024-05-09 14:29:58,784 INFO o.a.j.t.JMeterThread: Thread finished: Thread Group 1-59
2024-05-09 14:29:58,786 INFO o.a.j.t.JMeterThread: Thread is done: Thread Group 1-60
2024-05-09 14:29:58,786 INFO o.a.j.t.JMeterThread: Thread is done: Thread Group 1-56
2024-05-09 14:29:58,786 INFO o.a.j.t.JMeterThread: Thread finished: Thread Group 1-60
2024-05-09 14:29:58,786 INFO o.a.j.t.JMeterThread: Thread finished: Thread Group 1-56
2024-05-09 14:29:58,831 INFO o.a.j.t.JMeterThread: Thread is done: Thread Group 1-70
2024-05-09 14:29:58,832 INFO o.a.j.t.JMeterThread: Thread finished: Thread Group 1-70
2024-05-09 14:29:58,847 INFO o.a.j.t.JMeterThread: Thread is done: Thread Group 1-66
2024-05-09 14:29:58,847 INFO o.a.j.t.JMeterThread: Thread finished: Thread Group 1-66
2024-05-09 14:29:58,852 INFO o.a.j.t.JMeterThread: Thread is done: Thread Group 1-62
2024-05-09 14:29:58,852 INFO o.a.j.t.JMeterThread: Thread finished: Thread Group 1-62
2024-05-09 14:29:58,869 INFO o.a.j.t.JMeterThread: Thread is done: Thread Group 1-63
2024-05-09 14:29:58,869 INFO o.a.j.t.JMeterThread: Thread is done: Thread Group 1-78
2024-05-09 14:29:58,869 INFO o.a.j.t.JMeterThread: Thread finished: Thread Group 1-63
2024-05-09 14:29:58,869 INFO o.a.j.t.JMeterThread: Thread finished: Thread Group 1-78
2024-05-09 14:29:58,888 INFO o.a.j.t.JMeterThread: Thread is done: Thread Group 1-67
2024-05-09 14:29:58,889 INFO o.a.j.t.JMeterThread: Thread is done: Thread Group 1-61
2024-05-09 14:29:58,889 INFO o.a.j.t.JMeterThread: Thread finished: Thread Group 1-67
2024-05-09 14:29:58,889 INFO o.a.j.t.JMeterThread: Thread finished: Thread Group 1-61
2024-05-09 14:29:58,889 INFO o.a.j.t.JMeterThread: Thread is done: Thread Group 1-68
2024-05-09 14:29:58,889 INFO o.a.j.t.JMeterThread: Thread finished: Thread Group 1-68
2024-05-09 14:29:58,895 INFO o.a.j.t.JMeterThread: Thread is done: Thread Group 1-55
2024-05-09 14:29:58,895 INFO o.a.j.t.JMeterThread: Thread finished: Thread Group 1-55
2024-05-09 14:29:58,895 INFO o.a.j.t.JMeterThread: Thread is done: Thread Group 1-74
2024-05-09 14:29:58,895 INFO o.a.j.t.JMeterThread: Thread finished: Thread Group 1-74
2024-05-09 14:29:58,911 INFO o.a.j.t.JMeterThread: Thread is done: Thread Group 1-69
2024-05-09 14:29:58,911 INFO o.a.j.t.JMeterThread: Thread finished: Thread Group 1-69
2024-05-09 14:29:58,916 INFO o.a.j.t.JMeterThread: Thread is done: Thread Group 1-58
2024-05-09 14:29:58,916 INFO o.a.j.t.JMeterThread: Thread finished: Thread Group 1-58
2024-05-09 14:29:58,962 INFO o.a.j.t.JMeterThread: Thread is done: Thread Group 1-72
2024-05-09 14:29:58,962 INFO o.a.j.t.JMeterThread: Thread finished: Thread Group 1-72
2024-05-09 14:29:58,975 INFO o.a.j.t.JMeterThread: Thread is done: Thread Group 1-71
2024-05-09 14:29:58,975 INFO o.a.j.t.JMeterThread: Thread is done: Thread Group 1-75
2024-05-09 14:29:58,975 INFO o.a.j.t.JMeterThread: Thread finished: Thread Group 1-71
2024-05-09 14:29:58,975 INFO o.a.j.t.JMeterThread: Thread finished: Thread Group 1-75
2024-05-09 14:29:58,977 INFO o.a.j.t.JMeterThread: Thread is done: Thread Group 1-76
2024-05-09 14:29:58,977 INFO o.a.j.t.JMeterThread: Thread finished: Thread Group 1-76
2024-05-09 14:29:58,982 INFO o.a.j.t.JMeterThread: Thread is done: Thread Group 1-79
2024-05-09 14:29:58,983 INFO o.a.j.t.JMeterThread: Thread finished: Thread Group 1-79
2024-05-09 14:29:59,017 INFO o.a.j.t.JMeterThread: Thread is done: Thread Group 1-85
2024-05-09 14:29:59,018 INFO o.a.j.t.JMeterThread: Thread finished: Thread Group 1-85
2024-05-09 14:29:59,028 INFO o.a.j.t.JMeterThread: Thread is done: Thread Group 1-73
2024-05-09 14:29:59,028 INFO o.a.j.t.JMeterThread: Thread finished: Thread Group 1-73
2024-05-09 14:29:59,029 INFO o.a.j.t.JMeterThread: Thread is done: Thread Group 1-80
2024-05-09 14:29:59,029 INFO o.a.j.t.JMeterThread: Thread finished: Thread Group 1-80
2024-05-09 14:29:59,035 INFO o.a.j.t.JMeterThread: Thread is done: Thread Group 1-84
2024-05-09 14:29:59,035 INFO o.a.j.t.JMeterThread: Thread finished: Thread Group 1-84
2024-05-09 14:29:59,044 INFO o.a.j.t.JMeterThread: Thread is done: Thread Group 1-91
2024-05-09 14:29:59,044 INFO o.a.j.t.JMeterThread: Thread finished: Thread Group 1-91
2024-05-09 14:29:59,044 INFO o.a.j.t.JMeterThread: Thread is done: Thread Group 1-77
2024-05-09 14:29:59,045 INFO o.a.j.t.JMeterThread: Thread finished: Thread Group 1-77
2024-05-09 14:29:59,090 INFO o.a.j.t.JMeterThread: Thread is done: Thread Group 1-90
2024-05-09 14:29:59,090 INFO o.a.j.t.JMeterThread: Thread is done: Thread Group 1-89
2024-05-09 14:29:59,090 INFO o.a.j.t.JMeterThread: Thread is done: Thread Group 1-83
2024-05-09 14:29:59,090 INFO o.a.j.t.JMeterThread: Thread finished: Thread Group 1-90
2024-05-09 14:29:59,090 INFO o.a.j.t.JMeterThread: Thread finished: Thread Group 1-83
2024-05-09 14:29:59,090 INFO o.a.j.t.JMeterThread: Thread finished: Thread Group 1-89
2024-05-09 14:29:59,111 INFO o.a.j.t.JMeterThread: Thread is done: Thread Group 1-88
2024-05-09 14:29:59,111 INFO o.a.j.t.JMeterThread: Thread finished: Thread Group 1-88
2024-05-09 14:29:59,145 INFO o.a.j.t.JMeterThread: Thread is done: Thread Group 1-82
2024-05-09 14:29:59,146 INFO o.a.j.t.JMeterThread: Thread finished: Thread Group 1-82
2024-05-09 14:29:59,150 INFO o.a.j.t.JMeterThread: Thread is done: Thread Group 1-81
2024-05-09 14:29:59,150 INFO o.a.j.t.JMeterThread: Thread is done: Thread Group 1-96
2024-05-09 14:29:59,150 INFO o.a.j.t.JMeterThread: Thread finished: Thread Group 1-81
2024-05-09 14:29:59,150 INFO o.a.j.t.JMeterThread: Thread finished: Thread Group 1-96
2024-05-09 14:29:59,160 INFO o.a.j.t.JMeterThread: Thread is done: Thread Group 1-97
2024-05-09 14:29:59,160 INFO o.a.j.t.JMeterThread: Thread finished: Thread Group 1-97
2024-05-09 14:29:59,161 INFO o.a.j.t.JMeterThread: Thread is done: Thread Group 1-98
2024-05-09 14:29:59,161 INFO o.a.j.t.JMeterThread: Thread finished: Thread Group 1-98
2024-05-09 14:29:59,172 INFO o.a.j.t.JMeterThread: Thread is done: Thread Group 1-95
2024-05-09 14:29:59,172 INFO o.a.j.t.JMeterThread: Thread is done: Thread Group 1-93
2024-05-09 14:29:59,172 INFO o.a.j.t.JMeterThread: Thread is done: Thread Group 1-87
2024-05-09 14:29:59,172 INFO o.a.j.t.JMeterThread: Thread finished: Thread Group 1-95
2024-05-09 14:29:59,172 INFO o.a.j.t.JMeterThread: Thread finished: Thread Group 1-93
2024-05-09 14:29:59,172 INFO o.a.j.t.JMeterThread: Thread finished: Thread Group 1-87
2024-05-09 14:29:59,219 INFO o.a.j.t.JMeterThread: Thread is done: Thread Group 1-100
2024-05-09 14:29:59,219 INFO o.a.j.t.JMeterThread: Thread finished: Thread Group 1-100
2024-05-09 14:29:59,228 INFO o.a.j.t.JMeterThread: Thread is done: Thread Group 1-92
2024-05-09 14:29:59,228 INFO o.a.j.t.JMeterThread: Thread finished: Thread Group 1-92
2024-05-09 14:29:59,275 INFO o.a.j.t.JMeterThread: Thread is done: Thread Group 1-99
2024-05-09 14:29:59,275 INFO o.a.j.t.JMeterThread: Thread is done: Thread Group 1-86
2024-05-09 14:29:59,275 INFO o.a.j.t.JMeterThread: Thread finished: Thread Group 1-99
2024-05-09 14:29:59,275 INFO o.a.j.t.JMeterThread: Thread finished: Thread Group 1-86
2024-05-09 14:29:59,276 INFO o.a.j.t.JMeterThread: Thread is done: Thread Group 1-94
2024-05-09 14:29:59,277 INFO o.a.j.t.JMeterThread: Thread finished: Thread Group 1-94
2024-05-09 14:29:59,277 INFO o.a.j.e.StandardJMeterEngine: Notifying test listeners of end of test
2024-05-09 14:29:59,278 INFO o.a.j.r.Summariser: summary +  19999 in 00:00:26 =  770.6/s Avg:   125 Min:   121 Max:   192 Err:     0 (0.00%) Active: 0 Started: 100 Finished: 100
2024-05-09 14:29:59,278 INFO o.a.j.r.Summariser: summary =  20000 in 00:00:26 =  759.3/s Avg:   125 Min:   121 Max:   192 Err:     0 (0.00%)
