2024-05-09 14:27:59,609 INFO o.a.j.u.JMeterUtils: Setting Locale to en_EN
2024-05-09 14:27:59,620 INFO o.a.j.JMeter: Loading user properties from: /root/PrivateCloudContainer/PCC-5th-PoC/Utils/JMeter/apache-jmeter-5.1/bin/user.properties
2024-05-09 14:27:59,621 INFO o.a.j.JMeter: Loading system properties from: /root/PrivateCloudContainer/PCC-5th-PoC/Utils/JMeter/apache-jmeter-5.1/bin/system.properties
2024-05-09 14:27:59,625 INFO o.a.j.JMeter: Copyright (c) 1998-2019 The Apache Software Foundation
2024-05-09 14:27:59,625 INFO o.a.j.JMeter: Version 5.1 r1853635
2024-05-09 14:27:59,625 INFO o.a.j.JMeter: java.version=1.8.0_402
2024-05-09 14:27:59,625 INFO o.a.j.JMeter: java.vm.name=OpenJDK 64-Bit Server VM
2024-05-09 14:27:59,625 INFO o.a.j.JMeter: os.name=Linux
2024-05-09 14:27:59,625 INFO o.a.j.JMeter: os.arch=amd64
2024-05-09 14:27:59,625 INFO o.a.j.JMeter: os.version=5.15.0-105-generic
2024-05-09 14:27:59,625 INFO o.a.j.JMeter: file.encoding=UTF-8
2024-05-09 14:27:59,625 INFO o.a.j.JMeter: java.awt.headless=true
2024-05-09 14:27:59,625 INFO o.a.j.JMeter: Max memory     =1073741824
2024-05-09 14:27:59,625 INFO o.a.j.JMeter: Available Processors =8
2024-05-09 14:27:59,629 INFO o.a.j.JMeter: Default Locale=English (EN)
2024-05-09 14:27:59,629 INFO o.a.j.JMeter: JMeter  Locale=English (EN)
2024-05-09 14:27:59,629 INFO o.a.j.JMeter: JMeterHome=/root/PrivateCloudContainer/PCC-5th-PoC/Utils/JMeter/apache-jmeter-5.1
2024-05-09 14:27:59,629 INFO o.a.j.JMeter: user.dir  =/root/PrivateCloudContainer/PCC-5th-PoC/1_ServiceResponseTime
2024-05-09 14:27:59,630 INFO o.a.j.JMeter: PWD       =/root/PrivateCloudContainer/PCC-5th-PoC/1_ServiceResponseTime
2024-05-09 14:27:59,731 INFO o.a.j.JMeter: IP: 10.0.2.103 Name: master FullName: master
2024-05-09 14:27:59,735 INFO o.a.j.s.FileServer: Default base='/root/PrivateCloudContainer/PCC-5th-PoC/1_ServiceResponseTime'
2024-05-09 14:27:59,737 INFO o.a.j.s.FileServer: Set new base='/root/PrivateCloudContainer/PCC-5th-PoC/1_ServiceResponseTime/./KetiFaaS/jmx'
2024-05-09 14:27:59,834 INFO o.a.j.s.SaveService: Testplan (JMX) version: 2.2. Testlog (JTL) version: 2.2
2024-05-09 14:27:59,840 INFO o.a.j.s.SaveService: Using SaveService properties file encoding UTF-8
2024-05-09 14:27:59,855 INFO o.a.j.s.SaveService: Using SaveService properties version 5.0
2024-05-09 14:27:59,860 INFO o.a.j.s.SaveService: Loading file: ./KetiFaaS/jmx/KetiFaaS-total_request_40000.jmx
2024-05-09 14:27:59,898 INFO o.a.j.p.h.s.HTTPSamplerBase: Parser for text/html is org.apache.jmeter.protocol.http.parser.LagartoBasedHtmlParser
2024-05-09 14:27:59,898 INFO o.a.j.p.h.s.HTTPSamplerBase: Parser for application/xhtml+xml is org.apache.jmeter.protocol.http.parser.LagartoBasedHtmlParser
2024-05-09 14:27:59,898 INFO o.a.j.p.h.s.HTTPSamplerBase: Parser for application/xml is org.apache.jmeter.protocol.http.parser.LagartoBasedHtmlParser
2024-05-09 14:27:59,898 INFO o.a.j.p.h.s.HTTPSamplerBase: Parser for text/xml is org.apache.jmeter.protocol.http.parser.LagartoBasedHtmlParser
2024-05-09 14:27:59,898 INFO o.a.j.p.h.s.HTTPSamplerBase: Parser for text/vnd.wap.wml is org.apache.jmeter.protocol.http.parser.RegexpHTMLParser
2024-05-09 14:27:59,898 INFO o.a.j.p.h.s.HTTPSamplerBase: Parser for text/css is org.apache.jmeter.protocol.http.parser.CssParser
2024-05-09 14:27:59,919 INFO o.a.j.JMeter: Creating summariser <summary>
2024-05-09 14:27:59,924 INFO o.a.j.e.StandardJMeterEngine: Running the test!
2024-05-09 14:27:59,926 INFO o.a.j.s.SampleEvent: List of sample_variables: []
2024-05-09 14:27:59,926 INFO o.a.j.s.SampleEvent: List of sample_variables: []
2024-05-09 14:27:59,931 INFO o.a.j.e.u.CompoundVariable: Note: Function class names must contain the string: '.functions.'
2024-05-09 14:27:59,931 INFO o.a.j.e.u.CompoundVariable: Note: Function class names must not contain the string: '.gui.'
2024-05-09 14:28:00,493 INFO o.a.j.JMeter: Running test (1715232480493)
2024-05-09 14:28:00,572 INFO o.a.j.e.StandardJMeterEngine: Starting ThreadGroup: 1 : Thread Group
2024-05-09 14:28:00,572 INFO o.a.j.e.StandardJMeterEngine: Starting 100 threads for group Thread Group.
2024-05-09 14:28:00,572 INFO o.a.j.e.StandardJMeterEngine: Thread will continue on error
2024-05-09 14:28:00,572 INFO o.a.j.t.ThreadGroup: Starting thread group... number=1 threads=100 ramp-up=1 perThread=10.0 delayedStart=false
2024-05-09 14:28:00,580 INFO o.a.j.t.JMeterThread: Thread started: Thread Group 1-1
2024-05-09 14:28:00,590 INFO o.a.j.t.JMeterThread: Thread started: Thread Group 1-2
2024-05-09 14:28:00,598 INFO o.a.j.p.h.s.HTTPHCAbstractImpl: Local host = master
2024-05-09 14:28:00,599 INFO o.a.j.t.JMeterThread: Thread started: Thread Group 1-3
2024-05-09 14:28:00,604 INFO o.a.j.t.ThreadGroup: Started thread group number 1
2024-05-09 14:28:00,604 INFO o.a.j.p.h.s.HTTPHC4Impl: HTTP request retry count = 0
2024-05-09 14:28:00,604 INFO o.a.j.e.StandardJMeterEngine: All thread groups have been started
2024-05-09 14:28:00,605 INFO o.a.j.s.SampleResult: Note: Sample TimeStamps are START times
2024-05-09 14:28:00,605 INFO o.a.j.s.SampleResult: sampleresult.default.encoding is set to ISO-8859-1
2024-05-09 14:28:00,605 INFO o.a.j.s.SampleResult: sampleresult.useNanoTime=true
2024-05-09 14:28:00,605 INFO o.a.j.s.SampleResult: sampleresult.nanoThreadSleep=5000
2024-05-09 14:28:00,610 INFO o.a.j.t.JMeterThread: Thread started: Thread Group 1-4
2024-05-09 14:28:00,621 INFO o.a.j.t.JMeterThread: Thread started: Thread Group 1-5
2024-05-09 14:28:00,631 INFO o.a.j.t.JMeterThread: Thread started: Thread Group 1-6
2024-05-09 14:28:00,654 INFO o.a.j.t.JMeterThread: Thread started: Thread Group 1-7
2024-05-09 14:28:00,654 INFO o.a.j.t.JMeterThread: Thread started: Thread Group 1-8
2024-05-09 14:28:00,664 INFO o.a.j.t.JMeterThread: Thread started: Thread Group 1-9
2024-05-09 14:28:00,674 INFO o.a.j.t.JMeterThread: Thread started: Thread Group 1-10
2024-05-09 14:28:00,684 INFO o.a.j.t.JMeterThread: Thread started: Thread Group 1-11
2024-05-09 14:28:00,695 INFO o.a.j.t.JMeterThread: Thread started: Thread Group 1-12
2024-05-09 14:28:00,706 INFO o.a.j.t.JMeterThread: Thread started: Thread Group 1-13
2024-05-09 14:28:00,717 INFO o.a.j.t.JMeterThread: Thread started: Thread Group 1-14
2024-05-09 14:28:00,727 INFO o.a.j.t.JMeterThread: Thread started: Thread Group 1-15
2024-05-09 14:28:00,739 INFO o.a.j.t.JMeterThread: Thread started: Thread Group 1-16
2024-05-09 14:28:00,747 INFO o.a.j.t.JMeterThread: Thread started: Thread Group 1-17
2024-05-09 14:28:00,757 INFO o.a.j.t.JMeterThread: Thread started: Thread Group 1-18
2024-05-09 14:28:00,768 INFO o.a.j.t.JMeterThread: Thread started: Thread Group 1-19
2024-05-09 14:28:00,778 INFO o.a.j.t.JMeterThread: Thread started: Thread Group 1-20
2024-05-09 14:28:00,788 INFO o.a.j.t.JMeterThread: Thread started: Thread Group 1-21
2024-05-09 14:28:00,798 INFO o.a.j.t.JMeterThread: Thread started: Thread Group 1-22
2024-05-09 14:28:00,809 INFO o.a.j.t.JMeterThread: Thread started: Thread Group 1-23
2024-05-09 14:28:00,819 INFO o.a.j.t.JMeterThread: Thread started: Thread Group 1-24
2024-05-09 14:28:00,829 INFO o.a.j.t.JMeterThread: Thread started: Thread Group 1-25
2024-05-09 14:28:00,839 INFO o.a.j.t.JMeterThread: Thread started: Thread Group 1-26
2024-05-09 14:28:00,849 INFO o.a.j.t.JMeterThread: Thread started: Thread Group 1-27
2024-05-09 14:28:00,860 INFO o.a.j.t.JMeterThread: Thread started: Thread Group 1-28
2024-05-09 14:28:00,870 INFO o.a.j.t.JMeterThread: Thread started: Thread Group 1-29
2024-05-09 14:28:00,872 INFO o.a.j.r.Summariser: summary +      1 in 00:00:00 =    2.7/s Avg:   169 Min:   169 Max:   169 Err:     0 (0.00%) Active: 28 Started: 28 Finished: 0
2024-05-09 14:28:00,873 INFO o.a.j.u.JsseSSLManager: Using default SSL protocol: TLS
2024-05-09 14:28:00,873 INFO o.a.j.u.JsseSSLManager: SSL session context: per-thread
2024-05-09 14:28:00,880 INFO o.a.j.t.JMeterThread: Thread started: Thread Group 1-30
2024-05-09 14:28:00,890 INFO o.a.j.t.JMeterThread: Thread started: Thread Group 1-31
2024-05-09 14:28:00,900 INFO o.a.j.t.JMeterThread: Thread started: Thread Group 1-32
2024-05-09 14:28:00,911 INFO o.a.j.t.JMeterThread: Thread started: Thread Group 1-33
2024-05-09 14:28:00,921 INFO o.a.j.t.JMeterThread: Thread started: Thread Group 1-34
2024-05-09 14:28:00,931 INFO o.a.j.t.JMeterThread: Thread started: Thread Group 1-35
2024-05-09 14:28:00,941 INFO o.a.j.t.JMeterThread: Thread started: Thread Group 1-36
2024-05-09 14:28:00,952 INFO o.a.j.t.JMeterThread: Thread started: Thread Group 1-37
2024-05-09 14:28:00,969 INFO o.a.j.t.JMeterThread: Thread started: Thread Group 1-38
2024-05-09 14:28:00,972 INFO o.a.j.t.JMeterThread: Thread started: Thread Group 1-39
2024-05-09 14:28:00,982 INFO o.a.j.t.JMeterThread: Thread started: Thread Group 1-40
2024-05-09 14:28:00,993 INFO o.a.j.t.JMeterThread: Thread started: Thread Group 1-41
2024-05-09 14:28:01,003 INFO o.a.j.t.JMeterThread: Thread started: Thread Group 1-42
2024-05-09 14:28:01,013 INFO o.a.j.t.JMeterThread: Thread started: Thread Group 1-43
2024-05-09 14:28:01,024 INFO o.a.j.t.JMeterThread: Thread started: Thread Group 1-44
2024-05-09 14:28:01,034 INFO o.a.j.t.JMeterThread: Thread started: Thread Group 1-45
2024-05-09 14:28:01,044 INFO o.a.j.t.JMeterThread: Thread started: Thread Group 1-46
2024-05-09 14:28:01,054 INFO o.a.j.t.JMeterThread: Thread started: Thread Group 1-47
2024-05-09 14:28:01,064 INFO o.a.j.t.JMeterThread: Thread started: Thread Group 1-48
2024-05-09 14:28:01,075 INFO o.a.j.t.JMeterThread: Thread started: Thread Group 1-49
2024-05-09 14:28:01,085 INFO o.a.j.t.JMeterThread: Thread started: Thread Group 1-50
2024-05-09 14:28:01,095 INFO o.a.j.t.JMeterThread: Thread started: Thread Group 1-51
2024-05-09 14:28:01,106 INFO o.a.j.t.JMeterThread: Thread started: Thread Group 1-52
2024-05-09 14:28:01,116 INFO o.a.j.t.JMeterThread: Thread started: Thread Group 1-53
2024-05-09 14:28:01,126 INFO o.a.j.t.JMeterThread: Thread started: Thread Group 1-54
2024-05-09 14:28:01,136 INFO o.a.j.t.JMeterThread: Thread started: Thread Group 1-55
2024-05-09 14:28:01,147 INFO o.a.j.t.JMeterThread: Thread started: Thread Group 1-56
2024-05-09 14:28:01,157 INFO o.a.j.t.JMeterThread: Thread started: Thread Group 1-57
2024-05-09 14:28:01,169 INFO o.a.j.t.JMeterThread: Thread started: Thread Group 1-58
2024-05-09 14:28:01,177 INFO o.a.j.t.JMeterThread: Thread started: Thread Group 1-59
2024-05-09 14:28:01,187 INFO o.a.j.t.JMeterThread: Thread started: Thread Group 1-60
2024-05-09 14:28:01,197 INFO o.a.j.t.JMeterThread: Thread started: Thread Group 1-61
2024-05-09 14:28:01,207 INFO o.a.j.t.JMeterThread: Thread started: Thread Group 1-62
2024-05-09 14:28:01,218 INFO o.a.j.t.JMeterThread: Thread started: Thread Group 1-63
2024-05-09 14:28:01,228 INFO o.a.j.t.JMeterThread: Thread started: Thread Group 1-64
2024-05-09 14:28:01,238 INFO o.a.j.t.JMeterThread: Thread started: Thread Group 1-65
2024-05-09 14:28:01,248 INFO o.a.j.t.JMeterThread: Thread started: Thread Group 1-66
2024-05-09 14:28:01,259 INFO o.a.j.t.JMeterThread: Thread started: Thread Group 1-67
2024-05-09 14:28:01,269 INFO o.a.j.t.JMeterThread: Thread started: Thread Group 1-68
2024-05-09 14:28:01,279 INFO o.a.j.t.JMeterThread: Thread started: Thread Group 1-69
2024-05-09 14:28:01,289 INFO o.a.j.t.JMeterThread: Thread started: Thread Group 1-70
2024-05-09 14:28:01,299 INFO o.a.j.t.JMeterThread: Thread started: Thread Group 1-71
2024-05-09 14:28:01,309 INFO o.a.j.t.JMeterThread: Thread started: Thread Group 1-72
2024-05-09 14:28:01,319 INFO o.a.j.t.JMeterThread: Thread started: Thread Group 1-73
2024-05-09 14:28:01,330 INFO o.a.j.t.JMeterThread: Thread started: Thread Group 1-74
2024-05-09 14:28:01,340 INFO o.a.j.t.JMeterThread: Thread started: Thread Group 1-75
2024-05-09 14:28:01,350 INFO o.a.j.t.JMeterThread: Thread started: Thread Group 1-76
2024-05-09 14:28:01,360 INFO o.a.j.t.JMeterThread: Thread started: Thread Group 1-77
2024-05-09 14:28:01,370 INFO o.a.j.t.JMeterThread: Thread started: Thread Group 1-78
2024-05-09 14:28:01,380 INFO o.a.j.t.JMeterThread: Thread started: Thread Group 1-79
2024-05-09 14:28:01,391 INFO o.a.j.t.JMeterThread: Thread started: Thread Group 1-80
2024-05-09 14:28:01,401 INFO o.a.j.t.JMeterThread: Thread started: Thread Group 1-81
2024-05-09 14:28:01,411 INFO o.a.j.t.JMeterThread: Thread started: Thread Group 1-82
2024-05-09 14:28:01,421 INFO o.a.j.t.JMeterThread: Thread started: Thread Group 1-83
2024-05-09 14:28:01,431 INFO o.a.j.t.JMeterThread: Thread started: Thread Group 1-84
2024-05-09 14:28:01,441 INFO o.a.j.t.JMeterThread: Thread started: Thread Group 1-85
2024-05-09 14:28:01,452 INFO o.a.j.t.JMeterThread: Thread started: Thread Group 1-86
2024-05-09 14:28:01,462 INFO o.a.j.t.JMeterThread: Thread started: Thread Group 1-87
2024-05-09 14:28:01,472 INFO o.a.j.t.JMeterThread: Thread started: Thread Group 1-88
2024-05-09 14:28:01,482 INFO o.a.j.t.JMeterThread: Thread started: Thread Group 1-89
2024-05-09 14:28:01,492 INFO o.a.j.t.JMeterThread: Thread started: Thread Group 1-90
2024-05-09 14:28:01,502 INFO o.a.j.t.JMeterThread: Thread started: Thread Group 1-91
2024-05-09 14:28:01,513 INFO o.a.j.t.JMeterThread: Thread started: Thread Group 1-92
2024-05-09 14:28:01,523 INFO o.a.j.t.JMeterThread: Thread started: Thread Group 1-93
2024-05-09 14:28:01,533 INFO o.a.j.t.JMeterThread: Thread started: Thread Group 1-94
2024-05-09 14:28:01,543 INFO o.a.j.t.JMeterThread: Thread started: Thread Group 1-95
2024-05-09 14:28:01,553 INFO o.a.j.t.JMeterThread: Thread started: Thread Group 1-96
2024-05-09 14:28:01,563 INFO o.a.j.t.JMeterThread: Thread started: Thread Group 1-97
2024-05-09 14:28:01,574 INFO o.a.j.t.JMeterThread: Thread started: Thread Group 1-98
2024-05-09 14:28:01,584 INFO o.a.j.t.JMeterThread: Thread started: Thread Group 1-99
2024-05-09 14:28:01,594 INFO o.a.j.t.JMeterThread: Thread started: Thread Group 1-100
2024-05-09 14:28:25,847 INFO o.a.j.t.JMeterThread: Thread is done: Thread Group 1-19
2024-05-09 14:28:25,847 INFO o.a.j.t.JMeterThread: Thread finished: Thread Group 1-19
2024-05-09 14:28:25,848 INFO o.a.j.t.JMeterThread: Thread is done: Thread Group 1-9
2024-05-09 14:28:25,848 INFO o.a.j.t.JMeterThread: Thread finished: Thread Group 1-9
2024-05-09 14:28:25,859 INFO o.a.j.t.JMeterThread: Thread is done: Thread Group 1-18
2024-05-09 14:28:25,859 INFO o.a.j.t.JMeterThread: Thread finished: Thread Group 1-18
2024-05-09 14:28:25,868 INFO o.a.j.t.JMeterThread: Thread is done: Thread Group 1-6
2024-05-09 14:28:25,868 INFO o.a.j.t.JMeterThread: Thread finished: Thread Group 1-6
2024-05-09 14:28:25,884 INFO o.a.j.t.JMeterThread: Thread is done: Thread Group 1-1
2024-05-09 14:28:25,884 INFO o.a.j.t.JMeterThread: Thread finished: Thread Group 1-1
2024-05-09 14:28:25,907 INFO o.a.j.t.JMeterThread: Thread is done: Thread Group 1-4
2024-05-09 14:28:25,907 INFO o.a.j.t.JMeterThread: Thread finished: Thread Group 1-4
2024-05-09 14:28:25,907 INFO o.a.j.t.JMeterThread: Thread is done: Thread Group 1-17
2024-05-09 14:28:25,907 INFO o.a.j.t.JMeterThread: Thread finished: Thread Group 1-17
2024-05-09 14:28:25,909 INFO o.a.j.t.JMeterThread: Thread is done: Thread Group 1-20
2024-05-09 14:28:25,909 INFO o.a.j.t.JMeterThread: Thread finished: Thread Group 1-20
2024-05-09 14:28:25,917 INFO o.a.j.t.JMeterThread: Thread is done: Thread Group 1-15
2024-05-09 14:28:25,917 INFO o.a.j.t.JMeterThread: Thread finished: Thread Group 1-15
2024-05-09 14:28:25,918 INFO o.a.j.t.JMeterThread: Thread is done: Thread Group 1-5
2024-05-09 14:28:25,919 INFO o.a.j.t.JMeterThread: Thread finished: Thread Group 1-5
2024-05-09 14:28:25,936 INFO o.a.j.t.JMeterThread: Thread is done: Thread Group 1-12
2024-05-09 14:28:25,937 INFO o.a.j.t.JMeterThread: Thread finished: Thread Group 1-12
2024-05-09 14:28:25,981 INFO o.a.j.t.JMeterThread: Thread is done: Thread Group 1-3
2024-05-09 14:28:25,981 INFO o.a.j.t.JMeterThread: Thread is done: Thread Group 1-29
2024-05-09 14:28:25,981 INFO o.a.j.t.JMeterThread: Thread finished: Thread Group 1-3
2024-05-09 14:28:25,981 INFO o.a.j.t.JMeterThread: Thread is done: Thread Group 1-23
2024-05-09 14:28:25,982 INFO o.a.j.t.JMeterThread: Thread finished: Thread Group 1-23
2024-05-09 14:28:25,982 INFO o.a.j.t.JMeterThread: Thread finished: Thread Group 1-29
2024-05-09 14:28:25,993 INFO o.a.j.t.JMeterThread: Thread is done: Thread Group 1-21
2024-05-09 14:28:25,994 INFO o.a.j.t.JMeterThread: Thread finished: Thread Group 1-21
2024-05-09 14:28:26,005 INFO o.a.j.t.JMeterThread: Thread is done: Thread Group 1-8
2024-05-09 14:28:26,005 INFO o.a.j.t.JMeterThread: Thread finished: Thread Group 1-8
2024-05-09 14:28:26,007 INFO o.a.j.t.JMeterThread: Thread is done: Thread Group 1-14
2024-05-09 14:28:26,007 INFO o.a.j.t.JMeterThread: Thread is done: Thread Group 1-16
2024-05-09 14:28:26,007 INFO o.a.j.t.JMeterThread: Thread finished: Thread Group 1-14
2024-05-09 14:28:26,007 INFO o.a.j.t.JMeterThread: Thread finished: Thread Group 1-16
2024-05-09 14:28:26,007 INFO o.a.j.t.JMeterThread: Thread is done: Thread Group 1-2
2024-05-09 14:28:26,007 INFO o.a.j.t.JMeterThread: Thread finished: Thread Group 1-2
2024-05-09 14:28:26,009 INFO o.a.j.t.JMeterThread: Thread is done: Thread Group 1-10
2024-05-09 14:28:26,009 INFO o.a.j.t.JMeterThread: Thread finished: Thread Group 1-10
2024-05-09 14:28:26,009 INFO o.a.j.t.JMeterThread: Thread is done: Thread Group 1-25
2024-05-09 14:28:26,010 INFO o.a.j.t.JMeterThread: Thread finished: Thread Group 1-25
2024-05-09 14:28:26,011 INFO o.a.j.t.JMeterThread: Thread is done: Thread Group 1-28
2024-05-09 14:28:26,011 INFO o.a.j.t.JMeterThread: Thread finished: Thread Group 1-28
2024-05-09 14:28:26,012 INFO o.a.j.t.JMeterThread: Thread is done: Thread Group 1-24
2024-05-09 14:28:26,012 INFO o.a.j.t.JMeterThread: Thread finished: Thread Group 1-24
2024-05-09 14:28:26,013 INFO o.a.j.t.JMeterThread: Thread is done: Thread Group 1-40
2024-05-09 14:28:26,014 INFO o.a.j.t.JMeterThread: Thread finished: Thread Group 1-40
2024-05-09 14:28:26,014 INFO o.a.j.t.JMeterThread: Thread is done: Thread Group 1-31
2024-05-09 14:28:26,014 INFO o.a.j.t.JMeterThread: Thread finished: Thread Group 1-31
2024-05-09 14:28:26,014 INFO o.a.j.t.JMeterThread: Thread is done: Thread Group 1-32
2024-05-09 14:28:26,014 INFO o.a.j.t.JMeterThread: Thread finished: Thread Group 1-32
2024-05-09 14:28:26,035 INFO o.a.j.t.JMeterThread: Thread is done: Thread Group 1-7
2024-05-09 14:28:26,035 INFO o.a.j.t.JMeterThread: Thread finished: Thread Group 1-7
2024-05-09 14:28:26,040 INFO o.a.j.t.JMeterThread: Thread is done: Thread Group 1-27
2024-05-09 14:28:26,040 INFO o.a.j.t.JMeterThread: Thread finished: Thread Group 1-27
2024-05-09 14:28:26,047 INFO o.a.j.t.JMeterThread: Thread is done: Thread Group 1-36
2024-05-09 14:28:26,047 INFO o.a.j.t.JMeterThread: Thread finished: Thread Group 1-36
2024-05-09 14:28:26,047 INFO o.a.j.t.JMeterThread: Thread is done: Thread Group 1-11
2024-05-09 14:28:26,047 INFO o.a.j.t.JMeterThread: Thread finished: Thread Group 1-11
2024-05-09 14:28:26,047 INFO o.a.j.t.JMeterThread: Thread is done: Thread Group 1-26
2024-05-09 14:28:26,047 INFO o.a.j.t.JMeterThread: Thread finished: Thread Group 1-26
2024-05-09 14:28:26,048 INFO o.a.j.t.JMeterThread: Thread is done: Thread Group 1-30
2024-05-09 14:28:26,048 INFO o.a.j.t.JMeterThread: Thread finished: Thread Group 1-30
2024-05-09 14:28:26,121 INFO o.a.j.t.JMeterThread: Thread is done: Thread Group 1-35
2024-05-09 14:28:26,122 INFO o.a.j.t.JMeterThread: Thread finished: Thread Group 1-35
2024-05-09 14:28:26,127 INFO o.a.j.t.JMeterThread: Thread is done: Thread Group 1-22
2024-05-09 14:28:26,128 INFO o.a.j.t.JMeterThread: Thread finished: Thread Group 1-22
2024-05-09 14:28:26,128 INFO o.a.j.t.JMeterThread: Thread is done: Thread Group 1-13
2024-05-09 14:28:26,128 INFO o.a.j.t.JMeterThread: Thread finished: Thread Group 1-13
2024-05-09 14:28:26,134 INFO o.a.j.t.JMeterThread: Thread is done: Thread Group 1-39
2024-05-09 14:28:26,134 INFO o.a.j.t.JMeterThread: Thread finished: Thread Group 1-39
2024-05-09 14:28:26,142 INFO o.a.j.t.JMeterThread: Thread is done: Thread Group 1-34
2024-05-09 14:28:26,142 INFO o.a.j.t.JMeterThread: Thread finished: Thread Group 1-34
2024-05-09 14:28:26,148 INFO o.a.j.t.JMeterThread: Thread is done: Thread Group 1-33
2024-05-09 14:28:26,148 INFO o.a.j.t.JMeterThread: Thread finished: Thread Group 1-33
2024-05-09 14:28:26,148 INFO o.a.j.t.JMeterThread: Thread is done: Thread Group 1-42
2024-05-09 14:28:26,148 INFO o.a.j.t.JMeterThread: Thread finished: Thread Group 1-42
2024-05-09 14:28:26,149 INFO o.a.j.t.JMeterThread: Thread is done: Thread Group 1-41
2024-05-09 14:28:26,149 INFO o.a.j.t.JMeterThread: Thread finished: Thread Group 1-41
2024-05-09 14:28:26,150 INFO o.a.j.t.JMeterThread: Thread is done: Thread Group 1-37
2024-05-09 14:28:26,150 INFO o.a.j.t.JMeterThread: Thread finished: Thread Group 1-37
2024-05-09 14:28:26,175 INFO o.a.j.t.JMeterThread: Thread is done: Thread Group 1-45
2024-05-09 14:28:26,175 INFO o.a.j.t.JMeterThread: Thread is done: Thread Group 1-46
2024-05-09 14:28:26,175 INFO o.a.j.t.JMeterThread: Thread finished: Thread Group 1-45
2024-05-09 14:28:26,175 INFO o.a.j.t.JMeterThread: Thread finished: Thread Group 1-46
2024-05-09 14:28:26,179 INFO o.a.j.t.JMeterThread: Thread is done: Thread Group 1-38
2024-05-09 14:28:26,179 INFO o.a.j.t.JMeterThread: Thread finished: Thread Group 1-38
2024-05-09 14:28:26,253 INFO o.a.j.t.JMeterThread: Thread is done: Thread Group 1-53
2024-05-09 14:28:26,253 INFO o.a.j.t.JMeterThread: Thread finished: Thread Group 1-53
2024-05-09 14:28:26,263 INFO o.a.j.t.JMeterThread: Thread is done: Thread Group 1-48
2024-05-09 14:28:26,263 INFO o.a.j.t.JMeterThread: Thread finished: Thread Group 1-48
2024-05-09 14:28:26,263 INFO o.a.j.t.JMeterThread: Thread is done: Thread Group 1-49
2024-05-09 14:28:26,263 INFO o.a.j.t.JMeterThread: Thread finished: Thread Group 1-49
2024-05-09 14:28:26,269 INFO o.a.j.t.JMeterThread: Thread is done: Thread Group 1-43
2024-05-09 14:28:26,269 INFO o.a.j.t.JMeterThread: Thread finished: Thread Group 1-43
2024-05-09 14:28:26,272 INFO o.a.j.t.JMeterThread: Thread is done: Thread Group 1-47
2024-05-09 14:28:26,272 INFO o.a.j.t.JMeterThread: Thread finished: Thread Group 1-47
2024-05-09 14:28:26,276 INFO o.a.j.t.JMeterThread: Thread is done: Thread Group 1-51
2024-05-09 14:28:26,276 INFO o.a.j.t.JMeterThread: Thread finished: Thread Group 1-51
2024-05-09 14:28:26,287 INFO o.a.j.t.JMeterThread: Thread is done: Thread Group 1-64
2024-05-09 14:28:26,287 INFO o.a.j.t.JMeterThread: Thread is done: Thread Group 1-52
2024-05-09 14:28:26,287 INFO o.a.j.t.JMeterThread: Thread is done: Thread Group 1-57
2024-05-09 14:28:26,288 INFO o.a.j.t.JMeterThread: Thread finished: Thread Group 1-64
2024-05-09 14:28:26,288 INFO o.a.j.t.JMeterThread: Thread finished: Thread Group 1-52
2024-05-09 14:28:26,288 INFO o.a.j.t.JMeterThread: Thread finished: Thread Group 1-57
2024-05-09 14:28:26,289 INFO o.a.j.t.JMeterThread: Thread is done: Thread Group 1-44
2024-05-09 14:28:26,289 INFO o.a.j.t.JMeterThread: Thread is done: Thread Group 1-55
2024-05-09 14:28:26,289 INFO o.a.j.t.JMeterThread: Thread finished: Thread Group 1-44
2024-05-09 14:28:26,289 INFO o.a.j.t.JMeterThread: Thread finished: Thread Group 1-55
2024-05-09 14:28:26,375 INFO o.a.j.t.JMeterThread: Thread is done: Thread Group 1-63
2024-05-09 14:28:26,375 INFO o.a.j.t.JMeterThread: Thread finished: Thread Group 1-63
2024-05-09 14:28:26,391 INFO o.a.j.t.JMeterThread: Thread is done: Thread Group 1-60
2024-05-09 14:28:26,391 INFO o.a.j.t.JMeterThread: Thread finished: Thread Group 1-60
2024-05-09 14:28:26,392 INFO o.a.j.t.JMeterThread: Thread is done: Thread Group 1-54
2024-05-09 14:28:26,392 INFO o.a.j.t.JMeterThread: Thread finished: Thread Group 1-54
2024-05-09 14:28:26,397 INFO o.a.j.t.JMeterThread: Thread is done: Thread Group 1-65
2024-05-09 14:28:26,397 INFO o.a.j.t.JMeterThread: Thread finished: Thread Group 1-65
2024-05-09 14:28:26,408 INFO o.a.j.t.JMeterThread: Thread is done: Thread Group 1-58
2024-05-09 14:28:26,408 INFO o.a.j.t.JMeterThread: Thread is done: Thread Group 1-67
2024-05-09 14:28:26,408 INFO o.a.j.t.JMeterThread: Thread finished: Thread Group 1-58
2024-05-09 14:28:26,408 INFO o.a.j.t.JMeterThread: Thread finished: Thread Group 1-67
2024-05-09 14:28:26,408 INFO o.a.j.t.JMeterThread: Thread is done: Thread Group 1-59
2024-05-09 14:28:26,408 INFO o.a.j.t.JMeterThread: Thread finished: Thread Group 1-59
2024-05-09 14:28:26,419 INFO o.a.j.t.JMeterThread: Thread is done: Thread Group 1-56
2024-05-09 14:28:26,419 INFO o.a.j.t.JMeterThread: Thread finished: Thread Group 1-56
2024-05-09 14:28:26,419 INFO o.a.j.t.JMeterThread: Thread is done: Thread Group 1-74
2024-05-09 14:28:26,419 INFO o.a.j.t.JMeterThread: Thread is done: Thread Group 1-50
2024-05-09 14:28:26,419 INFO o.a.j.t.JMeterThread: Thread finished: Thread Group 1-74
2024-05-09 14:28:26,419 INFO o.a.j.t.JMeterThread: Thread finished: Thread Group 1-50
2024-05-09 14:28:26,419 INFO o.a.j.t.JMeterThread: Thread is done: Thread Group 1-66
2024-05-09 14:28:26,419 INFO o.a.j.t.JMeterThread: Thread finished: Thread Group 1-66
2024-05-09 14:28:26,429 INFO o.a.j.t.JMeterThread: Thread is done: Thread Group 1-70
2024-05-09 14:28:26,429 INFO o.a.j.t.JMeterThread: Thread finished: Thread Group 1-70
2024-05-09 14:28:26,430 INFO o.a.j.t.JMeterThread: Thread is done: Thread Group 1-61
2024-05-09 14:28:26,430 INFO o.a.j.t.JMeterThread: Thread finished: Thread Group 1-61
2024-05-09 14:28:26,503 INFO o.a.j.t.JMeterThread: Thread is done: Thread Group 1-68
2024-05-09 14:28:26,503 INFO o.a.j.t.JMeterThread: Thread is done: Thread Group 1-62
2024-05-09 14:28:26,504 INFO o.a.j.t.JMeterThread: Thread finished: Thread Group 1-68
2024-05-09 14:28:26,504 INFO o.a.j.t.JMeterThread: Thread finished: Thread Group 1-62
2024-05-09 14:28:26,518 INFO o.a.j.t.JMeterThread: Thread is done: Thread Group 1-75
2024-05-09 14:28:26,518 INFO o.a.j.t.JMeterThread: Thread finished: Thread Group 1-75
2024-05-09 14:28:26,518 INFO o.a.j.t.JMeterThread: Thread is done: Thread Group 1-79
2024-05-09 14:28:26,519 INFO o.a.j.t.JMeterThread: Thread finished: Thread Group 1-79
2024-05-09 14:28:26,529 INFO o.a.j.t.JMeterThread: Thread is done: Thread Group 1-81
2024-05-09 14:28:26,529 INFO o.a.j.t.JMeterThread: Thread is done: Thread Group 1-76
2024-05-09 14:28:26,529 INFO o.a.j.t.JMeterThread: Thread finished: Thread Group 1-81
2024-05-09 14:28:26,529 INFO o.a.j.t.JMeterThread: Thread finished: Thread Group 1-76
2024-05-09 14:28:26,535 INFO o.a.j.t.JMeterThread: Thread is done: Thread Group 1-72
2024-05-09 14:28:26,535 INFO o.a.j.t.JMeterThread: Thread finished: Thread Group 1-72
2024-05-09 14:28:26,546 INFO o.a.j.t.JMeterThread: Thread is done: Thread Group 1-78
2024-05-09 14:28:26,546 INFO o.a.j.t.JMeterThread: Thread finished: Thread Group 1-78
2024-05-09 14:28:26,546 INFO o.a.j.t.JMeterThread: Thread is done: Thread Group 1-73
2024-05-09 14:28:26,546 INFO o.a.j.t.JMeterThread: Thread is done: Thread Group 1-71
2024-05-09 14:28:26,546 INFO o.a.j.t.JMeterThread: Thread finished: Thread Group 1-73
2024-05-09 14:28:26,546 INFO o.a.j.t.JMeterThread: Thread is done: Thread Group 1-77
2024-05-09 14:28:26,547 INFO o.a.j.t.JMeterThread: Thread finished: Thread Group 1-71
2024-05-09 14:28:26,547 INFO o.a.j.t.JMeterThread: Thread finished: Thread Group 1-77
2024-05-09 14:28:26,555 INFO o.a.j.t.JMeterThread: Thread is done: Thread Group 1-82
2024-05-09 14:28:26,555 INFO o.a.j.t.JMeterThread: Thread finished: Thread Group 1-82
2024-05-09 14:28:26,557 INFO o.a.j.t.JMeterThread: Thread is done: Thread Group 1-69
2024-05-09 14:28:26,557 INFO o.a.j.t.JMeterThread: Thread finished: Thread Group 1-69
2024-05-09 14:28:26,645 INFO o.a.j.t.JMeterThread: Thread is done: Thread Group 1-85
2024-05-09 14:28:26,645 INFO o.a.j.t.JMeterThread: Thread is done: Thread Group 1-88
2024-05-09 14:28:26,645 INFO o.a.j.t.JMeterThread: Thread finished: Thread Group 1-85
2024-05-09 14:28:26,645 INFO o.a.j.t.JMeterThread: Thread finished: Thread Group 1-88
2024-05-09 14:28:26,656 INFO o.a.j.t.JMeterThread: Thread is done: Thread Group 1-83
2024-05-09 14:28:26,657 INFO o.a.j.t.JMeterThread: Thread finished: Thread Group 1-83
2024-05-09 14:28:26,661 INFO o.a.j.t.JMeterThread: Thread is done: Thread Group 1-91
2024-05-09 14:28:26,661 INFO o.a.j.t.JMeterThread: Thread finished: Thread Group 1-91
2024-05-09 14:28:26,661 INFO o.a.j.t.JMeterThread: Thread is done: Thread Group 1-90
2024-05-09 14:28:26,661 INFO o.a.j.t.JMeterThread: Thread finished: Thread Group 1-90
2024-05-09 14:28:26,662 INFO o.a.j.t.JMeterThread: Thread is done: Thread Group 1-87
2024-05-09 14:28:26,662 INFO o.a.j.t.JMeterThread: Thread finished: Thread Group 1-87
2024-05-09 14:28:26,673 INFO o.a.j.t.JMeterThread: Thread is done: Thread Group 1-86
2024-05-09 14:28:26,673 INFO o.a.j.t.JMeterThread: Thread is done: Thread Group 1-89
2024-05-09 14:28:26,673 INFO o.a.j.t.JMeterThread: Thread is done: Thread Group 1-98
2024-05-09 14:28:26,673 INFO o.a.j.t.JMeterThread: Thread finished: Thread Group 1-86
2024-05-09 14:28:26,673 INFO o.a.j.t.JMeterThread: Thread is done: Thread Group 1-84
2024-05-09 14:28:26,673 INFO o.a.j.t.JMeterThread: Thread finished: Thread Group 1-89
2024-05-09 14:28:26,673 INFO o.a.j.t.JMeterThread: Thread finished: Thread Group 1-84
2024-05-09 14:28:26,673 INFO o.a.j.t.JMeterThread: Thread finished: Thread Group 1-98
2024-05-09 14:28:26,674 INFO o.a.j.t.JMeterThread: Thread is done: Thread Group 1-80
2024-05-09 14:28:26,674 INFO o.a.j.t.JMeterThread: Thread finished: Thread Group 1-80
2024-05-09 14:28:26,755 INFO o.a.j.t.JMeterThread: Thread is done: Thread Group 1-92
2024-05-09 14:28:26,755 INFO o.a.j.t.JMeterThread: Thread finished: Thread Group 1-92
2024-05-09 14:28:26,756 INFO o.a.j.t.JMeterThread: Thread is done: Thread Group 1-99
2024-05-09 14:28:26,756 INFO o.a.j.t.JMeterThread: Thread finished: Thread Group 1-99
2024-05-09 14:28:26,756 INFO o.a.j.t.JMeterThread: Thread is done: Thread Group 1-96
2024-05-09 14:28:26,757 INFO o.a.j.t.JMeterThread: Thread finished: Thread Group 1-96
2024-05-09 14:28:26,757 INFO o.a.j.t.JMeterThread: Thread is done: Thread Group 1-95
2024-05-09 14:28:26,757 INFO o.a.j.t.JMeterThread: Thread finished: Thread Group 1-95
2024-05-09 14:28:26,784 INFO o.a.j.t.JMeterThread: Thread is done: Thread Group 1-93
2024-05-09 14:28:26,784 INFO o.a.j.t.JMeterThread: Thread finished: Thread Group 1-93
2024-05-09 14:28:26,787 INFO o.a.j.t.JMeterThread: Thread is done: Thread Group 1-100
2024-05-09 14:28:26,787 INFO o.a.j.t.JMeterThread: Thread finished: Thread Group 1-100
2024-05-09 14:28:26,808 INFO o.a.j.t.JMeterThread: Thread is done: Thread Group 1-94
2024-05-09 14:28:26,808 INFO o.a.j.t.JMeterThread: Thread finished: Thread Group 1-94
2024-05-09 14:28:26,916 INFO o.a.j.t.JMeterThread: Thread is done: Thread Group 1-97
2024-05-09 14:28:26,916 INFO o.a.j.t.JMeterThread: Thread finished: Thread Group 1-97
2024-05-09 14:28:26,917 INFO o.a.j.e.StandardJMeterEngine: Notifying test listeners of end of test
2024-05-09 14:28:26,918 INFO o.a.j.r.Summariser: summary +  19999 in 00:00:26 =  767.7/s Avg:   125 Min:   121 Max:   198 Err:     0 (0.00%) Active: 0 Started: 100 Finished: 100
2024-05-09 14:28:26,918 INFO o.a.j.r.Summariser: summary =  20000 in 00:00:26 =  756.9/s Avg:   125 Min:   121 Max:   198 Err:     0 (0.00%)
