2024-05-09 14:32:37,244 INFO o.a.j.u.JMeterUtils: Setting Locale to en_EN
2024-05-09 14:32:37,255 INFO o.a.j.JMeter: Loading user properties from: /root/PrivateCloudContainer/PCC-5th-PoC/Utils/JMeter/apache-jmeter-5.1/bin/user.properties
2024-05-09 14:32:37,255 INFO o.a.j.JMeter: Loading system properties from: /root/PrivateCloudContainer/PCC-5th-PoC/Utils/JMeter/apache-jmeter-5.1/bin/system.properties
2024-05-09 14:32:37,259 INFO o.a.j.JMeter: Copyright (c) 1998-2019 The Apache Software Foundation
2024-05-09 14:32:37,259 INFO o.a.j.JMeter: Version 5.1 r1853635
2024-05-09 14:32:37,259 INFO o.a.j.JMeter: java.version=1.8.0_402
2024-05-09 14:32:37,259 INFO o.a.j.JMeter: java.vm.name=OpenJDK 64-Bit Server VM
2024-05-09 14:32:37,260 INFO o.a.j.JMeter: os.name=Linux
2024-05-09 14:32:37,260 INFO o.a.j.JMeter: os.arch=amd64
2024-05-09 14:32:37,260 INFO o.a.j.JMeter: os.version=5.15.0-105-generic
2024-05-09 14:32:37,260 INFO o.a.j.JMeter: file.encoding=UTF-8
2024-05-09 14:32:37,260 INFO o.a.j.JMeter: java.awt.headless=true
2024-05-09 14:32:37,260 INFO o.a.j.JMeter: Max memory     =1073741824
2024-05-09 14:32:37,260 INFO o.a.j.JMeter: Available Processors =8
2024-05-09 14:32:37,263 INFO o.a.j.JMeter: Default Locale=English (EN)
2024-05-09 14:32:37,264 INFO o.a.j.JMeter: JMeter  Locale=English (EN)
2024-05-09 14:32:37,264 INFO o.a.j.JMeter: JMeterHome=/root/PrivateCloudContainer/PCC-5th-PoC/Utils/JMeter/apache-jmeter-5.1
2024-05-09 14:32:37,264 INFO o.a.j.JMeter: user.dir  =/root/PrivateCloudContainer/PCC-5th-PoC/1_ServiceResponseTime
2024-05-09 14:32:37,264 INFO o.a.j.JMeter: PWD       =/root/PrivateCloudContainer/PCC-5th-PoC/1_ServiceResponseTime
2024-05-09 14:32:37,357 INFO o.a.j.JMeter: IP: 10.0.2.103 Name: master FullName: master
2024-05-09 14:32:37,360 INFO o.a.j.s.FileServer: Default base='/root/PrivateCloudContainer/PCC-5th-PoC/1_ServiceResponseTime'
2024-05-09 14:32:37,363 INFO o.a.j.s.FileServer: Set new base='/root/PrivateCloudContainer/PCC-5th-PoC/1_ServiceResponseTime/./KetiFaaS/jmx'
2024-05-09 14:32:37,462 INFO o.a.j.s.SaveService: Testplan (JMX) version: 2.2. Testlog (JTL) version: 2.2
2024-05-09 14:32:37,468 INFO o.a.j.s.SaveService: Using SaveService properties file encoding UTF-8
2024-05-09 14:32:37,484 INFO o.a.j.s.SaveService: Using SaveService properties version 5.0
2024-05-09 14:32:37,489 INFO o.a.j.s.SaveService: Loading file: ./KetiFaaS/jmx/KetiFaaS-total_request_40000.jmx
2024-05-09 14:32:37,525 INFO o.a.j.p.h.s.HTTPSamplerBase: Parser for text/html is org.apache.jmeter.protocol.http.parser.LagartoBasedHtmlParser
2024-05-09 14:32:37,525 INFO o.a.j.p.h.s.HTTPSamplerBase: Parser for application/xhtml+xml is org.apache.jmeter.protocol.http.parser.LagartoBasedHtmlParser
2024-05-09 14:32:37,525 INFO o.a.j.p.h.s.HTTPSamplerBase: Parser for application/xml is org.apache.jmeter.protocol.http.parser.LagartoBasedHtmlParser
2024-05-09 14:32:37,525 INFO o.a.j.p.h.s.HTTPSamplerBase: Parser for text/xml is org.apache.jmeter.protocol.http.parser.LagartoBasedHtmlParser
2024-05-09 14:32:37,525 INFO o.a.j.p.h.s.HTTPSamplerBase: Parser for text/vnd.wap.wml is org.apache.jmeter.protocol.http.parser.RegexpHTMLParser
2024-05-09 14:32:37,526 INFO o.a.j.p.h.s.HTTPSamplerBase: Parser for text/css is org.apache.jmeter.protocol.http.parser.CssParser
2024-05-09 14:32:37,547 INFO o.a.j.JMeter: Creating summariser <summary>
2024-05-09 14:32:37,551 INFO o.a.j.e.StandardJMeterEngine: Running the test!
2024-05-09 14:32:37,553 INFO o.a.j.s.SampleEvent: List of sample_variables: []
2024-05-09 14:32:37,553 INFO o.a.j.s.SampleEvent: List of sample_variables: []
2024-05-09 14:32:37,559 INFO o.a.j.e.u.CompoundVariable: Note: Function class names must contain the string: '.functions.'
2024-05-09 14:32:37,559 INFO o.a.j.e.u.CompoundVariable: Note: Function class names must not contain the string: '.gui.'
2024-05-09 14:32:38,127 INFO o.a.j.JMeter: Running test (1715232758127)
2024-05-09 14:32:38,213 INFO o.a.j.e.StandardJMeterEngine: Starting ThreadGroup: 1 : Thread Group
2024-05-09 14:32:38,214 INFO o.a.j.e.StandardJMeterEngine: Starting 100 threads for group Thread Group.
2024-05-09 14:32:38,214 INFO o.a.j.e.StandardJMeterEngine: Thread will continue on error
2024-05-09 14:32:38,214 INFO o.a.j.t.ThreadGroup: Starting thread group... number=1 threads=100 ramp-up=1 perThread=10.0 delayedStart=false
2024-05-09 14:32:38,222 INFO o.a.j.t.JMeterThread: Thread started: Thread Group 1-1
2024-05-09 14:32:38,233 INFO o.a.j.t.JMeterThread: Thread started: Thread Group 1-2
2024-05-09 14:32:38,240 INFO o.a.j.p.h.s.HTTPHCAbstractImpl: Local host = master
2024-05-09 14:32:38,242 INFO o.a.j.t.JMeterThread: Thread started: Thread Group 1-3
2024-05-09 14:32:38,246 INFO o.a.j.p.h.s.HTTPHC4Impl: HTTP request retry count = 0
2024-05-09 14:32:38,248 INFO o.a.j.s.SampleResult: Note: Sample TimeStamps are START times
2024-05-09 14:32:38,248 INFO o.a.j.s.SampleResult: sampleresult.default.encoding is set to ISO-8859-1
2024-05-09 14:32:38,248 INFO o.a.j.s.SampleResult: sampleresult.useNanoTime=true
2024-05-09 14:32:38,248 INFO o.a.j.s.SampleResult: sampleresult.nanoThreadSleep=5000
2024-05-09 14:32:38,252 INFO o.a.j.t.JMeterThread: Thread started: Thread Group 1-4
2024-05-09 14:32:38,262 INFO o.a.j.t.JMeterThread: Thread started: Thread Group 1-5
2024-05-09 14:32:38,263 INFO o.a.j.t.ThreadGroup: Started thread group number 1
2024-05-09 14:32:38,263 INFO o.a.j.e.StandardJMeterEngine: All thread groups have been started
2024-05-09 14:32:38,272 INFO o.a.j.t.JMeterThread: Thread started: Thread Group 1-6
2024-05-09 14:32:38,283 INFO o.a.j.t.JMeterThread: Thread started: Thread Group 1-7
2024-05-09 14:32:38,295 INFO o.a.j.t.JMeterThread: Thread started: Thread Group 1-8
2024-05-09 14:32:38,305 INFO o.a.j.t.JMeterThread: Thread started: Thread Group 1-9
2024-05-09 14:32:38,315 INFO o.a.j.t.JMeterThread: Thread started: Thread Group 1-10
2024-05-09 14:32:38,326 INFO o.a.j.t.JMeterThread: Thread started: Thread Group 1-11
2024-05-09 14:32:38,336 INFO o.a.j.t.JMeterThread: Thread started: Thread Group 1-12
2024-05-09 14:32:38,347 INFO o.a.j.t.JMeterThread: Thread started: Thread Group 1-13
2024-05-09 14:32:38,358 INFO o.a.j.t.JMeterThread: Thread started: Thread Group 1-14
2024-05-09 14:32:38,368 INFO o.a.j.t.JMeterThread: Thread started: Thread Group 1-15
2024-05-09 14:32:38,378 INFO o.a.j.t.JMeterThread: Thread started: Thread Group 1-16
2024-05-09 14:32:38,389 INFO o.a.j.t.JMeterThread: Thread started: Thread Group 1-17
2024-05-09 14:32:38,399 INFO o.a.j.t.JMeterThread: Thread started: Thread Group 1-18
2024-05-09 14:32:38,409 INFO o.a.j.t.JMeterThread: Thread started: Thread Group 1-19
2024-05-09 14:32:38,420 INFO o.a.j.t.JMeterThread: Thread started: Thread Group 1-20
2024-05-09 14:32:38,430 INFO o.a.j.t.JMeterThread: Thread started: Thread Group 1-21
2024-05-09 14:32:38,440 INFO o.a.j.t.JMeterThread: Thread started: Thread Group 1-22
2024-05-09 14:32:38,450 INFO o.a.j.t.JMeterThread: Thread started: Thread Group 1-23
2024-05-09 14:32:38,461 INFO o.a.j.t.JMeterThread: Thread started: Thread Group 1-24
2024-05-09 14:32:38,471 INFO o.a.j.t.JMeterThread: Thread started: Thread Group 1-25
2024-05-09 14:32:38,481 INFO o.a.j.t.JMeterThread: Thread started: Thread Group 1-26
2024-05-09 14:32:38,491 INFO o.a.j.t.JMeterThread: Thread started: Thread Group 1-27
2024-05-09 14:32:38,498 INFO o.a.j.u.JsseSSLManager: Using default SSL protocol: TLS
2024-05-09 14:32:38,498 INFO o.a.j.u.JsseSSLManager: SSL session context: per-thread
2024-05-09 14:32:38,502 INFO o.a.j.t.JMeterThread: Thread started: Thread Group 1-28
2024-05-09 14:32:38,512 INFO o.a.j.t.JMeterThread: Thread started: Thread Group 1-29
2024-05-09 14:32:38,523 INFO o.a.j.t.JMeterThread: Thread started: Thread Group 1-30
2024-05-09 14:32:38,533 INFO o.a.j.t.JMeterThread: Thread started: Thread Group 1-31
2024-05-09 14:32:38,543 INFO o.a.j.t.JMeterThread: Thread started: Thread Group 1-32
2024-05-09 14:32:38,553 INFO o.a.j.t.JMeterThread: Thread started: Thread Group 1-33
2024-05-09 14:32:38,563 INFO o.a.j.t.JMeterThread: Thread started: Thread Group 1-34
2024-05-09 14:32:38,573 INFO o.a.j.t.JMeterThread: Thread started: Thread Group 1-35
2024-05-09 14:32:38,584 INFO o.a.j.t.JMeterThread: Thread started: Thread Group 1-36
2024-05-09 14:32:38,594 INFO o.a.j.t.JMeterThread: Thread started: Thread Group 1-37
2024-05-09 14:32:38,604 INFO o.a.j.t.JMeterThread: Thread started: Thread Group 1-38
2024-05-09 14:32:38,614 INFO o.a.j.t.JMeterThread: Thread started: Thread Group 1-39
2024-05-09 14:32:38,625 INFO o.a.j.t.JMeterThread: Thread started: Thread Group 1-40
2024-05-09 14:32:38,635 INFO o.a.j.t.JMeterThread: Thread started: Thread Group 1-41
2024-05-09 14:32:38,645 INFO o.a.j.t.JMeterThread: Thread started: Thread Group 1-42
2024-05-09 14:32:38,655 INFO o.a.j.t.JMeterThread: Thread started: Thread Group 1-43
2024-05-09 14:32:38,665 INFO o.a.j.t.JMeterThread: Thread started: Thread Group 1-44
2024-05-09 14:32:38,687 INFO o.a.j.t.JMeterThread: Thread started: Thread Group 1-45
2024-05-09 14:32:38,693 INFO o.a.j.t.JMeterThread: Thread started: Thread Group 1-46
2024-05-09 14:32:38,703 INFO o.a.j.t.JMeterThread: Thread started: Thread Group 1-47
2024-05-09 14:32:38,714 INFO o.a.j.t.JMeterThread: Thread started: Thread Group 1-48
2024-05-09 14:32:38,725 INFO o.a.j.t.JMeterThread: Thread started: Thread Group 1-49
2024-05-09 14:32:38,737 INFO o.a.j.t.JMeterThread: Thread started: Thread Group 1-50
2024-05-09 14:32:38,747 INFO o.a.j.t.JMeterThread: Thread started: Thread Group 1-51
2024-05-09 14:32:38,757 INFO o.a.j.t.JMeterThread: Thread started: Thread Group 1-52
2024-05-09 14:32:38,768 INFO o.a.j.t.JMeterThread: Thread started: Thread Group 1-53
2024-05-09 14:32:38,778 INFO o.a.j.t.JMeterThread: Thread started: Thread Group 1-54
2024-05-09 14:32:38,788 INFO o.a.j.t.JMeterThread: Thread started: Thread Group 1-55
2024-05-09 14:32:38,798 INFO o.a.j.t.JMeterThread: Thread started: Thread Group 1-56
2024-05-09 14:32:38,808 INFO o.a.j.t.JMeterThread: Thread started: Thread Group 1-57
2024-05-09 14:32:38,820 INFO o.a.j.t.JMeterThread: Thread started: Thread Group 1-58
2024-05-09 14:32:38,829 INFO o.a.j.t.JMeterThread: Thread started: Thread Group 1-59
2024-05-09 14:32:38,839 INFO o.a.j.t.JMeterThread: Thread started: Thread Group 1-60
2024-05-09 14:32:38,849 INFO o.a.j.t.JMeterThread: Thread started: Thread Group 1-61
2024-05-09 14:32:38,859 INFO o.a.j.t.JMeterThread: Thread started: Thread Group 1-62
2024-05-09 14:32:38,869 INFO o.a.j.t.JMeterThread: Thread started: Thread Group 1-63
2024-05-09 14:32:38,880 INFO o.a.j.t.JMeterThread: Thread started: Thread Group 1-64
2024-05-09 14:32:38,890 INFO o.a.j.t.JMeterThread: Thread started: Thread Group 1-65
2024-05-09 14:32:38,900 INFO o.a.j.t.JMeterThread: Thread started: Thread Group 1-66
2024-05-09 14:32:38,911 INFO o.a.j.t.JMeterThread: Thread started: Thread Group 1-67
2024-05-09 14:32:38,921 INFO o.a.j.t.JMeterThread: Thread started: Thread Group 1-68
2024-05-09 14:32:38,931 INFO o.a.j.t.JMeterThread: Thread started: Thread Group 1-69
2024-05-09 14:32:38,941 INFO o.a.j.t.JMeterThread: Thread started: Thread Group 1-70
2024-05-09 14:32:38,951 INFO o.a.j.t.JMeterThread: Thread started: Thread Group 1-71
2024-05-09 14:32:38,961 INFO o.a.j.t.JMeterThread: Thread started: Thread Group 1-72
2024-05-09 14:32:38,971 INFO o.a.j.t.JMeterThread: Thread started: Thread Group 1-73
2024-05-09 14:32:38,982 INFO o.a.j.t.JMeterThread: Thread started: Thread Group 1-74
2024-05-09 14:32:38,992 INFO o.a.j.t.JMeterThread: Thread started: Thread Group 1-75
2024-05-09 14:32:39,002 INFO o.a.j.t.JMeterThread: Thread started: Thread Group 1-76
2024-05-09 14:32:39,013 INFO o.a.j.t.JMeterThread: Thread started: Thread Group 1-77
2024-05-09 14:32:39,022 INFO o.a.j.t.JMeterThread: Thread started: Thread Group 1-78
2024-05-09 14:32:39,033 INFO o.a.j.t.JMeterThread: Thread started: Thread Group 1-79
2024-05-09 14:32:39,047 INFO o.a.j.t.JMeterThread: Thread started: Thread Group 1-80
2024-05-09 14:32:39,058 INFO o.a.j.t.JMeterThread: Thread started: Thread Group 1-81
2024-05-09 14:32:39,068 INFO o.a.j.t.JMeterThread: Thread started: Thread Group 1-82
2024-05-09 14:32:39,079 INFO o.a.j.t.JMeterThread: Thread started: Thread Group 1-83
2024-05-09 14:32:39,089 INFO o.a.j.t.JMeterThread: Thread started: Thread Group 1-84
2024-05-09 14:32:39,099 INFO o.a.j.t.JMeterThread: Thread started: Thread Group 1-85
2024-05-09 14:32:39,110 INFO o.a.j.t.JMeterThread: Thread started: Thread Group 1-86
2024-05-09 14:32:39,120 INFO o.a.j.t.JMeterThread: Thread started: Thread Group 1-87
2024-05-09 14:32:39,130 INFO o.a.j.t.JMeterThread: Thread started: Thread Group 1-88
2024-05-09 14:32:39,141 INFO o.a.j.t.JMeterThread: Thread started: Thread Group 1-89
2024-05-09 14:32:39,151 INFO o.a.j.t.JMeterThread: Thread started: Thread Group 1-90
2024-05-09 14:32:39,161 INFO o.a.j.t.JMeterThread: Thread started: Thread Group 1-91
2024-05-09 14:32:39,171 INFO o.a.j.t.JMeterThread: Thread started: Thread Group 1-92
2024-05-09 14:32:39,181 INFO o.a.j.t.JMeterThread: Thread started: Thread Group 1-93
2024-05-09 14:32:39,191 INFO o.a.j.t.JMeterThread: Thread started: Thread Group 1-94
2024-05-09 14:32:39,202 INFO o.a.j.t.JMeterThread: Thread started: Thread Group 1-95
2024-05-09 14:32:39,212 INFO o.a.j.t.JMeterThread: Thread started: Thread Group 1-96
2024-05-09 14:32:39,223 INFO o.a.j.t.JMeterThread: Thread started: Thread Group 1-97
2024-05-09 14:32:39,233 INFO o.a.j.t.JMeterThread: Thread started: Thread Group 1-98
2024-05-09 14:32:39,243 INFO o.a.j.t.JMeterThread: Thread started: Thread Group 1-99
2024-05-09 14:32:39,253 INFO o.a.j.t.JMeterThread: Thread started: Thread Group 1-100
2024-05-09 14:33:00,050 INFO o.a.j.r.Summariser: summary +  16968 in 00:00:22 =  774.0/s Avg:   124 Min:   121 Max:   180 Err:     0 (0.00%) Active: 100 Started: 100 Finished: 0
2024-05-09 14:33:03,492 INFO o.a.j.t.JMeterThread: Thread is done: Thread Group 1-9
2024-05-09 14:33:03,493 INFO o.a.j.t.JMeterThread: Thread finished: Thread Group 1-9
2024-05-09 14:33:03,517 INFO o.a.j.t.JMeterThread: Thread is done: Thread Group 1-1
2024-05-09 14:33:03,518 INFO o.a.j.t.JMeterThread: Thread finished: Thread Group 1-1
2024-05-09 14:33:03,519 INFO o.a.j.t.JMeterThread: Thread is done: Thread Group 1-8
2024-05-09 14:33:03,519 INFO o.a.j.t.JMeterThread: Thread is done: Thread Group 1-5
2024-05-09 14:33:03,519 INFO o.a.j.t.JMeterThread: Thread finished: Thread Group 1-8
2024-05-09 14:33:03,519 INFO o.a.j.t.JMeterThread: Thread finished: Thread Group 1-5
2024-05-09 14:33:03,528 INFO o.a.j.t.JMeterThread: Thread is done: Thread Group 1-2
2024-05-09 14:33:03,528 INFO o.a.j.t.JMeterThread: Thread finished: Thread Group 1-2
2024-05-09 14:33:03,528 INFO o.a.j.t.JMeterThread: Thread is done: Thread Group 1-14
2024-05-09 14:33:03,528 INFO o.a.j.t.JMeterThread: Thread is done: Thread Group 1-10
2024-05-09 14:33:03,529 INFO o.a.j.t.JMeterThread: Thread is done: Thread Group 1-3
2024-05-09 14:33:03,528 INFO o.a.j.t.JMeterThread: Thread finished: Thread Group 1-14
2024-05-09 14:33:03,529 INFO o.a.j.t.JMeterThread: Thread finished: Thread Group 1-3
2024-05-09 14:33:03,529 INFO o.a.j.t.JMeterThread: Thread finished: Thread Group 1-10
2024-05-09 14:33:03,565 INFO o.a.j.t.JMeterThread: Thread is done: Thread Group 1-12
2024-05-09 14:33:03,565 INFO o.a.j.t.JMeterThread: Thread is done: Thread Group 1-11
2024-05-09 14:33:03,565 INFO o.a.j.t.JMeterThread: Thread finished: Thread Group 1-12
2024-05-09 14:33:03,565 INFO o.a.j.t.JMeterThread: Thread is done: Thread Group 1-7
2024-05-09 14:33:03,565 INFO o.a.j.t.JMeterThread: Thread finished: Thread Group 1-7
2024-05-09 14:33:03,565 INFO o.a.j.t.JMeterThread: Thread finished: Thread Group 1-11
2024-05-09 14:33:03,565 INFO o.a.j.t.JMeterThread: Thread is done: Thread Group 1-13
2024-05-09 14:33:03,567 INFO o.a.j.t.JMeterThread: Thread finished: Thread Group 1-13
2024-05-09 14:33:03,565 INFO o.a.j.t.JMeterThread: Thread is done: Thread Group 1-16
2024-05-09 14:33:03,567 INFO o.a.j.t.JMeterThread: Thread finished: Thread Group 1-16
2024-05-09 14:33:03,578 INFO o.a.j.t.JMeterThread: Thread is done: Thread Group 1-6
2024-05-09 14:33:03,578 INFO o.a.j.t.JMeterThread: Thread finished: Thread Group 1-6
2024-05-09 14:33:03,578 INFO o.a.j.t.JMeterThread: Thread is done: Thread Group 1-21
2024-05-09 14:33:03,578 INFO o.a.j.t.JMeterThread: Thread is done: Thread Group 1-15
2024-05-09 14:33:03,578 INFO o.a.j.t.JMeterThread: Thread finished: Thread Group 1-21
2024-05-09 14:33:03,578 INFO o.a.j.t.JMeterThread: Thread finished: Thread Group 1-15
2024-05-09 14:33:03,589 INFO o.a.j.t.JMeterThread: Thread is done: Thread Group 1-18
2024-05-09 14:33:03,590 INFO o.a.j.t.JMeterThread: Thread finished: Thread Group 1-18
2024-05-09 14:33:03,591 INFO o.a.j.t.JMeterThread: Thread is done: Thread Group 1-4
2024-05-09 14:33:03,591 INFO o.a.j.t.JMeterThread: Thread finished: Thread Group 1-4
2024-05-09 14:33:03,591 INFO o.a.j.t.JMeterThread: Thread is done: Thread Group 1-25
2024-05-09 14:33:03,592 INFO o.a.j.t.JMeterThread: Thread finished: Thread Group 1-25
2024-05-09 14:33:03,594 INFO o.a.j.t.JMeterThread: Thread is done: Thread Group 1-24
2024-05-09 14:33:03,594 INFO o.a.j.t.JMeterThread: Thread finished: Thread Group 1-24
2024-05-09 14:33:03,614 INFO o.a.j.t.JMeterThread: Thread is done: Thread Group 1-28
2024-05-09 14:33:03,614 INFO o.a.j.t.JMeterThread: Thread finished: Thread Group 1-28
2024-05-09 14:33:03,614 INFO o.a.j.t.JMeterThread: Thread is done: Thread Group 1-20
2024-05-09 14:33:03,614 INFO o.a.j.t.JMeterThread: Thread finished: Thread Group 1-20
2024-05-09 14:33:03,621 INFO o.a.j.t.JMeterThread: Thread is done: Thread Group 1-22
2024-05-09 14:33:03,621 INFO o.a.j.t.JMeterThread: Thread finished: Thread Group 1-22
2024-05-09 14:33:03,631 INFO o.a.j.t.JMeterThread: Thread is done: Thread Group 1-23
2024-05-09 14:33:03,631 INFO o.a.j.t.JMeterThread: Thread finished: Thread Group 1-23
2024-05-09 14:33:03,656 INFO o.a.j.t.JMeterThread: Thread is done: Thread Group 1-29
2024-05-09 14:33:03,656 INFO o.a.j.t.JMeterThread: Thread finished: Thread Group 1-29
2024-05-09 14:33:03,693 INFO o.a.j.t.JMeterThread: Thread is done: Thread Group 1-27
2024-05-09 14:33:03,693 INFO o.a.j.t.JMeterThread: Thread finished: Thread Group 1-27
2024-05-09 14:33:03,694 INFO o.a.j.t.JMeterThread: Thread is done: Thread Group 1-19
2024-05-09 14:33:03,694 INFO o.a.j.t.JMeterThread: Thread finished: Thread Group 1-19
2024-05-09 14:33:03,709 INFO o.a.j.t.JMeterThread: Thread is done: Thread Group 1-17
2024-05-09 14:33:03,710 INFO o.a.j.t.JMeterThread: Thread finished: Thread Group 1-17
2024-05-09 14:33:03,713 INFO o.a.j.t.JMeterThread: Thread is done: Thread Group 1-31
2024-05-09 14:33:03,713 INFO o.a.j.t.JMeterThread: Thread finished: Thread Group 1-31
2024-05-09 14:33:03,721 INFO o.a.j.t.JMeterThread: Thread is done: Thread Group 1-26
2024-05-09 14:33:03,722 INFO o.a.j.t.JMeterThread: Thread finished: Thread Group 1-26
2024-05-09 14:33:03,722 INFO o.a.j.t.JMeterThread: Thread is done: Thread Group 1-36
2024-05-09 14:33:03,722 INFO o.a.j.t.JMeterThread: Thread finished: Thread Group 1-36
2024-05-09 14:33:03,723 INFO o.a.j.t.JMeterThread: Thread is done: Thread Group 1-35
2024-05-09 14:33:03,723 INFO o.a.j.t.JMeterThread: Thread finished: Thread Group 1-35
2024-05-09 14:33:03,723 INFO o.a.j.t.JMeterThread: Thread is done: Thread Group 1-38
2024-05-09 14:33:03,723 INFO o.a.j.t.JMeterThread: Thread finished: Thread Group 1-38
2024-05-09 14:33:03,742 INFO o.a.j.t.JMeterThread: Thread is done: Thread Group 1-32
2024-05-09 14:33:03,742 INFO o.a.j.t.JMeterThread: Thread is done: Thread Group 1-34
2024-05-09 14:33:03,742 INFO o.a.j.t.JMeterThread: Thread finished: Thread Group 1-32
2024-05-09 14:33:03,742 INFO o.a.j.t.JMeterThread: Thread finished: Thread Group 1-34
2024-05-09 14:33:03,765 INFO o.a.j.t.JMeterThread: Thread is done: Thread Group 1-40
2024-05-09 14:33:03,765 INFO o.a.j.t.JMeterThread: Thread finished: Thread Group 1-40
2024-05-09 14:33:03,784 INFO o.a.j.t.JMeterThread: Thread is done: Thread Group 1-39
2024-05-09 14:33:03,784 INFO o.a.j.t.JMeterThread: Thread finished: Thread Group 1-39
2024-05-09 14:33:03,784 INFO o.a.j.t.JMeterThread: Thread is done: Thread Group 1-37
2024-05-09 14:33:03,785 INFO o.a.j.t.JMeterThread: Thread finished: Thread Group 1-37
2024-05-09 14:33:03,789 INFO o.a.j.t.JMeterThread: Thread is done: Thread Group 1-33
2024-05-09 14:33:03,789 INFO o.a.j.t.JMeterThread: Thread finished: Thread Group 1-33
2024-05-09 14:33:03,823 INFO o.a.j.t.JMeterThread: Thread is done: Thread Group 1-30
2024-05-09 14:33:03,823 INFO o.a.j.t.JMeterThread: Thread finished: Thread Group 1-30
2024-05-09 14:33:03,850 INFO o.a.j.t.JMeterThread: Thread is done: Thread Group 1-43
2024-05-09 14:33:03,850 INFO o.a.j.t.JMeterThread: Thread finished: Thread Group 1-43
2024-05-09 14:33:03,876 INFO o.a.j.t.JMeterThread: Thread is done: Thread Group 1-44
2024-05-09 14:33:03,876 INFO o.a.j.t.JMeterThread: Thread finished: Thread Group 1-44
2024-05-09 14:33:03,884 INFO o.a.j.t.JMeterThread: Thread is done: Thread Group 1-46
2024-05-09 14:33:03,884 INFO o.a.j.t.JMeterThread: Thread finished: Thread Group 1-46
2024-05-09 14:33:03,889 INFO o.a.j.t.JMeterThread: Thread is done: Thread Group 1-47
2024-05-09 14:33:03,889 INFO o.a.j.t.JMeterThread: Thread finished: Thread Group 1-47
2024-05-09 14:33:03,893 INFO o.a.j.t.JMeterThread: Thread is done: Thread Group 1-45
2024-05-09 14:33:03,893 INFO o.a.j.t.JMeterThread: Thread finished: Thread Group 1-45
2024-05-09 14:33:03,901 INFO o.a.j.t.JMeterThread: Thread is done: Thread Group 1-41
2024-05-09 14:33:03,901 INFO o.a.j.t.JMeterThread: Thread finished: Thread Group 1-41
2024-05-09 14:33:03,912 INFO o.a.j.t.JMeterThread: Thread is done: Thread Group 1-51
2024-05-09 14:33:03,912 INFO o.a.j.t.JMeterThread: Thread finished: Thread Group 1-51
2024-05-09 14:33:03,912 INFO o.a.j.t.JMeterThread: Thread is done: Thread Group 1-42
2024-05-09 14:33:03,912 INFO o.a.j.t.JMeterThread: Thread finished: Thread Group 1-42
2024-05-09 14:33:03,953 INFO o.a.j.t.JMeterThread: Thread is done: Thread Group 1-53
2024-05-09 14:33:03,954 INFO o.a.j.t.JMeterThread: Thread finished: Thread Group 1-53
2024-05-09 14:33:03,953 INFO o.a.j.t.JMeterThread: Thread is done: Thread Group 1-48
2024-05-09 14:33:03,954 INFO o.a.j.t.JMeterThread: Thread finished: Thread Group 1-48
2024-05-09 14:33:03,954 INFO o.a.j.t.JMeterThread: Thread is done: Thread Group 1-49
2024-05-09 14:33:03,954 INFO o.a.j.t.JMeterThread: Thread finished: Thread Group 1-49
2024-05-09 14:33:03,971 INFO o.a.j.t.JMeterThread: Thread is done: Thread Group 1-56
2024-05-09 14:33:03,971 INFO o.a.j.t.JMeterThread: Thread finished: Thread Group 1-56
2024-05-09 14:33:03,971 INFO o.a.j.t.JMeterThread: Thread is done: Thread Group 1-50
2024-05-09 14:33:03,971 INFO o.a.j.t.JMeterThread: Thread finished: Thread Group 1-50
2024-05-09 14:33:03,972 INFO o.a.j.t.JMeterThread: Thread is done: Thread Group 1-59
2024-05-09 14:33:03,972 INFO o.a.j.t.JMeterThread: Thread finished: Thread Group 1-59
2024-05-09 14:33:03,976 INFO o.a.j.t.JMeterThread: Thread is done: Thread Group 1-57
2024-05-09 14:33:03,976 INFO o.a.j.t.JMeterThread: Thread finished: Thread Group 1-57
2024-05-09 14:33:03,983 INFO o.a.j.t.JMeterThread: Thread is done: Thread Group 1-55
2024-05-09 14:33:03,983 INFO o.a.j.t.JMeterThread: Thread finished: Thread Group 1-55
2024-05-09 14:33:04,005 INFO o.a.j.t.JMeterThread: Thread is done: Thread Group 1-58
2024-05-09 14:33:04,006 INFO o.a.j.t.JMeterThread: Thread finished: Thread Group 1-58
2024-05-09 14:33:04,011 INFO o.a.j.t.JMeterThread: Thread is done: Thread Group 1-64
2024-05-09 14:33:04,011 INFO o.a.j.t.JMeterThread: Thread finished: Thread Group 1-64
2024-05-09 14:33:04,011 INFO o.a.j.t.JMeterThread: Thread is done: Thread Group 1-60
2024-05-09 14:33:04,011 INFO o.a.j.t.JMeterThread: Thread finished: Thread Group 1-60
2024-05-09 14:33:04,018 INFO o.a.j.t.JMeterThread: Thread is done: Thread Group 1-54
2024-05-09 14:33:04,019 INFO o.a.j.t.JMeterThread: Thread finished: Thread Group 1-54
2024-05-09 14:33:04,040 INFO o.a.j.t.JMeterThread: Thread is done: Thread Group 1-62
2024-05-09 14:33:04,040 INFO o.a.j.t.JMeterThread: Thread is done: Thread Group 1-52
2024-05-09 14:33:04,041 INFO o.a.j.t.JMeterThread: Thread finished: Thread Group 1-62
2024-05-09 14:33:04,041 INFO o.a.j.t.JMeterThread: Thread is done: Thread Group 1-63
2024-05-09 14:33:04,041 INFO o.a.j.t.JMeterThread: Thread finished: Thread Group 1-52
2024-05-09 14:33:04,041 INFO o.a.j.t.JMeterThread: Thread finished: Thread Group 1-63
2024-05-09 14:33:04,100 INFO o.a.j.t.JMeterThread: Thread is done: Thread Group 1-61
2024-05-09 14:33:04,100 INFO o.a.j.t.JMeterThread: Thread finished: Thread Group 1-61
2024-05-09 14:33:04,104 INFO o.a.j.t.JMeterThread: Thread is done: Thread Group 1-68
2024-05-09 14:33:04,105 INFO o.a.j.t.JMeterThread: Thread finished: Thread Group 1-68
2024-05-09 14:33:04,113 INFO o.a.j.t.JMeterThread: Thread is done: Thread Group 1-71
2024-05-09 14:33:04,113 INFO o.a.j.t.JMeterThread: Thread finished: Thread Group 1-71
2024-05-09 14:33:04,113 INFO o.a.j.t.JMeterThread: Thread is done: Thread Group 1-65
2024-05-09 14:33:04,113 INFO o.a.j.t.JMeterThread: Thread finished: Thread Group 1-65
2024-05-09 14:33:04,136 INFO o.a.j.t.JMeterThread: Thread is done: Thread Group 1-74
2024-05-09 14:33:04,136 INFO o.a.j.t.JMeterThread: Thread finished: Thread Group 1-74
2024-05-09 14:33:04,137 INFO o.a.j.t.JMeterThread: Thread is done: Thread Group 1-72
2024-05-09 14:33:04,137 INFO o.a.j.t.JMeterThread: Thread finished: Thread Group 1-72
2024-05-09 14:33:04,142 INFO o.a.j.t.JMeterThread: Thread is done: Thread Group 1-69
2024-05-09 14:33:04,142 INFO o.a.j.t.JMeterThread: Thread finished: Thread Group 1-69
2024-05-09 14:33:04,142 INFO o.a.j.t.JMeterThread: Thread is done: Thread Group 1-70
2024-05-09 14:33:04,142 INFO o.a.j.t.JMeterThread: Thread finished: Thread Group 1-70
2024-05-09 14:33:04,147 INFO o.a.j.t.JMeterThread: Thread is done: Thread Group 1-67
2024-05-09 14:33:04,147 INFO o.a.j.t.JMeterThread: Thread is done: Thread Group 1-76
2024-05-09 14:33:04,147 INFO o.a.j.t.JMeterThread: Thread finished: Thread Group 1-67
2024-05-09 14:33:04,147 INFO o.a.j.t.JMeterThread: Thread finished: Thread Group 1-76
2024-05-09 14:33:04,155 INFO o.a.j.t.JMeterThread: Thread is done: Thread Group 1-73
2024-05-09 14:33:04,155 INFO o.a.j.t.JMeterThread: Thread finished: Thread Group 1-73
2024-05-09 14:33:04,212 INFO o.a.j.t.JMeterThread: Thread is done: Thread Group 1-85
2024-05-09 14:33:04,212 INFO o.a.j.t.JMeterThread: Thread is done: Thread Group 1-75
2024-05-09 14:33:04,212 INFO o.a.j.t.JMeterThread: Thread finished: Thread Group 1-85
2024-05-09 14:33:04,212 INFO o.a.j.t.JMeterThread: Thread finished: Thread Group 1-75
2024-05-09 14:33:04,234 INFO o.a.j.t.JMeterThread: Thread is done: Thread Group 1-66
2024-05-09 14:33:04,234 INFO o.a.j.t.JMeterThread: Thread finished: Thread Group 1-66
2024-05-09 14:33:04,234 INFO o.a.j.t.JMeterThread: Thread is done: Thread Group 1-80
2024-05-09 14:33:04,234 INFO o.a.j.t.JMeterThread: Thread finished: Thread Group 1-80
2024-05-09 14:33:04,240 INFO o.a.j.t.JMeterThread: Thread is done: Thread Group 1-83
2024-05-09 14:33:04,240 INFO o.a.j.t.JMeterThread: Thread finished: Thread Group 1-83
2024-05-09 14:33:04,240 INFO o.a.j.t.JMeterThread: Thread is done: Thread Group 1-81
2024-05-09 14:33:04,240 INFO o.a.j.t.JMeterThread: Thread finished: Thread Group 1-81
2024-05-09 14:33:04,249 INFO o.a.j.t.JMeterThread: Thread is done: Thread Group 1-86
2024-05-09 14:33:04,249 INFO o.a.j.t.JMeterThread: Thread finished: Thread Group 1-86
2024-05-09 14:33:04,264 INFO o.a.j.t.JMeterThread: Thread is done: Thread Group 1-88
2024-05-09 14:33:04,264 INFO o.a.j.t.JMeterThread: Thread finished: Thread Group 1-88
2024-05-09 14:33:04,264 INFO o.a.j.t.JMeterThread: Thread is done: Thread Group 1-84
2024-05-09 14:33:04,264 INFO o.a.j.t.JMeterThread: Thread finished: Thread Group 1-84
2024-05-09 14:33:04,264 INFO o.a.j.t.JMeterThread: Thread is done: Thread Group 1-77
2024-05-09 14:33:04,264 INFO o.a.j.t.JMeterThread: Thread finished: Thread Group 1-77
2024-05-09 14:33:04,273 INFO o.a.j.t.JMeterThread: Thread is done: Thread Group 1-78
2024-05-09 14:33:04,273 INFO o.a.j.t.JMeterThread: Thread finished: Thread Group 1-78
2024-05-09 14:33:04,297 INFO o.a.j.t.JMeterThread: Thread is done: Thread Group 1-87
2024-05-09 14:33:04,297 INFO o.a.j.t.JMeterThread: Thread finished: Thread Group 1-87
2024-05-09 14:33:04,355 INFO o.a.j.t.JMeterThread: Thread is done: Thread Group 1-82
2024-05-09 14:33:04,356 INFO o.a.j.t.JMeterThread: Thread finished: Thread Group 1-82
2024-05-09 14:33:04,362 INFO o.a.j.t.JMeterThread: Thread is done: Thread Group 1-96
2024-05-09 14:33:04,362 INFO o.a.j.t.JMeterThread: Thread is done: Thread Group 1-92
2024-05-09 14:33:04,362 INFO o.a.j.t.JMeterThread: Thread is done: Thread Group 1-79
2024-05-09 14:33:04,362 INFO o.a.j.t.JMeterThread: Thread finished: Thread Group 1-96
2024-05-09 14:33:04,362 INFO o.a.j.t.JMeterThread: Thread is done: Thread Group 1-97
2024-05-09 14:33:04,362 INFO o.a.j.t.JMeterThread: Thread finished: Thread Group 1-92
2024-05-09 14:33:04,362 INFO o.a.j.t.JMeterThread: Thread finished: Thread Group 1-97
2024-05-09 14:33:04,362 INFO o.a.j.t.JMeterThread: Thread finished: Thread Group 1-79
2024-05-09 14:33:04,362 INFO o.a.j.t.JMeterThread: Thread is done: Thread Group 1-91
2024-05-09 14:33:04,363 INFO o.a.j.t.JMeterThread: Thread finished: Thread Group 1-91
2024-05-09 14:33:04,375 INFO o.a.j.t.JMeterThread: Thread is done: Thread Group 1-100
2024-05-09 14:33:04,375 INFO o.a.j.t.JMeterThread: Thread finished: Thread Group 1-100
2024-05-09 14:33:04,392 INFO o.a.j.t.JMeterThread: Thread is done: Thread Group 1-94
2024-05-09 14:33:04,392 INFO o.a.j.t.JMeterThread: Thread is done: Thread Group 1-89
2024-05-09 14:33:04,392 INFO o.a.j.t.JMeterThread: Thread is done: Thread Group 1-95
2024-05-09 14:33:04,392 INFO o.a.j.t.JMeterThread: Thread finished: Thread Group 1-89
2024-05-09 14:33:04,392 INFO o.a.j.t.JMeterThread: Thread finished: Thread Group 1-94
2024-05-09 14:33:04,392 INFO o.a.j.t.JMeterThread: Thread finished: Thread Group 1-95
2024-05-09 14:33:04,392 INFO o.a.j.t.JMeterThread: Thread is done: Thread Group 1-90
2024-05-09 14:33:04,392 INFO o.a.j.t.JMeterThread: Thread finished: Thread Group 1-90
2024-05-09 14:33:04,410 INFO o.a.j.t.JMeterThread: Thread is done: Thread Group 1-93
2024-05-09 14:33:04,410 INFO o.a.j.t.JMeterThread: Thread finished: Thread Group 1-93
2024-05-09 14:33:04,424 INFO o.a.j.t.JMeterThread: Thread is done: Thread Group 1-98
2024-05-09 14:33:04,425 INFO o.a.j.t.JMeterThread: Thread finished: Thread Group 1-98
2024-05-09 14:33:04,493 INFO o.a.j.t.JMeterThread: Thread is done: Thread Group 1-99
2024-05-09 14:33:04,494 INFO o.a.j.t.JMeterThread: Thread finished: Thread Group 1-99
2024-05-09 14:33:04,494 INFO o.a.j.e.StandardJMeterEngine: Notifying test listeners of end of test
2024-05-09 14:33:04,495 INFO o.a.j.r.Summariser: summary +   3032 in 00:00:04 =  682.1/s Avg:   131 Min:   123 Max:   174 Err:     0 (0.00%) Active: 0 Started: 100 Finished: 100
2024-05-09 14:33:04,495 INFO o.a.j.r.Summariser: summary =  20000 in 00:00:26 =  758.5/s Avg:   125 Min:   121 Max:   180 Err:     0 (0.00%)
