2024-05-09 14:31:04,518 INFO o.a.j.u.JMeterUtils: Setting Locale to en_EN
2024-05-09 14:31:04,530 INFO o.a.j.JMeter: Loading user properties from: /root/PrivateCloudContainer/PCC-5th-PoC/Utils/JMeter/apache-jmeter-5.1/bin/user.properties
2024-05-09 14:31:04,530 INFO o.a.j.JMeter: Loading system properties from: /root/PrivateCloudContainer/PCC-5th-PoC/Utils/JMeter/apache-jmeter-5.1/bin/system.properties
2024-05-09 14:31:04,534 INFO o.a.j.JMeter: Copyright (c) 1998-2019 The Apache Software Foundation
2024-05-09 14:31:04,534 INFO o.a.j.JMeter: Version 5.1 r1853635
2024-05-09 14:31:04,534 INFO o.a.j.JMeter: java.version=1.8.0_402
2024-05-09 14:31:04,534 INFO o.a.j.JMeter: java.vm.name=OpenJDK 64-Bit Server VM
2024-05-09 14:31:04,534 INFO o.a.j.JMeter: os.name=Linux
2024-05-09 14:31:04,535 INFO o.a.j.JMeter: os.arch=amd64
2024-05-09 14:31:04,535 INFO o.a.j.JMeter: os.version=5.15.0-105-generic
2024-05-09 14:31:04,535 INFO o.a.j.JMeter: file.encoding=UTF-8
2024-05-09 14:31:04,535 INFO o.a.j.JMeter: java.awt.headless=true
2024-05-09 14:31:04,535 INFO o.a.j.JMeter: Max memory     =1073741824
2024-05-09 14:31:04,535 INFO o.a.j.JMeter: Available Processors =8
2024-05-09 14:31:04,539 INFO o.a.j.JMeter: Default Locale=English (EN)
2024-05-09 14:31:04,539 INFO o.a.j.JMeter: JMeter  Locale=English (EN)
2024-05-09 14:31:04,539 INFO o.a.j.JMeter: JMeterHome=/root/PrivateCloudContainer/PCC-5th-PoC/Utils/JMeter/apache-jmeter-5.1
2024-05-09 14:31:04,539 INFO o.a.j.JMeter: user.dir  =/root/PrivateCloudContainer/PCC-5th-PoC/1_ServiceResponseTime
2024-05-09 14:31:04,539 INFO o.a.j.JMeter: PWD       =/root/PrivateCloudContainer/PCC-5th-PoC/1_ServiceResponseTime
2024-05-09 14:31:04,617 INFO o.a.j.JMeter: IP: 10.0.2.103 Name: master FullName: master
2024-05-09 14:31:04,621 INFO o.a.j.s.FileServer: Default base='/root/PrivateCloudContainer/PCC-5th-PoC/1_ServiceResponseTime'
2024-05-09 14:31:04,623 INFO o.a.j.s.FileServer: Set new base='/root/PrivateCloudContainer/PCC-5th-PoC/1_ServiceResponseTime/./KetiFaaS/jmx'
2024-05-09 14:31:04,726 INFO o.a.j.s.SaveService: Testplan (JMX) version: 2.2. Testlog (JTL) version: 2.2
2024-05-09 14:31:04,732 INFO o.a.j.s.SaveService: Using SaveService properties file encoding UTF-8
2024-05-09 14:31:04,747 INFO o.a.j.s.SaveService: Using SaveService properties version 5.0
2024-05-09 14:31:04,752 INFO o.a.j.s.SaveService: Loading file: ./KetiFaaS/jmx/KetiFaaS-total_request_40000.jmx
2024-05-09 14:31:04,788 INFO o.a.j.p.h.s.HTTPSamplerBase: Parser for text/html is org.apache.jmeter.protocol.http.parser.LagartoBasedHtmlParser
2024-05-09 14:31:04,789 INFO o.a.j.p.h.s.HTTPSamplerBase: Parser for application/xhtml+xml is org.apache.jmeter.protocol.http.parser.LagartoBasedHtmlParser
2024-05-09 14:31:04,789 INFO o.a.j.p.h.s.HTTPSamplerBase: Parser for application/xml is org.apache.jmeter.protocol.http.parser.LagartoBasedHtmlParser
2024-05-09 14:31:04,789 INFO o.a.j.p.h.s.HTTPSamplerBase: Parser for text/xml is org.apache.jmeter.protocol.http.parser.LagartoBasedHtmlParser
2024-05-09 14:31:04,789 INFO o.a.j.p.h.s.HTTPSamplerBase: Parser for text/vnd.wap.wml is org.apache.jmeter.protocol.http.parser.RegexpHTMLParser
2024-05-09 14:31:04,789 INFO o.a.j.p.h.s.HTTPSamplerBase: Parser for text/css is org.apache.jmeter.protocol.http.parser.CssParser
2024-05-09 14:31:04,810 INFO o.a.j.JMeter: Creating summariser <summary>
2024-05-09 14:31:04,814 INFO o.a.j.e.StandardJMeterEngine: Running the test!
2024-05-09 14:31:04,817 INFO o.a.j.s.SampleEvent: List of sample_variables: []
2024-05-09 14:31:04,817 INFO o.a.j.s.SampleEvent: List of sample_variables: []
2024-05-09 14:31:04,823 INFO o.a.j.e.u.CompoundVariable: Note: Function class names must contain the string: '.functions.'
2024-05-09 14:31:04,823 INFO o.a.j.e.u.CompoundVariable: Note: Function class names must not contain the string: '.gui.'
2024-05-09 14:31:05,393 INFO o.a.j.JMeter: Running test (1715232665393)
2024-05-09 14:31:05,487 INFO o.a.j.e.StandardJMeterEngine: Starting ThreadGroup: 1 : Thread Group
2024-05-09 14:31:05,487 INFO o.a.j.e.StandardJMeterEngine: Starting 100 threads for group Thread Group.
2024-05-09 14:31:05,487 INFO o.a.j.e.StandardJMeterEngine: Thread will continue on error
2024-05-09 14:31:05,487 INFO o.a.j.t.ThreadGroup: Starting thread group... number=1 threads=100 ramp-up=1 perThread=10.0 delayedStart=false
2024-05-09 14:31:05,496 INFO o.a.j.t.JMeterThread: Thread started: Thread Group 1-1
2024-05-09 14:31:05,505 INFO o.a.j.t.JMeterThread: Thread started: Thread Group 1-2
2024-05-09 14:31:05,515 INFO o.a.j.t.JMeterThread: Thread started: Thread Group 1-3
2024-05-09 14:31:05,517 INFO o.a.j.p.h.s.HTTPHCAbstractImpl: Local host = master
2024-05-09 14:31:05,519 INFO o.a.j.t.ThreadGroup: Started thread group number 1
2024-05-09 14:31:05,519 INFO o.a.j.e.StandardJMeterEngine: All thread groups have been started
2024-05-09 14:31:05,523 INFO o.a.j.p.h.s.HTTPHC4Impl: HTTP request retry count = 0
2024-05-09 14:31:05,524 INFO o.a.j.s.SampleResult: Note: Sample TimeStamps are START times
2024-05-09 14:31:05,524 INFO o.a.j.s.SampleResult: sampleresult.default.encoding is set to ISO-8859-1
2024-05-09 14:31:05,524 INFO o.a.j.s.SampleResult: sampleresult.useNanoTime=true
2024-05-09 14:31:05,524 INFO o.a.j.s.SampleResult: sampleresult.nanoThreadSleep=5000
2024-05-09 14:31:05,525 INFO o.a.j.t.JMeterThread: Thread started: Thread Group 1-4
2024-05-09 14:31:05,535 INFO o.a.j.t.JMeterThread: Thread started: Thread Group 1-5
2024-05-09 14:31:05,546 INFO o.a.j.t.JMeterThread: Thread started: Thread Group 1-6
2024-05-09 14:31:05,556 INFO o.a.j.t.JMeterThread: Thread started: Thread Group 1-7
2024-05-09 14:31:05,567 INFO o.a.j.t.JMeterThread: Thread started: Thread Group 1-8
2024-05-09 14:31:05,578 INFO o.a.j.t.JMeterThread: Thread started: Thread Group 1-9
2024-05-09 14:31:05,588 INFO o.a.j.t.JMeterThread: Thread started: Thread Group 1-10
2024-05-09 14:31:05,600 INFO o.a.j.t.JMeterThread: Thread started: Thread Group 1-11
2024-05-09 14:31:05,609 INFO o.a.j.t.JMeterThread: Thread started: Thread Group 1-12
2024-05-09 14:31:05,619 INFO o.a.j.t.JMeterThread: Thread started: Thread Group 1-13
2024-05-09 14:31:05,636 INFO o.a.j.t.JMeterThread: Thread started: Thread Group 1-14
2024-05-09 14:31:05,641 INFO o.a.j.t.JMeterThread: Thread started: Thread Group 1-15
2024-05-09 14:31:05,656 INFO o.a.j.t.JMeterThread: Thread started: Thread Group 1-16
2024-05-09 14:31:05,661 INFO o.a.j.t.JMeterThread: Thread started: Thread Group 1-17
2024-05-09 14:31:05,672 INFO o.a.j.t.JMeterThread: Thread started: Thread Group 1-18
2024-05-09 14:31:05,682 INFO o.a.j.t.JMeterThread: Thread started: Thread Group 1-19
2024-05-09 14:31:05,692 INFO o.a.j.t.JMeterThread: Thread started: Thread Group 1-20
2024-05-09 14:31:05,702 INFO o.a.j.t.JMeterThread: Thread started: Thread Group 1-21
2024-05-09 14:31:05,716 INFO o.a.j.t.JMeterThread: Thread started: Thread Group 1-22
2024-05-09 14:31:05,725 INFO o.a.j.t.JMeterThread: Thread started: Thread Group 1-23
2024-05-09 14:31:05,735 INFO o.a.j.t.JMeterThread: Thread started: Thread Group 1-24
2024-05-09 14:31:05,745 INFO o.a.j.t.JMeterThread: Thread started: Thread Group 1-25
2024-05-09 14:31:05,755 INFO o.a.j.t.JMeterThread: Thread started: Thread Group 1-26
2024-05-09 14:31:05,765 INFO o.a.j.r.Summariser: summary +      1 in 00:00:00 =    2.7/s Avg:   125 Min:   125 Max:   125 Err:     0 (0.00%) Active: 26 Started: 26 Finished: 0
2024-05-09 14:31:05,768 INFO o.a.j.u.JsseSSLManager: Using default SSL protocol: TLS
2024-05-09 14:31:05,768 INFO o.a.j.u.JsseSSLManager: SSL session context: per-thread
2024-05-09 14:31:05,771 INFO o.a.j.t.JMeterThread: Thread started: Thread Group 1-27
2024-05-09 14:31:05,776 INFO o.a.j.t.JMeterThread: Thread started: Thread Group 1-28
2024-05-09 14:31:05,786 INFO o.a.j.t.JMeterThread: Thread started: Thread Group 1-29
2024-05-09 14:31:05,797 INFO o.a.j.t.JMeterThread: Thread started: Thread Group 1-30
2024-05-09 14:31:05,807 INFO o.a.j.t.JMeterThread: Thread started: Thread Group 1-31
2024-05-09 14:31:05,817 INFO o.a.j.t.JMeterThread: Thread started: Thread Group 1-32
2024-05-09 14:31:05,827 INFO o.a.j.t.JMeterThread: Thread started: Thread Group 1-33
2024-05-09 14:31:05,837 INFO o.a.j.t.JMeterThread: Thread started: Thread Group 1-34
2024-05-09 14:31:05,848 INFO o.a.j.t.JMeterThread: Thread started: Thread Group 1-35
2024-05-09 14:31:05,858 INFO o.a.j.t.JMeterThread: Thread started: Thread Group 1-36
2024-05-09 14:31:05,868 INFO o.a.j.t.JMeterThread: Thread started: Thread Group 1-37
2024-05-09 14:31:05,878 INFO o.a.j.t.JMeterThread: Thread started: Thread Group 1-38
2024-05-09 14:31:05,888 INFO o.a.j.t.JMeterThread: Thread started: Thread Group 1-39
2024-05-09 14:31:05,898 INFO o.a.j.t.JMeterThread: Thread started: Thread Group 1-40
2024-05-09 14:31:05,909 INFO o.a.j.t.JMeterThread: Thread started: Thread Group 1-41
2024-05-09 14:31:05,919 INFO o.a.j.t.JMeterThread: Thread started: Thread Group 1-42
2024-05-09 14:31:05,929 INFO o.a.j.t.JMeterThread: Thread started: Thread Group 1-43
2024-05-09 14:31:05,939 INFO o.a.j.t.JMeterThread: Thread started: Thread Group 1-44
2024-05-09 14:31:05,950 INFO o.a.j.t.JMeterThread: Thread started: Thread Group 1-45
2024-05-09 14:31:05,960 INFO o.a.j.t.JMeterThread: Thread started: Thread Group 1-46
2024-05-09 14:31:05,970 INFO o.a.j.t.JMeterThread: Thread started: Thread Group 1-47
2024-05-09 14:31:05,980 INFO o.a.j.t.JMeterThread: Thread started: Thread Group 1-48
2024-05-09 14:31:05,990 INFO o.a.j.t.JMeterThread: Thread started: Thread Group 1-49
2024-05-09 14:31:06,001 INFO o.a.j.t.JMeterThread: Thread started: Thread Group 1-50
2024-05-09 14:31:06,011 INFO o.a.j.t.JMeterThread: Thread started: Thread Group 1-51
2024-05-09 14:31:06,021 INFO o.a.j.t.JMeterThread: Thread started: Thread Group 1-52
2024-05-09 14:31:06,031 INFO o.a.j.t.JMeterThread: Thread started: Thread Group 1-53
2024-05-09 14:31:06,041 INFO o.a.j.t.JMeterThread: Thread started: Thread Group 1-54
2024-05-09 14:31:06,053 INFO o.a.j.t.JMeterThread: Thread started: Thread Group 1-55
2024-05-09 14:31:06,062 INFO o.a.j.t.JMeterThread: Thread started: Thread Group 1-56
2024-05-09 14:31:06,072 INFO o.a.j.t.JMeterThread: Thread started: Thread Group 1-57
2024-05-09 14:31:06,082 INFO o.a.j.t.JMeterThread: Thread started: Thread Group 1-58
2024-05-09 14:31:06,092 INFO o.a.j.t.JMeterThread: Thread started: Thread Group 1-59
2024-05-09 14:31:06,102 INFO o.a.j.t.JMeterThread: Thread started: Thread Group 1-60
2024-05-09 14:31:06,113 INFO o.a.j.t.JMeterThread: Thread started: Thread Group 1-61
2024-05-09 14:31:06,123 INFO o.a.j.t.JMeterThread: Thread started: Thread Group 1-62
2024-05-09 14:31:06,133 INFO o.a.j.t.JMeterThread: Thread started: Thread Group 1-63
2024-05-09 14:31:06,143 INFO o.a.j.t.JMeterThread: Thread started: Thread Group 1-64
2024-05-09 14:31:06,153 INFO o.a.j.t.JMeterThread: Thread started: Thread Group 1-65
2024-05-09 14:31:06,163 INFO o.a.j.t.JMeterThread: Thread started: Thread Group 1-66
2024-05-09 14:31:06,173 INFO o.a.j.t.JMeterThread: Thread started: Thread Group 1-67
2024-05-09 14:31:06,184 INFO o.a.j.t.JMeterThread: Thread started: Thread Group 1-68
2024-05-09 14:31:06,194 INFO o.a.j.t.JMeterThread: Thread started: Thread Group 1-69
2024-05-09 14:31:06,204 INFO o.a.j.t.JMeterThread: Thread started: Thread Group 1-70
2024-05-09 14:31:06,214 INFO o.a.j.t.JMeterThread: Thread started: Thread Group 1-71
2024-05-09 14:31:06,224 INFO o.a.j.t.JMeterThread: Thread started: Thread Group 1-72
2024-05-09 14:31:06,234 INFO o.a.j.t.JMeterThread: Thread started: Thread Group 1-73
2024-05-09 14:31:06,245 INFO o.a.j.t.JMeterThread: Thread started: Thread Group 1-74
2024-05-09 14:31:06,255 INFO o.a.j.t.JMeterThread: Thread started: Thread Group 1-75
2024-05-09 14:31:06,265 INFO o.a.j.t.JMeterThread: Thread started: Thread Group 1-76
2024-05-09 14:31:06,275 INFO o.a.j.t.JMeterThread: Thread started: Thread Group 1-77
2024-05-09 14:31:06,286 INFO o.a.j.t.JMeterThread: Thread started: Thread Group 1-78
2024-05-09 14:31:06,297 INFO o.a.j.t.JMeterThread: Thread started: Thread Group 1-79
2024-05-09 14:31:06,306 INFO o.a.j.t.JMeterThread: Thread started: Thread Group 1-80
2024-05-09 14:31:06,317 INFO o.a.j.t.JMeterThread: Thread started: Thread Group 1-81
2024-05-09 14:31:06,327 INFO o.a.j.t.JMeterThread: Thread started: Thread Group 1-82
2024-05-09 14:31:06,337 INFO o.a.j.t.JMeterThread: Thread started: Thread Group 1-83
2024-05-09 14:31:06,347 INFO o.a.j.t.JMeterThread: Thread started: Thread Group 1-84
2024-05-09 14:31:06,357 INFO o.a.j.t.JMeterThread: Thread started: Thread Group 1-85
2024-05-09 14:31:06,367 INFO o.a.j.t.JMeterThread: Thread started: Thread Group 1-86
2024-05-09 14:31:06,378 INFO o.a.j.t.JMeterThread: Thread started: Thread Group 1-87
2024-05-09 14:31:06,388 INFO o.a.j.t.JMeterThread: Thread started: Thread Group 1-88
2024-05-09 14:31:06,398 INFO o.a.j.t.JMeterThread: Thread started: Thread Group 1-89
2024-05-09 14:31:06,408 INFO o.a.j.t.JMeterThread: Thread started: Thread Group 1-90
2024-05-09 14:31:06,418 INFO o.a.j.t.JMeterThread: Thread started: Thread Group 1-91
2024-05-09 14:31:06,428 INFO o.a.j.t.JMeterThread: Thread started: Thread Group 1-92
2024-05-09 14:31:06,438 INFO o.a.j.t.JMeterThread: Thread started: Thread Group 1-93
2024-05-09 14:31:06,449 INFO o.a.j.t.JMeterThread: Thread started: Thread Group 1-94
2024-05-09 14:31:06,459 INFO o.a.j.t.JMeterThread: Thread started: Thread Group 1-95
2024-05-09 14:31:06,469 INFO o.a.j.t.JMeterThread: Thread started: Thread Group 1-96
2024-05-09 14:31:06,479 INFO o.a.j.t.JMeterThread: Thread started: Thread Group 1-97
2024-05-09 14:31:06,489 INFO o.a.j.t.JMeterThread: Thread started: Thread Group 1-98
2024-05-09 14:31:06,499 INFO o.a.j.t.JMeterThread: Thread started: Thread Group 1-99
2024-05-09 14:31:06,509 INFO o.a.j.t.JMeterThread: Thread started: Thread Group 1-100
2024-05-09 14:31:30,005 INFO o.a.j.r.Summariser: summary +  19035 in 00:00:24 =  785.3/s Avg:   125 Min:   121 Max:  1151 Err:     0 (0.00%) Active: 100 Started: 100 Finished: 0
2024-05-09 14:31:30,005 INFO o.a.j.r.Summariser: summary =  19036 in 00:00:25 =  773.5/s Avg:   125 Min:   121 Max:  1151 Err:     0 (0.00%)
2024-05-09 14:31:30,701 INFO o.a.j.t.JMeterThread: Thread is done: Thread Group 1-13
2024-05-09 14:31:30,701 INFO o.a.j.t.JMeterThread: Thread finished: Thread Group 1-13
2024-05-09 14:31:30,729 INFO o.a.j.t.JMeterThread: Thread is done: Thread Group 1-15
2024-05-09 14:31:30,730 INFO o.a.j.t.JMeterThread: Thread finished: Thread Group 1-15
2024-05-09 14:31:30,732 INFO o.a.j.t.JMeterThread: Thread is done: Thread Group 1-7
2024-05-09 14:31:30,732 INFO o.a.j.t.JMeterThread: Thread finished: Thread Group 1-7
2024-05-09 14:31:30,757 INFO o.a.j.t.JMeterThread: Thread is done: Thread Group 1-8
2024-05-09 14:31:30,757 INFO o.a.j.t.JMeterThread: Thread finished: Thread Group 1-8
2024-05-09 14:31:30,771 INFO o.a.j.t.JMeterThread: Thread is done: Thread Group 1-9
2024-05-09 14:31:30,772 INFO o.a.j.t.JMeterThread: Thread finished: Thread Group 1-9
2024-05-09 14:31:30,788 INFO o.a.j.t.JMeterThread: Thread is done: Thread Group 1-10
2024-05-09 14:31:30,788 INFO o.a.j.t.JMeterThread: Thread finished: Thread Group 1-10
2024-05-09 14:31:30,831 INFO o.a.j.t.JMeterThread: Thread is done: Thread Group 1-14
2024-05-09 14:31:30,831 INFO o.a.j.t.JMeterThread: Thread finished: Thread Group 1-14
2024-05-09 14:31:30,832 INFO o.a.j.t.JMeterThread: Thread is done: Thread Group 1-3
2024-05-09 14:31:30,832 INFO o.a.j.t.JMeterThread: Thread finished: Thread Group 1-3
2024-05-09 14:31:30,851 INFO o.a.j.t.JMeterThread: Thread is done: Thread Group 1-21
2024-05-09 14:31:30,851 INFO o.a.j.t.JMeterThread: Thread finished: Thread Group 1-21
2024-05-09 14:31:30,857 INFO o.a.j.t.JMeterThread: Thread is done: Thread Group 1-23
2024-05-09 14:31:30,857 INFO o.a.j.t.JMeterThread: Thread finished: Thread Group 1-23
2024-05-09 14:31:30,862 INFO o.a.j.t.JMeterThread: Thread is done: Thread Group 1-12
2024-05-09 14:31:30,862 INFO o.a.j.t.JMeterThread: Thread finished: Thread Group 1-12
2024-05-09 14:31:30,880 INFO o.a.j.t.JMeterThread: Thread is done: Thread Group 1-17
2024-05-09 14:31:30,880 INFO o.a.j.t.JMeterThread: Thread finished: Thread Group 1-17
2024-05-09 14:31:30,880 INFO o.a.j.t.JMeterThread: Thread is done: Thread Group 1-1
2024-05-09 14:31:30,880 INFO o.a.j.t.JMeterThread: Thread is done: Thread Group 1-5
2024-05-09 14:31:30,881 INFO o.a.j.t.JMeterThread: Thread finished: Thread Group 1-5
2024-05-09 14:31:30,881 INFO o.a.j.t.JMeterThread: Thread finished: Thread Group 1-1
2024-05-09 14:31:30,882 INFO o.a.j.t.JMeterThread: Thread is done: Thread Group 1-19
2024-05-09 14:31:30,883 INFO o.a.j.t.JMeterThread: Thread finished: Thread Group 1-19
2024-05-09 14:31:30,889 INFO o.a.j.t.JMeterThread: Thread is done: Thread Group 1-20
2024-05-09 14:31:30,890 INFO o.a.j.t.JMeterThread: Thread finished: Thread Group 1-20
2024-05-09 14:31:30,889 INFO o.a.j.t.JMeterThread: Thread is done: Thread Group 1-26
2024-05-09 14:31:30,890 INFO o.a.j.t.JMeterThread: Thread finished: Thread Group 1-26
2024-05-09 14:31:30,891 INFO o.a.j.t.JMeterThread: Thread is done: Thread Group 1-16
2024-05-09 14:31:30,891 INFO o.a.j.t.JMeterThread: Thread finished: Thread Group 1-16
2024-05-09 14:31:30,894 INFO o.a.j.t.JMeterThread: Thread is done: Thread Group 1-11
2024-05-09 14:31:30,895 INFO o.a.j.t.JMeterThread: Thread finished: Thread Group 1-11
2024-05-09 14:31:30,895 INFO o.a.j.t.JMeterThread: Thread is done: Thread Group 1-6
2024-05-09 14:31:30,895 INFO o.a.j.t.JMeterThread: Thread is done: Thread Group 1-4
2024-05-09 14:31:30,895 INFO o.a.j.t.JMeterThread: Thread finished: Thread Group 1-4
2024-05-09 14:31:30,895 INFO o.a.j.t.JMeterThread: Thread finished: Thread Group 1-6
2024-05-09 14:31:30,897 INFO o.a.j.t.JMeterThread: Thread is done: Thread Group 1-25
2024-05-09 14:31:30,897 INFO o.a.j.t.JMeterThread: Thread finished: Thread Group 1-25
2024-05-09 14:31:30,899 INFO o.a.j.t.JMeterThread: Thread is done: Thread Group 1-24
2024-05-09 14:31:30,899 INFO o.a.j.t.JMeterThread: Thread finished: Thread Group 1-24
2024-05-09 14:31:30,906 INFO o.a.j.t.JMeterThread: Thread is done: Thread Group 1-2
2024-05-09 14:31:30,906 INFO o.a.j.t.JMeterThread: Thread finished: Thread Group 1-2
2024-05-09 14:31:30,918 INFO o.a.j.t.JMeterThread: Thread is done: Thread Group 1-18
2024-05-09 14:31:30,918 INFO o.a.j.t.JMeterThread: Thread finished: Thread Group 1-18
2024-05-09 14:31:30,981 INFO o.a.j.t.JMeterThread: Thread is done: Thread Group 1-35
2024-05-09 14:31:30,981 INFO o.a.j.t.JMeterThread: Thread finished: Thread Group 1-35
2024-05-09 14:31:30,981 INFO o.a.j.t.JMeterThread: Thread is done: Thread Group 1-27
2024-05-09 14:31:30,981 INFO o.a.j.t.JMeterThread: Thread finished: Thread Group 1-27
2024-05-09 14:31:31,009 INFO o.a.j.t.JMeterThread: Thread is done: Thread Group 1-22
2024-05-09 14:31:31,010 INFO o.a.j.t.JMeterThread: Thread finished: Thread Group 1-22
2024-05-09 14:31:31,015 INFO o.a.j.t.JMeterThread: Thread is done: Thread Group 1-28
2024-05-09 14:31:31,015 INFO o.a.j.t.JMeterThread: Thread finished: Thread Group 1-28
2024-05-09 14:31:31,032 INFO o.a.j.t.JMeterThread: Thread is done: Thread Group 1-32
2024-05-09 14:31:31,032 INFO o.a.j.t.JMeterThread: Thread finished: Thread Group 1-32
2024-05-09 14:31:31,032 INFO o.a.j.t.JMeterThread: Thread is done: Thread Group 1-36
2024-05-09 14:31:31,032 INFO o.a.j.t.JMeterThread: Thread finished: Thread Group 1-36
2024-05-09 14:31:31,032 INFO o.a.j.t.JMeterThread: Thread is done: Thread Group 1-33
2024-05-09 14:31:31,033 INFO o.a.j.t.JMeterThread: Thread finished: Thread Group 1-33
2024-05-09 14:31:31,046 INFO o.a.j.t.JMeterThread: Thread is done: Thread Group 1-29
2024-05-09 14:31:31,046 INFO o.a.j.t.JMeterThread: Thread is done: Thread Group 1-34
2024-05-09 14:31:31,046 INFO o.a.j.t.JMeterThread: Thread finished: Thread Group 1-29
2024-05-09 14:31:31,047 INFO o.a.j.t.JMeterThread: Thread finished: Thread Group 1-34
2024-05-09 14:31:31,047 INFO o.a.j.t.JMeterThread: Thread is done: Thread Group 1-37
2024-05-09 14:31:31,047 INFO o.a.j.t.JMeterThread: Thread finished: Thread Group 1-37
2024-05-09 14:31:31,048 INFO o.a.j.t.JMeterThread: Thread is done: Thread Group 1-44
2024-05-09 14:31:31,048 INFO o.a.j.t.JMeterThread: Thread finished: Thread Group 1-44
2024-05-09 14:31:31,053 INFO o.a.j.t.JMeterThread: Thread is done: Thread Group 1-39
2024-05-09 14:31:31,053 INFO o.a.j.t.JMeterThread: Thread finished: Thread Group 1-39
2024-05-09 14:31:31,112 INFO o.a.j.t.JMeterThread: Thread is done: Thread Group 1-38
2024-05-09 14:31:31,112 INFO o.a.j.t.JMeterThread: Thread finished: Thread Group 1-38
2024-05-09 14:31:31,120 INFO o.a.j.t.JMeterThread: Thread is done: Thread Group 1-46
2024-05-09 14:31:31,120 INFO o.a.j.t.JMeterThread: Thread finished: Thread Group 1-46
2024-05-09 14:31:31,121 INFO o.a.j.t.JMeterThread: Thread is done: Thread Group 1-49
2024-05-09 14:31:31,121 INFO o.a.j.t.JMeterThread: Thread finished: Thread Group 1-49
2024-05-09 14:31:31,122 INFO o.a.j.t.JMeterThread: Thread is done: Thread Group 1-48
2024-05-09 14:31:31,122 INFO o.a.j.t.JMeterThread: Thread finished: Thread Group 1-48
2024-05-09 14:31:31,123 INFO o.a.j.t.JMeterThread: Thread is done: Thread Group 1-40
2024-05-09 14:31:31,123 INFO o.a.j.t.JMeterThread: Thread finished: Thread Group 1-40
2024-05-09 14:31:31,123 INFO o.a.j.t.JMeterThread: Thread is done: Thread Group 1-30
2024-05-09 14:31:31,123 INFO o.a.j.t.JMeterThread: Thread finished: Thread Group 1-30
2024-05-09 14:31:31,162 INFO o.a.j.t.JMeterThread: Thread is done: Thread Group 1-42
2024-05-09 14:31:31,162 INFO o.a.j.t.JMeterThread: Thread finished: Thread Group 1-42
2024-05-09 14:31:31,167 INFO o.a.j.t.JMeterThread: Thread is done: Thread Group 1-51
2024-05-09 14:31:31,168 INFO o.a.j.t.JMeterThread: Thread finished: Thread Group 1-51
2024-05-09 14:31:31,173 INFO o.a.j.t.JMeterThread: Thread is done: Thread Group 1-45
2024-05-09 14:31:31,173 INFO o.a.j.t.JMeterThread: Thread finished: Thread Group 1-45
2024-05-09 14:31:31,173 INFO o.a.j.t.JMeterThread: Thread is done: Thread Group 1-41
2024-05-09 14:31:31,173 INFO o.a.j.t.JMeterThread: Thread finished: Thread Group 1-41
2024-05-09 14:31:31,175 INFO o.a.j.t.JMeterThread: Thread is done: Thread Group 1-43
2024-05-09 14:31:31,175 INFO o.a.j.t.JMeterThread: Thread is done: Thread Group 1-47
2024-05-09 14:31:31,175 INFO o.a.j.t.JMeterThread: Thread is done: Thread Group 1-52
2024-05-09 14:31:31,175 INFO o.a.j.t.JMeterThread: Thread finished: Thread Group 1-47
2024-05-09 14:31:31,175 INFO o.a.j.t.JMeterThread: Thread finished: Thread Group 1-52
2024-05-09 14:31:31,175 INFO o.a.j.t.JMeterThread: Thread finished: Thread Group 1-43
2024-05-09 14:31:31,239 INFO o.a.j.t.JMeterThread: Thread is done: Thread Group 1-58
2024-05-09 14:31:31,239 INFO o.a.j.t.JMeterThread: Thread finished: Thread Group 1-58
2024-05-09 14:31:31,244 INFO o.a.j.t.JMeterThread: Thread is done: Thread Group 1-56
2024-05-09 14:31:31,244 INFO o.a.j.t.JMeterThread: Thread is done: Thread Group 1-62
2024-05-09 14:31:31,244 INFO o.a.j.t.JMeterThread: Thread finished: Thread Group 1-56
2024-05-09 14:31:31,244 INFO o.a.j.t.JMeterThread: Thread is done: Thread Group 1-55
2024-05-09 14:31:31,244 INFO o.a.j.t.JMeterThread: Thread finished: Thread Group 1-62
2024-05-09 14:31:31,244 INFO o.a.j.t.JMeterThread: Thread finished: Thread Group 1-55
2024-05-09 14:31:31,248 INFO o.a.j.t.JMeterThread: Thread is done: Thread Group 1-63
2024-05-09 14:31:31,248 INFO o.a.j.t.JMeterThread: Thread finished: Thread Group 1-63
2024-05-09 14:31:31,248 INFO o.a.j.t.JMeterThread: Thread is done: Thread Group 1-57
2024-05-09 14:31:31,248 INFO o.a.j.t.JMeterThread: Thread finished: Thread Group 1-57
2024-05-09 14:31:31,262 INFO o.a.j.t.JMeterThread: Thread is done: Thread Group 1-59
2024-05-09 14:31:31,263 INFO o.a.j.t.JMeterThread: Thread finished: Thread Group 1-59
2024-05-09 14:31:31,273 INFO o.a.j.t.JMeterThread: Thread is done: Thread Group 1-54
2024-05-09 14:31:31,273 INFO o.a.j.t.JMeterThread: Thread is done: Thread Group 1-60
2024-05-09 14:31:31,273 INFO o.a.j.t.JMeterThread: Thread finished: Thread Group 1-54
2024-05-09 14:31:31,273 INFO o.a.j.t.JMeterThread: Thread finished: Thread Group 1-60
2024-05-09 14:31:31,273 INFO o.a.j.t.JMeterThread: Thread is done: Thread Group 1-61
2024-05-09 14:31:31,273 INFO o.a.j.t.JMeterThread: Thread finished: Thread Group 1-61
2024-05-09 14:31:31,296 INFO o.a.j.t.JMeterThread: Thread is done: Thread Group 1-53
2024-05-09 14:31:31,296 INFO o.a.j.t.JMeterThread: Thread is done: Thread Group 1-50
2024-05-09 14:31:31,296 INFO o.a.j.t.JMeterThread: Thread finished: Thread Group 1-53
2024-05-09 14:31:31,296 INFO o.a.j.t.JMeterThread: Thread is done: Thread Group 1-64
2024-05-09 14:31:31,296 INFO o.a.j.t.JMeterThread: Thread finished: Thread Group 1-64
2024-05-09 14:31:31,296 INFO o.a.j.t.JMeterThread: Thread finished: Thread Group 1-50
2024-05-09 14:31:31,304 INFO o.a.j.t.JMeterThread: Thread is done: Thread Group 1-69
2024-05-09 14:31:31,305 INFO o.a.j.t.JMeterThread: Thread finished: Thread Group 1-69
2024-05-09 14:31:31,377 INFO o.a.j.t.JMeterThread: Thread is done: Thread Group 1-80
2024-05-09 14:31:31,377 INFO o.a.j.t.JMeterThread: Thread is done: Thread Group 1-71
2024-05-09 14:31:31,377 INFO o.a.j.t.JMeterThread: Thread finished: Thread Group 1-80
2024-05-09 14:31:31,377 INFO o.a.j.t.JMeterThread: Thread is done: Thread Group 1-76
2024-05-09 14:31:31,377 INFO o.a.j.t.JMeterThread: Thread finished: Thread Group 1-76
2024-05-09 14:31:31,377 INFO o.a.j.t.JMeterThread: Thread finished: Thread Group 1-71
2024-05-09 14:31:31,403 INFO o.a.j.t.JMeterThread: Thread is done: Thread Group 1-70
2024-05-09 14:31:31,403 INFO o.a.j.t.JMeterThread: Thread finished: Thread Group 1-70
2024-05-09 14:31:31,403 INFO o.a.j.t.JMeterThread: Thread is done: Thread Group 1-66
2024-05-09 14:31:31,403 INFO o.a.j.t.JMeterThread: Thread finished: Thread Group 1-66
2024-05-09 14:31:31,415 INFO o.a.j.t.JMeterThread: Thread is done: Thread Group 1-67
2024-05-09 14:31:31,415 INFO o.a.j.t.JMeterThread: Thread is done: Thread Group 1-68
2024-05-09 14:31:31,415 INFO o.a.j.t.JMeterThread: Thread finished: Thread Group 1-67
2024-05-09 14:31:31,415 INFO o.a.j.t.JMeterThread: Thread finished: Thread Group 1-68
2024-05-09 14:31:31,420 INFO o.a.j.t.JMeterThread: Thread is done: Thread Group 1-75
2024-05-09 14:31:31,420 INFO o.a.j.t.JMeterThread: Thread is done: Thread Group 1-73
2024-05-09 14:31:31,420 INFO o.a.j.t.JMeterThread: Thread finished: Thread Group 1-75
2024-05-09 14:31:31,420 INFO o.a.j.t.JMeterThread: Thread finished: Thread Group 1-73
2024-05-09 14:31:31,425 INFO o.a.j.t.JMeterThread: Thread is done: Thread Group 1-72
2024-05-09 14:31:31,425 INFO o.a.j.t.JMeterThread: Thread finished: Thread Group 1-72
2024-05-09 14:31:31,432 INFO o.a.j.t.JMeterThread: Thread is done: Thread Group 1-65
2024-05-09 14:31:31,432 INFO o.a.j.t.JMeterThread: Thread finished: Thread Group 1-65
2024-05-09 14:31:31,471 INFO o.a.j.t.JMeterThread: Thread is done: Thread Group 1-77
2024-05-09 14:31:31,471 INFO o.a.j.t.JMeterThread: Thread finished: Thread Group 1-77
2024-05-09 14:31:31,475 INFO o.a.j.t.JMeterThread: Thread is done: Thread Group 1-82
2024-05-09 14:31:31,475 INFO o.a.j.t.JMeterThread: Thread finished: Thread Group 1-82
2024-05-09 14:31:31,498 INFO o.a.j.t.JMeterThread: Thread is done: Thread Group 1-87
2024-05-09 14:31:31,498 INFO o.a.j.t.JMeterThread: Thread finished: Thread Group 1-87
2024-05-09 14:31:31,503 INFO o.a.j.t.JMeterThread: Thread is done: Thread Group 1-85
2024-05-09 14:31:31,503 INFO o.a.j.t.JMeterThread: Thread finished: Thread Group 1-85
2024-05-09 14:31:31,531 INFO o.a.j.t.JMeterThread: Thread is done: Thread Group 1-83
2024-05-09 14:31:31,531 INFO o.a.j.t.JMeterThread: Thread is done: Thread Group 1-74
2024-05-09 14:31:31,531 INFO o.a.j.t.JMeterThread: Thread finished: Thread Group 1-83
2024-05-09 14:31:31,531 INFO o.a.j.t.JMeterThread: Thread finished: Thread Group 1-74
2024-05-09 14:31:31,550 INFO o.a.j.t.JMeterThread: Thread is done: Thread Group 1-78
2024-05-09 14:31:31,550 INFO o.a.j.t.JMeterThread: Thread finished: Thread Group 1-78
2024-05-09 14:31:31,552 INFO o.a.j.t.JMeterThread: Thread is done: Thread Group 1-84
2024-05-09 14:31:31,552 INFO o.a.j.t.JMeterThread: Thread finished: Thread Group 1-84
2024-05-09 14:31:31,553 INFO o.a.j.t.JMeterThread: Thread is done: Thread Group 1-90
2024-05-09 14:31:31,553 INFO o.a.j.t.JMeterThread: Thread is done: Thread Group 1-81
2024-05-09 14:31:31,553 INFO o.a.j.t.JMeterThread: Thread finished: Thread Group 1-90
2024-05-09 14:31:31,553 INFO o.a.j.t.JMeterThread: Thread finished: Thread Group 1-81
2024-05-09 14:31:31,561 INFO o.a.j.t.JMeterThread: Thread is done: Thread Group 1-93
2024-05-09 14:31:31,562 INFO o.a.j.t.JMeterThread: Thread finished: Thread Group 1-93
2024-05-09 14:31:31,562 INFO o.a.j.t.JMeterThread: Thread is done: Thread Group 1-79
2024-05-09 14:31:31,562 INFO o.a.j.t.JMeterThread: Thread finished: Thread Group 1-79
2024-05-09 14:31:31,562 INFO o.a.j.t.JMeterThread: Thread is done: Thread Group 1-89
2024-05-09 14:31:31,562 INFO o.a.j.t.JMeterThread: Thread finished: Thread Group 1-89
2024-05-09 14:31:31,625 INFO o.a.j.t.JMeterThread: Thread is done: Thread Group 1-96
2024-05-09 14:31:31,625 INFO o.a.j.t.JMeterThread: Thread is done: Thread Group 1-95
2024-05-09 14:31:31,625 INFO o.a.j.t.JMeterThread: Thread finished: Thread Group 1-96
2024-05-09 14:31:31,625 INFO o.a.j.t.JMeterThread: Thread finished: Thread Group 1-95
2024-05-09 14:31:31,659 INFO o.a.j.t.JMeterThread: Thread is done: Thread Group 1-88
2024-05-09 14:31:31,659 INFO o.a.j.t.JMeterThread: Thread is done: Thread Group 1-86
2024-05-09 14:31:31,659 INFO o.a.j.t.JMeterThread: Thread is done: Thread Group 1-94
2024-05-09 14:31:31,659 INFO o.a.j.t.JMeterThread: Thread is done: Thread Group 1-100
2024-05-09 14:31:31,659 INFO o.a.j.t.JMeterThread: Thread finished: Thread Group 1-94
2024-05-09 14:31:31,659 INFO o.a.j.t.JMeterThread: Thread finished: Thread Group 1-86
2024-05-09 14:31:31,659 INFO o.a.j.t.JMeterThread: Thread finished: Thread Group 1-100
2024-05-09 14:31:31,659 INFO o.a.j.t.JMeterThread: Thread finished: Thread Group 1-88
2024-05-09 14:31:31,676 INFO o.a.j.t.JMeterThread: Thread is done: Thread Group 1-99
2024-05-09 14:31:31,676 INFO o.a.j.t.JMeterThread: Thread finished: Thread Group 1-99
2024-05-09 14:31:31,677 INFO o.a.j.t.JMeterThread: Thread is done: Thread Group 1-92
2024-05-09 14:31:31,677 INFO o.a.j.t.JMeterThread: Thread finished: Thread Group 1-92
2024-05-09 14:31:31,678 INFO o.a.j.t.JMeterThread: Thread is done: Thread Group 1-91
2024-05-09 14:31:31,678 INFO o.a.j.t.JMeterThread: Thread finished: Thread Group 1-91
2024-05-09 14:31:31,688 INFO o.a.j.t.JMeterThread: Thread is done: Thread Group 1-98
2024-05-09 14:31:31,688 INFO o.a.j.t.JMeterThread: Thread finished: Thread Group 1-98
2024-05-09 14:31:31,688 INFO o.a.j.t.JMeterThread: Thread is done: Thread Group 1-97
2024-05-09 14:31:31,688 INFO o.a.j.t.JMeterThread: Thread finished: Thread Group 1-97
2024-05-09 14:31:32,070 INFO o.a.j.t.JMeterThread: Thread is done: Thread Group 1-31
2024-05-09 14:31:32,070 INFO o.a.j.t.JMeterThread: Thread finished: Thread Group 1-31
2024-05-09 14:31:32,071 INFO o.a.j.e.StandardJMeterEngine: Notifying test listeners of end of test
2024-05-09 14:31:32,071 INFO o.a.j.r.Summariser: summary +    964 in 00:00:02 =  466.4/s Avg:   130 Min:   124 Max:   158 Err:     0 (0.00%) Active: 0 Started: 100 Finished: 100
2024-05-09 14:31:32,072 INFO o.a.j.r.Summariser: summary =  20000 in 00:00:27 =  749.7/s Avg:   125 Min:   121 Max:  1151 Err:     0 (0.00%)
