2024-05-09 14:26:26,441 INFO o.a.j.u.JMeterUtils: Setting Locale to en_EN
2024-05-09 14:26:26,452 INFO o.a.j.JMeter: Loading user properties from: /root/PrivateCloudContainer/PCC-5th-PoC/Utils/JMeter/apache-jmeter-5.1/bin/user.properties
2024-05-09 14:26:26,453 INFO o.a.j.JMeter: Loading system properties from: /root/PrivateCloudContainer/PCC-5th-PoC/Utils/JMeter/apache-jmeter-5.1/bin/system.properties
2024-05-09 14:26:26,457 INFO o.a.j.JMeter: Copyright (c) 1998-2019 The Apache Software Foundation
2024-05-09 14:26:26,457 INFO o.a.j.JMeter: Version 5.1 r1853635
2024-05-09 14:26:26,457 INFO o.a.j.JMeter: java.version=1.8.0_402
2024-05-09 14:26:26,457 INFO o.a.j.JMeter: java.vm.name=OpenJDK 64-Bit Server VM
2024-05-09 14:26:26,457 INFO o.a.j.JMeter: os.name=Linux
2024-05-09 14:26:26,457 INFO o.a.j.JMeter: os.arch=amd64
2024-05-09 14:26:26,457 INFO o.a.j.JMeter: os.version=5.15.0-105-generic
2024-05-09 14:26:26,457 INFO o.a.j.JMeter: file.encoding=UTF-8
2024-05-09 14:26:26,457 INFO o.a.j.JMeter: java.awt.headless=true
2024-05-09 14:26:26,457 INFO o.a.j.JMeter: Max memory     =1073741824
2024-05-09 14:26:26,458 INFO o.a.j.JMeter: Available Processors =8
2024-05-09 14:26:26,461 INFO o.a.j.JMeter: Default Locale=English (EN)
2024-05-09 14:26:26,461 INFO o.a.j.JMeter: JMeter  Locale=English (EN)
2024-05-09 14:26:26,462 INFO o.a.j.JMeter: JMeterHome=/root/PrivateCloudContainer/PCC-5th-PoC/Utils/JMeter/apache-jmeter-5.1
2024-05-09 14:26:26,462 INFO o.a.j.JMeter: user.dir  =/root/PrivateCloudContainer/PCC-5th-PoC/1_ServiceResponseTime
2024-05-09 14:26:26,462 INFO o.a.j.JMeter: PWD       =/root/PrivateCloudContainer/PCC-5th-PoC/1_ServiceResponseTime
2024-05-09 14:26:26,543 INFO o.a.j.JMeter: IP: 10.0.2.103 Name: master FullName: master
2024-05-09 14:26:26,547 INFO o.a.j.s.FileServer: Default base='/root/PrivateCloudContainer/PCC-5th-PoC/1_ServiceResponseTime'
2024-05-09 14:26:26,549 INFO o.a.j.s.FileServer: Set new base='/root/PrivateCloudContainer/PCC-5th-PoC/1_ServiceResponseTime/./KetiFaaS/jmx'
2024-05-09 14:26:26,646 INFO o.a.j.s.SaveService: Testplan (JMX) version: 2.2. Testlog (JTL) version: 2.2
2024-05-09 14:26:26,653 INFO o.a.j.s.SaveService: Using SaveService properties file encoding UTF-8
2024-05-09 14:26:26,667 INFO o.a.j.s.SaveService: Using SaveService properties version 5.0
2024-05-09 14:26:26,672 INFO o.a.j.s.SaveService: Loading file: ./KetiFaaS/jmx/KetiFaaS-total_request_40000.jmx
2024-05-09 14:26:26,710 INFO o.a.j.p.h.s.HTTPSamplerBase: Parser for text/html is org.apache.jmeter.protocol.http.parser.LagartoBasedHtmlParser
2024-05-09 14:26:26,710 INFO o.a.j.p.h.s.HTTPSamplerBase: Parser for application/xhtml+xml is org.apache.jmeter.protocol.http.parser.LagartoBasedHtmlParser
2024-05-09 14:26:26,710 INFO o.a.j.p.h.s.HTTPSamplerBase: Parser for application/xml is org.apache.jmeter.protocol.http.parser.LagartoBasedHtmlParser
2024-05-09 14:26:26,710 INFO o.a.j.p.h.s.HTTPSamplerBase: Parser for text/xml is org.apache.jmeter.protocol.http.parser.LagartoBasedHtmlParser
2024-05-09 14:26:26,710 INFO o.a.j.p.h.s.HTTPSamplerBase: Parser for text/vnd.wap.wml is org.apache.jmeter.protocol.http.parser.RegexpHTMLParser
2024-05-09 14:26:26,710 INFO o.a.j.p.h.s.HTTPSamplerBase: Parser for text/css is org.apache.jmeter.protocol.http.parser.CssParser
2024-05-09 14:26:26,733 INFO o.a.j.JMeter: Creating summariser <summary>
2024-05-09 14:26:26,738 INFO o.a.j.e.StandardJMeterEngine: Running the test!
2024-05-09 14:26:26,739 INFO o.a.j.s.SampleEvent: List of sample_variables: []
2024-05-09 14:26:26,739 INFO o.a.j.s.SampleEvent: List of sample_variables: []
2024-05-09 14:26:26,745 INFO o.a.j.e.u.CompoundVariable: Note: Function class names must contain the string: '.functions.'
2024-05-09 14:26:26,745 INFO o.a.j.e.u.CompoundVariable: Note: Function class names must not contain the string: '.gui.'
2024-05-09 14:26:27,335 INFO o.a.j.JMeter: Running test (1715232387334)
2024-05-09 14:26:27,416 INFO o.a.j.e.StandardJMeterEngine: Starting ThreadGroup: 1 : Thread Group
2024-05-09 14:26:27,416 INFO o.a.j.e.StandardJMeterEngine: Starting 100 threads for group Thread Group.
2024-05-09 14:26:27,416 INFO o.a.j.e.StandardJMeterEngine: Thread will continue on error
2024-05-09 14:26:27,416 INFO o.a.j.t.ThreadGroup: Starting thread group... number=1 threads=100 ramp-up=1 perThread=10.0 delayedStart=false
2024-05-09 14:26:27,423 INFO o.a.j.t.JMeterThread: Thread started: Thread Group 1-1
2024-05-09 14:26:27,434 INFO o.a.j.t.JMeterThread: Thread started: Thread Group 1-2
2024-05-09 14:26:27,443 INFO o.a.j.p.h.s.HTTPHCAbstractImpl: Local host = master
2024-05-09 14:26:27,443 INFO o.a.j.t.JMeterThread: Thread started: Thread Group 1-3
2024-05-09 14:26:27,446 INFO o.a.j.t.ThreadGroup: Started thread group number 1
2024-05-09 14:26:27,446 INFO o.a.j.e.StandardJMeterEngine: All thread groups have been started
2024-05-09 14:26:27,449 INFO o.a.j.p.h.s.HTTPHC4Impl: HTTP request retry count = 0
2024-05-09 14:26:27,450 INFO o.a.j.s.SampleResult: Note: Sample TimeStamps are START times
2024-05-09 14:26:27,450 INFO o.a.j.s.SampleResult: sampleresult.default.encoding is set to ISO-8859-1
2024-05-09 14:26:27,450 INFO o.a.j.s.SampleResult: sampleresult.useNanoTime=true
2024-05-09 14:26:27,450 INFO o.a.j.s.SampleResult: sampleresult.nanoThreadSleep=5000
2024-05-09 14:26:27,454 INFO o.a.j.t.JMeterThread: Thread started: Thread Group 1-4
2024-05-09 14:26:27,463 INFO o.a.j.t.JMeterThread: Thread started: Thread Group 1-5
2024-05-09 14:26:27,474 INFO o.a.j.t.JMeterThread: Thread started: Thread Group 1-6
2024-05-09 14:26:27,489 INFO o.a.j.t.JMeterThread: Thread started: Thread Group 1-7
2024-05-09 14:26:27,505 INFO o.a.j.t.JMeterThread: Thread started: Thread Group 1-8
2024-05-09 14:26:27,509 INFO o.a.j.t.JMeterThread: Thread started: Thread Group 1-9
2024-05-09 14:26:27,519 INFO o.a.j.t.JMeterThread: Thread started: Thread Group 1-10
2024-05-09 14:26:27,529 INFO o.a.j.t.JMeterThread: Thread started: Thread Group 1-11
2024-05-09 14:26:27,539 INFO o.a.j.t.JMeterThread: Thread started: Thread Group 1-12
2024-05-09 14:26:27,547 INFO o.a.j.t.JMeterThread: Thread started: Thread Group 1-13
2024-05-09 14:26:27,558 INFO o.a.j.t.JMeterThread: Thread started: Thread Group 1-14
2024-05-09 14:26:27,568 INFO o.a.j.t.JMeterThread: Thread started: Thread Group 1-15
2024-05-09 14:26:27,578 INFO o.a.j.t.JMeterThread: Thread started: Thread Group 1-16
2024-05-09 14:26:27,588 INFO o.a.j.t.JMeterThread: Thread started: Thread Group 1-17
2024-05-09 14:26:27,598 INFO o.a.j.t.JMeterThread: Thread started: Thread Group 1-18
2024-05-09 14:26:27,609 INFO o.a.j.t.JMeterThread: Thread started: Thread Group 1-19
2024-05-09 14:26:27,622 INFO o.a.j.t.JMeterThread: Thread started: Thread Group 1-20
2024-05-09 14:26:27,630 INFO o.a.j.t.JMeterThread: Thread started: Thread Group 1-21
2024-05-09 14:26:27,640 INFO o.a.j.t.JMeterThread: Thread started: Thread Group 1-22
2024-05-09 14:26:27,650 INFO o.a.j.t.JMeterThread: Thread started: Thread Group 1-23
2024-05-09 14:26:27,660 INFO o.a.j.t.JMeterThread: Thread started: Thread Group 1-24
2024-05-09 14:26:27,670 INFO o.a.j.t.JMeterThread: Thread started: Thread Group 1-25
2024-05-09 14:26:27,681 INFO o.a.j.t.JMeterThread: Thread started: Thread Group 1-26
2024-05-09 14:26:27,691 INFO o.a.j.t.JMeterThread: Thread started: Thread Group 1-27
2024-05-09 14:26:27,701 INFO o.a.j.t.JMeterThread: Thread started: Thread Group 1-28
2024-05-09 14:26:27,715 INFO o.a.j.t.JMeterThread: Thread started: Thread Group 1-29
2024-05-09 14:26:27,722 INFO o.a.j.u.JsseSSLManager: Using default SSL protocol: TLS
2024-05-09 14:26:27,722 INFO o.a.j.u.JsseSSLManager: SSL session context: per-thread
2024-05-09 14:26:27,723 INFO o.a.j.t.JMeterThread: Thread started: Thread Group 1-30
2024-05-09 14:26:27,733 INFO o.a.j.t.JMeterThread: Thread started: Thread Group 1-31
2024-05-09 14:26:27,743 INFO o.a.j.t.JMeterThread: Thread started: Thread Group 1-32
2024-05-09 14:26:27,753 INFO o.a.j.t.JMeterThread: Thread started: Thread Group 1-33
2024-05-09 14:26:27,763 INFO o.a.j.t.JMeterThread: Thread started: Thread Group 1-34
2024-05-09 14:26:27,772 INFO o.a.j.t.JMeterThread: Thread started: Thread Group 1-35
2024-05-09 14:26:27,783 INFO o.a.j.t.JMeterThread: Thread started: Thread Group 1-36
2024-05-09 14:26:27,793 INFO o.a.j.t.JMeterThread: Thread started: Thread Group 1-37
2024-05-09 14:26:27,805 INFO o.a.j.t.JMeterThread: Thread started: Thread Group 1-38
2024-05-09 14:26:27,815 INFO o.a.j.t.JMeterThread: Thread started: Thread Group 1-39
2024-05-09 14:26:27,828 INFO o.a.j.t.JMeterThread: Thread started: Thread Group 1-40
2024-05-09 14:26:27,836 INFO o.a.j.t.JMeterThread: Thread started: Thread Group 1-41
2024-05-09 14:26:27,846 INFO o.a.j.t.JMeterThread: Thread started: Thread Group 1-42
2024-05-09 14:26:27,856 INFO o.a.j.t.JMeterThread: Thread started: Thread Group 1-43
2024-05-09 14:26:27,866 INFO o.a.j.t.JMeterThread: Thread started: Thread Group 1-44
2024-05-09 14:26:27,877 INFO o.a.j.t.JMeterThread: Thread started: Thread Group 1-45
2024-05-09 14:26:27,887 INFO o.a.j.t.JMeterThread: Thread started: Thread Group 1-46
2024-05-09 14:26:27,897 INFO o.a.j.t.JMeterThread: Thread started: Thread Group 1-47
2024-05-09 14:26:27,907 INFO o.a.j.t.JMeterThread: Thread started: Thread Group 1-48
2024-05-09 14:26:27,917 INFO o.a.j.t.JMeterThread: Thread started: Thread Group 1-49
2024-05-09 14:26:27,927 INFO o.a.j.t.JMeterThread: Thread started: Thread Group 1-50
2024-05-09 14:26:27,938 INFO o.a.j.t.JMeterThread: Thread started: Thread Group 1-51
2024-05-09 14:26:27,948 INFO o.a.j.t.JMeterThread: Thread started: Thread Group 1-52
2024-05-09 14:26:27,958 INFO o.a.j.t.JMeterThread: Thread started: Thread Group 1-53
2024-05-09 14:26:27,969 INFO o.a.j.t.JMeterThread: Thread started: Thread Group 1-54
2024-05-09 14:26:27,978 INFO o.a.j.t.JMeterThread: Thread started: Thread Group 1-55
2024-05-09 14:26:27,988 INFO o.a.j.t.JMeterThread: Thread started: Thread Group 1-56
2024-05-09 14:26:27,999 INFO o.a.j.t.JMeterThread: Thread started: Thread Group 1-57
2024-05-09 14:26:28,009 INFO o.a.j.t.JMeterThread: Thread started: Thread Group 1-58
2024-05-09 14:26:28,019 INFO o.a.j.t.JMeterThread: Thread started: Thread Group 1-59
2024-05-09 14:26:28,029 INFO o.a.j.t.JMeterThread: Thread started: Thread Group 1-60
2024-05-09 14:26:28,039 INFO o.a.j.t.JMeterThread: Thread started: Thread Group 1-61
2024-05-09 14:26:28,050 INFO o.a.j.t.JMeterThread: Thread started: Thread Group 1-62
2024-05-09 14:26:28,060 INFO o.a.j.t.JMeterThread: Thread started: Thread Group 1-63
2024-05-09 14:26:28,070 INFO o.a.j.t.JMeterThread: Thread started: Thread Group 1-64
2024-05-09 14:26:28,080 INFO o.a.j.t.JMeterThread: Thread started: Thread Group 1-65
2024-05-09 14:26:28,090 INFO o.a.j.t.JMeterThread: Thread started: Thread Group 1-66
2024-05-09 14:26:28,100 INFO o.a.j.t.JMeterThread: Thread started: Thread Group 1-67
2024-05-09 14:26:28,110 INFO o.a.j.t.JMeterThread: Thread started: Thread Group 1-68
2024-05-09 14:26:28,121 INFO o.a.j.t.JMeterThread: Thread started: Thread Group 1-69
2024-05-09 14:26:28,131 INFO o.a.j.t.JMeterThread: Thread started: Thread Group 1-70
2024-05-09 14:26:28,141 INFO o.a.j.t.JMeterThread: Thread started: Thread Group 1-71
2024-05-09 14:26:28,151 INFO o.a.j.t.JMeterThread: Thread started: Thread Group 1-72
2024-05-09 14:26:28,161 INFO o.a.j.t.JMeterThread: Thread started: Thread Group 1-73
2024-05-09 14:26:28,171 INFO o.a.j.t.JMeterThread: Thread started: Thread Group 1-74
2024-05-09 14:26:28,182 INFO o.a.j.t.JMeterThread: Thread started: Thread Group 1-75
2024-05-09 14:26:28,192 INFO o.a.j.t.JMeterThread: Thread started: Thread Group 1-76
2024-05-09 14:26:28,202 INFO o.a.j.t.JMeterThread: Thread started: Thread Group 1-77
2024-05-09 14:26:28,212 INFO o.a.j.t.JMeterThread: Thread started: Thread Group 1-78
2024-05-09 14:26:28,222 INFO o.a.j.t.JMeterThread: Thread started: Thread Group 1-79
2024-05-09 14:26:28,232 INFO o.a.j.t.JMeterThread: Thread started: Thread Group 1-80
2024-05-09 14:26:28,243 INFO o.a.j.t.JMeterThread: Thread started: Thread Group 1-81
2024-05-09 14:26:28,253 INFO o.a.j.t.JMeterThread: Thread started: Thread Group 1-82
2024-05-09 14:26:28,264 INFO o.a.j.t.JMeterThread: Thread started: Thread Group 1-83
2024-05-09 14:26:28,273 INFO o.a.j.t.JMeterThread: Thread started: Thread Group 1-84
2024-05-09 14:26:28,283 INFO o.a.j.t.JMeterThread: Thread started: Thread Group 1-85
2024-05-09 14:26:28,294 INFO o.a.j.t.JMeterThread: Thread started: Thread Group 1-86
2024-05-09 14:26:28,304 INFO o.a.j.t.JMeterThread: Thread started: Thread Group 1-87
2024-05-09 14:26:28,314 INFO o.a.j.t.JMeterThread: Thread started: Thread Group 1-88
2024-05-09 14:26:28,324 INFO o.a.j.t.JMeterThread: Thread started: Thread Group 1-89
2024-05-09 14:26:28,334 INFO o.a.j.t.JMeterThread: Thread started: Thread Group 1-90
2024-05-09 14:26:28,344 INFO o.a.j.t.JMeterThread: Thread started: Thread Group 1-91
2024-05-09 14:26:28,354 INFO o.a.j.t.JMeterThread: Thread started: Thread Group 1-92
2024-05-09 14:26:28,365 INFO o.a.j.t.JMeterThread: Thread started: Thread Group 1-93
2024-05-09 14:26:28,375 INFO o.a.j.t.JMeterThread: Thread started: Thread Group 1-94
2024-05-09 14:26:28,385 INFO o.a.j.t.JMeterThread: Thread started: Thread Group 1-95
2024-05-09 14:26:28,395 INFO o.a.j.t.JMeterThread: Thread started: Thread Group 1-96
2024-05-09 14:26:28,405 INFO o.a.j.t.JMeterThread: Thread started: Thread Group 1-97
2024-05-09 14:26:28,416 INFO o.a.j.t.JMeterThread: Thread started: Thread Group 1-98
2024-05-09 14:26:28,426 INFO o.a.j.t.JMeterThread: Thread started: Thread Group 1-99
2024-05-09 14:26:28,436 INFO o.a.j.t.JMeterThread: Thread started: Thread Group 1-100
2024-05-09 14:26:30,004 INFO o.a.j.r.Summariser: summary +   1613 in 00:00:03 =  604.6/s Avg:   124 Min:   121 Max:   179 Err:     0 (0.00%) Active: 100 Started: 100 Finished: 0
2024-05-09 14:26:52,664 INFO o.a.j.t.JMeterThread: Thread is done: Thread Group 1-12
2024-05-09 14:26:52,665 INFO o.a.j.t.JMeterThread: Thread finished: Thread Group 1-12
2024-05-09 14:26:52,692 INFO o.a.j.t.JMeterThread: Thread is done: Thread Group 1-17
2024-05-09 14:26:52,692 INFO o.a.j.t.JMeterThread: Thread finished: Thread Group 1-17
2024-05-09 14:26:52,692 INFO o.a.j.t.JMeterThread: Thread is done: Thread Group 1-13
2024-05-09 14:26:52,692 INFO o.a.j.t.JMeterThread: Thread finished: Thread Group 1-13
2024-05-09 14:26:52,707 INFO o.a.j.t.JMeterThread: Thread is done: Thread Group 1-22
2024-05-09 14:26:52,708 INFO o.a.j.t.JMeterThread: Thread finished: Thread Group 1-22
2024-05-09 14:26:52,720 INFO o.a.j.t.JMeterThread: Thread is done: Thread Group 1-8
2024-05-09 14:26:52,720 INFO o.a.j.t.JMeterThread: Thread finished: Thread Group 1-8
2024-05-09 14:26:52,740 INFO o.a.j.t.JMeterThread: Thread is done: Thread Group 1-19
2024-05-09 14:26:52,740 INFO o.a.j.t.JMeterThread: Thread is done: Thread Group 1-2
2024-05-09 14:26:52,740 INFO o.a.j.t.JMeterThread: Thread finished: Thread Group 1-19
2024-05-09 14:26:52,740 INFO o.a.j.t.JMeterThread: Thread finished: Thread Group 1-2
2024-05-09 14:26:52,745 INFO o.a.j.t.JMeterThread: Thread is done: Thread Group 1-10
2024-05-09 14:26:52,745 INFO o.a.j.t.JMeterThread: Thread is done: Thread Group 1-27
2024-05-09 14:26:52,745 INFO o.a.j.t.JMeterThread: Thread is done: Thread Group 1-15
2024-05-09 14:26:52,745 INFO o.a.j.t.JMeterThread: Thread finished: Thread Group 1-10
2024-05-09 14:26:52,745 INFO o.a.j.t.JMeterThread: Thread finished: Thread Group 1-15
2024-05-09 14:26:52,745 INFO o.a.j.t.JMeterThread: Thread finished: Thread Group 1-27
2024-05-09 14:26:52,759 INFO o.a.j.t.JMeterThread: Thread is done: Thread Group 1-7
2024-05-09 14:26:52,759 INFO o.a.j.t.JMeterThread: Thread finished: Thread Group 1-7
2024-05-09 14:26:52,763 INFO o.a.j.t.JMeterThread: Thread is done: Thread Group 1-6
2024-05-09 14:26:52,763 INFO o.a.j.t.JMeterThread: Thread finished: Thread Group 1-6
2024-05-09 14:26:52,766 INFO o.a.j.t.JMeterThread: Thread is done: Thread Group 1-18
2024-05-09 14:26:52,766 INFO o.a.j.t.JMeterThread: Thread is done: Thread Group 1-14
2024-05-09 14:26:52,766 INFO o.a.j.t.JMeterThread: Thread finished: Thread Group 1-18
2024-05-09 14:26:52,766 INFO o.a.j.t.JMeterThread: Thread finished: Thread Group 1-14
2024-05-09 14:26:52,770 INFO o.a.j.t.JMeterThread: Thread is done: Thread Group 1-11
2024-05-09 14:26:52,770 INFO o.a.j.t.JMeterThread: Thread is done: Thread Group 1-9
2024-05-09 14:26:52,770 INFO o.a.j.t.JMeterThread: Thread finished: Thread Group 1-11
2024-05-09 14:26:52,770 INFO o.a.j.t.JMeterThread: Thread finished: Thread Group 1-9
2024-05-09 14:26:52,771 INFO o.a.j.t.JMeterThread: Thread is done: Thread Group 1-3
2024-05-09 14:26:52,771 INFO o.a.j.t.JMeterThread: Thread is done: Thread Group 1-5
2024-05-09 14:26:52,772 INFO o.a.j.t.JMeterThread: Thread finished: Thread Group 1-3
2024-05-09 14:26:52,772 INFO o.a.j.t.JMeterThread: Thread finished: Thread Group 1-5
2024-05-09 14:26:52,771 INFO o.a.j.t.JMeterThread: Thread is done: Thread Group 1-1
2024-05-09 14:26:52,771 INFO o.a.j.t.JMeterThread: Thread is done: Thread Group 1-16
2024-05-09 14:26:52,772 INFO o.a.j.t.JMeterThread: Thread finished: Thread Group 1-1
2024-05-09 14:26:52,774 INFO o.a.j.t.JMeterThread: Thread finished: Thread Group 1-16
2024-05-09 14:26:52,771 INFO o.a.j.t.JMeterThread: Thread is done: Thread Group 1-24
2024-05-09 14:26:52,774 INFO o.a.j.t.JMeterThread: Thread finished: Thread Group 1-24
2024-05-09 14:26:52,793 INFO o.a.j.t.JMeterThread: Thread is done: Thread Group 1-26
2024-05-09 14:26:52,793 INFO o.a.j.t.JMeterThread: Thread finished: Thread Group 1-26
2024-05-09 14:26:52,824 INFO o.a.j.t.JMeterThread: Thread is done: Thread Group 1-4
2024-05-09 14:26:52,824 INFO o.a.j.t.JMeterThread: Thread is done: Thread Group 1-25
2024-05-09 14:26:52,824 INFO o.a.j.t.JMeterThread: Thread finished: Thread Group 1-4
2024-05-09 14:26:52,824 INFO o.a.j.t.JMeterThread: Thread finished: Thread Group 1-25
2024-05-09 14:26:52,835 INFO o.a.j.t.JMeterThread: Thread is done: Thread Group 1-30
2024-05-09 14:26:52,835 INFO o.a.j.t.JMeterThread: Thread finished: Thread Group 1-30
2024-05-09 14:26:52,835 INFO o.a.j.t.JMeterThread: Thread is done: Thread Group 1-23
2024-05-09 14:26:52,835 INFO o.a.j.t.JMeterThread: Thread finished: Thread Group 1-23
2024-05-09 14:26:52,836 INFO o.a.j.t.JMeterThread: Thread is done: Thread Group 1-20
2024-05-09 14:26:52,836 INFO o.a.j.t.JMeterThread: Thread finished: Thread Group 1-20
2024-05-09 14:26:52,846 INFO o.a.j.t.JMeterThread: Thread is done: Thread Group 1-33
2024-05-09 14:26:52,846 INFO o.a.j.t.JMeterThread: Thread finished: Thread Group 1-33
2024-05-09 14:26:52,850 INFO o.a.j.t.JMeterThread: Thread is done: Thread Group 1-28
2024-05-09 14:26:52,850 INFO o.a.j.t.JMeterThread: Thread finished: Thread Group 1-28
2024-05-09 14:26:52,850 INFO o.a.j.t.JMeterThread: Thread is done: Thread Group 1-31
2024-05-09 14:26:52,850 INFO o.a.j.t.JMeterThread: Thread finished: Thread Group 1-31
2024-05-09 14:26:52,850 INFO o.a.j.t.JMeterThread: Thread is done: Thread Group 1-21
2024-05-09 14:26:52,850 INFO o.a.j.t.JMeterThread: Thread finished: Thread Group 1-21
2024-05-09 14:26:52,851 INFO o.a.j.t.JMeterThread: Thread is done: Thread Group 1-29
2024-05-09 14:26:52,851 INFO o.a.j.t.JMeterThread: Thread finished: Thread Group 1-29
2024-05-09 14:26:52,885 INFO o.a.j.t.JMeterThread: Thread is done: Thread Group 1-39
2024-05-09 14:26:52,885 INFO o.a.j.t.JMeterThread: Thread finished: Thread Group 1-39
2024-05-09 14:26:52,903 INFO o.a.j.t.JMeterThread: Thread is done: Thread Group 1-32
2024-05-09 14:26:52,903 INFO o.a.j.t.JMeterThread: Thread finished: Thread Group 1-32
2024-05-09 14:26:52,922 INFO o.a.j.t.JMeterThread: Thread is done: Thread Group 1-41
2024-05-09 14:26:52,922 INFO o.a.j.t.JMeterThread: Thread finished: Thread Group 1-41
2024-05-09 14:26:52,930 INFO o.a.j.t.JMeterThread: Thread is done: Thread Group 1-40
2024-05-09 14:26:52,931 INFO o.a.j.t.JMeterThread: Thread finished: Thread Group 1-40
2024-05-09 14:26:52,956 INFO o.a.j.t.JMeterThread: Thread is done: Thread Group 1-35
2024-05-09 14:26:52,956 INFO o.a.j.t.JMeterThread: Thread finished: Thread Group 1-35
2024-05-09 14:26:52,956 INFO o.a.j.t.JMeterThread: Thread is done: Thread Group 1-36
2024-05-09 14:26:52,956 INFO o.a.j.t.JMeterThread: Thread finished: Thread Group 1-36
2024-05-09 14:26:52,956 INFO o.a.j.t.JMeterThread: Thread is done: Thread Group 1-34
2024-05-09 14:26:52,956 INFO o.a.j.t.JMeterThread: Thread finished: Thread Group 1-34
2024-05-09 14:26:52,961 INFO o.a.j.t.JMeterThread: Thread is done: Thread Group 1-37
2024-05-09 14:26:52,961 INFO o.a.j.t.JMeterThread: Thread finished: Thread Group 1-37
2024-05-09 14:26:52,979 INFO o.a.j.t.JMeterThread: Thread is done: Thread Group 1-42
2024-05-09 14:26:52,979 INFO o.a.j.t.JMeterThread: Thread finished: Thread Group 1-42
2024-05-09 14:26:52,996 INFO o.a.j.t.JMeterThread: Thread is done: Thread Group 1-46
2024-05-09 14:26:52,996 INFO o.a.j.t.JMeterThread: Thread finished: Thread Group 1-46
2024-05-09 14:26:53,034 INFO o.a.j.t.JMeterThread: Thread is done: Thread Group 1-38
2024-05-09 14:26:53,034 INFO o.a.j.t.JMeterThread: Thread finished: Thread Group 1-38
2024-05-09 14:26:53,034 INFO o.a.j.t.JMeterThread: Thread is done: Thread Group 1-45
2024-05-09 14:26:53,034 INFO o.a.j.t.JMeterThread: Thread finished: Thread Group 1-45
2024-05-09 14:26:53,086 INFO o.a.j.t.JMeterThread: Thread is done: Thread Group 1-53
2024-05-09 14:26:53,086 INFO o.a.j.t.JMeterThread: Thread is done: Thread Group 1-43
2024-05-09 14:26:53,086 INFO o.a.j.t.JMeterThread: Thread finished: Thread Group 1-53
2024-05-09 14:26:53,087 INFO o.a.j.t.JMeterThread: Thread is done: Thread Group 1-49
2024-05-09 14:26:53,087 INFO o.a.j.t.JMeterThread: Thread finished: Thread Group 1-49
2024-05-09 14:26:53,087 INFO o.a.j.t.JMeterThread: Thread finished: Thread Group 1-43
2024-05-09 14:26:53,087 INFO o.a.j.t.JMeterThread: Thread is done: Thread Group 1-44
2024-05-09 14:26:53,087 INFO o.a.j.t.JMeterThread: Thread finished: Thread Group 1-44
2024-05-09 14:26:53,108 INFO o.a.j.t.JMeterThread: Thread is done: Thread Group 1-58
2024-05-09 14:26:53,108 INFO o.a.j.t.JMeterThread: Thread is done: Thread Group 1-47
2024-05-09 14:26:53,108 INFO o.a.j.t.JMeterThread: Thread finished: Thread Group 1-47
2024-05-09 14:26:53,108 INFO o.a.j.t.JMeterThread: Thread finished: Thread Group 1-58
2024-05-09 14:26:53,108 INFO o.a.j.t.JMeterThread: Thread is done: Thread Group 1-48
2024-05-09 14:26:53,108 INFO o.a.j.t.JMeterThread: Thread finished: Thread Group 1-48
2024-05-09 14:26:53,122 INFO o.a.j.t.JMeterThread: Thread is done: Thread Group 1-51
2024-05-09 14:26:53,122 INFO o.a.j.t.JMeterThread: Thread is done: Thread Group 1-50
2024-05-09 14:26:53,122 INFO o.a.j.t.JMeterThread: Thread finished: Thread Group 1-51
2024-05-09 14:26:53,122 INFO o.a.j.t.JMeterThread: Thread is done: Thread Group 1-60
2024-05-09 14:26:53,122 INFO o.a.j.t.JMeterThread: Thread finished: Thread Group 1-60
2024-05-09 14:26:53,123 INFO o.a.j.t.JMeterThread: Thread finished: Thread Group 1-50
2024-05-09 14:26:53,135 INFO o.a.j.t.JMeterThread: Thread is done: Thread Group 1-61
2024-05-09 14:26:53,136 INFO o.a.j.t.JMeterThread: Thread finished: Thread Group 1-61
2024-05-09 14:26:53,148 INFO o.a.j.t.JMeterThread: Thread is done: Thread Group 1-56
2024-05-09 14:26:53,148 INFO o.a.j.t.JMeterThread: Thread finished: Thread Group 1-56
2024-05-09 14:26:53,156 INFO o.a.j.t.JMeterThread: Thread is done: Thread Group 1-52
2024-05-09 14:26:53,156 INFO o.a.j.t.JMeterThread: Thread finished: Thread Group 1-52
2024-05-09 14:26:53,163 INFO o.a.j.t.JMeterThread: Thread is done: Thread Group 1-63
2024-05-09 14:26:53,163 INFO o.a.j.t.JMeterThread: Thread finished: Thread Group 1-63
2024-05-09 14:26:53,179 INFO o.a.j.t.JMeterThread: Thread is done: Thread Group 1-55
2024-05-09 14:26:53,179 INFO o.a.j.t.JMeterThread: Thread finished: Thread Group 1-55
2024-05-09 14:26:53,218 INFO o.a.j.t.JMeterThread: Thread is done: Thread Group 1-66
2024-05-09 14:26:53,218 INFO o.a.j.t.JMeterThread: Thread is done: Thread Group 1-68
2024-05-09 14:26:53,218 INFO o.a.j.t.JMeterThread: Thread is done: Thread Group 1-70
2024-05-09 14:26:53,218 INFO o.a.j.t.JMeterThread: Thread finished: Thread Group 1-66
2024-05-09 14:26:53,218 INFO o.a.j.t.JMeterThread: Thread finished: Thread Group 1-70
2024-05-09 14:26:53,218 INFO o.a.j.t.JMeterThread: Thread finished: Thread Group 1-68
2024-05-09 14:26:53,220 INFO o.a.j.t.JMeterThread: Thread is done: Thread Group 1-59
2024-05-09 14:26:53,220 INFO o.a.j.t.JMeterThread: Thread is done: Thread Group 1-64
2024-05-09 14:26:53,220 INFO o.a.j.t.JMeterThread: Thread finished: Thread Group 1-59
2024-05-09 14:26:53,221 INFO o.a.j.t.JMeterThread: Thread finished: Thread Group 1-64
2024-05-09 14:26:53,237 INFO o.a.j.t.JMeterThread: Thread is done: Thread Group 1-74
2024-05-09 14:26:53,237 INFO o.a.j.t.JMeterThread: Thread finished: Thread Group 1-74
2024-05-09 14:26:53,249 INFO o.a.j.t.JMeterThread: Thread is done: Thread Group 1-69
2024-05-09 14:26:53,250 INFO o.a.j.t.JMeterThread: Thread finished: Thread Group 1-69
2024-05-09 14:26:53,274 INFO o.a.j.t.JMeterThread: Thread is done: Thread Group 1-57
2024-05-09 14:26:53,274 INFO o.a.j.t.JMeterThread: Thread is done: Thread Group 1-54
2024-05-09 14:26:53,274 INFO o.a.j.t.JMeterThread: Thread finished: Thread Group 1-57
2024-05-09 14:26:53,274 INFO o.a.j.t.JMeterThread: Thread finished: Thread Group 1-54
2024-05-09 14:26:53,284 INFO o.a.j.t.JMeterThread: Thread is done: Thread Group 1-62
2024-05-09 14:26:53,284 INFO o.a.j.t.JMeterThread: Thread finished: Thread Group 1-62
2024-05-09 14:26:53,285 INFO o.a.j.t.JMeterThread: Thread is done: Thread Group 1-65
2024-05-09 14:26:53,285 INFO o.a.j.t.JMeterThread: Thread finished: Thread Group 1-65
2024-05-09 14:26:53,290 INFO o.a.j.t.JMeterThread: Thread is done: Thread Group 1-67
2024-05-09 14:26:53,290 INFO o.a.j.t.JMeterThread: Thread finished: Thread Group 1-67
2024-05-09 14:26:53,308 INFO o.a.j.t.JMeterThread: Thread is done: Thread Group 1-73
2024-05-09 14:26:53,308 INFO o.a.j.t.JMeterThread: Thread finished: Thread Group 1-73
2024-05-09 14:26:53,308 INFO o.a.j.t.JMeterThread: Thread is done: Thread Group 1-76
2024-05-09 14:26:53,308 INFO o.a.j.t.JMeterThread: Thread finished: Thread Group 1-76
2024-05-09 14:26:53,308 INFO o.a.j.t.JMeterThread: Thread is done: Thread Group 1-72
2024-05-09 14:26:53,309 INFO o.a.j.t.JMeterThread: Thread finished: Thread Group 1-72
2024-05-09 14:26:53,348 INFO o.a.j.t.JMeterThread: Thread is done: Thread Group 1-77
2024-05-09 14:26:53,348 INFO o.a.j.t.JMeterThread: Thread finished: Thread Group 1-77
2024-05-09 14:26:53,348 INFO o.a.j.t.JMeterThread: Thread is done: Thread Group 1-82
2024-05-09 14:26:53,348 INFO o.a.j.t.JMeterThread: Thread finished: Thread Group 1-82
2024-05-09 14:26:53,364 INFO o.a.j.t.JMeterThread: Thread is done: Thread Group 1-75
2024-05-09 14:26:53,364 INFO o.a.j.t.JMeterThread: Thread finished: Thread Group 1-75
2024-05-09 14:26:53,365 INFO o.a.j.t.JMeterThread: Thread is done: Thread Group 1-79
2024-05-09 14:26:53,365 INFO o.a.j.t.JMeterThread: Thread is done: Thread Group 1-81
2024-05-09 14:26:53,365 INFO o.a.j.t.JMeterThread: Thread finished: Thread Group 1-79
2024-05-09 14:26:53,365 INFO o.a.j.t.JMeterThread: Thread finished: Thread Group 1-81
2024-05-09 14:26:53,377 INFO o.a.j.t.JMeterThread: Thread is done: Thread Group 1-84
2024-05-09 14:26:53,377 INFO o.a.j.t.JMeterThread: Thread finished: Thread Group 1-84
2024-05-09 14:26:53,377 INFO o.a.j.t.JMeterThread: Thread is done: Thread Group 1-83
2024-05-09 14:26:53,377 INFO o.a.j.t.JMeterThread: Thread finished: Thread Group 1-83
2024-05-09 14:26:53,402 INFO o.a.j.t.JMeterThread: Thread is done: Thread Group 1-71
2024-05-09 14:26:53,402 INFO o.a.j.t.JMeterThread: Thread finished: Thread Group 1-71
2024-05-09 14:26:53,414 INFO o.a.j.t.JMeterThread: Thread is done: Thread Group 1-80
2024-05-09 14:26:53,414 INFO o.a.j.t.JMeterThread: Thread finished: Thread Group 1-80
2024-05-09 14:26:53,416 INFO o.a.j.t.JMeterThread: Thread is done: Thread Group 1-78
2024-05-09 14:26:53,417 INFO o.a.j.t.JMeterThread: Thread finished: Thread Group 1-78
2024-05-09 14:26:53,477 INFO o.a.j.t.JMeterThread: Thread is done: Thread Group 1-85
2024-05-09 14:26:53,477 INFO o.a.j.t.JMeterThread: Thread is done: Thread Group 1-86
2024-05-09 14:26:53,477 INFO o.a.j.t.JMeterThread: Thread finished: Thread Group 1-85
2024-05-09 14:26:53,477 INFO o.a.j.t.JMeterThread: Thread finished: Thread Group 1-86
2024-05-09 14:26:53,504 INFO o.a.j.t.JMeterThread: Thread is done: Thread Group 1-94
2024-05-09 14:26:53,504 INFO o.a.j.t.JMeterThread: Thread finished: Thread Group 1-94
2024-05-09 14:26:53,542 INFO o.a.j.t.JMeterThread: Thread is done: Thread Group 1-87
2024-05-09 14:26:53,542 INFO o.a.j.t.JMeterThread: Thread finished: Thread Group 1-87
2024-05-09 14:26:53,545 INFO o.a.j.t.JMeterThread: Thread is done: Thread Group 1-92
2024-05-09 14:26:53,545 INFO o.a.j.t.JMeterThread: Thread finished: Thread Group 1-92
2024-05-09 14:26:53,545 INFO o.a.j.t.JMeterThread: Thread is done: Thread Group 1-89
2024-05-09 14:26:53,545 INFO o.a.j.t.JMeterThread: Thread finished: Thread Group 1-89
2024-05-09 14:26:53,545 INFO o.a.j.t.JMeterThread: Thread is done: Thread Group 1-90
2024-05-09 14:26:53,545 INFO o.a.j.t.JMeterThread: Thread is done: Thread Group 1-91
2024-05-09 14:26:53,545 INFO o.a.j.t.JMeterThread: Thread finished: Thread Group 1-90
2024-05-09 14:26:53,545 INFO o.a.j.t.JMeterThread: Thread finished: Thread Group 1-91
2024-05-09 14:26:53,545 INFO o.a.j.t.JMeterThread: Thread is done: Thread Group 1-96
2024-05-09 14:26:53,545 INFO o.a.j.t.JMeterThread: Thread finished: Thread Group 1-96
2024-05-09 14:26:53,545 INFO o.a.j.t.JMeterThread: Thread is done: Thread Group 1-99
2024-05-09 14:26:53,545 INFO o.a.j.t.JMeterThread: Thread finished: Thread Group 1-99
2024-05-09 14:26:53,563 INFO o.a.j.t.JMeterThread: Thread is done: Thread Group 1-97
2024-05-09 14:26:53,563 INFO o.a.j.t.JMeterThread: Thread is done: Thread Group 1-93
2024-05-09 14:26:53,563 INFO o.a.j.t.JMeterThread: Thread finished: Thread Group 1-97
2024-05-09 14:26:53,563 INFO o.a.j.t.JMeterThread: Thread finished: Thread Group 1-93
2024-05-09 14:26:53,607 INFO o.a.j.t.JMeterThread: Thread is done: Thread Group 1-95
2024-05-09 14:26:53,607 INFO o.a.j.t.JMeterThread: Thread finished: Thread Group 1-95
2024-05-09 14:26:53,620 INFO o.a.j.t.JMeterThread: Thread is done: Thread Group 1-100
2024-05-09 14:26:53,620 INFO o.a.j.t.JMeterThread: Thread finished: Thread Group 1-100
2024-05-09 14:26:53,673 INFO o.a.j.t.JMeterThread: Thread is done: Thread Group 1-98
2024-05-09 14:26:53,673 INFO o.a.j.t.JMeterThread: Thread finished: Thread Group 1-98
2024-05-09 14:26:54,502 INFO o.a.j.t.JMeterThread: Thread is done: Thread Group 1-88
2024-05-09 14:26:54,503 INFO o.a.j.t.JMeterThread: Thread finished: Thread Group 1-88
2024-05-09 14:26:54,503 INFO o.a.j.e.StandardJMeterEngine: Notifying test listeners of end of test
2024-05-09 14:26:54,504 INFO o.a.j.r.Summariser: summary +  18387 in 00:00:25 =  750.5/s Avg:   125 Min:   121 Max:  1152 Err:     0 (0.00%) Active: 0 Started: 100 Finished: 100
2024-05-09 14:26:54,504 INFO o.a.j.r.Summariser: summary =  20000 in 00:00:27 =  736.1/s Avg:   125 Min:   121 Max:  1152 Err:     0 (0.00%)
