2024-05-09 15:19:45,157 INFO o.a.j.u.JMeterUtils: Setting Locale to en_EN
2024-05-09 15:19:45,168 INFO o.a.j.JMeter: Loading user properties from: /root/PrivateCloudContainer/PCC-5th-PoC/Utils/JMeter/apache-jmeter-5.1/bin/user.properties
2024-05-09 15:19:45,169 INFO o.a.j.JMeter: Loading system properties from: /root/PrivateCloudContainer/PCC-5th-PoC/Utils/JMeter/apache-jmeter-5.1/bin/system.properties
2024-05-09 15:19:45,173 INFO o.a.j.JMeter: Copyright (c) 1998-2019 The Apache Software Foundation
2024-05-09 15:19:45,173 INFO o.a.j.JMeter: Version 5.1 r1853635
2024-05-09 15:19:45,173 INFO o.a.j.JMeter: java.version=1.8.0_402
2024-05-09 15:19:45,173 INFO o.a.j.JMeter: java.vm.name=OpenJDK 64-Bit Server VM
2024-05-09 15:19:45,173 INFO o.a.j.JMeter: os.name=Linux
2024-05-09 15:19:45,173 INFO o.a.j.JMeter: os.arch=amd64
2024-05-09 15:19:45,173 INFO o.a.j.JMeter: os.version=5.15.0-105-generic
2024-05-09 15:19:45,173 INFO o.a.j.JMeter: file.encoding=UTF-8
2024-05-09 15:19:45,173 INFO o.a.j.JMeter: java.awt.headless=true
2024-05-09 15:19:45,173 INFO o.a.j.JMeter: Max memory     =1073741824
2024-05-09 15:19:45,173 INFO o.a.j.JMeter: Available Processors =8
2024-05-09 15:19:45,177 INFO o.a.j.JMeter: Default Locale=English (EN)
2024-05-09 15:19:45,177 INFO o.a.j.JMeter: JMeter  Locale=English (EN)
2024-05-09 15:19:45,177 INFO o.a.j.JMeter: JMeterHome=/root/PrivateCloudContainer/PCC-5th-PoC/Utils/JMeter/apache-jmeter-5.1
2024-05-09 15:19:45,177 INFO o.a.j.JMeter: user.dir  =/root/PrivateCloudContainer/PCC-5th-PoC/2_FrameworkOperationAvailability
2024-05-09 15:19:45,177 INFO o.a.j.JMeter: PWD       =/root/PrivateCloudContainer/PCC-5th-PoC/2_FrameworkOperationAvailability
2024-05-09 15:19:45,272 INFO o.a.j.JMeter: IP: 10.0.2.103 Name: master FullName: master
2024-05-09 15:19:45,276 INFO o.a.j.s.FileServer: Default base='/root/PrivateCloudContainer/PCC-5th-PoC/2_FrameworkOperationAvailability'
2024-05-09 15:19:45,278 INFO o.a.j.s.FileServer: Set new base='/root/PrivateCloudContainer/PCC-5th-PoC/2_FrameworkOperationAvailability/./KetiFaaS/jmx'
2024-05-09 15:19:45,388 INFO o.a.j.s.SaveService: Testplan (JMX) version: 2.2. Testlog (JTL) version: 2.2
2024-05-09 15:19:45,394 INFO o.a.j.s.SaveService: Using SaveService properties file encoding UTF-8
2024-05-09 15:19:45,399 INFO o.a.j.s.SaveService: Using SaveService properties version 5.0
2024-05-09 15:19:45,403 INFO o.a.j.s.SaveService: Loading file: ./KetiFaaS/jmx/KetiFaaS-total_request_40000.jmx
2024-05-09 15:19:45,439 INFO o.a.j.p.h.s.HTTPSamplerBase: Parser for text/html is org.apache.jmeter.protocol.http.parser.LagartoBasedHtmlParser
2024-05-09 15:19:45,439 INFO o.a.j.p.h.s.HTTPSamplerBase: Parser for application/xhtml+xml is org.apache.jmeter.protocol.http.parser.LagartoBasedHtmlParser
2024-05-09 15:19:45,439 INFO o.a.j.p.h.s.HTTPSamplerBase: Parser for application/xml is org.apache.jmeter.protocol.http.parser.LagartoBasedHtmlParser
2024-05-09 15:19:45,439 INFO o.a.j.p.h.s.HTTPSamplerBase: Parser for text/xml is org.apache.jmeter.protocol.http.parser.LagartoBasedHtmlParser
2024-05-09 15:19:45,439 INFO o.a.j.p.h.s.HTTPSamplerBase: Parser for text/vnd.wap.wml is org.apache.jmeter.protocol.http.parser.RegexpHTMLParser
2024-05-09 15:19:45,439 INFO o.a.j.p.h.s.HTTPSamplerBase: Parser for text/css is org.apache.jmeter.protocol.http.parser.CssParser
2024-05-09 15:19:45,460 INFO o.a.j.JMeter: Creating summariser <summary>
2024-05-09 15:19:45,464 INFO o.a.j.e.StandardJMeterEngine: Running the test!
2024-05-09 15:19:45,466 INFO o.a.j.s.SampleEvent: List of sample_variables: []
2024-05-09 15:19:45,466 INFO o.a.j.s.SampleEvent: List of sample_variables: []
2024-05-09 15:19:45,473 INFO o.a.j.e.u.CompoundVariable: Note: Function class names must contain the string: '.functions.'
2024-05-09 15:19:45,473 INFO o.a.j.e.u.CompoundVariable: Note: Function class names must not contain the string: '.gui.'
2024-05-09 15:19:46,024 INFO o.a.j.JMeter: Running test (1715235586024)
2024-05-09 15:19:46,108 INFO o.a.j.e.StandardJMeterEngine: Starting ThreadGroup: 1 : Thread Group
2024-05-09 15:19:46,108 INFO o.a.j.e.StandardJMeterEngine: Starting 100 threads for group Thread Group.
2024-05-09 15:19:46,108 INFO o.a.j.e.StandardJMeterEngine: Thread will continue on error
2024-05-09 15:19:46,108 INFO o.a.j.t.ThreadGroup: Starting thread group... number=1 threads=100 ramp-up=1 perThread=10.0 delayedStart=false
2024-05-09 15:19:46,120 INFO o.a.j.t.JMeterThread: Thread started: Thread Group 1-1
2024-05-09 15:19:46,130 INFO o.a.j.t.JMeterThread: Thread started: Thread Group 1-2
2024-05-09 15:19:46,139 INFO o.a.j.p.h.s.HTTPHCAbstractImpl: Local host = master
2024-05-09 15:19:46,140 INFO o.a.j.t.JMeterThread: Thread started: Thread Group 1-3
2024-05-09 15:19:46,142 INFO o.a.j.t.ThreadGroup: Started thread group number 1
2024-05-09 15:19:46,142 INFO o.a.j.e.StandardJMeterEngine: All thread groups have been started
2024-05-09 15:19:46,146 INFO o.a.j.p.h.s.HTTPHC4Impl: HTTP request retry count = 0
2024-05-09 15:19:46,148 INFO o.a.j.s.SampleResult: Note: Sample TimeStamps are START times
2024-05-09 15:19:46,148 INFO o.a.j.s.SampleResult: sampleresult.default.encoding is set to ISO-8859-1
2024-05-09 15:19:46,148 INFO o.a.j.s.SampleResult: sampleresult.useNanoTime=true
2024-05-09 15:19:46,148 INFO o.a.j.s.SampleResult: sampleresult.nanoThreadSleep=5000
2024-05-09 15:19:46,150 INFO o.a.j.t.JMeterThread: Thread started: Thread Group 1-4
2024-05-09 15:19:46,159 INFO o.a.j.t.JMeterThread: Thread started: Thread Group 1-5
2024-05-09 15:19:46,169 INFO o.a.j.t.JMeterThread: Thread started: Thread Group 1-6
2024-05-09 15:19:46,180 INFO o.a.j.t.JMeterThread: Thread started: Thread Group 1-7
2024-05-09 15:19:46,189 INFO o.a.j.t.JMeterThread: Thread started: Thread Group 1-8
2024-05-09 15:19:46,200 INFO o.a.j.t.JMeterThread: Thread started: Thread Group 1-9
2024-05-09 15:19:46,212 INFO o.a.j.t.JMeterThread: Thread started: Thread Group 1-10
2024-05-09 15:19:46,222 INFO o.a.j.t.JMeterThread: Thread started: Thread Group 1-11
2024-05-09 15:19:46,235 INFO o.a.j.t.JMeterThread: Thread started: Thread Group 1-12
2024-05-09 15:19:46,243 INFO o.a.j.t.JMeterThread: Thread started: Thread Group 1-13
2024-05-09 15:19:46,254 INFO o.a.j.t.JMeterThread: Thread started: Thread Group 1-14
2024-05-09 15:19:46,264 INFO o.a.j.t.JMeterThread: Thread started: Thread Group 1-15
2024-05-09 15:19:46,280 INFO o.a.j.t.JMeterThread: Thread started: Thread Group 1-16
2024-05-09 15:19:46,284 INFO o.a.j.t.JMeterThread: Thread started: Thread Group 1-17
2024-05-09 15:19:46,294 INFO o.a.j.t.JMeterThread: Thread started: Thread Group 1-18
2024-05-09 15:19:46,305 INFO o.a.j.t.JMeterThread: Thread started: Thread Group 1-19
2024-05-09 15:19:46,315 INFO o.a.j.t.JMeterThread: Thread started: Thread Group 1-20
2024-05-09 15:19:46,326 INFO o.a.j.t.JMeterThread: Thread started: Thread Group 1-21
2024-05-09 15:19:46,336 INFO o.a.j.t.JMeterThread: Thread started: Thread Group 1-22
2024-05-09 15:19:46,346 INFO o.a.j.t.JMeterThread: Thread started: Thread Group 1-23
2024-05-09 15:19:46,356 INFO o.a.j.t.JMeterThread: Thread started: Thread Group 1-24
2024-05-09 15:19:46,367 INFO o.a.j.t.JMeterThread: Thread started: Thread Group 1-25
2024-05-09 15:19:46,377 INFO o.a.j.t.JMeterThread: Thread started: Thread Group 1-26
2024-05-09 15:19:46,389 INFO o.a.j.t.JMeterThread: Thread started: Thread Group 1-27
2024-05-09 15:19:46,393 INFO o.a.j.u.JsseSSLManager: Using default SSL protocol: TLS
2024-05-09 15:19:46,393 INFO o.a.j.u.JsseSSLManager: SSL session context: per-thread
2024-05-09 15:19:46,397 INFO o.a.j.t.JMeterThread: Thread started: Thread Group 1-28
2024-05-09 15:19:46,407 INFO o.a.j.t.JMeterThread: Thread started: Thread Group 1-29
2024-05-09 15:19:46,418 INFO o.a.j.t.JMeterThread: Thread started: Thread Group 1-30
2024-05-09 15:19:46,428 INFO o.a.j.t.JMeterThread: Thread started: Thread Group 1-31
2024-05-09 15:19:46,438 INFO o.a.j.t.JMeterThread: Thread started: Thread Group 1-32
2024-05-09 15:19:46,449 INFO o.a.j.t.JMeterThread: Thread started: Thread Group 1-33
2024-05-09 15:19:46,459 INFO o.a.j.t.JMeterThread: Thread started: Thread Group 1-34
2024-05-09 15:19:46,469 INFO o.a.j.t.JMeterThread: Thread started: Thread Group 1-35
2024-05-09 15:19:46,482 INFO o.a.j.t.JMeterThread: Thread started: Thread Group 1-36
2024-05-09 15:19:46,491 INFO o.a.j.t.JMeterThread: Thread started: Thread Group 1-37
2024-05-09 15:19:46,501 INFO o.a.j.t.JMeterThread: Thread started: Thread Group 1-38
2024-05-09 15:19:46,511 INFO o.a.j.t.JMeterThread: Thread started: Thread Group 1-39
2024-05-09 15:19:46,521 INFO o.a.j.t.JMeterThread: Thread started: Thread Group 1-40
2024-05-09 15:19:46,532 INFO o.a.j.t.JMeterThread: Thread started: Thread Group 1-41
2024-05-09 15:19:46,541 INFO o.a.j.t.JMeterThread: Thread started: Thread Group 1-42
2024-05-09 15:19:46,552 INFO o.a.j.t.JMeterThread: Thread started: Thread Group 1-43
2024-05-09 15:19:46,562 INFO o.a.j.t.JMeterThread: Thread started: Thread Group 1-44
2024-05-09 15:19:46,572 INFO o.a.j.t.JMeterThread: Thread started: Thread Group 1-45
2024-05-09 15:19:46,582 INFO o.a.j.t.JMeterThread: Thread started: Thread Group 1-46
2024-05-09 15:19:46,593 INFO o.a.j.t.JMeterThread: Thread started: Thread Group 1-47
2024-05-09 15:19:46,603 INFO o.a.j.t.JMeterThread: Thread started: Thread Group 1-48
2024-05-09 15:19:46,613 INFO o.a.j.t.JMeterThread: Thread started: Thread Group 1-49
2024-05-09 15:19:46,623 INFO o.a.j.t.JMeterThread: Thread started: Thread Group 1-50
2024-05-09 15:19:46,633 INFO o.a.j.t.JMeterThread: Thread started: Thread Group 1-51
2024-05-09 15:19:46,643 INFO o.a.j.t.JMeterThread: Thread started: Thread Group 1-52
2024-05-09 15:19:46,654 INFO o.a.j.t.JMeterThread: Thread started: Thread Group 1-53
2024-05-09 15:19:46,664 INFO o.a.j.t.JMeterThread: Thread started: Thread Group 1-54
2024-05-09 15:19:46,675 INFO o.a.j.t.JMeterThread: Thread started: Thread Group 1-55
2024-05-09 15:19:46,685 INFO o.a.j.t.JMeterThread: Thread started: Thread Group 1-56
2024-05-09 15:19:46,695 INFO o.a.j.t.JMeterThread: Thread started: Thread Group 1-57
2024-05-09 15:19:46,705 INFO o.a.j.t.JMeterThread: Thread started: Thread Group 1-58
2024-05-09 15:19:46,715 INFO o.a.j.t.JMeterThread: Thread started: Thread Group 1-59
2024-05-09 15:19:46,725 INFO o.a.j.t.JMeterThread: Thread started: Thread Group 1-60
2024-05-09 15:19:46,735 INFO o.a.j.t.JMeterThread: Thread started: Thread Group 1-61
2024-05-09 15:19:46,746 INFO o.a.j.t.JMeterThread: Thread started: Thread Group 1-62
2024-05-09 15:19:46,756 INFO o.a.j.t.JMeterThread: Thread started: Thread Group 1-63
2024-05-09 15:19:46,766 INFO o.a.j.t.JMeterThread: Thread started: Thread Group 1-64
2024-05-09 15:19:46,776 INFO o.a.j.t.JMeterThread: Thread started: Thread Group 1-65
2024-05-09 15:19:46,786 INFO o.a.j.t.JMeterThread: Thread started: Thread Group 1-66
2024-05-09 15:19:46,796 INFO o.a.j.t.JMeterThread: Thread started: Thread Group 1-67
2024-05-09 15:19:46,807 INFO o.a.j.t.JMeterThread: Thread started: Thread Group 1-68
2024-05-09 15:19:46,817 INFO o.a.j.t.JMeterThread: Thread started: Thread Group 1-69
2024-05-09 15:19:46,827 INFO o.a.j.t.JMeterThread: Thread started: Thread Group 1-70
2024-05-09 15:19:46,837 INFO o.a.j.t.JMeterThread: Thread started: Thread Group 1-71
2024-05-09 15:19:46,847 INFO o.a.j.t.JMeterThread: Thread started: Thread Group 1-72
2024-05-09 15:19:46,857 INFO o.a.j.t.JMeterThread: Thread started: Thread Group 1-73
2024-05-09 15:19:46,867 INFO o.a.j.t.JMeterThread: Thread started: Thread Group 1-74
2024-05-09 15:19:46,878 INFO o.a.j.t.JMeterThread: Thread started: Thread Group 1-75
2024-05-09 15:19:46,888 INFO o.a.j.t.JMeterThread: Thread started: Thread Group 1-76
2024-05-09 15:19:46,898 INFO o.a.j.t.JMeterThread: Thread started: Thread Group 1-77
2024-05-09 15:19:46,908 INFO o.a.j.t.JMeterThread: Thread started: Thread Group 1-78
2024-05-09 15:19:46,918 INFO o.a.j.t.JMeterThread: Thread started: Thread Group 1-79
2024-05-09 15:19:46,928 INFO o.a.j.t.JMeterThread: Thread started: Thread Group 1-80
2024-05-09 15:19:46,938 INFO o.a.j.t.JMeterThread: Thread started: Thread Group 1-81
2024-05-09 15:19:46,949 INFO o.a.j.t.JMeterThread: Thread started: Thread Group 1-82
2024-05-09 15:19:46,959 INFO o.a.j.t.JMeterThread: Thread started: Thread Group 1-83
2024-05-09 15:19:46,969 INFO o.a.j.t.JMeterThread: Thread started: Thread Group 1-84
2024-05-09 15:19:46,979 INFO o.a.j.t.JMeterThread: Thread started: Thread Group 1-85
2024-05-09 15:19:46,989 INFO o.a.j.t.JMeterThread: Thread started: Thread Group 1-86
2024-05-09 15:19:47,000 INFO o.a.j.t.JMeterThread: Thread started: Thread Group 1-87
2024-05-09 15:19:47,010 INFO o.a.j.t.JMeterThread: Thread started: Thread Group 1-88
2024-05-09 15:19:47,020 INFO o.a.j.t.JMeterThread: Thread started: Thread Group 1-89
2024-05-09 15:19:47,030 INFO o.a.j.t.JMeterThread: Thread started: Thread Group 1-90
2024-05-09 15:19:47,040 INFO o.a.j.t.JMeterThread: Thread started: Thread Group 1-91
2024-05-09 15:19:47,050 INFO o.a.j.t.JMeterThread: Thread started: Thread Group 1-92
2024-05-09 15:19:47,060 INFO o.a.j.t.JMeterThread: Thread started: Thread Group 1-93
2024-05-09 15:19:47,074 INFO o.a.j.t.JMeterThread: Thread started: Thread Group 1-94
2024-05-09 15:19:47,081 INFO o.a.j.t.JMeterThread: Thread started: Thread Group 1-95
2024-05-09 15:19:47,091 INFO o.a.j.t.JMeterThread: Thread started: Thread Group 1-96
2024-05-09 15:19:47,102 INFO o.a.j.t.JMeterThread: Thread started: Thread Group 1-97
2024-05-09 15:19:47,112 INFO o.a.j.t.JMeterThread: Thread started: Thread Group 1-98
2024-05-09 15:19:47,122 INFO o.a.j.t.JMeterThread: Thread started: Thread Group 1-99
2024-05-09 15:19:47,132 INFO o.a.j.t.JMeterThread: Thread started: Thread Group 1-100
2024-05-09 15:20:00,013 INFO o.a.j.r.Summariser: summary +  10662 in 00:00:14 =  762.3/s Avg:   124 Min:   121 Max:   170 Err:     0 (0.00%) Active: 100 Started: 100 Finished: 0
2024-05-09 15:20:11,344 INFO o.a.j.t.JMeterThread: Thread is done: Thread Group 1-3
2024-05-09 15:20:11,345 INFO o.a.j.t.JMeterThread: Thread finished: Thread Group 1-3
2024-05-09 15:20:11,345 INFO o.a.j.t.JMeterThread: Thread is done: Thread Group 1-14
2024-05-09 15:20:11,345 INFO o.a.j.t.JMeterThread: Thread finished: Thread Group 1-14
2024-05-09 15:20:11,354 INFO o.a.j.t.JMeterThread: Thread is done: Thread Group 1-17
2024-05-09 15:20:11,355 INFO o.a.j.t.JMeterThread: Thread finished: Thread Group 1-17
2024-05-09 15:20:11,356 INFO o.a.j.t.JMeterThread: Thread is done: Thread Group 1-4
2024-05-09 15:20:11,356 INFO o.a.j.t.JMeterThread: Thread finished: Thread Group 1-4
2024-05-09 15:20:11,364 INFO o.a.j.t.JMeterThread: Thread is done: Thread Group 1-1
2024-05-09 15:20:11,364 INFO o.a.j.t.JMeterThread: Thread finished: Thread Group 1-1
2024-05-09 15:20:11,372 INFO o.a.j.t.JMeterThread: Thread is done: Thread Group 1-8
2024-05-09 15:20:11,372 INFO o.a.j.t.JMeterThread: Thread finished: Thread Group 1-8
2024-05-09 15:20:11,372 INFO o.a.j.t.JMeterThread: Thread is done: Thread Group 1-6
2024-05-09 15:20:11,373 INFO o.a.j.t.JMeterThread: Thread finished: Thread Group 1-6
2024-05-09 15:20:11,379 INFO o.a.j.t.JMeterThread: Thread is done: Thread Group 1-9
2024-05-09 15:20:11,379 INFO o.a.j.t.JMeterThread: Thread finished: Thread Group 1-9
2024-05-09 15:20:11,403 INFO o.a.j.t.JMeterThread: Thread is done: Thread Group 1-11
2024-05-09 15:20:11,403 INFO o.a.j.t.JMeterThread: Thread finished: Thread Group 1-11
2024-05-09 15:20:11,408 INFO o.a.j.t.JMeterThread: Thread is done: Thread Group 1-10
2024-05-09 15:20:11,408 INFO o.a.j.t.JMeterThread: Thread finished: Thread Group 1-10
2024-05-09 15:20:11,449 INFO o.a.j.t.JMeterThread: Thread is done: Thread Group 1-22
2024-05-09 15:20:11,449 INFO o.a.j.t.JMeterThread: Thread is done: Thread Group 1-20
2024-05-09 15:20:11,450 INFO o.a.j.t.JMeterThread: Thread finished: Thread Group 1-20
2024-05-09 15:20:11,450 INFO o.a.j.t.JMeterThread: Thread finished: Thread Group 1-22
2024-05-09 15:20:11,452 INFO o.a.j.t.JMeterThread: Thread is done: Thread Group 1-7
2024-05-09 15:20:11,453 INFO o.a.j.t.JMeterThread: Thread finished: Thread Group 1-7
2024-05-09 15:20:11,471 INFO o.a.j.t.JMeterThread: Thread is done: Thread Group 1-15
2024-05-09 15:20:11,471 INFO o.a.j.t.JMeterThread: Thread finished: Thread Group 1-15
2024-05-09 15:20:11,481 INFO o.a.j.t.JMeterThread: Thread is done: Thread Group 1-5
2024-05-09 15:20:11,482 INFO o.a.j.t.JMeterThread: Thread finished: Thread Group 1-5
2024-05-09 15:20:11,488 INFO o.a.j.t.JMeterThread: Thread is done: Thread Group 1-16
2024-05-09 15:20:11,488 INFO o.a.j.t.JMeterThread: Thread is done: Thread Group 1-23
2024-05-09 15:20:11,488 INFO o.a.j.t.JMeterThread: Thread finished: Thread Group 1-16
2024-05-09 15:20:11,488 INFO o.a.j.t.JMeterThread: Thread finished: Thread Group 1-23
2024-05-09 15:20:11,501 INFO o.a.j.t.JMeterThread: Thread is done: Thread Group 1-12
2024-05-09 15:20:11,501 INFO o.a.j.t.JMeterThread: Thread finished: Thread Group 1-12
2024-05-09 15:20:11,501 INFO o.a.j.t.JMeterThread: Thread is done: Thread Group 1-27
2024-05-09 15:20:11,501 INFO o.a.j.t.JMeterThread: Thread is done: Thread Group 1-21
2024-05-09 15:20:11,501 INFO o.a.j.t.JMeterThread: Thread finished: Thread Group 1-27
2024-05-09 15:20:11,501 INFO o.a.j.t.JMeterThread: Thread finished: Thread Group 1-21
2024-05-09 15:20:11,508 INFO o.a.j.t.JMeterThread: Thread is done: Thread Group 1-25
2024-05-09 15:20:11,508 INFO o.a.j.t.JMeterThread: Thread finished: Thread Group 1-25
2024-05-09 15:20:11,508 INFO o.a.j.t.JMeterThread: Thread is done: Thread Group 1-13
2024-05-09 15:20:11,508 INFO o.a.j.t.JMeterThread: Thread finished: Thread Group 1-13
2024-05-09 15:20:11,514 INFO o.a.j.t.JMeterThread: Thread is done: Thread Group 1-28
2024-05-09 15:20:11,514 INFO o.a.j.t.JMeterThread: Thread is done: Thread Group 1-24
2024-05-09 15:20:11,514 INFO o.a.j.t.JMeterThread: Thread finished: Thread Group 1-28
2024-05-09 15:20:11,514 INFO o.a.j.t.JMeterThread: Thread finished: Thread Group 1-24
2024-05-09 15:20:11,514 INFO o.a.j.t.JMeterThread: Thread is done: Thread Group 1-19
2024-05-09 15:20:11,514 INFO o.a.j.t.JMeterThread: Thread finished: Thread Group 1-19
2024-05-09 15:20:11,532 INFO o.a.j.t.JMeterThread: Thread is done: Thread Group 1-18
2024-05-09 15:20:11,532 INFO o.a.j.t.JMeterThread: Thread finished: Thread Group 1-18
2024-05-09 15:20:11,534 INFO o.a.j.t.JMeterThread: Thread is done: Thread Group 1-26
2024-05-09 15:20:11,534 INFO o.a.j.t.JMeterThread: Thread finished: Thread Group 1-26
2024-05-09 15:20:11,534 INFO o.a.j.t.JMeterThread: Thread is done: Thread Group 1-2
2024-05-09 15:20:11,534 INFO o.a.j.t.JMeterThread: Thread finished: Thread Group 1-2
2024-05-09 15:20:11,538 INFO o.a.j.t.JMeterThread: Thread is done: Thread Group 1-34
2024-05-09 15:20:11,538 INFO o.a.j.t.JMeterThread: Thread finished: Thread Group 1-34
2024-05-09 15:20:11,578 INFO o.a.j.t.JMeterThread: Thread is done: Thread Group 1-29
2024-05-09 15:20:11,578 INFO o.a.j.t.JMeterThread: Thread finished: Thread Group 1-29
2024-05-09 15:20:11,578 INFO o.a.j.t.JMeterThread: Thread is done: Thread Group 1-32
2024-05-09 15:20:11,578 INFO o.a.j.t.JMeterThread: Thread is done: Thread Group 1-31
2024-05-09 15:20:11,579 INFO o.a.j.t.JMeterThread: Thread finished: Thread Group 1-32
2024-05-09 15:20:11,579 INFO o.a.j.t.JMeterThread: Thread finished: Thread Group 1-31
2024-05-09 15:20:11,599 INFO o.a.j.t.JMeterThread: Thread is done: Thread Group 1-37
2024-05-09 15:20:11,599 INFO o.a.j.t.JMeterThread: Thread finished: Thread Group 1-37
2024-05-09 15:20:11,599 INFO o.a.j.t.JMeterThread: Thread is done: Thread Group 1-30
2024-05-09 15:20:11,599 INFO o.a.j.t.JMeterThread: Thread finished: Thread Group 1-30
2024-05-09 15:20:11,614 INFO o.a.j.t.JMeterThread: Thread is done: Thread Group 1-39
2024-05-09 15:20:11,614 INFO o.a.j.t.JMeterThread: Thread finished: Thread Group 1-39
2024-05-09 15:20:11,632 INFO o.a.j.t.JMeterThread: Thread is done: Thread Group 1-33
2024-05-09 15:20:11,632 INFO o.a.j.t.JMeterThread: Thread finished: Thread Group 1-33
2024-05-09 15:20:11,636 INFO o.a.j.t.JMeterThread: Thread is done: Thread Group 1-40
2024-05-09 15:20:11,636 INFO o.a.j.t.JMeterThread: Thread finished: Thread Group 1-40
2024-05-09 15:20:11,641 INFO o.a.j.t.JMeterThread: Thread is done: Thread Group 1-35
2024-05-09 15:20:11,641 INFO o.a.j.t.JMeterThread: Thread finished: Thread Group 1-35
2024-05-09 15:20:11,653 INFO o.a.j.t.JMeterThread: Thread is done: Thread Group 1-36
2024-05-09 15:20:11,653 INFO o.a.j.t.JMeterThread: Thread finished: Thread Group 1-36
2024-05-09 15:20:11,666 INFO o.a.j.t.JMeterThread: Thread is done: Thread Group 1-48
2024-05-09 15:20:11,667 INFO o.a.j.t.JMeterThread: Thread finished: Thread Group 1-48
2024-05-09 15:20:11,701 INFO o.a.j.t.JMeterThread: Thread is done: Thread Group 1-46
2024-05-09 15:20:11,701 INFO o.a.j.t.JMeterThread: Thread finished: Thread Group 1-46
2024-05-09 15:20:11,705 INFO o.a.j.t.JMeterThread: Thread is done: Thread Group 1-54
2024-05-09 15:20:11,705 INFO o.a.j.t.JMeterThread: Thread finished: Thread Group 1-54
2024-05-09 15:20:11,726 INFO o.a.j.t.JMeterThread: Thread is done: Thread Group 1-51
2024-05-09 15:20:11,726 INFO o.a.j.t.JMeterThread: Thread finished: Thread Group 1-51
2024-05-09 15:20:11,739 INFO o.a.j.t.JMeterThread: Thread is done: Thread Group 1-38
2024-05-09 15:20:11,739 INFO o.a.j.t.JMeterThread: Thread finished: Thread Group 1-38
2024-05-09 15:20:11,748 INFO o.a.j.t.JMeterThread: Thread is done: Thread Group 1-42
2024-05-09 15:20:11,748 INFO o.a.j.t.JMeterThread: Thread finished: Thread Group 1-42
2024-05-09 15:20:11,748 INFO o.a.j.t.JMeterThread: Thread is done: Thread Group 1-41
2024-05-09 15:20:11,749 INFO o.a.j.t.JMeterThread: Thread finished: Thread Group 1-41
2024-05-09 15:20:11,763 INFO o.a.j.t.JMeterThread: Thread is done: Thread Group 1-52
2024-05-09 15:20:11,763 INFO o.a.j.t.JMeterThread: Thread finished: Thread Group 1-52
2024-05-09 15:20:11,763 INFO o.a.j.t.JMeterThread: Thread is done: Thread Group 1-49
2024-05-09 15:20:11,763 INFO o.a.j.t.JMeterThread: Thread finished: Thread Group 1-49
2024-05-09 15:20:11,764 INFO o.a.j.t.JMeterThread: Thread is done: Thread Group 1-47
2024-05-09 15:20:11,765 INFO o.a.j.t.JMeterThread: Thread finished: Thread Group 1-47
2024-05-09 15:20:11,768 INFO o.a.j.t.JMeterThread: Thread is done: Thread Group 1-43
2024-05-09 15:20:11,768 INFO o.a.j.t.JMeterThread: Thread finished: Thread Group 1-43
2024-05-09 15:20:11,768 INFO o.a.j.t.JMeterThread: Thread is done: Thread Group 1-44
2024-05-09 15:20:11,769 INFO o.a.j.t.JMeterThread: Thread finished: Thread Group 1-44
2024-05-09 15:20:11,779 INFO o.a.j.t.JMeterThread: Thread is done: Thread Group 1-45
2024-05-09 15:20:11,779 INFO o.a.j.t.JMeterThread: Thread finished: Thread Group 1-45
2024-05-09 15:20:11,792 INFO o.a.j.t.JMeterThread: Thread is done: Thread Group 1-50
2024-05-09 15:20:11,793 INFO o.a.j.t.JMeterThread: Thread finished: Thread Group 1-50
2024-05-09 15:20:11,849 INFO o.a.j.t.JMeterThread: Thread is done: Thread Group 1-58
2024-05-09 15:20:11,849 INFO o.a.j.t.JMeterThread: Thread finished: Thread Group 1-58
2024-05-09 15:20:11,853 INFO o.a.j.t.JMeterThread: Thread is done: Thread Group 1-70
2024-05-09 15:20:11,853 INFO o.a.j.t.JMeterThread: Thread finished: Thread Group 1-70
2024-05-09 15:20:11,867 INFO o.a.j.t.JMeterThread: Thread is done: Thread Group 1-61
2024-05-09 15:20:11,868 INFO o.a.j.t.JMeterThread: Thread finished: Thread Group 1-61
2024-05-09 15:20:11,867 INFO o.a.j.t.JMeterThread: Thread is done: Thread Group 1-59
2024-05-09 15:20:11,868 INFO o.a.j.t.JMeterThread: Thread finished: Thread Group 1-59
2024-05-09 15:20:11,868 INFO o.a.j.t.JMeterThread: Thread is done: Thread Group 1-66
2024-05-09 15:20:11,868 INFO o.a.j.t.JMeterThread: Thread finished: Thread Group 1-66
2024-05-09 15:20:11,874 INFO o.a.j.t.JMeterThread: Thread is done: Thread Group 1-64
2024-05-09 15:20:11,874 INFO o.a.j.t.JMeterThread: Thread finished: Thread Group 1-64
2024-05-09 15:20:11,875 INFO o.a.j.t.JMeterThread: Thread is done: Thread Group 1-63
2024-05-09 15:20:11,875 INFO o.a.j.t.JMeterThread: Thread finished: Thread Group 1-63
2024-05-09 15:20:11,875 INFO o.a.j.t.JMeterThread: Thread is done: Thread Group 1-65
2024-05-09 15:20:11,875 INFO o.a.j.t.JMeterThread: Thread finished: Thread Group 1-65
2024-05-09 15:20:11,876 INFO o.a.j.t.JMeterThread: Thread is done: Thread Group 1-53
2024-05-09 15:20:11,876 INFO o.a.j.t.JMeterThread: Thread finished: Thread Group 1-53
2024-05-09 15:20:11,890 INFO o.a.j.t.JMeterThread: Thread is done: Thread Group 1-57
2024-05-09 15:20:11,890 INFO o.a.j.t.JMeterThread: Thread finished: Thread Group 1-57
2024-05-09 15:20:11,890 INFO o.a.j.t.JMeterThread: Thread is done: Thread Group 1-60
2024-05-09 15:20:11,890 INFO o.a.j.t.JMeterThread: Thread finished: Thread Group 1-60
2024-05-09 15:20:11,906 INFO o.a.j.t.JMeterThread: Thread is done: Thread Group 1-67
2024-05-09 15:20:11,906 INFO o.a.j.t.JMeterThread: Thread finished: Thread Group 1-67
2024-05-09 15:20:11,914 INFO o.a.j.t.JMeterThread: Thread is done: Thread Group 1-56
2024-05-09 15:20:11,914 INFO o.a.j.t.JMeterThread: Thread finished: Thread Group 1-56
2024-05-09 15:20:11,918 INFO o.a.j.t.JMeterThread: Thread is done: Thread Group 1-55
2024-05-09 15:20:11,918 INFO o.a.j.t.JMeterThread: Thread finished: Thread Group 1-55
2024-05-09 15:20:11,997 INFO o.a.j.t.JMeterThread: Thread is done: Thread Group 1-69
2024-05-09 15:20:11,997 INFO o.a.j.t.JMeterThread: Thread is done: Thread Group 1-62
2024-05-09 15:20:11,997 INFO o.a.j.t.JMeterThread: Thread finished: Thread Group 1-69
2024-05-09 15:20:11,997 INFO o.a.j.t.JMeterThread: Thread finished: Thread Group 1-62
2024-05-09 15:20:12,003 INFO o.a.j.t.JMeterThread: Thread is done: Thread Group 1-74
2024-05-09 15:20:12,003 INFO o.a.j.t.JMeterThread: Thread finished: Thread Group 1-74
2024-05-09 15:20:12,011 INFO o.a.j.t.JMeterThread: Thread is done: Thread Group 1-73
2024-05-09 15:20:12,011 INFO o.a.j.t.JMeterThread: Thread is done: Thread Group 1-72
2024-05-09 15:20:12,011 INFO o.a.j.t.JMeterThread: Thread finished: Thread Group 1-73
2024-05-09 15:20:12,011 INFO o.a.j.t.JMeterThread: Thread finished: Thread Group 1-72
2024-05-09 15:20:12,033 INFO o.a.j.t.JMeterThread: Thread is done: Thread Group 1-76
2024-05-09 15:20:12,033 INFO o.a.j.t.JMeterThread: Thread finished: Thread Group 1-76
2024-05-09 15:20:12,033 INFO o.a.j.t.JMeterThread: Thread is done: Thread Group 1-75
2024-05-09 15:20:12,033 INFO o.a.j.t.JMeterThread: Thread finished: Thread Group 1-75
2024-05-09 15:20:12,036 INFO o.a.j.t.JMeterThread: Thread is done: Thread Group 1-71
2024-05-09 15:20:12,036 INFO o.a.j.t.JMeterThread: Thread finished: Thread Group 1-71
2024-05-09 15:20:12,046 INFO o.a.j.t.JMeterThread: Thread is done: Thread Group 1-68
2024-05-09 15:20:12,046 INFO o.a.j.t.JMeterThread: Thread finished: Thread Group 1-68
2024-05-09 15:20:12,087 INFO o.a.j.t.JMeterThread: Thread is done: Thread Group 1-84
2024-05-09 15:20:12,087 INFO o.a.j.t.JMeterThread: Thread finished: Thread Group 1-84
2024-05-09 15:20:12,088 INFO o.a.j.t.JMeterThread: Thread is done: Thread Group 1-79
2024-05-09 15:20:12,088 INFO o.a.j.t.JMeterThread: Thread finished: Thread Group 1-79
2024-05-09 15:20:12,108 INFO o.a.j.t.JMeterThread: Thread is done: Thread Group 1-90
2024-05-09 15:20:12,108 INFO o.a.j.t.JMeterThread: Thread is done: Thread Group 1-77
2024-05-09 15:20:12,108 INFO o.a.j.t.JMeterThread: Thread is done: Thread Group 1-80
2024-05-09 15:20:12,108 INFO o.a.j.t.JMeterThread: Thread is done: Thread Group 1-86
2024-05-09 15:20:12,108 INFO o.a.j.t.JMeterThread: Thread finished: Thread Group 1-77
2024-05-09 15:20:12,108 INFO o.a.j.t.JMeterThread: Thread finished: Thread Group 1-80
2024-05-09 15:20:12,108 INFO o.a.j.t.JMeterThread: Thread finished: Thread Group 1-90
2024-05-09 15:20:12,108 INFO o.a.j.t.JMeterThread: Thread finished: Thread Group 1-86
2024-05-09 15:20:12,125 INFO o.a.j.t.JMeterThread: Thread is done: Thread Group 1-81
2024-05-09 15:20:12,125 INFO o.a.j.t.JMeterThread: Thread finished: Thread Group 1-81
2024-05-09 15:20:12,125 INFO o.a.j.t.JMeterThread: Thread is done: Thread Group 1-83
2024-05-09 15:20:12,125 INFO o.a.j.t.JMeterThread: Thread finished: Thread Group 1-83
2024-05-09 15:20:12,150 INFO o.a.j.t.JMeterThread: Thread is done: Thread Group 1-88
2024-05-09 15:20:12,150 INFO o.a.j.t.JMeterThread: Thread is done: Thread Group 1-93
2024-05-09 15:20:12,150 INFO o.a.j.t.JMeterThread: Thread finished: Thread Group 1-88
2024-05-09 15:20:12,150 INFO o.a.j.t.JMeterThread: Thread finished: Thread Group 1-93
2024-05-09 15:20:12,150 INFO o.a.j.t.JMeterThread: Thread is done: Thread Group 1-89
2024-05-09 15:20:12,150 INFO o.a.j.t.JMeterThread: Thread finished: Thread Group 1-89
2024-05-09 15:20:12,150 INFO o.a.j.t.JMeterThread: Thread is done: Thread Group 1-87
2024-05-09 15:20:12,150 INFO o.a.j.t.JMeterThread: Thread finished: Thread Group 1-87
2024-05-09 15:20:12,150 INFO o.a.j.t.JMeterThread: Thread is done: Thread Group 1-85
2024-05-09 15:20:12,150 INFO o.a.j.t.JMeterThread: Thread finished: Thread Group 1-85
2024-05-09 15:20:12,174 INFO o.a.j.t.JMeterThread: Thread is done: Thread Group 1-82
2024-05-09 15:20:12,174 INFO o.a.j.t.JMeterThread: Thread is done: Thread Group 1-78
2024-05-09 15:20:12,174 INFO o.a.j.t.JMeterThread: Thread finished: Thread Group 1-82
2024-05-09 15:20:12,174 INFO o.a.j.t.JMeterThread: Thread finished: Thread Group 1-78
2024-05-09 15:20:12,216 INFO o.a.j.t.JMeterThread: Thread is done: Thread Group 1-94
2024-05-09 15:20:12,216 INFO o.a.j.t.JMeterThread: Thread finished: Thread Group 1-94
2024-05-09 15:20:12,236 INFO o.a.j.t.JMeterThread: Thread is done: Thread Group 1-91
2024-05-09 15:20:12,236 INFO o.a.j.t.JMeterThread: Thread is done: Thread Group 1-99
2024-05-09 15:20:12,236 INFO o.a.j.t.JMeterThread: Thread finished: Thread Group 1-91
2024-05-09 15:20:12,236 INFO o.a.j.t.JMeterThread: Thread finished: Thread Group 1-99
2024-05-09 15:20:12,257 INFO o.a.j.t.JMeterThread: Thread is done: Thread Group 1-96
2024-05-09 15:20:12,257 INFO o.a.j.t.JMeterThread: Thread finished: Thread Group 1-96
2024-05-09 15:20:12,265 INFO o.a.j.t.JMeterThread: Thread is done: Thread Group 1-100
2024-05-09 15:20:12,266 INFO o.a.j.t.JMeterThread: Thread finished: Thread Group 1-100
2024-05-09 15:20:12,266 INFO o.a.j.t.JMeterThread: Thread is done: Thread Group 1-92
2024-05-09 15:20:12,266 INFO o.a.j.t.JMeterThread: Thread finished: Thread Group 1-92
2024-05-09 15:20:12,266 INFO o.a.j.t.JMeterThread: Thread is done: Thread Group 1-95
2024-05-09 15:20:12,266 INFO o.a.j.t.JMeterThread: Thread finished: Thread Group 1-95
2024-05-09 15:20:12,278 INFO o.a.j.t.JMeterThread: Thread is done: Thread Group 1-98
2024-05-09 15:20:12,278 INFO o.a.j.t.JMeterThread: Thread finished: Thread Group 1-98
2024-05-09 15:20:12,278 INFO o.a.j.t.JMeterThread: Thread is done: Thread Group 1-97
2024-05-09 15:20:12,278 INFO o.a.j.t.JMeterThread: Thread finished: Thread Group 1-97
2024-05-09 15:20:12,278 INFO o.a.j.e.StandardJMeterEngine: Notifying test listeners of end of test
2024-05-09 15:20:12,279 INFO o.a.j.r.Summariser: summary +   9338 in 00:00:12 =  761.2/s Avg:   126 Min:   121 Max:   153 Err:     0 (0.00%) Active: 0 Started: 100 Finished: 100
2024-05-09 15:20:12,280 INFO o.a.j.r.Summariser: summary =  20000 in 00:00:26 =  761.7/s Avg:   125 Min:   121 Max:   170 Err:     0 (0.00%)
